[7.303s] Invoking command in '/home/leh/test_ws/src/my_robot': PYTHONPATH=/home/leh/test_ws/install/my_robot/lib/python3.6/site-packages:/home/leh/test_ws/install/tutorial_interfaces/lib/python3.6/site-packages:/home/leh/test_ws/install/py_two_pub_one_sub/lib/python3.6/site-packages:/home/leh/test_ws/install/py_srvcli/lib/python3.6/site-packages:/home/leh/test_ws/install/py_sign_srvcli/lib/python3.6/site-packages:/home/leh/test_ws/install/py_pubsub/lib/python3.6/site-packages:/home/leh/test_ws/install/py_action/lib/python3.6/site-packages:/home/leh/test_ws/install/my_robot/lib/python3.6/site-packages:/opt/ros/dashing/lib/python3.6/site-packages /usr/bin/python3 setup.py egg_info --egg-base ../../build/my_robot build --build-base /home/leh/test_ws/build/my_robot/build install --prefix /home/leh/test_ws/install/my_robot --record /home/leh/test_ws/build/my_robot/install.log --single-version-externally-managed
[9.150s] /home/leh/.local/lib/python3.6/site-packages/setuptools/dist.py:720: UserWarning: Usage of dash-separated 'script-dir' will not be supported in future versions. Please use the underscore name 'script_dir' instead
[9.150s]   % (opt, underscore_opt)
[9.152s] /home/leh/.local/lib/python3.6/site-packages/setuptools/dist.py:720: UserWarning: Usage of dash-separated 'install-scripts' will not be supported in future versions. Please use the underscore name 'install_scripts' instead
[9.153s]   % (opt, underscore_opt)
[9.393s] running egg_info
[9.397s] writing ../../build/my_robot/my_robot.egg-info/PKG-INFO
[9.398s] writing dependency_links to ../../build/my_robot/my_robot.egg-info/dependency_links.txt
[9.399s] writing entry points to ../../build/my_robot/my_robot.egg-info/entry_points.txt
[9.400s] writing requirements to ../../build/my_robot/my_robot.egg-info/requires.txt
[9.401s] writing top-level names to ../../build/my_robot/my_robot.egg-info/top_level.txt
[9.411s] reading manifest file '../../build/my_robot/my_robot.egg-info/SOURCES.txt'
[9.420s] writing manifest file '../../build/my_robot/my_robot.egg-info/SOURCES.txt'
[9.421s] running build
[9.422s] running build_py
[9.426s] copying my_robot/motor_control_function.py -> /home/leh/test_ws/build/my_robot/build/lib/my_robot
[9.429s] running install
[9.431s] /home/leh/.local/lib/python3.6/site-packages/setuptools/command/install.py:37: SetuptoolsDeprecationWarning: setup.py install is deprecated. Use build and pip and other standards-based tools.
[9.432s]   setuptools.SetuptoolsDeprecationWarning,
[9.435s] running install_lib
[9.440s] copying /home/leh/test_ws/build/my_robot/build/lib/my_robot/motor_control_function.py -> /home/leh/test_ws/install/my_robot/lib/python3.6/site-packages/my_robot
[9.445s] byte-compiling /home/leh/test_ws/install/my_robot/lib/python3.6/site-packages/my_robot/motor_control_function.py to motor_control_function.cpython-36.pyc
[9.450s] running install_data
[9.455s] running install_egg_info
[9.465s] removing '/home/leh/test_ws/install/my_robot/lib/python3.6/site-packages/my_robot-0.0.0-py3.6.egg-info' (and everything under it)
[9.468s] Copying ../../build/my_robot/my_robot.egg-info to /home/leh/test_ws/install/my_robot/lib/python3.6/site-packages/my_robot-0.0.0-py3.6.egg-info
[9.474s] running install_scripts
[9.685s] Installing control = my_robot.motor_control_function:maincoordinate script to /home/leh/test_ws/install/my_robot/lib/my_robot
[9.686s] Installing encoder script to /home/leh/test_ws/install/my_robot/lib/my_robot
[9.686s] Installing imu script to /home/leh/test_ws/install/my_robot/lib/my_robot
[9.694s] writing list of installed files to '/home/leh/test_ws/build/my_robot/install.log'
[11.582s] Invoked command in '/home/leh/test_ws/src/my_robot' returned '0': PYTHONPATH=/home/leh/test_ws/install/my_robot/lib/python3.6/site-packages:/home/leh/test_ws/install/tutorial_interfaces/lib/python3.6/site-packages:/home/leh/test_ws/install/py_two_pub_one_sub/lib/python3.6/site-packages:/home/leh/test_ws/install/py_srvcli/lib/python3.6/site-packages:/home/leh/test_ws/install/py_sign_srvcli/lib/python3.6/site-packages:/home/leh/test_ws/install/py_pubsub/lib/python3.6/site-packages:/home/leh/test_ws/install/py_action/lib/python3.6/site-packages:/home/leh/test_ws/install/my_robot/lib/python3.6/site-packages:/opt/ros/dashing/lib/python3.6/site-packages /usr/bin/python3 setup.py egg_info --egg-base ../../build/my_robot build --build-base /home/leh/test_ws/build/my_robot/build install --prefix /home/leh/test_ws/install/my_robot --record /home/leh/test_ws/build/my_robot/install.log --single-version-externally-managed
