[1.713s] Invoking command in '/home/leh/test_ws/src/my_robot': PYTHONPATH=/home/leh/test_ws/install/my_robot/lib/python3.6/site-packages:/home/leh/test_ws/install/tutorial_interfaces/lib/python3.6/site-packages:/home/leh/test_ws/install/py_two_pub_one_sub/lib/python3.6/site-packages:/home/leh/test_ws/install/py_srvcli/lib/python3.6/site-packages:/home/leh/test_ws/install/py_sign_srvcli/lib/python3.6/site-packages:/home/leh/test_ws/install/py_pubsub/lib/python3.6/site-packages:/home/leh/test_ws/install/py_action/lib/python3.6/site-packages:/home/leh/test_ws/install/my_robot/lib/python3.6/site-packages:/opt/ros/dashing/lib/python3.6/site-packages /usr/bin/python3 setup.py egg_info --egg-base ../../build/my_robot build --build-base /home/leh/test_ws/build/my_robot/build install --prefix /home/leh/test_ws/install/my_robot --record /home/leh/test_ws/build/my_robot/install.log --single-version-externally-managed
[3.023s] /home/leh/.local/lib/python3.6/site-packages/setuptools/dist.py:720: UserWarning: Usage of dash-separated 'script-dir' will not be supported in future versions. Please use the underscore name 'script_dir' instead
[3.024s]   % (opt, underscore_opt)
[3.025s] /home/leh/.local/lib/python3.6/site-packages/setuptools/dist.py:720: UserWarning: Usage of dash-separated 'install-scripts' will not be supported in future versions. Please use the underscore name 'install_scripts' instead
[3.026s]   % (opt, underscore_opt)
[3.198s] running egg_info
[3.201s] writing ../../build/my_robot/my_robot.egg-info/PKG-INFO
[3.204s] writing dependency_links to ../../build/my_robot/my_robot.egg-info/dependency_links.txt
[3.205s] writing entry points to ../../build/my_robot/my_robot.egg-info/entry_points.txt
[3.205s] writing requirements to ../../build/my_robot/my_robot.egg-info/requires.txt
[3.206s] writing top-level names to ../../build/my_robot/my_robot.egg-info/top_level.txt
[3.216s] reading manifest file '../../build/my_robot/my_robot.egg-info/SOURCES.txt'
[3.224s] writing manifest file '../../build/my_robot/my_robot.egg-info/SOURCES.txt'
[3.225s] running build
[3.248s] running build_py
[3.262s] copying my_robot/motor_control_function.py -> /home/leh/test_ws/build/my_robot/build/lib/my_robot
[3.279s] /home/leh/.local/lib/python3.6/site-packages/setuptools/command/install.py:37: SetuptoolsDeprecationWarning: setup.py install is deprecated. Use build and pip and other standards-based tools.
[3.279s]   setuptools.SetuptoolsDeprecationWarning,
[3.280s] running install
[3.281s] running install_lib
[3.282s] copying /home/leh/test_ws/build/my_robot/build/lib/my_robot/motor_control_function.py -> /home/leh/test_ws/install/my_robot/lib/python3.6/site-packages/my_robot
[3.283s] byte-compiling /home/leh/test_ws/install/my_robot/lib/python3.6/site-packages/my_robot/motor_control_function.py to motor_control_function.cpython-36.pyc
[3.283s] running install_data
[3.284s] running install_egg_info
[3.285s] removing '/home/leh/test_ws/install/my_robot/lib/python3.6/site-packages/my_robot-0.0.0-py3.6.egg-info' (and everything under it)
[3.286s] Copying ../../build/my_robot/my_robot.egg-info to /home/leh/test_ws/install/my_robot/lib/python3.6/site-packages/my_robot-0.0.0-py3.6.egg-info
[3.286s] running install_scripts
[3.380s] Installing control script to /home/leh/test_ws/install/my_robot/lib/my_robot
[3.381s] Installing coordinate script to /home/leh/test_ws/install/my_robot/lib/my_robot
[3.381s] Installing encoder script to /home/leh/test_ws/install/my_robot/lib/my_robot
[3.383s] Installing imu script to /home/leh/test_ws/install/my_robot/lib/my_robot
[3.385s] writing list of installed files to '/home/leh/test_ws/build/my_robot/install.log'
[3.490s] Invoked command in '/home/leh/test_ws/src/my_robot' returned '0': PYTHONPATH=/home/leh/test_ws/install/my_robot/lib/python3.6/site-packages:/home/leh/test_ws/install/tutorial_interfaces/lib/python3.6/site-packages:/home/leh/test_ws/install/py_two_pub_one_sub/lib/python3.6/site-packages:/home/leh/test_ws/install/py_srvcli/lib/python3.6/site-packages:/home/leh/test_ws/install/py_sign_srvcli/lib/python3.6/site-packages:/home/leh/test_ws/install/py_pubsub/lib/python3.6/site-packages:/home/leh/test_ws/install/py_action/lib/python3.6/site-packages:/home/leh/test_ws/install/my_robot/lib/python3.6/site-packages:/opt/ros/dashing/lib/python3.6/site-packages /usr/bin/python3 setup.py egg_info --egg-base ../../build/my_robot build --build-base /home/leh/test_ws/build/my_robot/build install --prefix /home/leh/test_ws/install/my_robot --record /home/leh/test_ws/build/my_robot/install.log --single-version-externally-managed
