[6.939s] Invoking command in '/home/leh/test_ws/src/py_sign_srvcli': PYTHONPATH=/home/leh/test_ws/install/py_sign_srvcli/lib/python3.6/site-packages:/home/leh/test_ws/install/tutorial_interfaces/lib/python3.6/site-packages:/home/leh/test_ws/install/py_two_pub_one_sub/lib/python3.6/site-packages:/home/leh/test_ws/install/py_srvcli/lib/python3.6/site-packages:/home/leh/test_ws/install/py_pubsub/lib/python3.6/site-packages:/opt/ros/dashing/lib/python3.6/site-packages /usr/bin/python3 setup.py egg_info --egg-base ../../build/py_sign_srvcli build --build-base /home/leh/test_ws/build/py_sign_srvcli/build install --prefix /home/leh/test_ws/install/py_sign_srvcli --record /home/leh/test_ws/build/py_sign_srvcli/install.log --single-version-externally-managed
[8.638s] /home/leh/.local/lib/python3.6/site-packages/setuptools/dist.py:720: UserWarning: Usage of dash-separated 'script-dir' will not be supported in future versions. Please use the underscore name 'script_dir' instead
[8.639s]   % (opt, underscore_opt)
[8.648s] /home/leh/.local/lib/python3.6/site-packages/setuptools/dist.py:720: UserWarning: Usage of dash-separated 'install-scripts' will not be supported in future versions. Please use the underscore name 'install_scripts' instead
[8.649s]   % (opt, underscore_opt)
[8.889s] running egg_info
[8.906s] writing ../../build/py_sign_srvcli/py_sign_srvcli.egg-info/PKG-INFO
[8.907s] writing dependency_links to ../../build/py_sign_srvcli/py_sign_srvcli.egg-info/dependency_links.txt
[8.909s] writing entry points to ../../build/py_sign_srvcli/py_sign_srvcli.egg-info/entry_points.txt
[8.910s] writing requirements to ../../build/py_sign_srvcli/py_sign_srvcli.egg-info/requires.txt
[8.910s] writing top-level names to ../../build/py_sign_srvcli/py_sign_srvcli.egg-info/top_level.txt
[8.922s] reading manifest file '../../build/py_sign_srvcli/py_sign_srvcli.egg-info/SOURCES.txt'
[8.929s] writing manifest file '../../build/py_sign_srvcli/py_sign_srvcli.egg-info/SOURCES.txt'
[8.930s] running build
[8.931s] running build_py
[8.932s] copying py_sign_srvcli/sign_client_member_function.py -> /home/leh/test_ws/build/py_sign_srvcli/build/lib/py_sign_srvcli
[8.933s] copying py_sign_srvcli/sign_service_member_function.py -> /home/leh/test_ws/build/py_sign_srvcli/build/lib/py_sign_srvcli
[8.935s] running install
[8.936s] /home/leh/.local/lib/python3.6/site-packages/setuptools/command/install.py:37: SetuptoolsDeprecationWarning: setup.py install is deprecated. Use build and pip and other standards-based tools.
[8.937s]   setuptools.SetuptoolsDeprecationWarning,
[8.939s] running install_lib
[8.944s] copying /home/leh/test_ws/build/py_sign_srvcli/build/lib/py_sign_srvcli/sign_client_member_function.py -> /home/leh/test_ws/install/py_sign_srvcli/lib/python3.6/site-packages/py_sign_srvcli
[8.945s] copying /home/leh/test_ws/build/py_sign_srvcli/build/lib/py_sign_srvcli/sign_service_member_function.py -> /home/leh/test_ws/install/py_sign_srvcli/lib/python3.6/site-packages/py_sign_srvcli
[8.947s] byte-compiling /home/leh/test_ws/install/py_sign_srvcli/lib/python3.6/site-packages/py_sign_srvcli/sign_client_member_function.py to sign_client_member_function.cpython-36.pyc
[8.949s] byte-compiling /home/leh/test_ws/install/py_sign_srvcli/lib/python3.6/site-packages/py_sign_srvcli/sign_service_member_function.py to sign_service_member_function.cpython-36.pyc
[8.951s] running install_data
[8.954s] copying package.xml -> /home/leh/test_ws/install/py_sign_srvcli/share/py_sign_srvcli
[8.957s] running install_egg_info
[8.963s] removing '/home/leh/test_ws/install/py_sign_srvcli/lib/python3.6/site-packages/py_sign_srvcli-0.0.0-py3.6.egg-info' (and everything under it)
[8.965s] Copying ../../build/py_sign_srvcli/py_sign_srvcli.egg-info to /home/leh/test_ws/install/py_sign_srvcli/lib/python3.6/site-packages/py_sign_srvcli-0.0.0-py3.6.egg-info
[8.971s] running install_scripts
[9.088s] Installing client script to /home/leh/test_ws/install/py_sign_srvcli/lib/py_sign_srvcli
[9.089s] Installing service script to /home/leh/test_ws/install/py_sign_srvcli/lib/py_sign_srvcli
[9.102s] writing list of installed files to '/home/leh/test_ws/build/py_sign_srvcli/install.log'
[9.314s] Invoked command in '/home/leh/test_ws/src/py_sign_srvcli' returned '0': PYTHONPATH=/home/leh/test_ws/install/py_sign_srvcli/lib/python3.6/site-packages:/home/leh/test_ws/install/tutorial_interfaces/lib/python3.6/site-packages:/home/leh/test_ws/install/py_two_pub_one_sub/lib/python3.6/site-packages:/home/leh/test_ws/install/py_srvcli/lib/python3.6/site-packages:/home/leh/test_ws/install/py_pubsub/lib/python3.6/site-packages:/opt/ros/dashing/lib/python3.6/site-packages /usr/bin/python3 setup.py egg_info --egg-base ../../build/py_sign_srvcli build --build-base /home/leh/test_ws/build/py_sign_srvcli/build install --prefix /home/leh/test_ws/install/py_sign_srvcli --record /home/leh/test_ws/build/py_sign_srvcli/install.log --single-version-externally-managed
