[2.154s] DEBUG:colcon:Command line arguments: ['/usr/bin/colcon', 'build', '--packages-select', 'my_robot']
[2.154s] DEBUG:colcon:Parsed command line arguments: Namespace(ament_cmake_args=None, base_paths=['.'], build_base='build', catkin_cmake_args=None, catkin_skip_building_tests=False, cmake_args=None, cmake_clean_cache=False, cmake_clean_first=False, cmake_force_configure=False, cmake_target=None, cmake_target_skip_unavailable=False, continue_on_error=False, event_handlers=None, executor='parallel', ignore_user_meta=False, install_base='install', log_base=None, log_level=None, main=<bound method BuildVerb.main of <colcon_core.verb.build.BuildVerb object at 0x7f7c96c940>>, merge_install=False, metas=['./colcon.meta'], packages_above=None, packages_above_and_dependencies=None, packages_above_depth=None, packages_end=None, packages_ignore=None, packages_ignore_regex=None, packages_select=['my_robot'], packages_select_build_failed=False, packages_select_by_dep=None, packages_select_regex=None, packages_select_test_failures=False, packages_skip=None, packages_skip_build_finished=False, packages_skip_by_dep=None, packages_skip_regex=None, packages_skip_test_passed=False, packages_skip_up_to=None, packages_start=None, packages_up_to=None, packages_up_to_regex=None, parallel_workers=4, paths=None, symlink_install=False, test_result_base=None, verb_extension=<colcon_core.verb.build.BuildVerb object at 0x7f7c96c940>, verb_name='build', verb_parser=<colcon_defaults.argument_parser.defaults.DefaultArgumentsDecorator object at 0x7f7c96cc88>)
[2.195s] Level 1:colcon.colcon_core.package_discovery:discover_packages(colcon_meta) check parameters
[2.196s] Level 1:colcon.colcon_core.package_discovery:discover_packages(recursive) check parameters
[2.196s] Level 1:colcon.colcon_core.package_discovery:discover_packages(ignore) check parameters
[2.196s] Level 1:colcon.colcon_core.package_discovery:discover_packages(path) check parameters
[2.196s] Level 1:colcon.colcon_core.package_discovery:discover_packages(colcon_meta) discover
[2.198s] Level 1:colcon.colcon_core.package_discovery:discover_packages(recursive) discover
[2.198s] INFO:colcon.colcon_core.package_discovery:Crawling recursively for packages in '/home/leh/test_ws'
[2.199s] Level 1:colcon.colcon_core.package_identification:_identify(.) by extensions ['ignore', 'ignore_ament_install']
[2.199s] Level 1:colcon.colcon_core.package_identification:_identify(.) by extension 'ignore'
[2.200s] Level 1:colcon.colcon_core.package_identification:_identify(.) by extension 'ignore_ament_install'
[2.200s] Level 1:colcon.colcon_core.package_identification:_identify(.) by extensions ['colcon_pkg']
[2.200s] Level 1:colcon.colcon_core.package_identification:_identify(.) by extension 'colcon_pkg'
[2.200s] Level 1:colcon.colcon_core.package_identification:_identify(.) by extensions ['colcon_meta']
[2.201s] Level 1:colcon.colcon_core.package_identification:_identify(.) by extension 'colcon_meta'
[2.201s] Level 1:colcon.colcon_core.package_identification:_identify(.) by extensions ['ros']
[2.201s] Level 1:colcon.colcon_core.package_identification:_identify(.) by extension 'ros'
[2.264s] Level 1:colcon.colcon_core.package_identification:_identify(.) by extensions ['cmake', 'python']
[2.264s] Level 1:colcon.colcon_core.package_identification:_identify(.) by extension 'cmake'
[2.265s] Level 1:colcon.colcon_core.package_identification:_identify(.) by extension 'python'
[2.265s] Level 1:colcon.colcon_core.package_identification:_identify(.) by extensions ['python_setup_py']
[2.265s] Level 1:colcon.colcon_core.package_identification:_identify(.) by extension 'python_setup_py'
[2.266s] Level 1:colcon.colcon_core.package_identification:_identify(build) by extensions ['ignore', 'ignore_ament_install']
[2.267s] Level 1:colcon.colcon_core.package_identification:_identify(build) by extension 'ignore'
[2.267s] Level 1:colcon.colcon_core.package_identification:_identify(build) ignored
[2.270s] Level 1:colcon.colcon_core.package_identification:_identify(install) by extensions ['ignore', 'ignore_ament_install']
[2.271s] Level 1:colcon.colcon_core.package_identification:_identify(install) by extension 'ignore'
[2.271s] Level 1:colcon.colcon_core.package_identification:_identify(install) ignored
[2.273s] Level 1:colcon.colcon_core.package_identification:_identify(log) by extensions ['ignore', 'ignore_ament_install']
[2.274s] Level 1:colcon.colcon_core.package_identification:_identify(log) by extension 'ignore'
[2.274s] Level 1:colcon.colcon_core.package_identification:_identify(log) ignored
[2.275s] Level 1:colcon.colcon_core.package_identification:_identify(src) by extensions ['ignore', 'ignore_ament_install']
[2.276s] Level 1:colcon.colcon_core.package_identification:_identify(src) by extension 'ignore'
[2.276s] Level 1:colcon.colcon_core.package_identification:_identify(src) by extension 'ignore_ament_install'
[2.277s] Level 1:colcon.colcon_core.package_identification:_identify(src) by extensions ['colcon_pkg']
[2.277s] Level 1:colcon.colcon_core.package_identification:_identify(src) by extension 'colcon_pkg'
[2.277s] Level 1:colcon.colcon_core.package_identification:_identify(src) by extensions ['colcon_meta']
[2.277s] Level 1:colcon.colcon_core.package_identification:_identify(src) by extension 'colcon_meta'
[2.278s] Level 1:colcon.colcon_core.package_identification:_identify(src) by extensions ['ros']
[2.278s] Level 1:colcon.colcon_core.package_identification:_identify(src) by extension 'ros'
[2.279s] Level 1:colcon.colcon_core.package_identification:_identify(src) by extensions ['cmake', 'python']
[2.279s] Level 1:colcon.colcon_core.package_identification:_identify(src) by extension 'cmake'
[2.280s] Level 1:colcon.colcon_core.package_identification:_identify(src) by extension 'python'
[2.280s] Level 1:colcon.colcon_core.package_identification:_identify(src) by extensions ['python_setup_py']
[2.280s] Level 1:colcon.colcon_core.package_identification:_identify(src) by extension 'python_setup_py'
[2.281s] Level 1:colcon.colcon_core.package_identification:_identify(src/my_robot) by extensions ['ignore', 'ignore_ament_install']
[2.282s] Level 1:colcon.colcon_core.package_identification:_identify(src/my_robot) by extension 'ignore'
[2.282s] Level 1:colcon.colcon_core.package_identification:_identify(src/my_robot) by extension 'ignore_ament_install'
[2.282s] Level 1:colcon.colcon_core.package_identification:_identify(src/my_robot) by extensions ['colcon_pkg']
[2.283s] Level 1:colcon.colcon_core.package_identification:_identify(src/my_robot) by extension 'colcon_pkg'
[2.283s] Level 1:colcon.colcon_core.package_identification:_identify(src/my_robot) by extensions ['colcon_meta']
[2.283s] Level 1:colcon.colcon_core.package_identification:_identify(src/my_robot) by extension 'colcon_meta'
[2.283s] Level 1:colcon.colcon_core.package_identification:_identify(src/my_robot) by extensions ['ros']
[2.284s] Level 1:colcon.colcon_core.package_identification:_identify(src/my_robot) by extension 'ros'
[2.296s] DEBUG:colcon.colcon_core.package_identification:Package 'src/my_robot' with type 'ros.ament_python' and name 'my_robot'
[2.297s] Level 1:colcon.colcon_core.package_identification:_identify(src/py_action) by extensions ['ignore', 'ignore_ament_install']
[2.297s] Level 1:colcon.colcon_core.package_identification:_identify(src/py_action) by extension 'ignore'
[2.298s] Level 1:colcon.colcon_core.package_identification:_identify(src/py_action) by extension 'ignore_ament_install'
[2.298s] Level 1:colcon.colcon_core.package_identification:_identify(src/py_action) by extensions ['colcon_pkg']
[2.298s] Level 1:colcon.colcon_core.package_identification:_identify(src/py_action) by extension 'colcon_pkg'
[2.299s] Level 1:colcon.colcon_core.package_identification:_identify(src/py_action) by extensions ['colcon_meta']
[2.299s] Level 1:colcon.colcon_core.package_identification:_identify(src/py_action) by extension 'colcon_meta'
[2.299s] Level 1:colcon.colcon_core.package_identification:_identify(src/py_action) by extensions ['ros']
[2.300s] Level 1:colcon.colcon_core.package_identification:_identify(src/py_action) by extension 'ros'
[2.303s] DEBUG:colcon.colcon_core.package_identification:Package 'src/py_action' with type 'ros.ament_python' and name 'py_action'
[2.304s] Level 1:colcon.colcon_core.package_identification:_identify(src/py_pubsub) by extensions ['ignore', 'ignore_ament_install']
[2.304s] Level 1:colcon.colcon_core.package_identification:_identify(src/py_pubsub) by extension 'ignore'
[2.305s] Level 1:colcon.colcon_core.package_identification:_identify(src/py_pubsub) by extension 'ignore_ament_install'
[2.305s] Level 1:colcon.colcon_core.package_identification:_identify(src/py_pubsub) by extensions ['colcon_pkg']
[2.305s] Level 1:colcon.colcon_core.package_identification:_identify(src/py_pubsub) by extension 'colcon_pkg'
[2.306s] Level 1:colcon.colcon_core.package_identification:_identify(src/py_pubsub) by extensions ['colcon_meta']
[2.306s] Level 1:colcon.colcon_core.package_identification:_identify(src/py_pubsub) by extension 'colcon_meta'
[2.306s] Level 1:colcon.colcon_core.package_identification:_identify(src/py_pubsub) by extensions ['ros']
[2.307s] Level 1:colcon.colcon_core.package_identification:_identify(src/py_pubsub) by extension 'ros'
[2.310s] DEBUG:colcon.colcon_core.package_identification:Package 'src/py_pubsub' with type 'ros.ament_python' and name 'py_pubsub'
[2.311s] Level 1:colcon.colcon_core.package_identification:_identify(src/py_sign_srvcli) by extensions ['ignore', 'ignore_ament_install']
[2.311s] Level 1:colcon.colcon_core.package_identification:_identify(src/py_sign_srvcli) by extension 'ignore'
[2.312s] Level 1:colcon.colcon_core.package_identification:_identify(src/py_sign_srvcli) by extension 'ignore_ament_install'
[2.312s] Level 1:colcon.colcon_core.package_identification:_identify(src/py_sign_srvcli) by extensions ['colcon_pkg']
[2.312s] Level 1:colcon.colcon_core.package_identification:_identify(src/py_sign_srvcli) by extension 'colcon_pkg'
[2.313s] Level 1:colcon.colcon_core.package_identification:_identify(src/py_sign_srvcli) by extensions ['colcon_meta']
[2.313s] Level 1:colcon.colcon_core.package_identification:_identify(src/py_sign_srvcli) by extension 'colcon_meta'
[2.313s] Level 1:colcon.colcon_core.package_identification:_identify(src/py_sign_srvcli) by extensions ['ros']
[2.314s] Level 1:colcon.colcon_core.package_identification:_identify(src/py_sign_srvcli) by extension 'ros'
[2.318s] DEBUG:colcon.colcon_core.package_identification:Package 'src/py_sign_srvcli' with type 'ros.ament_python' and name 'py_sign_srvcli'
[2.319s] Level 1:colcon.colcon_core.package_identification:_identify(src/py_srvcli) by extensions ['ignore', 'ignore_ament_install']
[2.320s] Level 1:colcon.colcon_core.package_identification:_identify(src/py_srvcli) by extension 'ignore'
[2.320s] Level 1:colcon.colcon_core.package_identification:_identify(src/py_srvcli) by extension 'ignore_ament_install'
[2.320s] Level 1:colcon.colcon_core.package_identification:_identify(src/py_srvcli) by extensions ['colcon_pkg']
[2.321s] Level 1:colcon.colcon_core.package_identification:_identify(src/py_srvcli) by extension 'colcon_pkg'
[2.321s] Level 1:colcon.colcon_core.package_identification:_identify(src/py_srvcli) by extensions ['colcon_meta']
[2.321s] Level 1:colcon.colcon_core.package_identification:_identify(src/py_srvcli) by extension 'colcon_meta'
[2.322s] Level 1:colcon.colcon_core.package_identification:_identify(src/py_srvcli) by extensions ['ros']
[2.322s] Level 1:colcon.colcon_core.package_identification:_identify(src/py_srvcli) by extension 'ros'
[2.326s] DEBUG:colcon.colcon_core.package_identification:Package 'src/py_srvcli' with type 'ros.ament_python' and name 'py_srvcli'
[2.327s] Level 1:colcon.colcon_core.package_identification:_identify(src/py_two_pub_one_sub) by extensions ['ignore', 'ignore_ament_install']
[2.327s] Level 1:colcon.colcon_core.package_identification:_identify(src/py_two_pub_one_sub) by extension 'ignore'
[2.328s] Level 1:colcon.colcon_core.package_identification:_identify(src/py_two_pub_one_sub) by extension 'ignore_ament_install'
[2.328s] Level 1:colcon.colcon_core.package_identification:_identify(src/py_two_pub_one_sub) by extensions ['colcon_pkg']
[2.328s] Level 1:colcon.colcon_core.package_identification:_identify(src/py_two_pub_one_sub) by extension 'colcon_pkg'
[2.329s] Level 1:colcon.colcon_core.package_identification:_identify(src/py_two_pub_one_sub) by extensions ['colcon_meta']
[2.329s] Level 1:colcon.colcon_core.package_identification:_identify(src/py_two_pub_one_sub) by extension 'colcon_meta'
[2.329s] Level 1:colcon.colcon_core.package_identification:_identify(src/py_two_pub_one_sub) by extensions ['ros']
[2.330s] Level 1:colcon.colcon_core.package_identification:_identify(src/py_two_pub_one_sub) by extension 'ros'
[2.334s] DEBUG:colcon.colcon_core.package_identification:Package 'src/py_two_pub_one_sub' with type 'ros.ament_python' and name 'py_two_pub_one_sub'
[2.334s] Level 1:colcon.colcon_core.package_identification:_identify(src/tutorial_interfaces) by extensions ['ignore', 'ignore_ament_install']
[2.335s] Level 1:colcon.colcon_core.package_identification:_identify(src/tutorial_interfaces) by extension 'ignore'
[2.336s] Level 1:colcon.colcon_core.package_identification:_identify(src/tutorial_interfaces) by extension 'ignore_ament_install'
[2.336s] Level 1:colcon.colcon_core.package_identification:_identify(src/tutorial_interfaces) by extensions ['colcon_pkg']
[2.336s] Level 1:colcon.colcon_core.package_identification:_identify(src/tutorial_interfaces) by extension 'colcon_pkg'
[2.336s] Level 1:colcon.colcon_core.package_identification:_identify(src/tutorial_interfaces) by extensions ['colcon_meta']
[2.337s] Level 1:colcon.colcon_core.package_identification:_identify(src/tutorial_interfaces) by extension 'colcon_meta'
[2.337s] Level 1:colcon.colcon_core.package_identification:_identify(src/tutorial_interfaces) by extensions ['ros']
[2.337s] Level 1:colcon.colcon_core.package_identification:_identify(src/tutorial_interfaces) by extension 'ros'
[2.341s] DEBUG:colcon.colcon_core.package_identification:Package 'src/tutorial_interfaces' with type 'ros.ament_cmake' and name 'tutorial_interfaces'
[2.341s] Level 1:colcon.colcon_core.package_discovery:discover_packages(recursive) using defaults
[2.342s] Level 1:colcon.colcon_core.package_discovery:discover_packages(ignore) discover
[2.342s] Level 1:colcon.colcon_core.package_discovery:discover_packages(ignore) using defaults
[2.343s] Level 1:colcon.colcon_core.package_discovery:discover_packages(path) discover
[2.343s] Level 1:colcon.colcon_core.package_discovery:discover_packages(path) using defaults
[2.505s] INFO:colcon.colcon_core.package_selection:Skipping not selected package 'tutorial_interfaces' in 'src/tutorial_interfaces'
[2.505s] INFO:colcon.colcon_core.package_selection:Skipping not selected package 'py_action' in 'src/py_action'
[2.505s] INFO:colcon.colcon_core.package_selection:Skipping not selected package 'py_pubsub' in 'src/py_pubsub'
[2.506s] INFO:colcon.colcon_core.package_selection:Skipping not selected package 'py_sign_srvcli' in 'src/py_sign_srvcli'
[2.506s] INFO:colcon.colcon_core.package_selection:Skipping not selected package 'py_srvcli' in 'src/py_srvcli'
[2.506s] INFO:colcon.colcon_core.package_selection:Skipping not selected package 'py_two_pub_one_sub' in 'src/py_two_pub_one_sub'
[2.532s] Level 5:colcon.colcon_core.verb:set package 'my_robot' build argument 'cmake_args' from command line to 'None'
[2.532s] Level 5:colcon.colcon_core.verb:set package 'my_robot' build argument 'cmake_target' from command line to 'None'
[2.533s] Level 5:colcon.colcon_core.verb:set package 'my_robot' build argument 'cmake_target_skip_unavailable' from command line to 'False'
[2.533s] Level 5:colcon.colcon_core.verb:set package 'my_robot' build argument 'cmake_clean_cache' from command line to 'False'
[2.533s] Level 5:colcon.colcon_core.verb:set package 'my_robot' build argument 'cmake_clean_first' from command line to 'False'
[2.534s] Level 5:colcon.colcon_core.verb:set package 'my_robot' build argument 'cmake_force_configure' from command line to 'False'
[2.534s] Level 5:colcon.colcon_core.verb:set package 'my_robot' build argument 'ament_cmake_args' from command line to 'None'
[2.534s] Level 5:colcon.colcon_core.verb:set package 'my_robot' build argument 'catkin_cmake_args' from command line to 'None'
[2.535s] Level 5:colcon.colcon_core.verb:set package 'my_robot' build argument 'catkin_skip_building_tests' from command line to 'False'
[2.535s] DEBUG:colcon.colcon_core.verb:Building package 'my_robot' with the following arguments: {'ament_cmake_args': None, 'build_base': '/home/leh/test_ws/build/my_robot', 'catkin_cmake_args': None, 'catkin_skip_building_tests': False, 'cmake_args': None, 'cmake_clean_cache': False, 'cmake_clean_first': False, 'cmake_force_configure': False, 'cmake_target': None, 'cmake_target_skip_unavailable': False, 'install_base': '/home/leh/test_ws/install/my_robot', 'merge_install': False, 'path': '/home/leh/test_ws/src/my_robot', 'symlink_install': False, 'test_result_base': None}
[2.537s] INFO:colcon.colcon_core.executor:Executing jobs using 'parallel' executor
[2.551s] DEBUG:colcon.colcon_parallel_executor.executor.parallel:run_until_complete
[2.553s] INFO:colcon.colcon_ros.task.ament_python.build:Building ROS package in '/home/leh/test_ws/src/my_robot' with build type 'ament_python'
[2.554s] Level 1:colcon.colcon_core.shell:create_environment_hook('my_robot', 'ament_prefix_path')
[2.574s] INFO:colcon.colcon_core.plugin_system:Skipping extension 'colcon_core.shell.bat': Not used on non-Windows systems
[2.575s] INFO:colcon.colcon_core.shell:Creating environment hook '/home/leh/test_ws/install/my_robot/share/my_robot/hook/ament_prefix_path.ps1'
[2.579s] INFO:colcon.colcon_core.shell:Creating environment descriptor '/home/leh/test_ws/install/my_robot/share/my_robot/hook/ament_prefix_path.dsv'
[2.581s] INFO:colcon.colcon_core.shell:Creating environment hook '/home/leh/test_ws/install/my_robot/share/my_robot/hook/ament_prefix_path.sh'
[2.589s] INFO:colcon.colcon_core.shell:Skip shell extension 'powershell' for command environment: Not usable outside of PowerShell
[2.589s] DEBUG:colcon.colcon_core.shell:Skip shell extension 'dsv' for command environment
[2.608s] DEBUG:colcon.colcon_core.shell:Ignoring prefix path '/opt/ros/dashing'
[4.193s] INFO:colcon.colcon_core.task.python.build:Building Python package in '/home/leh/test_ws/src/my_robot'
[4.198s] INFO:colcon.colcon_core.shell:Skip shell extension 'powershell' for command environment: Not usable outside of PowerShell
[4.198s] DEBUG:colcon.colcon_core.shell:Skip shell extension 'dsv' for command environment
[4.217s] DEBUG:colcon.colcon_core.shell:Ignoring prefix path '/opt/ros/dashing'
[4.254s] DEBUG:colcon.colcon_core.event_handler.log_command:Invoking command in '/home/leh/test_ws/src/my_robot': PYTHONPATH=/home/leh/test_ws/install/my_robot/lib/python3.6/site-packages:/home/leh/test_ws/install/tutorial_interfaces/lib/python3.6/site-packages:/home/leh/test_ws/install/py_two_pub_one_sub/lib/python3.6/site-packages:/home/leh/test_ws/install/py_srvcli/lib/python3.6/site-packages:/home/leh/test_ws/install/py_sign_srvcli/lib/python3.6/site-packages:/home/leh/test_ws/install/py_pubsub/lib/python3.6/site-packages:/home/leh/test_ws/install/py_action/lib/python3.6/site-packages:/home/leh/test_ws/install/my_robot/lib/python3.6/site-packages:/opt/ros/dashing/lib/python3.6/site-packages /usr/bin/python3 setup.py egg_info --egg-base ../../build/my_robot build --build-base /home/leh/test_ws/build/my_robot/build install --prefix /home/leh/test_ws/install/my_robot --record /home/leh/test_ws/build/my_robot/install.log --single-version-externally-managed
[6.022s] DEBUG:colcon.colcon_core.event_handler.log_command:Invoked command in '/home/leh/test_ws/src/my_robot' returned '0': PYTHONPATH=/home/leh/test_ws/install/my_robot/lib/python3.6/site-packages:/home/leh/test_ws/install/tutorial_interfaces/lib/python3.6/site-packages:/home/leh/test_ws/install/py_two_pub_one_sub/lib/python3.6/site-packages:/home/leh/test_ws/install/py_srvcli/lib/python3.6/site-packages:/home/leh/test_ws/install/py_sign_srvcli/lib/python3.6/site-packages:/home/leh/test_ws/install/py_pubsub/lib/python3.6/site-packages:/home/leh/test_ws/install/py_action/lib/python3.6/site-packages:/home/leh/test_ws/install/my_robot/lib/python3.6/site-packages:/opt/ros/dashing/lib/python3.6/site-packages /usr/bin/python3 setup.py egg_info --egg-base ../../build/my_robot build --build-base /home/leh/test_ws/build/my_robot/build install --prefix /home/leh/test_ws/install/my_robot --record /home/leh/test_ws/build/my_robot/install.log --single-version-externally-managed
[6.038s] Level 1:colcon.colcon_core.environment:checking '/home/leh/test_ws/install/my_robot' for CMake module files
[6.042s] Level 1:colcon.colcon_core.environment:checking '/home/leh/test_ws/install/my_robot' for CMake config files
[6.046s] Level 1:colcon.colcon_core.environment:checking '/home/leh/test_ws/install/my_robot/lib'
[6.047s] Level 1:colcon.colcon_core.environment:checking '/home/leh/test_ws/install/my_robot/bin'
[6.048s] Level 1:colcon.colcon_core.environment:checking '/home/leh/test_ws/install/my_robot/lib/pkgconfig/my_robot.pc'
[6.048s] Level 1:colcon.colcon_core.environment:checking '/home/leh/test_ws/install/my_robot/lib/python3.6/site-packages'
[6.049s] Level 1:colcon.colcon_core.shell:create_environment_hook('my_robot', 'pythonpath')
[6.053s] INFO:colcon.colcon_core.shell:Creating environment hook '/home/leh/test_ws/install/my_robot/share/my_robot/hook/pythonpath.ps1'
[6.056s] INFO:colcon.colcon_core.shell:Creating environment descriptor '/home/leh/test_ws/install/my_robot/share/my_robot/hook/pythonpath.dsv'
[6.058s] INFO:colcon.colcon_core.shell:Creating environment hook '/home/leh/test_ws/install/my_robot/share/my_robot/hook/pythonpath.sh'
[6.060s] Level 1:colcon.colcon_core.environment:create_environment_scripts_only(my_robot)
[6.064s] INFO:colcon.colcon_core.shell:Creating package script '/home/leh/test_ws/install/my_robot/share/my_robot/package.ps1'
[6.069s] INFO:colcon.colcon_core.shell:Creating package descriptor '/home/leh/test_ws/install/my_robot/share/my_robot/package.dsv'
[6.073s] INFO:colcon.colcon_core.shell:Creating package script '/home/leh/test_ws/install/my_robot/share/my_robot/package.sh'
[6.079s] INFO:colcon.colcon_core.shell:Creating package script '/home/leh/test_ws/install/my_robot/share/my_robot/package.bash'
[6.084s] INFO:colcon.colcon_core.shell:Creating package script '/home/leh/test_ws/install/my_robot/share/my_robot/package.zsh'
[6.089s] Level 1:colcon.colcon_core.environment:create_file_with_runtime_dependencies(/home/leh/test_ws/install/my_robot/share/colcon-core/packages/my_robot)
[6.090s] DEBUG:colcon.colcon_parallel_executor.executor.parallel:closing loop
[6.092s] DEBUG:colcon.colcon_parallel_executor.executor.parallel:loop closed
[6.093s] DEBUG:colcon.colcon_parallel_executor.executor.parallel:run_until_complete finished with '0'
[6.093s] DEBUG:colcon.colcon_core.event_reactor:joining thread
[6.131s] INFO:colcon.colcon_core.plugin_system:Skipping extension 'colcon_notification.desktop_notification.terminal_notifier': Not used on non-Darwin systems
[6.132s] INFO:colcon.colcon_core.plugin_system:Skipping extension 'colcon_notification.desktop_notification.win32': Not used on non-Windows systems
[6.132s] INFO:colcon.colcon_notification.desktop_notification:Sending desktop notification using 'notify2'
[6.158s] DEBUG:colcon.colcon_core.event_reactor:joined thread
[6.162s] INFO:colcon.colcon_core.shell:Creating prefix script '/home/leh/test_ws/install/local_setup.ps1'
[6.168s] INFO:colcon.colcon_core.shell:Creating prefix util module '/home/leh/test_ws/install/_local_setup_util_ps1.py'
[6.177s] INFO:colcon.colcon_core.shell:Creating prefix chain script '/home/leh/test_ws/install/setup.ps1'
[6.195s] INFO:colcon.colcon_core.shell:Creating prefix script '/home/leh/test_ws/install/local_setup.sh'
[6.199s] INFO:colcon.colcon_core.shell:Creating prefix util module '/home/leh/test_ws/install/_local_setup_util_sh.py'
[6.201s] INFO:colcon.colcon_core.shell:Creating prefix chain script '/home/leh/test_ws/install/setup.sh'
[6.220s] INFO:colcon.colcon_core.shell:Creating prefix script '/home/leh/test_ws/install/local_setup.bash'
[6.224s] INFO:colcon.colcon_core.shell:Creating prefix chain script '/home/leh/test_ws/install/setup.bash'
[6.243s] INFO:colcon.colcon_core.shell:Creating prefix script '/home/leh/test_ws/install/local_setup.zsh'
[6.247s] INFO:colcon.colcon_core.shell:Creating prefix chain script '/home/leh/test_ws/install/setup.zsh'
