[1.655s] Invoking command in '/home/leh/test_ws/src/py_two_pub_one_sub': PYTHONPATH=/home/leh/test_ws/install/py_two_pub_one_sub/lib/python3.6/site-packages:/home/leh/test_ws/install/tutorial_interfaces/lib/python3.6/site-packages:/home/leh/test_ws/install/py_two_pub_one_sub/lib/python3.6/site-packages:/home/leh/test_ws/install/py_pubsub/lib/python3.6/site-packages:/opt/ros/dashing/lib/python3.6/site-packages /usr/bin/python3 setup.py egg_info --egg-base ../../build/py_two_pub_one_sub build --build-base /home/leh/test_ws/build/py_two_pub_one_sub/build install --prefix /home/leh/test_ws/install/py_two_pub_one_sub --record /home/leh/test_ws/build/py_two_pub_one_sub/install.log --single-version-externally-managed
[2.919s] /home/leh/.local/lib/python3.6/site-packages/setuptools/dist.py:720: UserWarning: Usage of dash-separated 'script-dir' will not be supported in future versions. Please use the underscore name 'script_dir' instead
[2.919s]   % (opt, underscore_opt)
[2.920s] /home/leh/.local/lib/python3.6/site-packages/setuptools/dist.py:720: UserWarning: Usage of dash-separated 'install-scripts' will not be supported in future versions. Please use the underscore name 'install_scripts' instead
[2.921s]   % (opt, underscore_opt)
[3.108s] running egg_info
[3.112s] writing ../../build/py_two_pub_one_sub/py_two_pub_one_sub.egg-info/PKG-INFO
[3.114s] writing dependency_links to ../../build/py_two_pub_one_sub/py_two_pub_one_sub.egg-info/dependency_links.txt
[3.115s] writing entry points to ../../build/py_two_pub_one_sub/py_two_pub_one_sub.egg-info/entry_points.txt
[3.116s] writing requirements to ../../build/py_two_pub_one_sub/py_two_pub_one_sub.egg-info/requires.txt
[3.116s] writing top-level names to ../../build/py_two_pub_one_sub/py_two_pub_one_sub.egg-info/top_level.txt
[3.129s] reading manifest file '../../build/py_two_pub_one_sub/py_two_pub_one_sub.egg-info/SOURCES.txt'
[3.134s] writing manifest file '../../build/py_two_pub_one_sub/py_two_pub_one_sub.egg-info/SOURCES.txt'
[3.135s] running build
[3.137s] running build_py
[3.138s] copying py_two_pub_one_sub/subscriber_actuator_function.py -> /home/leh/test_ws/build/py_two_pub_one_sub/build/lib/py_two_pub_one_sub
[3.139s] running install
[3.140s] /home/leh/.local/lib/python3.6/site-packages/setuptools/command/install.py:37: SetuptoolsDeprecationWarning: setup.py install is deprecated. Use build and pip and other standards-based tools.
[3.140s]   setuptools.SetuptoolsDeprecationWarning,
[3.141s] running install_lib
[3.144s] copying /home/leh/test_ws/build/py_two_pub_one_sub/build/lib/py_two_pub_one_sub/subscriber_actuator_function.py -> /home/leh/test_ws/install/py_two_pub_one_sub/lib/python3.6/site-packages/py_two_pub_one_sub
[3.146s] byte-compiling /home/leh/test_ws/install/py_two_pub_one_sub/lib/python3.6/site-packages/py_two_pub_one_sub/subscriber_actuator_function.py to subscriber_actuator_function.cpython-36.pyc
[3.149s] running install_data
[3.152s] running install_egg_info
[3.160s] removing '/home/leh/test_ws/install/py_two_pub_one_sub/lib/python3.6/site-packages/py_two_pub_one_sub-0.0.0-py3.6.egg-info' (and everything under it)
[3.163s] Copying ../../build/py_two_pub_one_sub/py_two_pub_one_sub.egg-info to /home/leh/test_ws/install/py_two_pub_one_sub/lib/python3.6/site-packages/py_two_pub_one_sub-0.0.0-py3.6.egg-info
[3.167s] running install_scripts
[3.259s] Installing actuator script to /home/leh/test_ws/install/py_two_pub_one_sub/lib/py_two_pub_one_sub
[3.261s] Installing sensor1 script to /home/leh/test_ws/install/py_two_pub_one_sub/lib/py_two_pub_one_sub
[3.263s] Installing sensor2 script to /home/leh/test_ws/install/py_two_pub_one_sub/lib/py_two_pub_one_sub
[3.266s] writing list of installed files to '/home/leh/test_ws/build/py_two_pub_one_sub/install.log'
[3.378s] Invoked command in '/home/leh/test_ws/src/py_two_pub_one_sub' returned '0': PYTHONPATH=/home/leh/test_ws/install/py_two_pub_one_sub/lib/python3.6/site-packages:/home/leh/test_ws/install/tutorial_interfaces/lib/python3.6/site-packages:/home/leh/test_ws/install/py_two_pub_one_sub/lib/python3.6/site-packages:/home/leh/test_ws/install/py_pubsub/lib/python3.6/site-packages:/opt/ros/dashing/lib/python3.6/site-packages /usr/bin/python3 setup.py egg_info --egg-base ../../build/py_two_pub_one_sub build --build-base /home/leh/test_ws/build/py_two_pub_one_sub/build install --prefix /home/leh/test_ws/install/py_two_pub_one_sub --record /home/leh/test_ws/build/py_two_pub_one_sub/install.log --single-version-externally-managed
