[3.549s] Invoking command in '/home/leh/test_ws/src/py_two_pub_one_sub': PYTHONPATH=/home/leh/test_ws/install/py_two_pub_one_sub/lib/python3.6/site-packages:/home/leh/test_ws/install/tutorial_interfaces/lib/python3.6/site-packages:/home/leh/test_ws/install/py_two_pub_one_sub/lib/python3.6/site-packages:/home/leh/test_ws/install/py_pubsub/lib/python3.6/site-packages:/opt/ros/dashing/lib/python3.6/site-packages /usr/bin/python3 setup.py egg_info --egg-base ../../build/py_two_pub_one_sub build --build-base /home/leh/test_ws/build/py_two_pub_one_sub/build install --prefix /home/leh/test_ws/install/py_two_pub_one_sub --record /home/leh/test_ws/build/py_two_pub_one_sub/install.log --single-version-externally-managed
[4.903s] /home/leh/.local/lib/python3.6/site-packages/setuptools/dist.py:720: UserWarning: Usage of dash-separated 'script-dir' will not be supported in future versions. Please use the underscore name 'script_dir' instead
[4.904s]   % (opt, underscore_opt)
[4.908s] /home/leh/.local/lib/python3.6/site-packages/setuptools/dist.py:720: UserWarning: Usage of dash-separated 'install-scripts' will not be supported in future versions. Please use the underscore name 'install_scripts' instead
[4.909s]   % (opt, underscore_opt)
[5.102s] running egg_info
[5.109s] writing ../../build/py_two_pub_one_sub/py_two_pub_one_sub.egg-info/PKG-INFO
[5.110s] writing dependency_links to ../../build/py_two_pub_one_sub/py_two_pub_one_sub.egg-info/dependency_links.txt
[5.111s] writing entry points to ../../build/py_two_pub_one_sub/py_two_pub_one_sub.egg-info/entry_points.txt
[5.112s] writing requirements to ../../build/py_two_pub_one_sub/py_two_pub_one_sub.egg-info/requires.txt
[5.112s] writing top-level names to ../../build/py_two_pub_one_sub/py_two_pub_one_sub.egg-info/top_level.txt
[5.121s] reading manifest file '../../build/py_two_pub_one_sub/py_two_pub_one_sub.egg-info/SOURCES.txt'
[5.130s] writing manifest file '../../build/py_two_pub_one_sub/py_two_pub_one_sub.egg-info/SOURCES.txt'
[5.131s] running build
[5.132s] running build_py
[5.133s] copying py_two_pub_one_sub/subscriber_actuator_function.py -> /home/leh/test_ws/build/py_two_pub_one_sub/build/lib/py_two_pub_one_sub
[5.135s] running install
[5.136s] /home/leh/.local/lib/python3.6/site-packages/setuptools/command/install.py:37: SetuptoolsDeprecationWarning: setup.py install is deprecated. Use build and pip and other standards-based tools.
[5.136s]   setuptools.SetuptoolsDeprecationWarning,
[5.142s] running install_lib
[5.147s] copying /home/leh/test_ws/build/py_two_pub_one_sub/build/lib/py_two_pub_one_sub/subscriber_actuator_function.py -> /home/leh/test_ws/install/py_two_pub_one_sub/lib/python3.6/site-packages/py_two_pub_one_sub
[5.151s] byte-compiling /home/leh/test_ws/install/py_two_pub_one_sub/lib/python3.6/site-packages/py_two_pub_one_sub/subscriber_actuator_function.py to subscriber_actuator_function.cpython-36.pyc
[5.155s] running install_data
[5.159s] running install_egg_info
[5.168s] removing '/home/leh/test_ws/install/py_two_pub_one_sub/lib/python3.6/site-packages/py_two_pub_one_sub-0.0.0-py3.6.egg-info' (and everything under it)
[5.171s] Copying ../../build/py_two_pub_one_sub/py_two_pub_one_sub.egg-info to /home/leh/test_ws/install/py_two_pub_one_sub/lib/python3.6/site-packages/py_two_pub_one_sub-0.0.0-py3.6.egg-info
[5.176s] running install_scripts
[5.280s] Installing actuator script to /home/leh/test_ws/install/py_two_pub_one_sub/lib/py_two_pub_one_sub
[5.282s] Installing sensor1 script to /home/leh/test_ws/install/py_two_pub_one_sub/lib/py_two_pub_one_sub
[5.282s] Installing sensor2 script to /home/leh/test_ws/install/py_two_pub_one_sub/lib/py_two_pub_one_sub
[5.284s] writing list of installed files to '/home/leh/test_ws/build/py_two_pub_one_sub/install.log'
[5.404s] Invoked command in '/home/leh/test_ws/src/py_two_pub_one_sub' returned '0': PYTHONPATH=/home/leh/test_ws/install/py_two_pub_one_sub/lib/python3.6/site-packages:/home/leh/test_ws/install/tutorial_interfaces/lib/python3.6/site-packages:/home/leh/test_ws/install/py_two_pub_one_sub/lib/python3.6/site-packages:/home/leh/test_ws/install/py_pubsub/lib/python3.6/site-packages:/opt/ros/dashing/lib/python3.6/site-packages /usr/bin/python3 setup.py egg_info --egg-base ../../build/py_two_pub_one_sub build --build-base /home/leh/test_ws/build/py_two_pub_one_sub/build install --prefix /home/leh/test_ws/install/py_two_pub_one_sub --record /home/leh/test_ws/build/py_two_pub_one_sub/install.log --single-version-externally-managed
