[6.560s] Invoking command in '/home/leh/test_ws/src/py_pubsub': PYTHONPATH=/home/leh/test_ws/install/py_pubsub/lib/python3.6/site-packages:/home/leh/test_ws/install/tutorial_interfaces/lib/python3.6/site-packages:/home/leh/test_ws/install/py_two_pub_one_sub/lib/python3.6/site-packages:/home/leh/test_ws/install/py_srvcli/lib/python3.6/site-packages:/home/leh/test_ws/install/py_sign_srvcli/lib/python3.6/site-packages:/home/leh/test_ws/install/py_pubsub/lib/python3.6/site-packages:/opt/ros/dashing/lib/python3.6/site-packages /usr/bin/python3 setup.py egg_info --egg-base ../../build/py_pubsub build --build-base /home/leh/test_ws/build/py_pubsub/build install --prefix /home/leh/test_ws/install/py_pubsub --record /home/leh/test_ws/build/py_pubsub/install.log --single-version-externally-managed
[7.939s] /home/leh/.local/lib/python3.6/site-packages/setuptools/dist.py:720: UserWarning: Usage of dash-separated 'script-dir' will not be supported in future versions. Please use the underscore name 'script_dir' instead
[7.940s]   % (opt, underscore_opt)
[7.943s] /home/leh/.local/lib/python3.6/site-packages/setuptools/dist.py:720: UserWarning: Usage of dash-separated 'install-scripts' will not be supported in future versions. Please use the underscore name 'install_scripts' instead
[7.944s]   % (opt, underscore_opt)
[8.139s] running egg_info
[8.143s] writing ../../build/py_pubsub/py_pubsub.egg-info/PKG-INFO
[8.144s] writing dependency_links to ../../build/py_pubsub/py_pubsub.egg-info/dependency_links.txt
[8.144s] writing entry points to ../../build/py_pubsub/py_pubsub.egg-info/entry_points.txt
[8.145s] writing requirements to ../../build/py_pubsub/py_pubsub.egg-info/requires.txt
[8.146s] writing top-level names to ../../build/py_pubsub/py_pubsub.egg-info/top_level.txt
[8.155s] reading manifest file '../../build/py_pubsub/py_pubsub.egg-info/SOURCES.txt'
[8.162s] writing manifest file '../../build/py_pubsub/py_pubsub.egg-info/SOURCES.txt'
[8.163s] running build
[8.164s] running build_py
[8.165s] running install
[8.166s] /home/leh/.local/lib/python3.6/site-packages/setuptools/command/install.py:37: SetuptoolsDeprecationWarning: setup.py install is deprecated. Use build and pip and other standards-based tools.
[8.166s]   setuptools.SetuptoolsDeprecationWarning,
[8.167s] running install_lib
[8.173s] running install_data
[8.178s] running install_egg_info
[8.191s] removing '/home/leh/test_ws/install/py_pubsub/lib/python3.6/site-packages/py_pubsub-0.0.0-py3.6.egg-info' (and everything under it)
[8.194s] Copying ../../build/py_pubsub/py_pubsub.egg-info to /home/leh/test_ws/install/py_pubsub/lib/python3.6/site-packages/py_pubsub-0.0.0-py3.6.egg-info
[8.200s] running install_scripts
[8.386s] Installing listener script to /home/leh/test_ws/install/py_pubsub/lib/py_pubsub
[8.387s] Installing talker script to /home/leh/test_ws/install/py_pubsub/lib/py_pubsub
[8.391s] writing list of installed files to '/home/leh/test_ws/build/py_pubsub/install.log'
[8.636s] Invoked command in '/home/leh/test_ws/src/py_pubsub' returned '0': PYTHONPATH=/home/leh/test_ws/install/py_pubsub/lib/python3.6/site-packages:/home/leh/test_ws/install/tutorial_interfaces/lib/python3.6/site-packages:/home/leh/test_ws/install/py_two_pub_one_sub/lib/python3.6/site-packages:/home/leh/test_ws/install/py_srvcli/lib/python3.6/site-packages:/home/leh/test_ws/install/py_sign_srvcli/lib/python3.6/site-packages:/home/leh/test_ws/install/py_pubsub/lib/python3.6/site-packages:/opt/ros/dashing/lib/python3.6/site-packages /usr/bin/python3 setup.py egg_info --egg-base ../../build/py_pubsub build --build-base /home/leh/test_ws/build/py_pubsub/build install --prefix /home/leh/test_ws/install/py_pubsub --record /home/leh/test_ws/build/py_pubsub/install.log --single-version-externally-managed
