[1.632s] Invoking command in '/home/leh/test_ws/src/py_two_pub_one_sub': PYTHONPATH=/home/leh/test_ws/install/py_two_pub_one_sub/lib/python3.6/site-packages:/home/leh/test_ws/install/tutorial_interfaces/lib/python3.6/site-packages:/home/leh/test_ws/install/py_two_pub_one_sub/lib/python3.6/site-packages:/home/leh/test_ws/install/py_pubsub/lib/python3.6/site-packages:/opt/ros/dashing/lib/python3.6/site-packages /usr/bin/python3 setup.py egg_info --egg-base ../../build/py_two_pub_one_sub build --build-base /home/leh/test_ws/build/py_two_pub_one_sub/build install --prefix /home/leh/test_ws/install/py_two_pub_one_sub --record /home/leh/test_ws/build/py_two_pub_one_sub/install.log --single-version-externally-managed
[2.930s] /home/leh/.local/lib/python3.6/site-packages/setuptools/dist.py:720: UserWarning: Usage of dash-separated 'script-dir' will not be supported in future versions. Please use the underscore name 'script_dir' instead
[2.930s]   % (opt, underscore_opt)
[2.932s] /home/leh/.local/lib/python3.6/site-packages/setuptools/dist.py:720: UserWarning: Usage of dash-separated 'install-scripts' will not be supported in future versions. Please use the underscore name 'install_scripts' instead
[2.932s]   % (opt, underscore_opt)
[3.115s] running egg_info
[3.119s] writing ../../build/py_two_pub_one_sub/py_two_pub_one_sub.egg-info/PKG-INFO
[3.120s] writing dependency_links to ../../build/py_two_pub_one_sub/py_two_pub_one_sub.egg-info/dependency_links.txt
[3.121s] writing entry points to ../../build/py_two_pub_one_sub/py_two_pub_one_sub.egg-info/entry_points.txt
[3.122s] writing requirements to ../../build/py_two_pub_one_sub/py_two_pub_one_sub.egg-info/requires.txt
[3.123s] writing top-level names to ../../build/py_two_pub_one_sub/py_two_pub_one_sub.egg-info/top_level.txt
[3.138s] reading manifest file '../../build/py_two_pub_one_sub/py_two_pub_one_sub.egg-info/SOURCES.txt'
[3.139s] writing manifest file '../../build/py_two_pub_one_sub/py_two_pub_one_sub.egg-info/SOURCES.txt'
[3.142s] running build
[3.143s] running build_py
[3.144s] copying py_two_pub_one_sub/subscriber_actuator_function.py -> /home/leh/test_ws/build/py_two_pub_one_sub/build/lib/py_two_pub_one_sub
[3.145s] running install
[3.149s] /home/leh/.local/lib/python3.6/site-packages/setuptools/command/install.py:37: SetuptoolsDeprecationWarning: setup.py install is deprecated. Use build and pip and other standards-based tools.
[3.150s]   setuptools.SetuptoolsDeprecationWarning,
[3.150s] running install_lib
[3.151s] copying /home/leh/test_ws/build/py_two_pub_one_sub/build/lib/py_two_pub_one_sub/subscriber_actuator_function.py -> /home/leh/test_ws/install/py_two_pub_one_sub/lib/python3.6/site-packages/py_two_pub_one_sub
[3.154s] byte-compiling /home/leh/test_ws/install/py_two_pub_one_sub/lib/python3.6/site-packages/py_two_pub_one_sub/subscriber_actuator_function.py to subscriber_actuator_function.cpython-36.pyc
[3.155s] running install_data
[3.158s] running install_egg_info
[3.166s] removing '/home/leh/test_ws/install/py_two_pub_one_sub/lib/python3.6/site-packages/py_two_pub_one_sub-0.0.0-py3.6.egg-info' (and everything under it)
[3.169s] Copying ../../build/py_two_pub_one_sub/py_two_pub_one_sub.egg-info to /home/leh/test_ws/install/py_two_pub_one_sub/lib/python3.6/site-packages/py_two_pub_one_sub-0.0.0-py3.6.egg-info
[3.176s] running install_scripts
[3.269s] Installing actuator script to /home/leh/test_ws/install/py_two_pub_one_sub/lib/py_two_pub_one_sub
[3.270s] Installing sensor1 script to /home/leh/test_ws/install/py_two_pub_one_sub/lib/py_two_pub_one_sub
[3.271s] Installing sensor2 script to /home/leh/test_ws/install/py_two_pub_one_sub/lib/py_two_pub_one_sub
[3.272s] writing list of installed files to '/home/leh/test_ws/build/py_two_pub_one_sub/install.log'
[3.382s] Invoked command in '/home/leh/test_ws/src/py_two_pub_one_sub' returned '0': PYTHONPATH=/home/leh/test_ws/install/py_two_pub_one_sub/lib/python3.6/site-packages:/home/leh/test_ws/install/tutorial_interfaces/lib/python3.6/site-packages:/home/leh/test_ws/install/py_two_pub_one_sub/lib/python3.6/site-packages:/home/leh/test_ws/install/py_pubsub/lib/python3.6/site-packages:/opt/ros/dashing/lib/python3.6/site-packages /usr/bin/python3 setup.py egg_info --egg-base ../../build/py_two_pub_one_sub build --build-base /home/leh/test_ws/build/py_two_pub_one_sub/build install --prefix /home/leh/test_ws/install/py_two_pub_one_sub --record /home/leh/test_ws/build/py_two_pub_one_sub/install.log --single-version-externally-managed
