[6.991s] Invoking command in '/home/leh/test_ws/src/my_robot': PYTHONPATH=/home/leh/test_ws/install/my_robot/lib/python3.6/site-packages:/home/leh/test_ws/install/tutorial_interfaces/lib/python3.6/site-packages:/home/leh/test_ws/install/py_two_pub_one_sub/lib/python3.6/site-packages:/home/leh/test_ws/install/py_srvcli/lib/python3.6/site-packages:/home/leh/test_ws/install/py_sign_srvcli/lib/python3.6/site-packages:/home/leh/test_ws/install/py_pubsub/lib/python3.6/site-packages:/home/leh/test_ws/install/py_action/lib/python3.6/site-packages:/home/leh/test_ws/install/my_robot/lib/python3.6/site-packages:/opt/ros/dashing/lib/python3.6/site-packages /usr/bin/python3 setup.py egg_info --egg-base ../../build/my_robot build --build-base /home/leh/test_ws/build/my_robot/build install --prefix /home/leh/test_ws/install/my_robot --record /home/leh/test_ws/build/my_robot/install.log --single-version-externally-managed
[8.475s] /home/leh/.local/lib/python3.6/site-packages/setuptools/dist.py:720: UserWarning: Usage of dash-separated 'script-dir' will not be supported in future versions. Please use the underscore name 'script_dir' instead
[8.476s]   % (opt, underscore_opt)
[8.481s] /home/leh/.local/lib/python3.6/site-packages/setuptools/dist.py:720: UserWarning: Usage of dash-separated 'install-scripts' will not be supported in future versions. Please use the underscore name 'install_scripts' instead
[8.481s]   % (opt, underscore_opt)
[8.802s] running egg_info
[8.806s] writing ../../build/my_robot/my_robot.egg-info/PKG-INFO
[8.807s] writing dependency_links to ../../build/my_robot/my_robot.egg-info/dependency_links.txt
[8.808s] writing entry points to ../../build/my_robot/my_robot.egg-info/entry_points.txt
[8.809s] writing requirements to ../../build/my_robot/my_robot.egg-info/requires.txt
[8.810s] writing top-level names to ../../build/my_robot/my_robot.egg-info/top_level.txt
[8.826s] reading manifest file '../../build/my_robot/my_robot.egg-info/SOURCES.txt'
[8.845s] writing manifest file '../../build/my_robot/my_robot.egg-info/SOURCES.txt'
[8.846s] running build
[8.846s] running build_py
[8.859s] copying my_robot/motor_control_function.py -> /home/leh/test_ws/build/my_robot/build/lib/my_robot
[8.861s] running install
[8.862s] /home/leh/.local/lib/python3.6/site-packages/setuptools/command/install.py:37: SetuptoolsDeprecationWarning: setup.py install is deprecated. Use build and pip and other standards-based tools.
[8.863s]   setuptools.SetuptoolsDeprecationWarning,
[8.864s] running install_lib
[8.868s] copying /home/leh/test_ws/build/my_robot/build/lib/my_robot/motor_control_function.py -> /home/leh/test_ws/install/my_robot/lib/python3.6/site-packages/my_robot
[8.883s] byte-compiling /home/leh/test_ws/install/my_robot/lib/python3.6/site-packages/my_robot/motor_control_function.py to motor_control_function.cpython-36.pyc
[8.886s] running install_data
[8.889s] running install_egg_info
[8.910s] removing '/home/leh/test_ws/install/my_robot/lib/python3.6/site-packages/my_robot-0.0.0-py3.6.egg-info' (and everything under it)
[8.911s] Copying ../../build/my_robot/my_robot.egg-info to /home/leh/test_ws/install/my_robot/lib/python3.6/site-packages/my_robot-0.0.0-py3.6.egg-info
[8.922s] running install_scripts
[9.079s] Installing control script to /home/leh/test_ws/install/my_robot/lib/my_robot
[9.081s] Installing coordinate script to /home/leh/test_ws/install/my_robot/lib/my_robot
[9.082s] Installing encoder script to /home/leh/test_ws/install/my_robot/lib/my_robot
[9.084s] Installing imu script to /home/leh/test_ws/install/my_robot/lib/my_robot
[9.087s] writing list of installed files to '/home/leh/test_ws/build/my_robot/install.log'
[9.259s] Invoked command in '/home/leh/test_ws/src/my_robot' returned '0': PYTHONPATH=/home/leh/test_ws/install/my_robot/lib/python3.6/site-packages:/home/leh/test_ws/install/tutorial_interfaces/lib/python3.6/site-packages:/home/leh/test_ws/install/py_two_pub_one_sub/lib/python3.6/site-packages:/home/leh/test_ws/install/py_srvcli/lib/python3.6/site-packages:/home/leh/test_ws/install/py_sign_srvcli/lib/python3.6/site-packages:/home/leh/test_ws/install/py_pubsub/lib/python3.6/site-packages:/home/leh/test_ws/install/py_action/lib/python3.6/site-packages:/home/leh/test_ws/install/my_robot/lib/python3.6/site-packages:/opt/ros/dashing/lib/python3.6/site-packages /usr/bin/python3 setup.py egg_info --egg-base ../../build/my_robot build --build-base /home/leh/test_ws/build/my_robot/build install --prefix /home/leh/test_ws/install/my_robot --record /home/leh/test_ws/build/my_robot/install.log --single-version-externally-managed
