[7.013s] Invoking command in '/home/leh/test_ws/src/py_action': PYTHONPATH=/home/leh/test_ws/install/py_action/lib/python3.6/site-packages:/home/leh/test_ws/install/tutorial_interfaces/lib/python3.6/site-packages:/home/leh/test_ws/install/py_two_pub_one_sub/lib/python3.6/site-packages:/home/leh/test_ws/install/py_srvcli/lib/python3.6/site-packages:/home/leh/test_ws/install/py_sign_srvcli/lib/python3.6/site-packages:/home/leh/test_ws/install/py_pubsub/lib/python3.6/site-packages:/home/leh/test_ws/install/py_action/lib/python3.6/site-packages:/home/leh/test_ws/install/my_robot/lib/python3.6/site-packages:/opt/ros/dashing/lib/python3.6/site-packages /usr/bin/python3 setup.py egg_info --egg-base ../../build/py_action build --build-base /home/leh/test_ws/build/py_action/build install --prefix /home/leh/test_ws/install/py_action --record /home/leh/test_ws/build/py_action/install.log --single-version-externally-managed
[8.872s] /home/leh/.local/lib/python3.6/site-packages/setuptools/dist.py:720: UserWarning: Usage of dash-separated 'script-dir' will not be supported in future versions. Please use the underscore name 'script_dir' instead
[8.873s]   % (opt, underscore_opt)
[8.876s] /home/leh/.local/lib/python3.6/site-packages/setuptools/dist.py:720: UserWarning: Usage of dash-separated 'install-scripts' will not be supported in future versions. Please use the underscore name 'install_scripts' instead
[8.878s]   % (opt, underscore_opt)
[9.112s] running egg_info
[9.116s] writing ../../build/py_action/py_action.egg-info/PKG-INFO
[9.118s] writing dependency_links to ../../build/py_action/py_action.egg-info/dependency_links.txt
[9.120s] writing entry points to ../../build/py_action/py_action.egg-info/entry_points.txt
[9.122s] writing requirements to ../../build/py_action/py_action.egg-info/requires.txt
[9.124s] writing top-level names to ../../build/py_action/py_action.egg-info/top_level.txt
[9.136s] reading manifest file '../../build/py_action/py_action.egg-info/SOURCES.txt'
[9.145s] writing manifest file '../../build/py_action/py_action.egg-info/SOURCES.txt'
[9.147s] running build
[9.148s] running build_py
[9.155s] running install
[9.157s] /home/leh/.local/lib/python3.6/site-packages/setuptools/command/install.py:37: SetuptoolsDeprecationWarning: setup.py install is deprecated. Use build and pip and other standards-based tools.
[9.158s]   setuptools.SetuptoolsDeprecationWarning,
[9.161s] running install_lib
[9.169s] running install_data
[9.173s] running install_egg_info
[9.192s] removing '/home/leh/test_ws/install/py_action/lib/python3.6/site-packages/py_action-0.0.0-py3.6.egg-info' (and everything under it)
[9.195s] Copying ../../build/py_action/py_action.egg-info to /home/leh/test_ws/install/py_action/lib/python3.6/site-packages/py_action-0.0.0-py3.6.egg-info
[9.213s] running install_scripts
[9.381s] Installing fibonacci_client script to /home/leh/test_ws/install/py_action/lib/py_action
[9.383s] Installing fibonacci_server script to /home/leh/test_ws/install/py_action/lib/py_action
[9.386s] writing list of installed files to '/home/leh/test_ws/build/py_action/install.log'
[11.251s] Invoked command in '/home/leh/test_ws/src/py_action' returned '0': PYTHONPATH=/home/leh/test_ws/install/py_action/lib/python3.6/site-packages:/home/leh/test_ws/install/tutorial_interfaces/lib/python3.6/site-packages:/home/leh/test_ws/install/py_two_pub_one_sub/lib/python3.6/site-packages:/home/leh/test_ws/install/py_srvcli/lib/python3.6/site-packages:/home/leh/test_ws/install/py_sign_srvcli/lib/python3.6/site-packages:/home/leh/test_ws/install/py_pubsub/lib/python3.6/site-packages:/home/leh/test_ws/install/py_action/lib/python3.6/site-packages:/home/leh/test_ws/install/my_robot/lib/python3.6/site-packages:/opt/ros/dashing/lib/python3.6/site-packages /usr/bin/python3 setup.py egg_info --egg-base ../../build/py_action build --build-base /home/leh/test_ws/build/py_action/build install --prefix /home/leh/test_ws/install/py_action --record /home/leh/test_ws/build/py_action/install.log --single-version-externally-managed
