[6.669s] Invoking command in '/home/leh/test_ws/src/py_pubsub': AMENT_PREFIX_PATH=/home/leh/test_ws/install/tutorial_interfaces:${AMENT_PREFIX_PATH} CMAKE_PREFIX_PATH=/home/leh/test_ws/install/tutorial_interfaces LD_LIBRARY_PATH=/home/leh/test_ws/install/tutorial_interfaces/lib:${LD_LIBRARY_PATH} PYTHONPATH=/home/leh/test_ws/install/py_pubsub/lib/python3.6/site-packages:/home/leh/test_ws/install/tutorial_interfaces/lib/python3.6/site-packages:${PYTHONPATH} /usr/bin/python3 setup.py egg_info --egg-base ../../build/py_pubsub build --build-base /home/leh/test_ws/build/py_pubsub/build install --prefix /home/leh/test_ws/install/py_pubsub --record /home/leh/test_ws/build/py_pubsub/install.log --single-version-externally-managed
[8.785s] /home/leh/.local/lib/python3.6/site-packages/setuptools/dist.py:720: UserWarning: Usage of dash-separated 'script-dir' will not be supported in future versions. Please use the underscore name 'script_dir' instead
[8.786s]   % (opt, underscore_opt)
[8.787s] /home/leh/.local/lib/python3.6/site-packages/setuptools/dist.py:720: UserWarning: Usage of dash-separated 'install-scripts' will not be supported in future versions. Please use the underscore name 'install_scripts' instead
[8.788s]   % (opt, underscore_opt)
[9.053s] running egg_info
[9.066s] writing ../../build/py_pubsub/py_pubsub.egg-info/PKG-INFO
[9.069s] writing dependency_links to ../../build/py_pubsub/py_pubsub.egg-info/dependency_links.txt
[9.072s] writing entry points to ../../build/py_pubsub/py_pubsub.egg-info/entry_points.txt
[9.075s] writing requirements to ../../build/py_pubsub/py_pubsub.egg-info/requires.txt
[9.078s] writing top-level names to ../../build/py_pubsub/py_pubsub.egg-info/top_level.txt
[9.091s] reading manifest file '../../build/py_pubsub/py_pubsub.egg-info/SOURCES.txt'
[9.126s] writing manifest file '../../build/py_pubsub/py_pubsub.egg-info/SOURCES.txt'
[9.128s] running build
[9.129s] running build_py
[9.129s] running install
[9.131s] /home/leh/.local/lib/python3.6/site-packages/setuptools/command/install.py:37: SetuptoolsDeprecationWarning: setup.py install is deprecated. Use build and pip and other standards-based tools.
[9.132s]   setuptools.SetuptoolsDeprecationWarning,
[9.139s] running install_lib
[9.156s] running install_data
[9.159s] running install_egg_info
[9.167s] removing '/home/leh/test_ws/install/py_pubsub/lib/python3.6/site-packages/py_pubsub-0.0.0-py3.6.egg-info' (and everything under it)
[9.169s] Copying ../../build/py_pubsub/py_pubsub.egg-info to /home/leh/test_ws/install/py_pubsub/lib/python3.6/site-packages/py_pubsub-0.0.0-py3.6.egg-info
[9.182s] running install_scripts
[9.547s] Installing listener script to /home/leh/test_ws/install/py_pubsub/lib/py_pubsub
[9.549s] Installing talker script to /home/leh/test_ws/install/py_pubsub/lib/py_pubsub
[9.551s] writing list of installed files to '/home/leh/test_ws/build/py_pubsub/install.log'
[12.877s] Invoked command in '/home/leh/test_ws/src/py_pubsub' returned '0': AMENT_PREFIX_PATH=/home/leh/test_ws/install/tutorial_interfaces:${AMENT_PREFIX_PATH} CMAKE_PREFIX_PATH=/home/leh/test_ws/install/tutorial_interfaces LD_LIBRARY_PATH=/home/leh/test_ws/install/tutorial_interfaces/lib:${LD_LIBRARY_PATH} PYTHONPATH=/home/leh/test_ws/install/py_pubsub/lib/python3.6/site-packages:/home/leh/test_ws/install/tutorial_interfaces/lib/python3.6/site-packages:${PYTHONPATH} /usr/bin/python3 setup.py egg_info --egg-base ../../build/py_pubsub build --build-base /home/leh/test_ws/build/py_pubsub/build install --prefix /home/leh/test_ws/install/py_pubsub --record /home/leh/test_ws/build/py_pubsub/install.log --single-version-externally-managed
