[6.834s] Invoking command in '/home/leh/test_ws/src/my_robot': PYTHONPATH=/home/leh/test_ws/install/my_robot/lib/python3.6/site-packages:/home/leh/test_ws/install/tutorial_interfaces/lib/python3.6/site-packages:/home/leh/test_ws/install/py_two_pub_one_sub/lib/python3.6/site-packages:/home/leh/test_ws/install/py_srvcli/lib/python3.6/site-packages:/home/leh/test_ws/install/py_sign_srvcli/lib/python3.6/site-packages:/home/leh/test_ws/install/py_pubsub/lib/python3.6/site-packages:/home/leh/test_ws/install/py_action/lib/python3.6/site-packages:/home/leh/test_ws/install/my_robot/lib/python3.6/site-packages:/opt/ros/dashing/lib/python3.6/site-packages /usr/bin/python3 setup.py egg_info --egg-base ../../build/my_robot build --build-base /home/leh/test_ws/build/my_robot/build install --prefix /home/leh/test_ws/install/my_robot --record /home/leh/test_ws/build/my_robot/install.log --single-version-externally-managed
[8.428s] /home/leh/.local/lib/python3.6/site-packages/setuptools/dist.py:720: UserWarning: Usage of dash-separated 'script-dir' will not be supported in future versions. Please use the underscore name 'script_dir' instead
[8.433s]   % (opt, underscore_opt)
[8.441s] /home/leh/.local/lib/python3.6/site-packages/setuptools/dist.py:720: UserWarning: Usage of dash-separated 'install-scripts' will not be supported in future versions. Please use the underscore name 'install_scripts' instead
[8.447s]   % (opt, underscore_opt)
[8.692s] running egg_info
[8.697s] writing ../../build/my_robot/my_robot.egg-info/PKG-INFO
[8.698s] writing dependency_links to ../../build/my_robot/my_robot.egg-info/dependency_links.txt
[8.699s] writing entry points to ../../build/my_robot/my_robot.egg-info/entry_points.txt
[8.699s] writing requirements to ../../build/my_robot/my_robot.egg-info/requires.txt
[8.700s] writing top-level names to ../../build/my_robot/my_robot.egg-info/top_level.txt
[8.708s] reading manifest file '../../build/my_robot/my_robot.egg-info/SOURCES.txt'
[8.715s] writing manifest file '../../build/my_robot/my_robot.egg-info/SOURCES.txt'
[8.716s] running build
[8.716s] running build_py
[8.725s] copying my_robot/robot_coordinate_action_client.py -> /home/leh/test_ws/build/my_robot/build/lib/my_robot
[8.726s] /home/leh/.local/lib/python3.6/site-packages/setuptools/command/install.py:37: SetuptoolsDeprecationWarning: setup.py install is deprecated. Use build and pip and other standards-based tools.
[8.726s]   setuptools.SetuptoolsDeprecationWarning,
[8.727s] running install
[8.728s] running install_lib
[8.728s] copying /home/leh/test_ws/build/my_robot/build/lib/my_robot/robot_coordinate_action_client.py -> /home/leh/test_ws/install/my_robot/lib/python3.6/site-packages/my_robot
[8.731s] byte-compiling /home/leh/test_ws/install/my_robot/lib/python3.6/site-packages/my_robot/robot_coordinate_action_client.py to robot_coordinate_action_client.cpython-36.pyc
[8.732s] running install_data
[8.737s] running install_egg_info
[8.744s] removing '/home/leh/test_ws/install/my_robot/lib/python3.6/site-packages/my_robot-0.0.0-py3.6.egg-info' (and everything under it)
[8.745s] Copying ../../build/my_robot/my_robot.egg-info to /home/leh/test_ws/install/my_robot/lib/python3.6/site-packages/my_robot-0.0.0-py3.6.egg-info
[8.752s] running install_scripts
[8.853s] Installing control script to /home/leh/test_ws/install/my_robot/lib/my_robot
[8.854s] Installing coordinate script to /home/leh/test_ws/install/my_robot/lib/my_robot
[8.855s] Installing encoder script to /home/leh/test_ws/install/my_robot/lib/my_robot
[8.856s] Installing imu script to /home/leh/test_ws/install/my_robot/lib/my_robot
[8.857s] writing list of installed files to '/home/leh/test_ws/build/my_robot/install.log'
[9.007s] Invoked command in '/home/leh/test_ws/src/my_robot' returned '0': PYTHONPATH=/home/leh/test_ws/install/my_robot/lib/python3.6/site-packages:/home/leh/test_ws/install/tutorial_interfaces/lib/python3.6/site-packages:/home/leh/test_ws/install/py_two_pub_one_sub/lib/python3.6/site-packages:/home/leh/test_ws/install/py_srvcli/lib/python3.6/site-packages:/home/leh/test_ws/install/py_sign_srvcli/lib/python3.6/site-packages:/home/leh/test_ws/install/py_pubsub/lib/python3.6/site-packages:/home/leh/test_ws/install/py_action/lib/python3.6/site-packages:/home/leh/test_ws/install/my_robot/lib/python3.6/site-packages:/opt/ros/dashing/lib/python3.6/site-packages /usr/bin/python3 setup.py egg_info --egg-base ../../build/my_robot build --build-base /home/leh/test_ws/build/my_robot/build install --prefix /home/leh/test_ws/install/my_robot --record /home/leh/test_ws/build/my_robot/install.log --single-version-externally-managed
