[6.287s] Invoking command in '/home/leh/test_ws/src/py_srvcli': AMENT_PREFIX_PATH=/home/leh/test_ws/install/tutorial_interfaces:${AMENT_PREFIX_PATH} CMAKE_PREFIX_PATH=/home/leh/test_ws/install/tutorial_interfaces LD_LIBRARY_PATH=/home/leh/test_ws/install/tutorial_interfaces/lib:${LD_LIBRARY_PATH} PYTHONPATH=/home/leh/test_ws/install/py_srvcli/lib/python3.6/site-packages:/home/leh/test_ws/install/tutorial_interfaces/lib/python3.6/site-packages:${PYTHONPATH} /usr/bin/python3 setup.py egg_info --egg-base ../../build/py_srvcli build --build-base /home/leh/test_ws/build/py_srvcli/build install --prefix /home/leh/test_ws/install/py_srvcli --record /home/leh/test_ws/build/py_srvcli/install.log --single-version-externally-managed
[8.181s] /home/leh/.local/lib/python3.6/site-packages/setuptools/dist.py:720: UserWarning: Usage of dash-separated 'script-dir' will not be supported in future versions. Please use the underscore name 'script_dir' instead
[8.182s]   % (opt, underscore_opt)
[8.184s] /home/leh/.local/lib/python3.6/site-packages/setuptools/dist.py:720: UserWarning: Usage of dash-separated 'install-scripts' will not be supported in future versions. Please use the underscore name 'install_scripts' instead
[8.185s]   % (opt, underscore_opt)
[8.643s] running egg_info
[8.653s] writing ../../build/py_srvcli/py_srvcli.egg-info/PKG-INFO
[8.653s] writing dependency_links to ../../build/py_srvcli/py_srvcli.egg-info/dependency_links.txt
[8.654s] writing entry points to ../../build/py_srvcli/py_srvcli.egg-info/entry_points.txt
[8.655s] writing requirements to ../../build/py_srvcli/py_srvcli.egg-info/requires.txt
[8.655s] writing top-level names to ../../build/py_srvcli/py_srvcli.egg-info/top_level.txt
[8.656s] reading manifest file '../../build/py_srvcli/py_srvcli.egg-info/SOURCES.txt'
[8.657s] writing manifest file '../../build/py_srvcli/py_srvcli.egg-info/SOURCES.txt'
[8.658s] running build
[8.658s] running build_py
[8.665s] running install
[8.666s] /home/leh/.local/lib/python3.6/site-packages/setuptools/command/install.py:37: SetuptoolsDeprecationWarning: setup.py install is deprecated. Use build and pip and other standards-based tools.
[8.669s]   setuptools.SetuptoolsDeprecationWarning,
[8.674s] running install_lib
[8.675s] running install_data
[8.676s] running install_egg_info
[8.677s] removing '/home/leh/test_ws/install/py_srvcli/lib/python3.6/site-packages/py_srvcli-0.0.0-py3.6.egg-info' (and everything under it)
[8.678s] Copying ../../build/py_srvcli/py_srvcli.egg-info to /home/leh/test_ws/install/py_srvcli/lib/python3.6/site-packages/py_srvcli-0.0.0-py3.6.egg-info
[8.682s] running install_scripts
[8.828s] Installing client script to /home/leh/test_ws/install/py_srvcli/lib/py_srvcli
[8.829s] Installing service script to /home/leh/test_ws/install/py_srvcli/lib/py_srvcli
[8.830s] writing list of installed files to '/home/leh/test_ws/build/py_srvcli/install.log'
[8.936s] Invoked command in '/home/leh/test_ws/src/py_srvcli' returned '0': AMENT_PREFIX_PATH=/home/leh/test_ws/install/tutorial_interfaces:${AMENT_PREFIX_PATH} CMAKE_PREFIX_PATH=/home/leh/test_ws/install/tutorial_interfaces LD_LIBRARY_PATH=/home/leh/test_ws/install/tutorial_interfaces/lib:${LD_LIBRARY_PATH} PYTHONPATH=/home/leh/test_ws/install/py_srvcli/lib/python3.6/site-packages:/home/leh/test_ws/install/tutorial_interfaces/lib/python3.6/site-packages:${PYTHONPATH} /usr/bin/python3 setup.py egg_info --egg-base ../../build/py_srvcli build --build-base /home/leh/test_ws/build/py_srvcli/build install --prefix /home/leh/test_ws/install/py_srvcli --record /home/leh/test_ws/build/py_srvcli/install.log --single-version-externally-managed
