[1.726s] DEBUG:colcon:Command line arguments: ['/usr/bin/colcon', 'build', '--packages-select', 'py_action']
[1.727s] DEBUG:colcon:Parsed command line arguments: Namespace(ament_cmake_args=None, base_paths=['.'], build_base='build', catkin_cmake_args=None, catkin_skip_building_tests=False, cmake_args=None, cmake_clean_cache=False, cmake_clean_first=False, cmake_force_configure=False, cmake_target=None, cmake_target_skip_unavailable=False, continue_on_error=False, event_handlers=None, executor='parallel', ignore_user_meta=False, install_base='install', log_base=None, log_level=None, main=<bound method BuildVerb.main of <colcon_core.verb.build.BuildVerb object at 0x7fa916f908>>, merge_install=False, metas=['./colcon.meta'], packages_above=None, packages_above_and_dependencies=None, packages_above_depth=None, packages_end=None, packages_ignore=None, packages_ignore_regex=None, packages_select=['py_action'], packages_select_build_failed=False, packages_select_by_dep=None, packages_select_regex=None, packages_select_test_failures=False, packages_skip=None, packages_skip_build_finished=False, packages_skip_by_dep=None, packages_skip_regex=None, packages_skip_test_passed=False, packages_skip_up_to=None, packages_start=None, packages_up_to=None, packages_up_to_regex=None, parallel_workers=4, paths=None, symlink_install=False, test_result_base=None, verb_extension=<colcon_core.verb.build.BuildVerb object at 0x7fa916f908>, verb_name='build', verb_parser=<colcon_defaults.argument_parser.defaults.DefaultArgumentsDecorator object at 0x7fa916fc50>)
[1.761s] Level 1:colcon.colcon_core.package_discovery:discover_packages(colcon_meta) check parameters
[1.762s] Level 1:colcon.colcon_core.package_discovery:discover_packages(recursive) check parameters
[1.762s] Level 1:colcon.colcon_core.package_discovery:discover_packages(ignore) check parameters
[1.762s] Level 1:colcon.colcon_core.package_discovery:discover_packages(path) check parameters
[1.762s] Level 1:colcon.colcon_core.package_discovery:discover_packages(colcon_meta) discover
[1.764s] Level 1:colcon.colcon_core.package_discovery:discover_packages(recursive) discover
[1.764s] INFO:colcon.colcon_core.package_discovery:Crawling recursively for packages in '/home/leh/test_ws'
[1.765s] Level 1:colcon.colcon_core.package_identification:_identify(.) by extensions ['ignore', 'ignore_ament_install']
[1.766s] Level 1:colcon.colcon_core.package_identification:_identify(.) by extension 'ignore'
[1.766s] Level 1:colcon.colcon_core.package_identification:_identify(.) by extension 'ignore_ament_install'
[1.766s] Level 1:colcon.colcon_core.package_identification:_identify(.) by extensions ['colcon_pkg']
[1.766s] Level 1:colcon.colcon_core.package_identification:_identify(.) by extension 'colcon_pkg'
[1.767s] Level 1:colcon.colcon_core.package_identification:_identify(.) by extensions ['colcon_meta']
[1.767s] Level 1:colcon.colcon_core.package_identification:_identify(.) by extension 'colcon_meta'
[1.767s] Level 1:colcon.colcon_core.package_identification:_identify(.) by extensions ['ros']
[1.767s] Level 1:colcon.colcon_core.package_identification:_identify(.) by extension 'ros'
[1.825s] Level 1:colcon.colcon_core.package_identification:_identify(.) by extensions ['cmake', 'python']
[1.825s] Level 1:colcon.colcon_core.package_identification:_identify(.) by extension 'cmake'
[1.826s] Level 1:colcon.colcon_core.package_identification:_identify(.) by extension 'python'
[1.826s] Level 1:colcon.colcon_core.package_identification:_identify(.) by extensions ['python_setup_py']
[1.826s] Level 1:colcon.colcon_core.package_identification:_identify(.) by extension 'python_setup_py'
[1.827s] Level 1:colcon.colcon_core.package_identification:_identify(build) by extensions ['ignore', 'ignore_ament_install']
[1.828s] Level 1:colcon.colcon_core.package_identification:_identify(build) by extension 'ignore'
[1.828s] Level 1:colcon.colcon_core.package_identification:_identify(build) ignored
[1.830s] Level 1:colcon.colcon_core.package_identification:_identify(install) by extensions ['ignore', 'ignore_ament_install']
[1.831s] Level 1:colcon.colcon_core.package_identification:_identify(install) by extension 'ignore'
[1.831s] Level 1:colcon.colcon_core.package_identification:_identify(install) ignored
[1.832s] Level 1:colcon.colcon_core.package_identification:_identify(log) by extensions ['ignore', 'ignore_ament_install']
[1.833s] Level 1:colcon.colcon_core.package_identification:_identify(log) by extension 'ignore'
[1.833s] Level 1:colcon.colcon_core.package_identification:_identify(log) ignored
[1.834s] Level 1:colcon.colcon_core.package_identification:_identify(src) by extensions ['ignore', 'ignore_ament_install']
[1.834s] Level 1:colcon.colcon_core.package_identification:_identify(src) by extension 'ignore'
[1.835s] Level 1:colcon.colcon_core.package_identification:_identify(src) by extension 'ignore_ament_install'
[1.835s] Level 1:colcon.colcon_core.package_identification:_identify(src) by extensions ['colcon_pkg']
[1.835s] Level 1:colcon.colcon_core.package_identification:_identify(src) by extension 'colcon_pkg'
[1.835s] Level 1:colcon.colcon_core.package_identification:_identify(src) by extensions ['colcon_meta']
[1.836s] Level 1:colcon.colcon_core.package_identification:_identify(src) by extension 'colcon_meta'
[1.836s] Level 1:colcon.colcon_core.package_identification:_identify(src) by extensions ['ros']
[1.836s] Level 1:colcon.colcon_core.package_identification:_identify(src) by extension 'ros'
[1.837s] Level 1:colcon.colcon_core.package_identification:_identify(src) by extensions ['cmake', 'python']
[1.837s] Level 1:colcon.colcon_core.package_identification:_identify(src) by extension 'cmake'
[1.837s] Level 1:colcon.colcon_core.package_identification:_identify(src) by extension 'python'
[1.838s] Level 1:colcon.colcon_core.package_identification:_identify(src) by extensions ['python_setup_py']
[1.838s] Level 1:colcon.colcon_core.package_identification:_identify(src) by extension 'python_setup_py'
[1.838s] Level 1:colcon.colcon_core.package_identification:_identify(src/my_robot) by extensions ['ignore', 'ignore_ament_install']
[1.839s] Level 1:colcon.colcon_core.package_identification:_identify(src/my_robot) by extension 'ignore'
[1.839s] Level 1:colcon.colcon_core.package_identification:_identify(src/my_robot) by extension 'ignore_ament_install'
[1.840s] Level 1:colcon.colcon_core.package_identification:_identify(src/my_robot) by extensions ['colcon_pkg']
[1.840s] Level 1:colcon.colcon_core.package_identification:_identify(src/my_robot) by extension 'colcon_pkg'
[1.840s] Level 1:colcon.colcon_core.package_identification:_identify(src/my_robot) by extensions ['colcon_meta']
[1.840s] Level 1:colcon.colcon_core.package_identification:_identify(src/my_robot) by extension 'colcon_meta'
[1.841s] Level 1:colcon.colcon_core.package_identification:_identify(src/my_robot) by extensions ['ros']
[1.841s] Level 1:colcon.colcon_core.package_identification:_identify(src/my_robot) by extension 'ros'
[1.853s] DEBUG:colcon.colcon_core.package_identification:Package 'src/my_robot' with type 'ros.ament_python' and name 'my_robot'
[1.854s] Level 1:colcon.colcon_core.package_identification:_identify(src/py_action) by extensions ['ignore', 'ignore_ament_install']
[1.855s] Level 1:colcon.colcon_core.package_identification:_identify(src/py_action) by extension 'ignore'
[1.855s] Level 1:colcon.colcon_core.package_identification:_identify(src/py_action) by extension 'ignore_ament_install'
[1.856s] Level 1:colcon.colcon_core.package_identification:_identify(src/py_action) by extensions ['colcon_pkg']
[1.856s] Level 1:colcon.colcon_core.package_identification:_identify(src/py_action) by extension 'colcon_pkg'
[1.856s] Level 1:colcon.colcon_core.package_identification:_identify(src/py_action) by extensions ['colcon_meta']
[1.856s] Level 1:colcon.colcon_core.package_identification:_identify(src/py_action) by extension 'colcon_meta'
[1.857s] Level 1:colcon.colcon_core.package_identification:_identify(src/py_action) by extensions ['ros']
[1.857s] Level 1:colcon.colcon_core.package_identification:_identify(src/py_action) by extension 'ros'
[1.860s] DEBUG:colcon.colcon_core.package_identification:Package 'src/py_action' with type 'ros.ament_python' and name 'py_action'
[1.861s] Level 1:colcon.colcon_core.package_identification:_identify(src/py_pubsub) by extensions ['ignore', 'ignore_ament_install']
[1.862s] Level 1:colcon.colcon_core.package_identification:_identify(src/py_pubsub) by extension 'ignore'
[1.862s] Level 1:colcon.colcon_core.package_identification:_identify(src/py_pubsub) by extension 'ignore_ament_install'
[1.862s] Level 1:colcon.colcon_core.package_identification:_identify(src/py_pubsub) by extensions ['colcon_pkg']
[1.862s] Level 1:colcon.colcon_core.package_identification:_identify(src/py_pubsub) by extension 'colcon_pkg'
[1.863s] Level 1:colcon.colcon_core.package_identification:_identify(src/py_pubsub) by extensions ['colcon_meta']
[1.863s] Level 1:colcon.colcon_core.package_identification:_identify(src/py_pubsub) by extension 'colcon_meta'
[1.863s] Level 1:colcon.colcon_core.package_identification:_identify(src/py_pubsub) by extensions ['ros']
[1.864s] Level 1:colcon.colcon_core.package_identification:_identify(src/py_pubsub) by extension 'ros'
[1.867s] DEBUG:colcon.colcon_core.package_identification:Package 'src/py_pubsub' with type 'ros.ament_python' and name 'py_pubsub'
[1.868s] Level 1:colcon.colcon_core.package_identification:_identify(src/py_sign_srvcli) by extensions ['ignore', 'ignore_ament_install']
[1.868s] Level 1:colcon.colcon_core.package_identification:_identify(src/py_sign_srvcli) by extension 'ignore'
[1.869s] Level 1:colcon.colcon_core.package_identification:_identify(src/py_sign_srvcli) by extension 'ignore_ament_install'
[1.869s] Level 1:colcon.colcon_core.package_identification:_identify(src/py_sign_srvcli) by extensions ['colcon_pkg']
[1.869s] Level 1:colcon.colcon_core.package_identification:_identify(src/py_sign_srvcli) by extension 'colcon_pkg'
[1.869s] Level 1:colcon.colcon_core.package_identification:_identify(src/py_sign_srvcli) by extensions ['colcon_meta']
[1.870s] Level 1:colcon.colcon_core.package_identification:_identify(src/py_sign_srvcli) by extension 'colcon_meta'
[1.870s] Level 1:colcon.colcon_core.package_identification:_identify(src/py_sign_srvcli) by extensions ['ros']
[1.870s] Level 1:colcon.colcon_core.package_identification:_identify(src/py_sign_srvcli) by extension 'ros'
[1.873s] DEBUG:colcon.colcon_core.package_identification:Package 'src/py_sign_srvcli' with type 'ros.ament_python' and name 'py_sign_srvcli'
[1.874s] Level 1:colcon.colcon_core.package_identification:_identify(src/py_srvcli) by extensions ['ignore', 'ignore_ament_install']
[1.875s] Level 1:colcon.colcon_core.package_identification:_identify(src/py_srvcli) by extension 'ignore'
[1.875s] Level 1:colcon.colcon_core.package_identification:_identify(src/py_srvcli) by extension 'ignore_ament_install'
[1.875s] Level 1:colcon.colcon_core.package_identification:_identify(src/py_srvcli) by extensions ['colcon_pkg']
[1.876s] Level 1:colcon.colcon_core.package_identification:_identify(src/py_srvcli) by extension 'colcon_pkg'
[1.876s] Level 1:colcon.colcon_core.package_identification:_identify(src/py_srvcli) by extensions ['colcon_meta']
[1.876s] Level 1:colcon.colcon_core.package_identification:_identify(src/py_srvcli) by extension 'colcon_meta'
[1.877s] Level 1:colcon.colcon_core.package_identification:_identify(src/py_srvcli) by extensions ['ros']
[1.877s] Level 1:colcon.colcon_core.package_identification:_identify(src/py_srvcli) by extension 'ros'
[1.881s] DEBUG:colcon.colcon_core.package_identification:Package 'src/py_srvcli' with type 'ros.ament_python' and name 'py_srvcli'
[1.882s] Level 1:colcon.colcon_core.package_identification:_identify(src/py_two_pub_one_sub) by extensions ['ignore', 'ignore_ament_install']
[1.882s] Level 1:colcon.colcon_core.package_identification:_identify(src/py_two_pub_one_sub) by extension 'ignore'
[1.883s] Level 1:colcon.colcon_core.package_identification:_identify(src/py_two_pub_one_sub) by extension 'ignore_ament_install'
[1.883s] Level 1:colcon.colcon_core.package_identification:_identify(src/py_two_pub_one_sub) by extensions ['colcon_pkg']
[1.884s] Level 1:colcon.colcon_core.package_identification:_identify(src/py_two_pub_one_sub) by extension 'colcon_pkg'
[1.884s] Level 1:colcon.colcon_core.package_identification:_identify(src/py_two_pub_one_sub) by extensions ['colcon_meta']
[1.884s] Level 1:colcon.colcon_core.package_identification:_identify(src/py_two_pub_one_sub) by extension 'colcon_meta'
[1.885s] Level 1:colcon.colcon_core.package_identification:_identify(src/py_two_pub_one_sub) by extensions ['ros']
[1.885s] Level 1:colcon.colcon_core.package_identification:_identify(src/py_two_pub_one_sub) by extension 'ros'
[1.889s] DEBUG:colcon.colcon_core.package_identification:Package 'src/py_two_pub_one_sub' with type 'ros.ament_python' and name 'py_two_pub_one_sub'
[1.890s] Level 1:colcon.colcon_core.package_identification:_identify(src/tutorial_interfaces) by extensions ['ignore', 'ignore_ament_install']
[1.890s] Level 1:colcon.colcon_core.package_identification:_identify(src/tutorial_interfaces) by extension 'ignore'
[1.891s] Level 1:colcon.colcon_core.package_identification:_identify(src/tutorial_interfaces) by extension 'ignore_ament_install'
[1.891s] Level 1:colcon.colcon_core.package_identification:_identify(src/tutorial_interfaces) by extensions ['colcon_pkg']
[1.892s] Level 1:colcon.colcon_core.package_identification:_identify(src/tutorial_interfaces) by extension 'colcon_pkg'
[1.892s] Level 1:colcon.colcon_core.package_identification:_identify(src/tutorial_interfaces) by extensions ['colcon_meta']
[1.892s] Level 1:colcon.colcon_core.package_identification:_identify(src/tutorial_interfaces) by extension 'colcon_meta'
[1.893s] Level 1:colcon.colcon_core.package_identification:_identify(src/tutorial_interfaces) by extensions ['ros']
[1.893s] Level 1:colcon.colcon_core.package_identification:_identify(src/tutorial_interfaces) by extension 'ros'
[1.897s] DEBUG:colcon.colcon_core.package_identification:Package 'src/tutorial_interfaces' with type 'ros.ament_cmake' and name 'tutorial_interfaces'
[1.897s] Level 1:colcon.colcon_core.package_discovery:discover_packages(recursive) using defaults
[1.899s] Level 1:colcon.colcon_core.package_discovery:discover_packages(ignore) discover
[1.899s] Level 1:colcon.colcon_core.package_discovery:discover_packages(ignore) using defaults
[1.899s] Level 1:colcon.colcon_core.package_discovery:discover_packages(path) discover
[1.900s] Level 1:colcon.colcon_core.package_discovery:discover_packages(path) using defaults
[2.055s] INFO:colcon.colcon_core.package_selection:Skipping not selected package 'tutorial_interfaces' in 'src/tutorial_interfaces'
[2.055s] INFO:colcon.colcon_core.package_selection:Skipping not selected package 'my_robot' in 'src/my_robot'
[2.055s] INFO:colcon.colcon_core.package_selection:Skipping not selected package 'py_pubsub' in 'src/py_pubsub'
[2.056s] INFO:colcon.colcon_core.package_selection:Skipping not selected package 'py_sign_srvcli' in 'src/py_sign_srvcli'
[2.056s] INFO:colcon.colcon_core.package_selection:Skipping not selected package 'py_srvcli' in 'src/py_srvcli'
[2.056s] INFO:colcon.colcon_core.package_selection:Skipping not selected package 'py_two_pub_one_sub' in 'src/py_two_pub_one_sub'
[2.078s] Level 5:colcon.colcon_core.verb:set package 'py_action' build argument 'cmake_args' from command line to 'None'
[2.078s] Level 5:colcon.colcon_core.verb:set package 'py_action' build argument 'cmake_target' from command line to 'None'
[2.078s] Level 5:colcon.colcon_core.verb:set package 'py_action' build argument 'cmake_target_skip_unavailable' from command line to 'False'
[2.079s] Level 5:colcon.colcon_core.verb:set package 'py_action' build argument 'cmake_clean_cache' from command line to 'False'
[2.079s] Level 5:colcon.colcon_core.verb:set package 'py_action' build argument 'cmake_clean_first' from command line to 'False'
[2.079s] Level 5:colcon.colcon_core.verb:set package 'py_action' build argument 'cmake_force_configure' from command line to 'False'
[2.079s] Level 5:colcon.colcon_core.verb:set package 'py_action' build argument 'ament_cmake_args' from command line to 'None'
[2.079s] Level 5:colcon.colcon_core.verb:set package 'py_action' build argument 'catkin_cmake_args' from command line to 'None'
[2.080s] Level 5:colcon.colcon_core.verb:set package 'py_action' build argument 'catkin_skip_building_tests' from command line to 'False'
[2.080s] DEBUG:colcon.colcon_core.verb:Building package 'py_action' with the following arguments: {'ament_cmake_args': None, 'build_base': '/home/leh/test_ws/build/py_action', 'catkin_cmake_args': None, 'catkin_skip_building_tests': False, 'cmake_args': None, 'cmake_clean_cache': False, 'cmake_clean_first': False, 'cmake_force_configure': False, 'cmake_target': None, 'cmake_target_skip_unavailable': False, 'install_base': '/home/leh/test_ws/install/py_action', 'merge_install': False, 'path': '/home/leh/test_ws/src/py_action', 'symlink_install': False, 'test_result_base': None}
[2.082s] INFO:colcon.colcon_core.executor:Executing jobs using 'parallel' executor
[2.094s] DEBUG:colcon.colcon_parallel_executor.executor.parallel:run_until_complete
[2.096s] INFO:colcon.colcon_ros.task.ament_python.build:Building ROS package in '/home/leh/test_ws/src/py_action' with build type 'ament_python'
[2.097s] Level 1:colcon.colcon_core.shell:create_environment_hook('py_action', 'ament_prefix_path')
[2.117s] INFO:colcon.colcon_core.plugin_system:Skipping extension 'colcon_core.shell.bat': Not used on non-Windows systems
[2.118s] INFO:colcon.colcon_core.shell:Creating environment hook '/home/leh/test_ws/install/py_action/share/py_action/hook/ament_prefix_path.ps1'
[2.122s] INFO:colcon.colcon_core.shell:Creating environment descriptor '/home/leh/test_ws/install/py_action/share/py_action/hook/ament_prefix_path.dsv'
[2.124s] INFO:colcon.colcon_core.shell:Creating environment hook '/home/leh/test_ws/install/py_action/share/py_action/hook/ament_prefix_path.sh'
[2.131s] INFO:colcon.colcon_core.shell:Skip shell extension 'powershell' for command environment: Not usable outside of PowerShell
[2.131s] DEBUG:colcon.colcon_core.shell:Skip shell extension 'dsv' for command environment
[2.150s] DEBUG:colcon.colcon_core.shell:Ignoring prefix path '/opt/ros/dashing'
[3.656s] INFO:colcon.colcon_core.task.python.build:Building Python package in '/home/leh/test_ws/src/py_action'
[3.660s] INFO:colcon.colcon_core.shell:Skip shell extension 'powershell' for command environment: Not usable outside of PowerShell
[3.660s] DEBUG:colcon.colcon_core.shell:Skip shell extension 'dsv' for command environment
[3.677s] DEBUG:colcon.colcon_core.shell:Ignoring prefix path '/opt/ros/dashing'
[3.707s] DEBUG:colcon.colcon_core.event_handler.log_command:Invoking command in '/home/leh/test_ws/src/py_action': PYTHONPATH=/home/leh/test_ws/install/py_action/lib/python3.6/site-packages:/home/leh/test_ws/install/tutorial_interfaces/lib/python3.6/site-packages:/home/leh/test_ws/install/py_two_pub_one_sub/lib/python3.6/site-packages:/home/leh/test_ws/install/py_srvcli/lib/python3.6/site-packages:/home/leh/test_ws/install/py_sign_srvcli/lib/python3.6/site-packages:/home/leh/test_ws/install/py_pubsub/lib/python3.6/site-packages:/home/leh/test_ws/install/py_action/lib/python3.6/site-packages:/home/leh/test_ws/install/my_robot/lib/python3.6/site-packages:/opt/ros/dashing/lib/python3.6/site-packages /usr/bin/python3 setup.py egg_info --egg-base ../../build/py_action build --build-base /home/leh/test_ws/build/py_action/build install --prefix /home/leh/test_ws/install/py_action --record /home/leh/test_ws/build/py_action/install.log --single-version-externally-managed
[5.357s] DEBUG:colcon.colcon_core.event_handler.log_command:Invoked command in '/home/leh/test_ws/src/py_action' returned '0': PYTHONPATH=/home/leh/test_ws/install/py_action/lib/python3.6/site-packages:/home/leh/test_ws/install/tutorial_interfaces/lib/python3.6/site-packages:/home/leh/test_ws/install/py_two_pub_one_sub/lib/python3.6/site-packages:/home/leh/test_ws/install/py_srvcli/lib/python3.6/site-packages:/home/leh/test_ws/install/py_sign_srvcli/lib/python3.6/site-packages:/home/leh/test_ws/install/py_pubsub/lib/python3.6/site-packages:/home/leh/test_ws/install/py_action/lib/python3.6/site-packages:/home/leh/test_ws/install/my_robot/lib/python3.6/site-packages:/opt/ros/dashing/lib/python3.6/site-packages /usr/bin/python3 setup.py egg_info --egg-base ../../build/py_action build --build-base /home/leh/test_ws/build/py_action/build install --prefix /home/leh/test_ws/install/py_action --record /home/leh/test_ws/build/py_action/install.log --single-version-externally-managed
[5.373s] Level 1:colcon.colcon_core.environment:checking '/home/leh/test_ws/install/py_action' for CMake module files
[5.376s] Level 1:colcon.colcon_core.environment:checking '/home/leh/test_ws/install/py_action' for CMake config files
[5.380s] Level 1:colcon.colcon_core.environment:checking '/home/leh/test_ws/install/py_action/lib'
[5.381s] Level 1:colcon.colcon_core.environment:checking '/home/leh/test_ws/install/py_action/bin'
[5.382s] Level 1:colcon.colcon_core.environment:checking '/home/leh/test_ws/install/py_action/lib/pkgconfig/py_action.pc'
[5.382s] Level 1:colcon.colcon_core.environment:checking '/home/leh/test_ws/install/py_action/lib/python3.6/site-packages'
[5.382s] Level 1:colcon.colcon_core.shell:create_environment_hook('py_action', 'pythonpath')
[5.386s] INFO:colcon.colcon_core.shell:Creating environment hook '/home/leh/test_ws/install/py_action/share/py_action/hook/pythonpath.ps1'
[5.388s] INFO:colcon.colcon_core.shell:Creating environment descriptor '/home/leh/test_ws/install/py_action/share/py_action/hook/pythonpath.dsv'
[5.390s] INFO:colcon.colcon_core.shell:Creating environment hook '/home/leh/test_ws/install/py_action/share/py_action/hook/pythonpath.sh'
[5.392s] Level 1:colcon.colcon_core.environment:create_environment_scripts_only(py_action)
[5.396s] INFO:colcon.colcon_core.shell:Creating package script '/home/leh/test_ws/install/py_action/share/py_action/package.ps1'
[5.401s] INFO:colcon.colcon_core.shell:Creating package descriptor '/home/leh/test_ws/install/py_action/share/py_action/package.dsv'
[5.405s] INFO:colcon.colcon_core.shell:Creating package script '/home/leh/test_ws/install/py_action/share/py_action/package.sh'
[5.410s] INFO:colcon.colcon_core.shell:Creating package script '/home/leh/test_ws/install/py_action/share/py_action/package.bash'
[5.415s] INFO:colcon.colcon_core.shell:Creating package script '/home/leh/test_ws/install/py_action/share/py_action/package.zsh'
[5.420s] Level 1:colcon.colcon_core.environment:create_file_with_runtime_dependencies(/home/leh/test_ws/install/py_action/share/colcon-core/packages/py_action)
[5.422s] DEBUG:colcon.colcon_parallel_executor.executor.parallel:closing loop
[5.423s] DEBUG:colcon.colcon_parallel_executor.executor.parallel:loop closed
[5.425s] DEBUG:colcon.colcon_parallel_executor.executor.parallel:run_until_complete finished with '0'
[5.425s] DEBUG:colcon.colcon_core.event_reactor:joining thread
[5.452s] INFO:colcon.colcon_core.plugin_system:Skipping extension 'colcon_notification.desktop_notification.terminal_notifier': Not used on non-Darwin systems
[5.453s] INFO:colcon.colcon_core.plugin_system:Skipping extension 'colcon_notification.desktop_notification.win32': Not used on non-Windows systems
[5.454s] INFO:colcon.colcon_notification.desktop_notification:Sending desktop notification using 'notify2'
[5.478s] DEBUG:colcon.colcon_core.event_reactor:joined thread
[5.482s] INFO:colcon.colcon_core.shell:Creating prefix script '/home/leh/test_ws/install/local_setup.ps1'
[5.487s] INFO:colcon.colcon_core.shell:Creating prefix util module '/home/leh/test_ws/install/_local_setup_util_ps1.py'
[5.496s] INFO:colcon.colcon_core.shell:Creating prefix chain script '/home/leh/test_ws/install/setup.ps1'
[5.518s] INFO:colcon.colcon_core.shell:Creating prefix script '/home/leh/test_ws/install/local_setup.sh'
[5.522s] INFO:colcon.colcon_core.shell:Creating prefix util module '/home/leh/test_ws/install/_local_setup_util_sh.py'
[5.526s] INFO:colcon.colcon_core.shell:Creating prefix chain script '/home/leh/test_ws/install/setup.sh'
[5.546s] INFO:colcon.colcon_core.shell:Creating prefix script '/home/leh/test_ws/install/local_setup.bash'
[5.549s] INFO:colcon.colcon_core.shell:Creating prefix chain script '/home/leh/test_ws/install/setup.bash'
[5.571s] INFO:colcon.colcon_core.shell:Creating prefix script '/home/leh/test_ws/install/local_setup.zsh'
[5.574s] INFO:colcon.colcon_core.shell:Creating prefix chain script '/home/leh/test_ws/install/setup.zsh'
