[1.676s] Invoking command in '/home/leh/test_ws/src/py_action': PYTHONPATH=/home/leh/test_ws/install/py_action/lib/python3.6/site-packages:/home/leh/test_ws/install/tutorial_interfaces/lib/python3.6/site-packages:/home/leh/test_ws/install/py_two_pub_one_sub/lib/python3.6/site-packages:/home/leh/test_ws/install/py_srvcli/lib/python3.6/site-packages:/home/leh/test_ws/install/py_sign_srvcli/lib/python3.6/site-packages:/home/leh/test_ws/install/py_pubsub/lib/python3.6/site-packages:/home/leh/test_ws/install/py_action/lib/python3.6/site-packages:/opt/ros/dashing/lib/python3.6/site-packages /usr/bin/python3 setup.py egg_info --egg-base ../../build/py_action build --build-base /home/leh/test_ws/build/py_action/build install --prefix /home/leh/test_ws/install/py_action --record /home/leh/test_ws/build/py_action/install.log --single-version-externally-managed
[2.945s] /home/leh/.local/lib/python3.6/site-packages/setuptools/dist.py:720: UserWarning: Usage of dash-separated 'script-dir' will not be supported in future versions. Please use the underscore name 'script_dir' instead
[2.946s]   % (opt, underscore_opt)
[2.948s] /home/leh/.local/lib/python3.6/site-packages/setuptools/dist.py:720: UserWarning: Usage of dash-separated 'install-scripts' will not be supported in future versions. Please use the underscore name 'install_scripts' instead
[2.948s]   % (opt, underscore_opt)
[3.126s] running egg_info
[3.129s] writing ../../build/py_action/py_action.egg-info/PKG-INFO
[3.130s] writing dependency_links to ../../build/py_action/py_action.egg-info/dependency_links.txt
[3.131s] writing entry points to ../../build/py_action/py_action.egg-info/entry_points.txt
[3.132s] writing requirements to ../../build/py_action/py_action.egg-info/requires.txt
[3.132s] writing top-level names to ../../build/py_action/py_action.egg-info/top_level.txt
[3.141s] reading manifest file '../../build/py_action/py_action.egg-info/SOURCES.txt'
[3.149s] writing manifest file '../../build/py_action/py_action.egg-info/SOURCES.txt'
[3.151s] running build
[3.151s] running build_py
[3.152s] running install
[3.153s] /home/leh/.local/lib/python3.6/site-packages/setuptools/command/install.py:37: SetuptoolsDeprecationWarning: setup.py install is deprecated. Use build and pip and other standards-based tools.
[3.154s]   setuptools.SetuptoolsDeprecationWarning,
[3.155s] running install_lib
[3.159s] running install_data
[3.161s] running install_egg_info
[3.169s] removing '/home/leh/test_ws/install/py_action/lib/python3.6/site-packages/py_action-0.0.0-py3.6.egg-info' (and everything under it)
[3.171s] Copying ../../build/py_action/py_action.egg-info to /home/leh/test_ws/install/py_action/lib/python3.6/site-packages/py_action-0.0.0-py3.6.egg-info
[3.175s] running install_scripts
[3.267s] Installing fibonacci_client script to /home/leh/test_ws/install/py_action/lib/py_action
[3.269s] Installing fibonacci_server script to /home/leh/test_ws/install/py_action/lib/py_action
[3.270s] writing list of installed files to '/home/leh/test_ws/build/py_action/install.log'
[3.377s] Invoked command in '/home/leh/test_ws/src/py_action' returned '0': PYTHONPATH=/home/leh/test_ws/install/py_action/lib/python3.6/site-packages:/home/leh/test_ws/install/tutorial_interfaces/lib/python3.6/site-packages:/home/leh/test_ws/install/py_two_pub_one_sub/lib/python3.6/site-packages:/home/leh/test_ws/install/py_srvcli/lib/python3.6/site-packages:/home/leh/test_ws/install/py_sign_srvcli/lib/python3.6/site-packages:/home/leh/test_ws/install/py_pubsub/lib/python3.6/site-packages:/home/leh/test_ws/install/py_action/lib/python3.6/site-packages:/opt/ros/dashing/lib/python3.6/site-packages /usr/bin/python3 setup.py egg_info --egg-base ../../build/py_action build --build-base /home/leh/test_ws/build/py_action/build install --prefix /home/leh/test_ws/install/py_action --record /home/leh/test_ws/build/py_action/install.log --single-version-externally-managed
