[0.067s] Invoking command in '/home/leh/test_ws/build/tutorial_interfaces': CMAKE_PREFIX_PATH=/opt/ros/dashing /usr/bin/cmake --build /home/leh/test_ws/build/tutorial_interfaces -- -j4 -l4
[0.178s] -- Found ament_cmake: 0.7.6 (/opt/ros/dashing/share/ament_cmake/cmake)
[0.282s] -- Found PythonInterp: /usr/bin/python3 (found suitable version "3.6.9", minimum required is "3") 
[0.282s] -- Using PYTHON_EXECUTABLE: /usr/bin/python3
[1.306s] -- Found rosidl_default_generators: 0.7.0 (/opt/ros/dashing/share/rosidl_default_generators/cmake)
[1.584s] -- Found rosidl_adapter: 0.7.10 (/opt/ros/dashing/share/rosidl_adapter/cmake)
[1.977s] -- Found PythonInterp: /usr/bin/python3 (found version "3.6.9") 
[3.126s] -- Using single matching rosidl_typesupport_c: rosidl_typesupport_fastrtps_c
[3.187s] -- Using single matching rosidl_typesupport_cpp: rosidl_typesupport_fastrtps_cpp
[3.851s] -- Found rmw_implementation_cmake: 0.7.2 (/opt/ros/dashing/share/rmw_implementation_cmake/cmake)
[3.967s] -- Found PythonInterp: /usr/bin/python3 (found suitable version "3.6.9", minimum required is "3.5") 
[3.969s] -- Found python_cmake_module: 0.7.11 (/opt/ros/dashing/share/python_cmake_module/cmake)
[4.088s] -- Using PYTHON_EXECUTABLE: /usr/bin/python3
[4.088s] -- Using PYTHON_INCLUDE_DIRS: /usr/include/python3.6m
[4.089s] -- Using PYTHON_LIBRARIES: /usr/lib/aarch64-linux-gnu/libpython3.6m.so
[4.551s] -- Found ament_lint_auto: 0.7.12 (/opt/ros/dashing/share/ament_lint_auto/cmake)
[4.613s] -- Added test 'lint_cmake' to check CMake code style
[4.620s] -- Added test 'xmllint' to check XML markup files
[4.635s] -- Configuring done
[5.274s] -- Generating done
[5.291s] -- Build files have been written to: /home/leh/test_ws/build/tutorial_interfaces
[5.409s] [  1%] [34m[1mGenerating C code for ROS interfaces[0m
[5.436s] [  2%] [34m[1mGenerating C++ code for ROS interfaces[0m
[12.710s] [  2%] Built target tutorial_interfaces__cpp
[12.784s] [  3%] [34m[1mGenerating C++ type support for eProsima Fast-RTPS[0m
[12.837s] [  4%] [34m[1mGenerating C++ introspection for ROS interfaces[0m
[15.158s] [35m[1mScanning dependencies of target tutorial_interfaces__rosidl_generator_c[0m
[15.284s] [  5%] [32mBuilding C object CMakeFiles/tutorial_interfaces__rosidl_generator_c.dir/rosidl_generator_c/tutorial_interfaces/msg/two_integers_array__functions.c.o[0m
[15.291s] [  6%] [32mBuilding C object CMakeFiles/tutorial_interfaces__rosidl_generator_c.dir/rosidl_generator_c/tutorial_interfaces/msg/num__functions.c.o[0m
[15.562s] [  7%] [32mBuilding C object CMakeFiles/tutorial_interfaces__rosidl_generator_c.dir/rosidl_generator_c/tutorial_interfaces/msg/imu__functions.c.o[0m
[15.638s] [  8%] [32mBuilding C object CMakeFiles/tutorial_interfaces__rosidl_generator_c.dir/rosidl_generator_c/tutorial_interfaces/msg/encoder__functions.c.o[0m
[15.879s] [  9%] [32mBuilding C object CMakeFiles/tutorial_interfaces__rosidl_generator_c.dir/rosidl_generator_c/tutorial_interfaces/srv/add_three_ints__functions.c.o[0m
[15.896s] [ 10%] [32mBuilding C object CMakeFiles/tutorial_interfaces__rosidl_generator_c.dir/rosidl_generator_c/tutorial_interfaces/msg/rpm__functions.c.o[0m
[16.169s] [ 11%] [32mBuilding C object CMakeFiles/tutorial_interfaces__rosidl_generator_c.dir/rosidl_generator_c/tutorial_interfaces/srv/judge_sign__functions.c.o[0m
[16.268s] [ 12%] [32mBuilding C object CMakeFiles/tutorial_interfaces__rosidl_generator_c.dir/rosidl_generator_c/tutorial_interfaces/action/fibonacci__functions.c.o[0m
[16.609s] [ 13%] [32mBuilding C object CMakeFiles/tutorial_interfaces__rosidl_generator_c.dir/rosidl_generator_c/tutorial_interfaces/action/robot_coordinate__functions.c.o[0m
[17.059s] [ 15%] [32m[1mLinking C shared library libtutorial_interfaces__rosidl_generator_c.so[0m
[17.372s] [ 15%] Built target tutorial_interfaces__rosidl_generator_c
[17.450s] [ 16%] [34m[1mGenerating C introspection for ROS interfaces[0m
[19.443s] [35m[1mScanning dependencies of target tutorial_interfaces__rosidl_typesupport_introspection_cpp[0m
[19.529s] [ 17%] [32mBuilding CXX object CMakeFiles/tutorial_interfaces__rosidl_typesupport_introspection_cpp.dir/rosidl_typesupport_introspection_cpp/tutorial_interfaces/msg/two_integers_array__type_support.cpp.o[0m
[19.554s] [ 18%] [32mBuilding CXX object CMakeFiles/tutorial_interfaces__rosidl_typesupport_introspection_cpp.dir/rosidl_typesupport_introspection_cpp/tutorial_interfaces/msg/num__type_support.cpp.o[0m
[20.783s] [ 19%] [32mBuilding CXX object CMakeFiles/tutorial_interfaces__rosidl_typesupport_introspection_cpp.dir/rosidl_typesupport_introspection_cpp/tutorial_interfaces/msg/imu__type_support.cpp.o[0m
[20.830s] [ 20%] [32mBuilding CXX object CMakeFiles/tutorial_interfaces__rosidl_typesupport_introspection_cpp.dir/rosidl_typesupport_introspection_cpp/tutorial_interfaces/msg/encoder__type_support.cpp.o[0m
[21.933s] [ 21%] [32mBuilding CXX object CMakeFiles/tutorial_interfaces__rosidl_typesupport_introspection_cpp.dir/rosidl_typesupport_introspection_cpp/tutorial_interfaces/msg/rpm__type_support.cpp.o[0m
[22.015s] [ 22%] [32mBuilding CXX object CMakeFiles/tutorial_interfaces__rosidl_typesupport_introspection_cpp.dir/rosidl_typesupport_introspection_cpp/tutorial_interfaces/srv/add_three_ints__type_support.cpp.o[0m
[22.646s] [35m[1mScanning dependencies of target tutorial_interfaces__rosidl_typesupport_fastrtps_cpp[0m
[22.817s] [ 23%] [32mBuilding CXX object CMakeFiles/tutorial_interfaces__rosidl_typesupport_fastrtps_cpp.dir/rosidl_typesupport_fastrtps_cpp/tutorial_interfaces/msg/dds_fastrtps/num__type_support.cpp.o[0m
[23.274s] [ 24%] [32mBuilding CXX object CMakeFiles/tutorial_interfaces__rosidl_typesupport_introspection_cpp.dir/rosidl_typesupport_introspection_cpp/tutorial_interfaces/srv/judge_sign__type_support.cpp.o[0m
[23.422s] [ 25%] [32mBuilding CXX object CMakeFiles/tutorial_interfaces__rosidl_typesupport_introspection_cpp.dir/rosidl_typesupport_introspection_cpp/tutorial_interfaces/action/fibonacci__type_support.cpp.o[0m
[24.974s] [ 26%] [32mBuilding CXX object CMakeFiles/tutorial_interfaces__rosidl_typesupport_fastrtps_cpp.dir/rosidl_typesupport_fastrtps_cpp/tutorial_interfaces/msg/dds_fastrtps/two_integers_array__type_support.cpp.o[0m
[25.050s] [ 27%] [32mBuilding CXX object CMakeFiles/tutorial_interfaces__rosidl_typesupport_introspection_cpp.dir/rosidl_typesupport_introspection_cpp/tutorial_interfaces/action/robot_coordinate__type_support.cpp.o[0m
[25.090s] [ 29%] [32mBuilding CXX object CMakeFiles/tutorial_interfaces__rosidl_typesupport_fastrtps_cpp.dir/rosidl_typesupport_fastrtps_cpp/tutorial_interfaces/msg/dds_fastrtps/imu__type_support.cpp.o[0m
[26.412s] [35m[1mScanning dependencies of target tutorial_interfaces__rosidl_typesupport_introspection_c[0m
[26.612s] [ 30%] [32mBuilding C object CMakeFiles/tutorial_interfaces__rosidl_typesupport_introspection_c.dir/rosidl_typesupport_introspection_c/tutorial_interfaces/msg/num__type_support.c.o[0m
[26.870s] [ 31%] [32m[1mLinking CXX shared library libtutorial_interfaces__rosidl_typesupport_introspection_cpp.so[0m
[26.878s] [ 32%] [32mBuilding C object CMakeFiles/tutorial_interfaces__rosidl_typesupport_introspection_c.dir/rosidl_typesupport_introspection_c/tutorial_interfaces/msg/two_integers_array__type_support.c.o[0m
[27.086s] [ 33%] [32mBuilding C object CMakeFiles/tutorial_interfaces__rosidl_typesupport_introspection_c.dir/rosidl_typesupport_introspection_c/tutorial_interfaces/msg/imu__type_support.c.o[0m
[27.131s] [ 34%] [32mBuilding CXX object CMakeFiles/tutorial_interfaces__rosidl_typesupport_fastrtps_cpp.dir/rosidl_typesupport_fastrtps_cpp/tutorial_interfaces/msg/dds_fastrtps/encoder__type_support.cpp.o[0m
[27.482s] [ 34%] Built target tutorial_interfaces__rosidl_typesupport_introspection_cpp
[27.498s] [ 35%] [32mBuilding C object CMakeFiles/tutorial_interfaces__rosidl_typesupport_introspection_c.dir/rosidl_typesupport_introspection_c/tutorial_interfaces/msg/encoder__type_support.c.o[0m
[27.544s] [ 36%] [32mBuilding C object CMakeFiles/tutorial_interfaces__rosidl_typesupport_introspection_c.dir/rosidl_typesupport_introspection_c/tutorial_interfaces/msg/rpm__type_support.c.o[0m
[27.672s] [ 37%] [32mBuilding CXX object CMakeFiles/tutorial_interfaces__rosidl_typesupport_fastrtps_cpp.dir/rosidl_typesupport_fastrtps_cpp/tutorial_interfaces/msg/dds_fastrtps/rpm__type_support.cpp.o[0m
[27.786s] [ 38%] [32mBuilding C object CMakeFiles/tutorial_interfaces__rosidl_typesupport_introspection_c.dir/rosidl_typesupport_introspection_c/tutorial_interfaces/srv/add_three_ints__type_support.c.o[0m
[27.918s] [ 39%] [32mBuilding C object CMakeFiles/tutorial_interfaces__rosidl_typesupport_introspection_c.dir/rosidl_typesupport_introspection_c/tutorial_interfaces/srv/judge_sign__type_support.c.o[0m
[27.987s] [ 40%] [32mBuilding C object CMakeFiles/tutorial_interfaces__rosidl_typesupport_introspection_c.dir/rosidl_typesupport_introspection_c/tutorial_interfaces/action/fibonacci__type_support.c.o[0m
[28.169s] [ 41%] [32mBuilding C object CMakeFiles/tutorial_interfaces__rosidl_typesupport_introspection_c.dir/rosidl_typesupport_introspection_c/tutorial_interfaces/action/robot_coordinate__type_support.c.o[0m
[28.314s] [ 43%] [32mBuilding CXX object CMakeFiles/tutorial_interfaces__rosidl_typesupport_fastrtps_cpp.dir/rosidl_typesupport_fastrtps_cpp/tutorial_interfaces/srv/dds_fastrtps/add_three_ints__type_support.cpp.o[0m
[28.453s] [ 44%] [32m[1mLinking C shared library libtutorial_interfaces__rosidl_typesupport_introspection_c.so[0m
[28.728s] [ 44%] Built target tutorial_interfaces__rosidl_typesupport_introspection_c
[28.814s] [ 45%] [32mBuilding CXX object CMakeFiles/tutorial_interfaces__rosidl_typesupport_fastrtps_cpp.dir/rosidl_typesupport_fastrtps_cpp/tutorial_interfaces/srv/dds_fastrtps/judge_sign__type_support.cpp.o[0m
[29.486s] [ 46%] [32mBuilding CXX object CMakeFiles/tutorial_interfaces__rosidl_typesupport_fastrtps_cpp.dir/rosidl_typesupport_fastrtps_cpp/tutorial_interfaces/action/dds_fastrtps/fibonacci__type_support.cpp.o[0m
[29.578s] [ 47%] [32mBuilding CXX object CMakeFiles/tutorial_interfaces__rosidl_typesupport_fastrtps_cpp.dir/rosidl_typesupport_fastrtps_cpp/tutorial_interfaces/action/dds_fastrtps/robot_coordinate__type_support.cpp.o[0m
[32.314s] [ 48%] [32m[1mLinking CXX shared library libtutorial_interfaces__rosidl_typesupport_fastrtps_cpp.so[0m
[32.763s] [ 48%] Built target tutorial_interfaces__rosidl_typesupport_fastrtps_cpp
[32.819s] [ 49%] [34m[1mGenerating C type support for eProsima Fast-RTPS[0m
[32.833s] [ 50%] [34m[1mGenerating C++ type support dispatch for ROS interfaces[0m
[36.971s] [35m[1mScanning dependencies of target tutorial_interfaces__rosidl_typesupport_cpp[0m
[37.070s] [ 51%] [32mBuilding CXX object CMakeFiles/tutorial_interfaces__rosidl_typesupport_cpp.dir/rosidl_typesupport_cpp/tutorial_interfaces/msg/two_integers_array__type_support.cpp.o[0m
[37.072s] [ 52%] [32mBuilding CXX object CMakeFiles/tutorial_interfaces__rosidl_typesupport_cpp.dir/rosidl_typesupport_cpp/tutorial_interfaces/msg/num__type_support.cpp.o[0m
[37.256s] [ 53%] [32mBuilding CXX object CMakeFiles/tutorial_interfaces__rosidl_typesupport_cpp.dir/rosidl_typesupport_cpp/tutorial_interfaces/msg/imu__type_support.cpp.o[0m
[38.725s] [ 54%] [32mBuilding CXX object CMakeFiles/tutorial_interfaces__rosidl_typesupport_cpp.dir/rosidl_typesupport_cpp/tutorial_interfaces/msg/encoder__type_support.cpp.o[0m
[38.797s] [ 55%] [32mBuilding CXX object CMakeFiles/tutorial_interfaces__rosidl_typesupport_cpp.dir/rosidl_typesupport_cpp/tutorial_interfaces/msg/rpm__type_support.cpp.o[0m
[38.858s] [ 56%] [32mBuilding CXX object CMakeFiles/tutorial_interfaces__rosidl_typesupport_cpp.dir/rosidl_typesupport_cpp/tutorial_interfaces/srv/add_three_ints__type_support.cpp.o[0m
[40.340s] [ 58%] [32mBuilding CXX object CMakeFiles/tutorial_interfaces__rosidl_typesupport_cpp.dir/rosidl_typesupport_cpp/tutorial_interfaces/srv/judge_sign__type_support.cpp.o[0m
[40.594s] [ 59%] [32mBuilding CXX object CMakeFiles/tutorial_interfaces__rosidl_typesupport_cpp.dir/rosidl_typesupport_cpp/tutorial_interfaces/action/fibonacci__type_support.cpp.o[0m
[40.612s] [35m[1mScanning dependencies of target tutorial_interfaces__rosidl_typesupport_fastrtps_c[0m
[40.639s] [ 60%] [32mBuilding CXX object CMakeFiles/tutorial_interfaces__rosidl_typesupport_cpp.dir/rosidl_typesupport_cpp/tutorial_interfaces/action/robot_coordinate__type_support.cpp.o[0m
[40.812s] [ 61%] [32mBuilding CXX object CMakeFiles/tutorial_interfaces__rosidl_typesupport_fastrtps_c.dir/rosidl_typesupport_fastrtps_c/tutorial_interfaces/msg/num__type_support_c.cpp.o[0m
[42.263s] [ 62%] [32mBuilding CXX object CMakeFiles/tutorial_interfaces__rosidl_typesupport_fastrtps_c.dir/rosidl_typesupport_fastrtps_c/tutorial_interfaces/msg/two_integers_array__type_support_c.cpp.o[0m
[42.697s] [ 63%] [32mBuilding CXX object CMakeFiles/tutorial_interfaces__rosidl_typesupport_fastrtps_c.dir/rosidl_typesupport_fastrtps_c/tutorial_interfaces/msg/imu__type_support_c.cpp.o[0m
[42.806s] [ 64%] [32mBuilding CXX object CMakeFiles/tutorial_interfaces__rosidl_typesupport_fastrtps_c.dir/rosidl_typesupport_fastrtps_c/tutorial_interfaces/msg/encoder__type_support_c.cpp.o[0m
[43.042s] [ 65%] [32m[1mLinking CXX shared library libtutorial_interfaces__rosidl_typesupport_cpp.so[0m
[43.777s] [ 65%] Built target tutorial_interfaces__rosidl_typesupport_cpp
[43.875s] [ 66%] [32mBuilding CXX object CMakeFiles/tutorial_interfaces__rosidl_typesupport_fastrtps_c.dir/rosidl_typesupport_fastrtps_c/tutorial_interfaces/msg/rpm__type_support_c.cpp.o[0m
[44.107s] [ 67%] [32mBuilding CXX object CMakeFiles/tutorial_interfaces__rosidl_typesupport_fastrtps_c.dir/rosidl_typesupport_fastrtps_c/tutorial_interfaces/srv/add_three_ints__type_support_c.cpp.o[0m
[44.362s] [ 68%] [32mBuilding CXX object CMakeFiles/tutorial_interfaces__rosidl_typesupport_fastrtps_c.dir/rosidl_typesupport_fastrtps_c/tutorial_interfaces/srv/judge_sign__type_support_c.cpp.o[0m
[44.666s] [ 69%] [32mBuilding CXX object CMakeFiles/tutorial_interfaces__rosidl_typesupport_fastrtps_c.dir/rosidl_typesupport_fastrtps_c/tutorial_interfaces/action/fibonacci__type_support_c.cpp.o[0m
[45.656s] [ 70%] [32mBuilding CXX object CMakeFiles/tutorial_interfaces__rosidl_typesupport_fastrtps_c.dir/rosidl_typesupport_fastrtps_c/tutorial_interfaces/action/robot_coordinate__type_support_c.cpp.o[0m
[47.156s] [ 72%] [32m[1mLinking CXX shared library libtutorial_interfaces__rosidl_typesupport_fastrtps_c.so[0m
[47.515s] [ 72%] Built target tutorial_interfaces__rosidl_typesupport_fastrtps_c
[47.560s] [ 73%] [34m[1mGenerating C type support dispatch for ROS interfaces[0m
[51.400s] [35m[1mScanning dependencies of target tutorial_interfaces__rosidl_typesupport_c[0m
[51.476s] [ 74%] [32mBuilding CXX object CMakeFiles/tutorial_interfaces__rosidl_typesupport_c.dir/rosidl_typesupport_c/tutorial_interfaces/msg/encoder__type_support.cpp.o[0m
[51.498s] [ 75%] [32mBuilding CXX object CMakeFiles/tutorial_interfaces__rosidl_typesupport_c.dir/rosidl_typesupport_c/tutorial_interfaces/msg/two_integers_array__type_support.cpp.o[0m
[51.506s] [ 76%] [32mBuilding CXX object CMakeFiles/tutorial_interfaces__rosidl_typesupport_c.dir/rosidl_typesupport_c/tutorial_interfaces/msg/num__type_support.cpp.o[0m
[51.511s] [ 77%] [32mBuilding CXX object CMakeFiles/tutorial_interfaces__rosidl_typesupport_c.dir/rosidl_typesupport_c/tutorial_interfaces/msg/imu__type_support.cpp.o[0m
[51.616s] [ 78%] [32mBuilding CXX object CMakeFiles/tutorial_interfaces__rosidl_typesupport_c.dir/rosidl_typesupport_c/tutorial_interfaces/msg/rpm__type_support.cpp.o[0m
[51.625s] [ 79%] [32mBuilding CXX object CMakeFiles/tutorial_interfaces__rosidl_typesupport_c.dir/rosidl_typesupport_c/tutorial_interfaces/srv/add_three_ints__type_support.cpp.o[0m
[51.637s] [ 80%] [32mBuilding CXX object CMakeFiles/tutorial_interfaces__rosidl_typesupport_c.dir/rosidl_typesupport_c/tutorial_interfaces/srv/judge_sign__type_support.cpp.o[0m
[51.676s] [ 81%] [32mBuilding CXX object CMakeFiles/tutorial_interfaces__rosidl_typesupport_c.dir/rosidl_typesupport_c/tutorial_interfaces/action/fibonacci__type_support.cpp.o[0m
[51.766s] [ 82%] [32mBuilding CXX object CMakeFiles/tutorial_interfaces__rosidl_typesupport_c.dir/rosidl_typesupport_c/tutorial_interfaces/action/robot_coordinate__type_support.cpp.o[0m
[51.916s] [ 83%] [32m[1mLinking CXX shared library libtutorial_interfaces__rosidl_typesupport_c.so[0m
[52.134s] [ 83%] Built target tutorial_interfaces__rosidl_typesupport_c
[52.210s] [ 83%] Built target tutorial_interfaces
[52.291s] [ 84%] [34m[1mGenerating Python code for ROS interfaces[0m
[67.856s] [ 84%] Built target tutorial_interfaces__py
[67.914s] [35m[1mScanning dependencies of target tutorial_interfaces__python[0m
[68.132s] [ 86%] [32mBuilding C object CMakeFiles/tutorial_interfaces__python.dir/rosidl_generator_py/tutorial_interfaces/msg/_num_s.c.o[0m
[68.139s] [ 87%] [32mBuilding C object CMakeFiles/tutorial_interfaces__python.dir/rosidl_generator_py/tutorial_interfaces/msg/_encoder_s.c.o[0m
[68.146s] [ 88%] [32mBuilding C object CMakeFiles/tutorial_interfaces__python.dir/rosidl_generator_py/tutorial_interfaces/msg/_two_integers_array_s.c.o[0m
[68.155s] [ 89%] [32mBuilding C object CMakeFiles/tutorial_interfaces__python.dir/rosidl_generator_py/tutorial_interfaces/msg/_imu_s.c.o[0m
[68.490s] [ 90%] [32mBuilding C object CMakeFiles/tutorial_interfaces__python.dir/rosidl_generator_py/tutorial_interfaces/msg/_rpm_s.c.o[0m
[68.516s] [ 91%] [32mBuilding C object CMakeFiles/tutorial_interfaces__python.dir/rosidl_generator_py/tutorial_interfaces/srv/_add_three_ints_s.c.o[0m
[68.567s] [ 92%] [32mBuilding C object CMakeFiles/tutorial_interfaces__python.dir/rosidl_generator_py/tutorial_interfaces/srv/_judge_sign_s.c.o[0m
[68.581s] [ 93%] [32mBuilding C object CMakeFiles/tutorial_interfaces__python.dir/rosidl_generator_py/tutorial_interfaces/action/_fibonacci_s.c.o[0m
[69.018s] [ 94%] [32mBuilding C object CMakeFiles/tutorial_interfaces__python.dir/rosidl_generator_py/tutorial_interfaces/action/_robot_coordinate_s.c.o[0m
[69.707s] [ 95%] [32m[1mLinking C shared library rosidl_generator_py/tutorial_interfaces/libtutorial_interfaces__python.so[0m
[69.966s] [ 95%] Built target tutorial_interfaces__python
[70.052s] [35m[1mScanning dependencies of target tutorial_interfaces__rosidl_typesupport_c__pyext[0m
[70.053s] [35m[1mScanning dependencies of target tutorial_interfaces__rosidl_typesupport_fastrtps_c__pyext[0m
[70.160s] [ 96%] [32mBuilding C object CMakeFiles/tutorial_interfaces__rosidl_typesupport_c__pyext.dir/rosidl_generator_py/tutorial_interfaces/_tutorial_interfaces_s.ep.rosidl_typesupport_c.c.o[0m
[70.166s] [ 97%] [32mBuilding C object CMakeFiles/tutorial_interfaces__rosidl_typesupport_fastrtps_c__pyext.dir/rosidl_generator_py/tutorial_interfaces/_tutorial_interfaces_s.ep.rosidl_typesupport_fastrtps_c.c.o[0m
[70.967s] [ 98%] [32m[1mLinking C shared library rosidl_generator_py/tutorial_interfaces/tutorial_interfaces_s__rosidl_typesupport_c.cpython-36m-aarch64-linux-gnu.so[0m
[70.975s] [100%] [32m[1mLinking C shared library rosidl_generator_py/tutorial_interfaces/tutorial_interfaces_s__rosidl_typesupport_fastrtps_c.cpython-36m-aarch64-linux-gnu.so[0m
[71.340s] [100%] Built target tutorial_interfaces__rosidl_typesupport_fastrtps_c__pyext
[71.342s] [100%] Built target tutorial_interfaces__rosidl_typesupport_c__pyext
[71.389s] Invoked command in '/home/leh/test_ws/build/tutorial_interfaces' returned '0': CMAKE_PREFIX_PATH=/opt/ros/dashing /usr/bin/cmake --build /home/leh/test_ws/build/tutorial_interfaces -- -j4 -l4
[72.082s] Invoking command in '/home/leh/test_ws/build/tutorial_interfaces': CMAKE_PREFIX_PATH=/opt/ros/dashing /usr/bin/cmake --build /home/leh/test_ws/build/tutorial_interfaces --target install -- -j4 -l4
[72.293s] [  1%] Built target tutorial_interfaces__cpp
[72.321s] [ 12%] Built target tutorial_interfaces__rosidl_generator_c
[72.419s] [ 24%] Built target tutorial_interfaces__rosidl_typesupport_introspection_cpp
[72.440s] [ 36%] Built target tutorial_interfaces__rosidl_typesupport_introspection_c
[72.449s] [ 48%] Built target tutorial_interfaces__rosidl_typesupport_fastrtps_cpp
[72.593s] [ 60%] Built target tutorial_interfaces__rosidl_typesupport_cpp
[72.611s] [ 72%] Built target tutorial_interfaces__rosidl_typesupport_fastrtps_c
[72.740s] [ 83%] Built target tutorial_interfaces__rosidl_typesupport_c
[72.819s] [ 83%] Built target tutorial_interfaces
[72.902s] [ 84%] Built target tutorial_interfaces__py
[73.042s] [ 95%] Built target tutorial_interfaces__python
[73.165s] [ 97%] Built target tutorial_interfaces__rosidl_typesupport_c__pyext
[73.186s] [100%] Built target tutorial_interfaces__rosidl_typesupport_fastrtps_c__pyext
[73.270s] [36mInstall the project...[0m
[73.304s] -- Install configuration: ""
[73.306s] -- Up-to-date: /home/leh/test_ws/install/tutorial_interfaces/share/ament_index/resource_index/rosidl_interfaces/tutorial_interfaces
[73.306s] -- Installing: /home/leh/test_ws/install/tutorial_interfaces/lib/libtutorial_interfaces__rosidl_typesupport_c.so
[73.307s] -- Set runtime path of "/home/leh/test_ws/install/tutorial_interfaces/lib/libtutorial_interfaces__rosidl_typesupport_c.so" to ""
[73.309s] -- Up-to-date: /home/leh/test_ws/install/tutorial_interfaces/share/tutorial_interfaces/environment/library_path.sh
[73.310s] -- Installing: /home/leh/test_ws/install/tutorial_interfaces/lib/libtutorial_interfaces__rosidl_typesupport_cpp.so
[73.312s] -- Set runtime path of "/home/leh/test_ws/install/tutorial_interfaces/lib/libtutorial_interfaces__rosidl_typesupport_cpp.so" to ""
[73.313s] -- Up-to-date: /home/leh/test_ws/install/tutorial_interfaces/include/tutorial_interfaces
[73.316s] -- Up-to-date: /home/leh/test_ws/install/tutorial_interfaces/include/tutorial_interfaces/action
[73.319s] -- Installing: /home/leh/test_ws/install/tutorial_interfaces/include/tutorial_interfaces/action/robot_coordinate__rosidl_typesupport_fastrtps_c.h
[73.321s] -- Installing: /home/leh/test_ws/install/tutorial_interfaces/include/tutorial_interfaces/action/fibonacci__rosidl_typesupport_fastrtps_c.h
[73.322s] -- Up-to-date: /home/leh/test_ws/install/tutorial_interfaces/include/tutorial_interfaces/msg
[73.323s] -- Installing: /home/leh/test_ws/install/tutorial_interfaces/include/tutorial_interfaces/msg/imu__rosidl_typesupport_fastrtps_c.h
[73.324s] -- Installing: /home/leh/test_ws/install/tutorial_interfaces/include/tutorial_interfaces/msg/num__rosidl_typesupport_fastrtps_c.h
[73.326s] -- Up-to-date: /home/leh/test_ws/install/tutorial_interfaces/include/tutorial_interfaces/msg/rosidl_typesupport_fastrtps_c__visibility_control.h
[73.327s] -- Installing: /home/leh/test_ws/install/tutorial_interfaces/include/tutorial_interfaces/msg/encoder__rosidl_typesupport_fastrtps_c.h
[73.328s] -- Installing: /home/leh/test_ws/install/tutorial_interfaces/include/tutorial_interfaces/msg/rpm__rosidl_typesupport_fastrtps_c.h
[73.329s] -- Installing: /home/leh/test_ws/install/tutorial_interfaces/include/tutorial_interfaces/msg/two_integers_array__rosidl_typesupport_fastrtps_c.h
[73.330s] -- Up-to-date: /home/leh/test_ws/install/tutorial_interfaces/include/tutorial_interfaces/srv
[73.331s] -- Installing: /home/leh/test_ws/install/tutorial_interfaces/include/tutorial_interfaces/srv/add_three_ints__rosidl_typesupport_fastrtps_c.h
[73.332s] -- Installing: /home/leh/test_ws/install/tutorial_interfaces/include/tutorial_interfaces/srv/judge_sign__rosidl_typesupport_fastrtps_c.h
[73.333s] -- Installing: /home/leh/test_ws/install/tutorial_interfaces/lib/libtutorial_interfaces__rosidl_typesupport_fastrtps_c.so
[73.334s] -- Set runtime path of "/home/leh/test_ws/install/tutorial_interfaces/lib/libtutorial_interfaces__rosidl_typesupport_fastrtps_c.so" to ""
[73.335s] -- Up-to-date: /home/leh/test_ws/install/tutorial_interfaces/include/tutorial_interfaces
[73.337s] -- Up-to-date: /home/leh/test_ws/install/tutorial_interfaces/include/tutorial_interfaces/action
[73.338s] -- Installing: /home/leh/test_ws/install/tutorial_interfaces/include/tutorial_interfaces/action/fibonacci__functions.c
[73.339s] -- Installing: /home/leh/test_ws/install/tutorial_interfaces/include/tutorial_interfaces/action/robot_coordinate__struct.h
[73.339s] -- Installing: /home/leh/test_ws/install/tutorial_interfaces/include/tutorial_interfaces/action/fibonacci__type_support.h
[73.340s] -- Installing: /home/leh/test_ws/install/tutorial_interfaces/include/tutorial_interfaces/action/robot_coordinate__type_support.h
[73.341s] -- Installing: /home/leh/test_ws/install/tutorial_interfaces/include/tutorial_interfaces/action/robot_coordinate__functions.h
[73.342s] -- Installing: /home/leh/test_ws/install/tutorial_interfaces/include/tutorial_interfaces/action/fibonacci__functions.h
[73.343s] -- Installing: /home/leh/test_ws/install/tutorial_interfaces/include/tutorial_interfaces/action/fibonacci__struct.h
[73.344s] -- Installing: /home/leh/test_ws/install/tutorial_interfaces/include/tutorial_interfaces/action/fibonacci.h
[73.345s] -- Installing: /home/leh/test_ws/install/tutorial_interfaces/include/tutorial_interfaces/action/robot_coordinate.h
[73.348s] -- Installing: /home/leh/test_ws/install/tutorial_interfaces/include/tutorial_interfaces/action/robot_coordinate__functions.c
[73.350s] -- Up-to-date: /home/leh/test_ws/install/tutorial_interfaces/include/tutorial_interfaces/msg
[73.351s] -- Installing: /home/leh/test_ws/install/tutorial_interfaces/include/tutorial_interfaces/msg/num__functions.h
[73.352s] -- Installing: /home/leh/test_ws/install/tutorial_interfaces/include/tutorial_interfaces/msg/imu__type_support.h
[73.353s] -- Installing: /home/leh/test_ws/install/tutorial_interfaces/include/tutorial_interfaces/msg/two_integers_array.h
[73.354s] -- Installing: /home/leh/test_ws/install/tutorial_interfaces/include/tutorial_interfaces/msg/imu__functions.c
[73.355s] -- Installing: /home/leh/test_ws/install/tutorial_interfaces/include/tutorial_interfaces/msg/imu__functions.h
[73.356s] -- Installing: /home/leh/test_ws/install/tutorial_interfaces/include/tutorial_interfaces/msg/encoder__type_support.h
[73.357s] -- Installing: /home/leh/test_ws/install/tutorial_interfaces/include/tutorial_interfaces/msg/two_integers_array__functions.h
[73.358s] -- Installing: /home/leh/test_ws/install/tutorial_interfaces/include/tutorial_interfaces/msg/rpm__functions.h
[73.360s] -- Installing: /home/leh/test_ws/install/tutorial_interfaces/include/tutorial_interfaces/msg/rpm__struct.h
[73.361s] -- Installing: /home/leh/test_ws/install/tutorial_interfaces/include/tutorial_interfaces/msg/two_integers_array__functions.c
[73.362s] -- Installing: /home/leh/test_ws/install/tutorial_interfaces/include/tutorial_interfaces/msg/rpm.h
[73.363s] -- Installing: /home/leh/test_ws/install/tutorial_interfaces/include/tutorial_interfaces/msg/rpm__type_support.h
[73.364s] -- Installing: /home/leh/test_ws/install/tutorial_interfaces/include/tutorial_interfaces/msg/imu__struct.h
[73.365s] -- Installing: /home/leh/test_ws/install/tutorial_interfaces/include/tutorial_interfaces/msg/encoder.h
[73.366s] -- Installing: /home/leh/test_ws/install/tutorial_interfaces/include/tutorial_interfaces/msg/imu.h
[73.367s] -- Installing: /home/leh/test_ws/install/tutorial_interfaces/include/tutorial_interfaces/msg/encoder__functions.c
[73.370s] -- Installing: /home/leh/test_ws/install/tutorial_interfaces/include/tutorial_interfaces/msg/num__functions.c
[73.371s] -- Installing: /home/leh/test_ws/install/tutorial_interfaces/include/tutorial_interfaces/msg/encoder__functions.h
[73.372s] -- Installing: /home/leh/test_ws/install/tutorial_interfaces/include/tutorial_interfaces/msg/encoder__struct.h
[73.373s] -- Installing: /home/leh/test_ws/install/tutorial_interfaces/include/tutorial_interfaces/msg/num.h
[73.374s] -- Installing: /home/leh/test_ws/install/tutorial_interfaces/include/tutorial_interfaces/msg/rpm__functions.c
[73.375s] -- Installing: /home/leh/test_ws/install/tutorial_interfaces/include/tutorial_interfaces/msg/num__struct.h
[73.376s] -- Installing: /home/leh/test_ws/install/tutorial_interfaces/include/tutorial_interfaces/msg/two_integers_array__struct.h
[73.377s] -- Installing: /home/leh/test_ws/install/tutorial_interfaces/include/tutorial_interfaces/msg/two_integers_array__type_support.h
[73.379s] -- Up-to-date: /home/leh/test_ws/install/tutorial_interfaces/include/tutorial_interfaces/msg/rosidl_generator_c__visibility_control.h
[73.380s] -- Installing: /home/leh/test_ws/install/tutorial_interfaces/include/tutorial_interfaces/msg/num__type_support.h
[73.381s] -- Up-to-date: /home/leh/test_ws/install/tutorial_interfaces/include/tutorial_interfaces/srv
[73.382s] -- Installing: /home/leh/test_ws/install/tutorial_interfaces/include/tutorial_interfaces/srv/add_three_ints__struct.h
[73.382s] -- Installing: /home/leh/test_ws/install/tutorial_interfaces/include/tutorial_interfaces/srv/judge_sign.h
[73.383s] -- Installing: /home/leh/test_ws/install/tutorial_interfaces/include/tutorial_interfaces/srv/judge_sign__type_support.h
[73.384s] -- Installing: /home/leh/test_ws/install/tutorial_interfaces/include/tutorial_interfaces/srv/add_three_ints__functions.h
[73.386s] -- Installing: /home/leh/test_ws/install/tutorial_interfaces/include/tutorial_interfaces/srv/judge_sign__struct.h
[73.387s] -- Installing: /home/leh/test_ws/install/tutorial_interfaces/include/tutorial_interfaces/srv/add_three_ints__type_support.h
[73.388s] -- Installing: /home/leh/test_ws/install/tutorial_interfaces/include/tutorial_interfaces/srv/judge_sign__functions.c
[73.389s] -- Installing: /home/leh/test_ws/install/tutorial_interfaces/include/tutorial_interfaces/srv/add_three_ints.h
[73.390s] -- Installing: /home/leh/test_ws/install/tutorial_interfaces/include/tutorial_interfaces/srv/judge_sign__functions.h
[73.391s] -- Installing: /home/leh/test_ws/install/tutorial_interfaces/include/tutorial_interfaces/srv/add_three_ints__functions.c
[73.391s] -- Installing: /home/leh/test_ws/install/tutorial_interfaces/lib/libtutorial_interfaces__rosidl_generator_c.so
[73.392s] -- Set runtime path of "/home/leh/test_ws/install/tutorial_interfaces/lib/libtutorial_interfaces__rosidl_generator_c.so" to ""
[73.393s] -- Up-to-date: /home/leh/test_ws/install/tutorial_interfaces/include/tutorial_interfaces
[73.394s] -- Up-to-date: /home/leh/test_ws/install/tutorial_interfaces/include/tutorial_interfaces/action
[73.395s] -- Up-to-date: /home/leh/test_ws/install/tutorial_interfaces/include/tutorial_interfaces/action/dds_fastrtps
[73.396s] -- Installing: /home/leh/test_ws/install/tutorial_interfaces/include/tutorial_interfaces/action/robot_coordinate__rosidl_typesupport_fastrtps_cpp.hpp
[73.397s] -- Installing: /home/leh/test_ws/install/tutorial_interfaces/include/tutorial_interfaces/action/fibonacci__rosidl_typesupport_fastrtps_cpp.hpp
[73.398s] -- Up-to-date: /home/leh/test_ws/install/tutorial_interfaces/include/tutorial_interfaces/msg
[73.399s] -- Up-to-date: /home/leh/test_ws/install/tutorial_interfaces/include/tutorial_interfaces/msg/dds_fastrtps
[73.399s] -- Installing: /home/leh/test_ws/install/tutorial_interfaces/include/tutorial_interfaces/msg/two_integers_array__rosidl_typesupport_fastrtps_cpp.hpp
[73.400s] -- Installing: /home/leh/test_ws/install/tutorial_interfaces/include/tutorial_interfaces/msg/rpm__rosidl_typesupport_fastrtps_cpp.hpp
[73.401s] -- Installing: /home/leh/test_ws/install/tutorial_interfaces/include/tutorial_interfaces/msg/imu__rosidl_typesupport_fastrtps_cpp.hpp
[73.402s] -- Up-to-date: /home/leh/test_ws/install/tutorial_interfaces/include/tutorial_interfaces/msg/rosidl_typesupport_fastrtps_cpp__visibility_control.h
[73.402s] -- Installing: /home/leh/test_ws/install/tutorial_interfaces/include/tutorial_interfaces/msg/encoder__rosidl_typesupport_fastrtps_cpp.hpp
[73.403s] -- Installing: /home/leh/test_ws/install/tutorial_interfaces/include/tutorial_interfaces/msg/num__rosidl_typesupport_fastrtps_cpp.hpp
[73.404s] -- Up-to-date: /home/leh/test_ws/install/tutorial_interfaces/include/tutorial_interfaces/srv
[73.405s] -- Up-to-date: /home/leh/test_ws/install/tutorial_interfaces/include/tutorial_interfaces/srv/dds_fastrtps
[73.408s] -- Installing: /home/leh/test_ws/install/tutorial_interfaces/include/tutorial_interfaces/srv/add_three_ints__rosidl_typesupport_fastrtps_cpp.hpp
[73.409s] -- Installing: /home/leh/test_ws/install/tutorial_interfaces/include/tutorial_interfaces/srv/judge_sign__rosidl_typesupport_fastrtps_cpp.hpp
[73.410s] -- Installing: /home/leh/test_ws/install/tutorial_interfaces/lib/libtutorial_interfaces__rosidl_typesupport_fastrtps_cpp.so
[73.410s] -- Set runtime path of "/home/leh/test_ws/install/tutorial_interfaces/lib/libtutorial_interfaces__rosidl_typesupport_fastrtps_cpp.so" to ""
[73.411s] -- Up-to-date: /home/leh/test_ws/install/tutorial_interfaces/include/tutorial_interfaces
[73.412s] -- Up-to-date: /home/leh/test_ws/install/tutorial_interfaces/include/tutorial_interfaces/action
[73.413s] -- Installing: /home/leh/test_ws/install/tutorial_interfaces/include/tutorial_interfaces/action/robot_coordinate__traits.hpp
[73.416s] -- Installing: /home/leh/test_ws/install/tutorial_interfaces/include/tutorial_interfaces/action/fibonacci.hpp
[73.417s] -- Installing: /home/leh/test_ws/install/tutorial_interfaces/include/tutorial_interfaces/action/robot_coordinate.hpp
[73.418s] -- Installing: /home/leh/test_ws/install/tutorial_interfaces/include/tutorial_interfaces/action/robot_coordinate__struct.hpp
[73.419s] -- Installing: /home/leh/test_ws/install/tutorial_interfaces/include/tutorial_interfaces/action/fibonacci__traits.hpp
[73.419s] -- Installing: /home/leh/test_ws/install/tutorial_interfaces/include/tutorial_interfaces/action/fibonacci__struct.hpp
[73.420s] -- Up-to-date: /home/leh/test_ws/install/tutorial_interfaces/include/tutorial_interfaces/msg
[73.421s] -- Installing: /home/leh/test_ws/install/tutorial_interfaces/include/tutorial_interfaces/msg/imu__struct.hpp
[73.422s] -- Installing: /home/leh/test_ws/install/tutorial_interfaces/include/tutorial_interfaces/msg/num__struct.hpp
[73.422s] -- Installing: /home/leh/test_ws/install/tutorial_interfaces/include/tutorial_interfaces/msg/encoder__traits.hpp
[73.423s] -- Installing: /home/leh/test_ws/install/tutorial_interfaces/include/tutorial_interfaces/msg/rpm__traits.hpp
[73.424s] -- Installing: /home/leh/test_ws/install/tutorial_interfaces/include/tutorial_interfaces/msg/two_integers_array__traits.hpp
[73.424s] -- Installing: /home/leh/test_ws/install/tutorial_interfaces/include/tutorial_interfaces/msg/rpm__struct.hpp
[73.425s] -- Installing: /home/leh/test_ws/install/tutorial_interfaces/include/tutorial_interfaces/msg/imu__traits.hpp
[73.426s] -- Installing: /home/leh/test_ws/install/tutorial_interfaces/include/tutorial_interfaces/msg/rpm.hpp
[73.427s] -- Installing: /home/leh/test_ws/install/tutorial_interfaces/include/tutorial_interfaces/msg/encoder.hpp
[73.428s] -- Installing: /home/leh/test_ws/install/tutorial_interfaces/include/tutorial_interfaces/msg/num__traits.hpp
[73.428s] -- Installing: /home/leh/test_ws/install/tutorial_interfaces/include/tutorial_interfaces/msg/two_integers_array__struct.hpp
[73.429s] -- Installing: /home/leh/test_ws/install/tutorial_interfaces/include/tutorial_interfaces/msg/imu.hpp
[73.430s] -- Installing: /home/leh/test_ws/install/tutorial_interfaces/include/tutorial_interfaces/msg/two_integers_array.hpp
[73.430s] -- Installing: /home/leh/test_ws/install/tutorial_interfaces/include/tutorial_interfaces/msg/encoder__struct.hpp
[73.431s] -- Installing: /home/leh/test_ws/install/tutorial_interfaces/include/tutorial_interfaces/msg/num.hpp
[73.432s] -- Up-to-date: /home/leh/test_ws/install/tutorial_interfaces/include/tutorial_interfaces/srv
[73.432s] -- Installing: /home/leh/test_ws/install/tutorial_interfaces/include/tutorial_interfaces/srv/judge_sign__struct.hpp
[73.433s] -- Installing: /home/leh/test_ws/install/tutorial_interfaces/include/tutorial_interfaces/srv/judge_sign.hpp
[73.434s] -- Installing: /home/leh/test_ws/install/tutorial_interfaces/include/tutorial_interfaces/srv/add_three_ints__traits.hpp
[73.434s] -- Installing: /home/leh/test_ws/install/tutorial_interfaces/include/tutorial_interfaces/srv/judge_sign__traits.hpp
[73.437s] -- Installing: /home/leh/test_ws/install/tutorial_interfaces/include/tutorial_interfaces/srv/add_three_ints.hpp
[73.438s] -- Installing: /home/leh/test_ws/install/tutorial_interfaces/include/tutorial_interfaces/srv/add_three_ints__struct.hpp
[73.438s] -- Up-to-date: /home/leh/test_ws/install/tutorial_interfaces/include/tutorial_interfaces
[73.439s] -- Up-to-date: /home/leh/test_ws/install/tutorial_interfaces/include/tutorial_interfaces/action
[73.440s] -- Installing: /home/leh/test_ws/install/tutorial_interfaces/include/tutorial_interfaces/action/robot_coordinate__rosidl_typesupport_introspection_c.h
[73.440s] -- Installing: /home/leh/test_ws/install/tutorial_interfaces/include/tutorial_interfaces/action/robot_coordinate__type_support.c
[73.441s] -- Installing: /home/leh/test_ws/install/tutorial_interfaces/include/tutorial_interfaces/action/fibonacci__type_support.c
[73.443s] -- Installing: /home/leh/test_ws/install/tutorial_interfaces/include/tutorial_interfaces/action/fibonacci__rosidl_typesupport_introspection_c.h
[73.443s] -- Up-to-date: /home/leh/test_ws/install/tutorial_interfaces/include/tutorial_interfaces/msg
[73.444s] -- Up-to-date: /home/leh/test_ws/install/tutorial_interfaces/include/tutorial_interfaces/msg/rosidl_typesupport_introspection_c__visibility_control.h
[73.445s] -- Installing: /home/leh/test_ws/install/tutorial_interfaces/include/tutorial_interfaces/msg/imu__rosidl_typesupport_introspection_c.h
[73.445s] -- Installing: /home/leh/test_ws/install/tutorial_interfaces/include/tutorial_interfaces/msg/two_integers_array__rosidl_typesupport_introspection_c.h
[73.446s] -- Installing: /home/leh/test_ws/install/tutorial_interfaces/include/tutorial_interfaces/msg/rpm__type_support.c
[73.446s] -- Installing: /home/leh/test_ws/install/tutorial_interfaces/include/tutorial_interfaces/msg/num__rosidl_typesupport_introspection_c.h
[73.447s] -- Installing: /home/leh/test_ws/install/tutorial_interfaces/include/tutorial_interfaces/msg/encoder__type_support.c
[73.448s] -- Installing: /home/leh/test_ws/install/tutorial_interfaces/include/tutorial_interfaces/msg/encoder__rosidl_typesupport_introspection_c.h
[73.448s] -- Installing: /home/leh/test_ws/install/tutorial_interfaces/include/tutorial_interfaces/msg/imu__type_support.c
[73.450s] -- Installing: /home/leh/test_ws/install/tutorial_interfaces/include/tutorial_interfaces/msg/rpm__rosidl_typesupport_introspection_c.h
[73.450s] -- Installing: /home/leh/test_ws/install/tutorial_interfaces/include/tutorial_interfaces/msg/num__type_support.c
[73.451s] -- Installing: /home/leh/test_ws/install/tutorial_interfaces/include/tutorial_interfaces/msg/two_integers_array__type_support.c
[73.452s] -- Up-to-date: /home/leh/test_ws/install/tutorial_interfaces/include/tutorial_interfaces/srv
[73.452s] -- Installing: /home/leh/test_ws/install/tutorial_interfaces/include/tutorial_interfaces/srv/judge_sign__type_support.c
[73.453s] -- Installing: /home/leh/test_ws/install/tutorial_interfaces/include/tutorial_interfaces/srv/add_three_ints__type_support.c
[73.453s] -- Installing: /home/leh/test_ws/install/tutorial_interfaces/include/tutorial_interfaces/srv/add_three_ints__rosidl_typesupport_introspection_c.h
[73.454s] -- Installing: /home/leh/test_ws/install/tutorial_interfaces/include/tutorial_interfaces/srv/judge_sign__rosidl_typesupport_introspection_c.h
[73.455s] -- Installing: /home/leh/test_ws/install/tutorial_interfaces/lib/libtutorial_interfaces__rosidl_typesupport_introspection_c.so
[73.455s] -- Set runtime path of "/home/leh/test_ws/install/tutorial_interfaces/lib/libtutorial_interfaces__rosidl_typesupport_introspection_c.so" to ""
[73.456s] -- Up-to-date: /home/leh/test_ws/install/tutorial_interfaces/include/tutorial_interfaces
[73.456s] -- Up-to-date: /home/leh/test_ws/install/tutorial_interfaces/include/tutorial_interfaces/action
[73.457s] -- Installing: /home/leh/test_ws/install/tutorial_interfaces/include/tutorial_interfaces/action/robot_coordinate__rosidl_typesupport_introspection_cpp.hpp
[73.458s] -- Installing: /home/leh/test_ws/install/tutorial_interfaces/include/tutorial_interfaces/action/fibonacci__type_support.cpp
[73.458s] -- Installing: /home/leh/test_ws/install/tutorial_interfaces/include/tutorial_interfaces/action/fibonacci__rosidl_typesupport_introspection_cpp.hpp
[73.459s] -- Installing: /home/leh/test_ws/install/tutorial_interfaces/include/tutorial_interfaces/action/robot_coordinate__type_support.cpp
[73.459s] -- Up-to-date: /home/leh/test_ws/install/tutorial_interfaces/include/tutorial_interfaces/msg
[73.460s] -- Installing: /home/leh/test_ws/install/tutorial_interfaces/include/tutorial_interfaces/msg/encoder__type_support.cpp
[73.461s] -- Installing: /home/leh/test_ws/install/tutorial_interfaces/include/tutorial_interfaces/msg/imu__type_support.cpp
[73.461s] -- Installing: /home/leh/test_ws/install/tutorial_interfaces/include/tutorial_interfaces/msg/num__rosidl_typesupport_introspection_cpp.hpp
[73.462s] -- Installing: /home/leh/test_ws/install/tutorial_interfaces/include/tutorial_interfaces/msg/imu__rosidl_typesupport_introspection_cpp.hpp
[73.462s] -- Installing: /home/leh/test_ws/install/tutorial_interfaces/include/tutorial_interfaces/msg/rpm__type_support.cpp
[73.463s] -- Installing: /home/leh/test_ws/install/tutorial_interfaces/include/tutorial_interfaces/msg/two_integers_array__type_support.cpp
[73.463s] -- Installing: /home/leh/test_ws/install/tutorial_interfaces/include/tutorial_interfaces/msg/rpm__rosidl_typesupport_introspection_cpp.hpp
[73.464s] -- Installing: /home/leh/test_ws/install/tutorial_interfaces/include/tutorial_interfaces/msg/two_integers_array__rosidl_typesupport_introspection_cpp.hpp
[73.465s] -- Installing: /home/leh/test_ws/install/tutorial_interfaces/include/tutorial_interfaces/msg/encoder__rosidl_typesupport_introspection_cpp.hpp
[73.465s] -- Installing: /home/leh/test_ws/install/tutorial_interfaces/include/tutorial_interfaces/msg/num__type_support.cpp
[73.466s] -- Up-to-date: /home/leh/test_ws/install/tutorial_interfaces/include/tutorial_interfaces/srv
[73.467s] -- Installing: /home/leh/test_ws/install/tutorial_interfaces/include/tutorial_interfaces/srv/judge_sign__type_support.cpp
[73.467s] -- Installing: /home/leh/test_ws/install/tutorial_interfaces/include/tutorial_interfaces/srv/judge_sign__rosidl_typesupport_introspection_cpp.hpp
[73.468s] -- Installing: /home/leh/test_ws/install/tutorial_interfaces/include/tutorial_interfaces/srv/add_three_ints__rosidl_typesupport_introspection_cpp.hpp
[73.468s] -- Installing: /home/leh/test_ws/install/tutorial_interfaces/include/tutorial_interfaces/srv/add_three_ints__type_support.cpp
[73.469s] -- Installing: /home/leh/test_ws/install/tutorial_interfaces/lib/libtutorial_interfaces__rosidl_typesupport_introspection_cpp.so
[73.470s] -- Set runtime path of "/home/leh/test_ws/install/tutorial_interfaces/lib/libtutorial_interfaces__rosidl_typesupport_introspection_cpp.so" to ""
[73.470s] -- Up-to-date: /home/leh/test_ws/install/tutorial_interfaces/share/tutorial_interfaces/environment/pythonpath.sh
[73.471s] -- Installing: /home/leh/test_ws/install/tutorial_interfaces/lib/python3.6/site-packages/tutorial_interfaces/__init__.py
[73.573s] Compiling '/home/leh/test_ws/install/tutorial_interfaces/lib/python3.6/site-packages/tutorial_interfaces/__init__.py'...
[73.597s] -- Up-to-date: /home/leh/test_ws/install/tutorial_interfaces/lib/python3.6/site-packages/tutorial_interfaces/msg
[73.603s] -- Installing: /home/leh/test_ws/install/tutorial_interfaces/lib/python3.6/site-packages/tutorial_interfaces/msg/_encoder_s.c
[73.603s] -- Installing: /home/leh/test_ws/install/tutorial_interfaces/lib/python3.6/site-packages/tutorial_interfaces/msg/_rpm_s.c
[73.604s] -- Installing: /home/leh/test_ws/install/tutorial_interfaces/lib/python3.6/site-packages/tutorial_interfaces/msg/_num.py
[73.605s] -- Installing: /home/leh/test_ws/install/tutorial_interfaces/lib/python3.6/site-packages/tutorial_interfaces/msg/__init__.py
[73.609s] -- Installing: /home/leh/test_ws/install/tutorial_interfaces/lib/python3.6/site-packages/tutorial_interfaces/msg/_imu.py
[73.610s] -- Installing: /home/leh/test_ws/install/tutorial_interfaces/lib/python3.6/site-packages/tutorial_interfaces/msg/_num_s.c
[73.610s] -- Installing: /home/leh/test_ws/install/tutorial_interfaces/lib/python3.6/site-packages/tutorial_interfaces/msg/_two_integers_array.py
[73.611s] -- Installing: /home/leh/test_ws/install/tutorial_interfaces/lib/python3.6/site-packages/tutorial_interfaces/msg/_encoder.py
[73.615s] -- Installing: /home/leh/test_ws/install/tutorial_interfaces/lib/python3.6/site-packages/tutorial_interfaces/msg/_two_integers_array_s.c
[73.615s] -- Installing: /home/leh/test_ws/install/tutorial_interfaces/lib/python3.6/site-packages/tutorial_interfaces/msg/_imu_s.c
[73.616s] -- Installing: /home/leh/test_ws/install/tutorial_interfaces/lib/python3.6/site-packages/tutorial_interfaces/msg/_rpm.py
[73.616s] -- Up-to-date: /home/leh/test_ws/install/tutorial_interfaces/lib/python3.6/site-packages/tutorial_interfaces/srv
[73.623s] -- Installing: /home/leh/test_ws/install/tutorial_interfaces/lib/python3.6/site-packages/tutorial_interfaces/srv/__init__.py
[73.623s] -- Installing: /home/leh/test_ws/install/tutorial_interfaces/lib/python3.6/site-packages/tutorial_interfaces/srv/_add_three_ints_s.c
[73.624s] -- Installing: /home/leh/test_ws/install/tutorial_interfaces/lib/python3.6/site-packages/tutorial_interfaces/srv/_add_three_ints.py
[73.624s] -- Installing: /home/leh/test_ws/install/tutorial_interfaces/lib/python3.6/site-packages/tutorial_interfaces/srv/_judge_sign.py
[73.628s] -- Installing: /home/leh/test_ws/install/tutorial_interfaces/lib/python3.6/site-packages/tutorial_interfaces/srv/_judge_sign_s.c
[73.629s] -- Up-to-date: /home/leh/test_ws/install/tutorial_interfaces/lib/python3.6/site-packages/tutorial_interfaces/action
[73.629s] -- Installing: /home/leh/test_ws/install/tutorial_interfaces/lib/python3.6/site-packages/tutorial_interfaces/action/_robot_coordinate_s.c
[73.630s] -- Installing: /home/leh/test_ws/install/tutorial_interfaces/lib/python3.6/site-packages/tutorial_interfaces/action/_fibonacci_s.c
[73.631s] -- Installing: /home/leh/test_ws/install/tutorial_interfaces/lib/python3.6/site-packages/tutorial_interfaces/action/__init__.py
[73.631s] -- Installing: /home/leh/test_ws/install/tutorial_interfaces/lib/python3.6/site-packages/tutorial_interfaces/action/_robot_coordinate.py
[73.632s] -- Installing: /home/leh/test_ws/install/tutorial_interfaces/lib/python3.6/site-packages/tutorial_interfaces/action/_fibonacci.py
[73.632s] -- Installing: /home/leh/test_ws/install/tutorial_interfaces/lib/python3.6/site-packages/tutorial_interfaces/tutorial_interfaces_s__rosidl_typesupport_c.cpython-36m-aarch64-linux-gnu.so
[73.641s] -- Set runtime path of "/home/leh/test_ws/install/tutorial_interfaces/lib/python3.6/site-packages/tutorial_interfaces/tutorial_interfaces_s__rosidl_typesupport_c.cpython-36m-aarch64-linux-gnu.so" to ""
[73.642s] -- Installing: /home/leh/test_ws/install/tutorial_interfaces/lib/python3.6/site-packages/tutorial_interfaces/tutorial_interfaces_s__rosidl_typesupport_fastrtps_c.cpython-36m-aarch64-linux-gnu.so
[73.643s] -- Set runtime path of "/home/leh/test_ws/install/tutorial_interfaces/lib/python3.6/site-packages/tutorial_interfaces/tutorial_interfaces_s__rosidl_typesupport_fastrtps_c.cpython-36m-aarch64-linux-gnu.so" to ""
[73.645s] -- Installing: /home/leh/test_ws/install/tutorial_interfaces/lib/libtutorial_interfaces__python.so
[73.647s] -- Set runtime path of "/home/leh/test_ws/install/tutorial_interfaces/lib/libtutorial_interfaces__python.so" to ""
[73.650s] -- Up-to-date: /home/leh/test_ws/install/tutorial_interfaces/share/tutorial_interfaces/msg/Num.idl
[73.652s] -- Up-to-date: /home/leh/test_ws/install/tutorial_interfaces/share/tutorial_interfaces/msg/TwoIntegersArray.idl
[73.653s] -- Up-to-date: /home/leh/test_ws/install/tutorial_interfaces/share/tutorial_interfaces/msg/IMU.idl
[73.655s] -- Up-to-date: /home/leh/test_ws/install/tutorial_interfaces/share/tutorial_interfaces/msg/Encoder.idl
[73.656s] -- Up-to-date: /home/leh/test_ws/install/tutorial_interfaces/share/tutorial_interfaces/msg/RPM.idl
[73.657s] -- Up-to-date: /home/leh/test_ws/install/tutorial_interfaces/share/tutorial_interfaces/srv/AddThreeInts.idl
[73.659s] -- Up-to-date: /home/leh/test_ws/install/tutorial_interfaces/share/tutorial_interfaces/srv/JudgeSign.idl
[73.660s] -- Up-to-date: /home/leh/test_ws/install/tutorial_interfaces/share/tutorial_interfaces/action/Fibonacci.idl
[73.661s] -- Installing: /home/leh/test_ws/install/tutorial_interfaces/share/tutorial_interfaces/action/RobotCoordinate.idl
[73.662s] -- Up-to-date: /home/leh/test_ws/install/tutorial_interfaces/share/tutorial_interfaces/msg/Num.msg
[73.663s] -- Up-to-date: /home/leh/test_ws/install/tutorial_interfaces/share/tutorial_interfaces/msg/TwoIntegersArray.msg
[73.663s] -- Up-to-date: /home/leh/test_ws/install/tutorial_interfaces/share/tutorial_interfaces/msg/IMU.msg
[73.664s] -- Up-to-date: /home/leh/test_ws/install/tutorial_interfaces/share/tutorial_interfaces/msg/Encoder.msg
[73.665s] -- Up-to-date: /home/leh/test_ws/install/tutorial_interfaces/share/tutorial_interfaces/msg/RPM.msg
[73.666s] -- Up-to-date: /home/leh/test_ws/install/tutorial_interfaces/share/tutorial_interfaces/srv/AddThreeInts.srv
[73.667s] -- Up-to-date: /home/leh/test_ws/install/tutorial_interfaces/share/tutorial_interfaces/srv/AddThreeInts_Request.msg
[73.674s] -- Up-to-date: /home/leh/test_ws/install/tutorial_interfaces/share/tutorial_interfaces/srv/AddThreeInts_Response.msg
[73.675s] -- Up-to-date: /home/leh/test_ws/install/tutorial_interfaces/share/tutorial_interfaces/srv/JudgeSign.srv
[73.678s] -- Up-to-date: /home/leh/test_ws/install/tutorial_interfaces/share/tutorial_interfaces/srv/JudgeSign_Request.msg
[73.679s] -- Up-to-date: /home/leh/test_ws/install/tutorial_interfaces/share/tutorial_interfaces/srv/JudgeSign_Response.msg
[73.680s] -- Up-to-date: /home/leh/test_ws/install/tutorial_interfaces/share/tutorial_interfaces/action/Fibonacci.action
[73.681s] -- Installing: /home/leh/test_ws/install/tutorial_interfaces/share/tutorial_interfaces/action/RobotCoordinate.action
[73.682s] -- Up-to-date: /home/leh/test_ws/install/tutorial_interfaces/share/ament_index/resource_index/package_run_dependencies/tutorial_interfaces
[73.683s] -- Installing: /home/leh/test_ws/install/tutorial_interfaces/share/ament_index/resource_index/parent_prefix_path/tutorial_interfaces
[73.686s] -- Up-to-date: /home/leh/test_ws/install/tutorial_interfaces/share/tutorial_interfaces/environment/ament_prefix_path.sh
[73.687s] -- Up-to-date: /home/leh/test_ws/install/tutorial_interfaces/share/tutorial_interfaces/environment/path.sh
[73.688s] -- Up-to-date: /home/leh/test_ws/install/tutorial_interfaces/share/tutorial_interfaces/local_setup.bash
[73.690s] -- Up-to-date: /home/leh/test_ws/install/tutorial_interfaces/share/tutorial_interfaces/local_setup.sh
[73.691s] -- Up-to-date: /home/leh/test_ws/install/tutorial_interfaces/share/tutorial_interfaces/local_setup.zsh
[73.692s] -- Up-to-date: /home/leh/test_ws/install/tutorial_interfaces/share/ament_index/resource_index/packages/tutorial_interfaces
[73.693s] -- Up-to-date: /home/leh/test_ws/install/tutorial_interfaces/share/tutorial_interfaces/cmake/rosidl_cmake-extras.cmake
[73.694s] -- Up-to-date: /home/leh/test_ws/install/tutorial_interfaces/share/tutorial_interfaces/cmake/ament_cmake_export_dependencies-extras.cmake
[73.695s] -- Up-to-date: /home/leh/test_ws/install/tutorial_interfaces/share/tutorial_interfaces/cmake/ament_cmake_export_libraries-extras.cmake
[73.696s] -- Up-to-date: /home/leh/test_ws/install/tutorial_interfaces/share/tutorial_interfaces/cmake/ament_cmake_export_include_directories-extras.cmake
[73.697s] -- Up-to-date: /home/leh/test_ws/install/tutorial_interfaces/share/tutorial_interfaces/cmake/tutorial_interfacesConfig.cmake
[73.698s] -- Up-to-date: /home/leh/test_ws/install/tutorial_interfaces/share/tutorial_interfaces/cmake/tutorial_interfacesConfig-version.cmake
[73.699s] -- Up-to-date: /home/leh/test_ws/install/tutorial_interfaces/share/tutorial_interfaces/package.xml
[73.702s] Invoked command in '/home/leh/test_ws/build/tutorial_interfaces' returned '0': CMAKE_PREFIX_PATH=/opt/ros/dashing /usr/bin/cmake --build /home/leh/test_ws/build/tutorial_interfaces --target install -- -j4 -l4
