[7.065s] Invoking command in '/home/leh/test_ws/src/my_robot': PYTHONPATH=/home/leh/test_ws/install/my_robot/lib/python3.6/site-packages:/home/leh/test_ws/install/tutorial_interfaces/lib/python3.6/site-packages:/home/leh/test_ws/install/py_two_pub_one_sub/lib/python3.6/site-packages:/home/leh/test_ws/install/py_srvcli/lib/python3.6/site-packages:/home/leh/test_ws/install/py_sign_srvcli/lib/python3.6/site-packages:/home/leh/test_ws/install/py_pubsub/lib/python3.6/site-packages:/home/leh/test_ws/install/py_action/lib/python3.6/site-packages:/home/leh/test_ws/install/my_robot/lib/python3.6/site-packages:/opt/ros/dashing/lib/python3.6/site-packages /usr/bin/python3 setup.py egg_info --egg-base ../../build/my_robot build --build-base /home/leh/test_ws/build/my_robot/build install --prefix /home/leh/test_ws/install/my_robot --record /home/leh/test_ws/build/my_robot/install.log --single-version-externally-managed
[8.718s] /home/leh/.local/lib/python3.6/site-packages/setuptools/dist.py:720: UserWarning: Usage of dash-separated 'script-dir' will not be supported in future versions. Please use the underscore name 'script_dir' instead
[8.721s]   % (opt, underscore_opt)
[8.723s] /home/leh/.local/lib/python3.6/site-packages/setuptools/dist.py:720: UserWarning: Usage of dash-separated 'install-scripts' will not be supported in future versions. Please use the underscore name 'install_scripts' instead
[8.724s]   % (opt, underscore_opt)
[8.996s] running egg_info
[9.014s] writing ../../build/my_robot/my_robot.egg-info/PKG-INFO
[9.015s] writing dependency_links to ../../build/my_robot/my_robot.egg-info/dependency_links.txt
[9.016s] writing entry points to ../../build/my_robot/my_robot.egg-info/entry_points.txt
[9.017s] writing requirements to ../../build/my_robot/my_robot.egg-info/requires.txt
[9.017s] writing top-level names to ../../build/my_robot/my_robot.egg-info/top_level.txt
[9.036s] reading manifest file '../../build/my_robot/my_robot.egg-info/SOURCES.txt'
[9.057s] writing manifest file '../../build/my_robot/my_robot.egg-info/SOURCES.txt'
[9.058s] running build
[9.059s] running build_py
[9.062s] copying my_robot/motor_control_function.py -> /home/leh/test_ws/build/my_robot/build/lib/my_robot
[9.067s] running install
[9.069s] /home/leh/.local/lib/python3.6/site-packages/setuptools/command/install.py:37: SetuptoolsDeprecationWarning: setup.py install is deprecated. Use build and pip and other standards-based tools.
[9.069s]   setuptools.SetuptoolsDeprecationWarning,
[9.074s] running install_lib
[9.087s] copying /home/leh/test_ws/build/my_robot/build/lib/my_robot/motor_control_function.py -> /home/leh/test_ws/install/my_robot/lib/python3.6/site-packages/my_robot
[9.104s] byte-compiling /home/leh/test_ws/install/my_robot/lib/python3.6/site-packages/my_robot/motor_control_function.py to motor_control_function.cpython-36.pyc
[9.108s] running install_data
[9.110s] running install_egg_info
[9.122s] removing '/home/leh/test_ws/install/my_robot/lib/python3.6/site-packages/my_robot-0.0.0-py3.6.egg-info' (and everything under it)
[9.125s] Copying ../../build/my_robot/my_robot.egg-info to /home/leh/test_ws/install/my_robot/lib/python3.6/site-packages/my_robot-0.0.0-py3.6.egg-info
[9.136s] running install_scripts
[9.330s] Installing control script to /home/leh/test_ws/install/my_robot/lib/my_robot
[9.330s] Installing coordinate script to /home/leh/test_ws/install/my_robot/lib/my_robot
[9.331s] Installing encoder script to /home/leh/test_ws/install/my_robot/lib/my_robot
[9.332s] Installing imu script to /home/leh/test_ws/install/my_robot/lib/my_robot
[9.332s] writing list of installed files to '/home/leh/test_ws/build/my_robot/install.log'
[9.516s] Invoked command in '/home/leh/test_ws/src/my_robot' returned '0': PYTHONPATH=/home/leh/test_ws/install/my_robot/lib/python3.6/site-packages:/home/leh/test_ws/install/tutorial_interfaces/lib/python3.6/site-packages:/home/leh/test_ws/install/py_two_pub_one_sub/lib/python3.6/site-packages:/home/leh/test_ws/install/py_srvcli/lib/python3.6/site-packages:/home/leh/test_ws/install/py_sign_srvcli/lib/python3.6/site-packages:/home/leh/test_ws/install/py_pubsub/lib/python3.6/site-packages:/home/leh/test_ws/install/py_action/lib/python3.6/site-packages:/home/leh/test_ws/install/my_robot/lib/python3.6/site-packages:/opt/ros/dashing/lib/python3.6/site-packages /usr/bin/python3 setup.py egg_info --egg-base ../../build/my_robot build --build-base /home/leh/test_ws/build/my_robot/build install --prefix /home/leh/test_ws/install/my_robot --record /home/leh/test_ws/build/my_robot/install.log --single-version-externally-managed
