[7.051s] Invoking command in '/home/leh/test_ws/src/py_action': PYTHONPATH=/home/leh/test_ws/install/py_action/lib/python3.6/site-packages:/home/leh/test_ws/install/tutorial_interfaces/lib/python3.6/site-packages:/home/leh/test_ws/install/py_two_pub_one_sub/lib/python3.6/site-packages:/home/leh/test_ws/install/py_srvcli/lib/python3.6/site-packages:/home/leh/test_ws/install/py_sign_srvcli/lib/python3.6/site-packages:/home/leh/test_ws/install/py_pubsub/lib/python3.6/site-packages:/home/leh/test_ws/install/py_action/lib/python3.6/site-packages:/home/leh/test_ws/install/my_robot/lib/python3.6/site-packages:/opt/ros/dashing/lib/python3.6/site-packages /usr/bin/python3 setup.py egg_info --egg-base ../../build/py_action build --build-base /home/leh/test_ws/build/py_action/build install --prefix /home/leh/test_ws/install/py_action --record /home/leh/test_ws/build/py_action/install.log --single-version-externally-managed
[8.629s] /home/leh/.local/lib/python3.6/site-packages/setuptools/dist.py:720: UserWarning: Usage of dash-separated 'script-dir' will not be supported in future versions. Please use the underscore name 'script_dir' instead
[8.629s]   % (opt, underscore_opt)
[8.640s] /home/leh/.local/lib/python3.6/site-packages/setuptools/dist.py:720: UserWarning: Usage of dash-separated 'install-scripts' will not be supported in future versions. Please use the underscore name 'install_scripts' instead
[8.641s]   % (opt, underscore_opt)
[8.885s] running egg_info
[8.902s] writing ../../build/py_action/py_action.egg-info/PKG-INFO
[8.914s] writing dependency_links to ../../build/py_action/py_action.egg-info/dependency_links.txt
[8.915s] writing entry points to ../../build/py_action/py_action.egg-info/entry_points.txt
[8.916s] writing requirements to ../../build/py_action/py_action.egg-info/requires.txt
[8.917s] writing top-level names to ../../build/py_action/py_action.egg-info/top_level.txt
[8.940s] reading manifest file '../../build/py_action/py_action.egg-info/SOURCES.txt'
[8.961s] writing manifest file '../../build/py_action/py_action.egg-info/SOURCES.txt'
[8.963s] running build
[8.965s] running build_py
[8.971s] running install
[8.976s] /home/leh/.local/lib/python3.6/site-packages/setuptools/command/install.py:37: SetuptoolsDeprecationWarning: setup.py install is deprecated. Use build and pip and other standards-based tools.
[8.977s]   setuptools.SetuptoolsDeprecationWarning,
[8.983s] running install_lib
[8.995s] running install_data
[8.996s] running install_egg_info
[9.031s] removing '/home/leh/test_ws/install/py_action/lib/python3.6/site-packages/py_action-0.0.0-py3.6.egg-info' (and everything under it)
[9.032s] Copying ../../build/py_action/py_action.egg-info to /home/leh/test_ws/install/py_action/lib/python3.6/site-packages/py_action-0.0.0-py3.6.egg-info
[9.037s] running install_scripts
[9.196s] Installing fibonacci_client script to /home/leh/test_ws/install/py_action/lib/py_action
[9.197s] Installing fibonacci_server script to /home/leh/test_ws/install/py_action/lib/py_action
[9.201s] writing list of installed files to '/home/leh/test_ws/build/py_action/install.log'
[9.480s] Invoked command in '/home/leh/test_ws/src/py_action' returned '0': PYTHONPATH=/home/leh/test_ws/install/py_action/lib/python3.6/site-packages:/home/leh/test_ws/install/tutorial_interfaces/lib/python3.6/site-packages:/home/leh/test_ws/install/py_two_pub_one_sub/lib/python3.6/site-packages:/home/leh/test_ws/install/py_srvcli/lib/python3.6/site-packages:/home/leh/test_ws/install/py_sign_srvcli/lib/python3.6/site-packages:/home/leh/test_ws/install/py_pubsub/lib/python3.6/site-packages:/home/leh/test_ws/install/py_action/lib/python3.6/site-packages:/home/leh/test_ws/install/my_robot/lib/python3.6/site-packages:/opt/ros/dashing/lib/python3.6/site-packages /usr/bin/python3 setup.py egg_info --egg-base ../../build/py_action build --build-base /home/leh/test_ws/build/py_action/build install --prefix /home/leh/test_ws/install/py_action --record /home/leh/test_ws/build/py_action/install.log --single-version-externally-managed
