[3.765s] Invoking command in '/home/leh/test_ws/src/py_pubsub': PYTHONPATH=/home/leh/test_ws/install/py_pubsub/lib/python3.6/site-packages:/home/leh/test_ws/install/tutorial_interfaces/lib/python3.6/site-packages:/home/leh/test_ws/install/py_two_pub_one_sub/lib/python3.6/site-packages:/home/leh/test_ws/install/py_pubsub/lib/python3.6/site-packages:/opt/ros/dashing/lib/python3.6/site-packages /usr/bin/python3 setup.py egg_info --egg-base ../../build/py_pubsub build --build-base /home/leh/test_ws/build/py_pubsub/build install --prefix /home/leh/test_ws/install/py_pubsub --record /home/leh/test_ws/build/py_pubsub/install.log --single-version-externally-managed
[6.430s] /home/leh/.local/lib/python3.6/site-packages/setuptools/dist.py:720: UserWarning: Usage of dash-separated 'script-dir' will not be supported in future versions. Please use the underscore name 'script_dir' instead
[6.431s]   % (opt, underscore_opt)
[6.434s] /home/leh/.local/lib/python3.6/site-packages/setuptools/dist.py:720: UserWarning: Usage of dash-separated 'install-scripts' will not be supported in future versions. Please use the underscore name 'install_scripts' instead
[6.436s]   % (opt, underscore_opt)
[6.672s] running egg_info
[6.679s] writing ../../build/py_pubsub/py_pubsub.egg-info/PKG-INFO
[6.680s] writing dependency_links to ../../build/py_pubsub/py_pubsub.egg-info/dependency_links.txt
[6.681s] writing entry points to ../../build/py_pubsub/py_pubsub.egg-info/entry_points.txt
[6.682s] writing requirements to ../../build/py_pubsub/py_pubsub.egg-info/requires.txt
[6.683s] writing top-level names to ../../build/py_pubsub/py_pubsub.egg-info/top_level.txt
[6.708s] reading manifest file '../../build/py_pubsub/py_pubsub.egg-info/SOURCES.txt'
[6.728s] writing manifest file '../../build/py_pubsub/py_pubsub.egg-info/SOURCES.txt'
[6.728s] running build
[6.731s] running build_py
[6.731s] running install
[6.734s] /home/leh/.local/lib/python3.6/site-packages/setuptools/command/install.py:37: SetuptoolsDeprecationWarning: setup.py install is deprecated. Use build and pip and other standards-based tools.
[6.735s]   setuptools.SetuptoolsDeprecationWarning,
[6.735s] running install_lib
[6.743s] running install_data
[6.753s] running install_egg_info
[6.771s] removing '/home/leh/test_ws/install/py_pubsub/lib/python3.6/site-packages/py_pubsub-0.0.0-py3.6.egg-info' (and everything under it)
[6.775s] Copying ../../build/py_pubsub/py_pubsub.egg-info to /home/leh/test_ws/install/py_pubsub/lib/python3.6/site-packages/py_pubsub-0.0.0-py3.6.egg-info
[6.790s] running install_scripts
[7.050s] Installing listener script to /home/leh/test_ws/install/py_pubsub/lib/py_pubsub
[7.054s] Installing talker script to /home/leh/test_ws/install/py_pubsub/lib/py_pubsub
[7.058s] writing list of installed files to '/home/leh/test_ws/build/py_pubsub/install.log'
[7.321s] Invoked command in '/home/leh/test_ws/src/py_pubsub' returned '0': PYTHONPATH=/home/leh/test_ws/install/py_pubsub/lib/python3.6/site-packages:/home/leh/test_ws/install/tutorial_interfaces/lib/python3.6/site-packages:/home/leh/test_ws/install/py_two_pub_one_sub/lib/python3.6/site-packages:/home/leh/test_ws/install/py_pubsub/lib/python3.6/site-packages:/opt/ros/dashing/lib/python3.6/site-packages /usr/bin/python3 setup.py egg_info --egg-base ../../build/py_pubsub build --build-base /home/leh/test_ws/build/py_pubsub/build install --prefix /home/leh/test_ws/install/py_pubsub --record /home/leh/test_ws/build/py_pubsub/install.log --single-version-externally-managed
