[7.160s] Invoking command in '/home/leh/test_ws/src/py_pubsub': PYTHONPATH=/home/leh/test_ws/install/py_pubsub/lib/python3.6/site-packages:/home/leh/test_ws/install/tutorial_interfaces/lib/python3.6/site-packages:/home/leh/test_ws/install/py_sign_srvcli/lib/python3.6/site-packages:/home/leh/test_ws/install/py_two_pub_one_sub/lib/python3.6/site-packages:/home/leh/test_ws/install/py_srvcli/lib/python3.6/site-packages:/home/leh/test_ws/install/py_pubsub/lib/python3.6/site-packages:/opt/ros/dashing/lib/python3.6/site-packages /usr/bin/python3 setup.py egg_info --egg-base ../../build/py_pubsub build --build-base /home/leh/test_ws/build/py_pubsub/build install --prefix /home/leh/test_ws/install/py_pubsub --record /home/leh/test_ws/build/py_pubsub/install.log --single-version-externally-managed
[8.654s] /home/leh/.local/lib/python3.6/site-packages/setuptools/dist.py:720: UserWarning: Usage of dash-separated 'script-dir' will not be supported in future versions. Please use the underscore name 'script_dir' instead
[8.655s]   % (opt, underscore_opt)
[8.659s] /home/leh/.local/lib/python3.6/site-packages/setuptools/dist.py:720: UserWarning: Usage of dash-separated 'install-scripts' will not be supported in future versions. Please use the underscore name 'install_scripts' instead
[8.659s]   % (opt, underscore_opt)
[8.936s] running egg_info
[8.945s] writing ../../build/py_pubsub/py_pubsub.egg-info/PKG-INFO
[8.950s] writing dependency_links to ../../build/py_pubsub/py_pubsub.egg-info/dependency_links.txt
[8.951s] writing entry points to ../../build/py_pubsub/py_pubsub.egg-info/entry_points.txt
[8.952s] writing requirements to ../../build/py_pubsub/py_pubsub.egg-info/requires.txt
[8.953s] writing top-level names to ../../build/py_pubsub/py_pubsub.egg-info/top_level.txt
[8.970s] reading manifest file '../../build/py_pubsub/py_pubsub.egg-info/SOURCES.txt'
[8.980s] writing manifest file '../../build/py_pubsub/py_pubsub.egg-info/SOURCES.txt'
[8.986s] running build
[8.987s] running build_py
[8.993s] running install
[8.994s] /home/leh/.local/lib/python3.6/site-packages/setuptools/command/install.py:37: SetuptoolsDeprecationWarning: setup.py install is deprecated. Use build and pip and other standards-based tools.
[8.995s]   setuptools.SetuptoolsDeprecationWarning,
[8.996s] running install_lib
[9.007s] running install_data
[9.013s] running install_egg_info
[9.021s] removing '/home/leh/test_ws/install/py_pubsub/lib/python3.6/site-packages/py_pubsub-0.0.0-py3.6.egg-info' (and everything under it)
[9.026s] Copying ../../build/py_pubsub/py_pubsub.egg-info to /home/leh/test_ws/install/py_pubsub/lib/python3.6/site-packages/py_pubsub-0.0.0-py3.6.egg-info
[9.042s] running install_scripts
[9.209s] Installing listener script to /home/leh/test_ws/install/py_pubsub/lib/py_pubsub
[9.216s] Installing talker script to /home/leh/test_ws/install/py_pubsub/lib/py_pubsub
[9.221s] writing list of installed files to '/home/leh/test_ws/build/py_pubsub/install.log'
[9.526s] Invoked command in '/home/leh/test_ws/src/py_pubsub' returned '0': PYTHONPATH=/home/leh/test_ws/install/py_pubsub/lib/python3.6/site-packages:/home/leh/test_ws/install/tutorial_interfaces/lib/python3.6/site-packages:/home/leh/test_ws/install/py_sign_srvcli/lib/python3.6/site-packages:/home/leh/test_ws/install/py_two_pub_one_sub/lib/python3.6/site-packages:/home/leh/test_ws/install/py_srvcli/lib/python3.6/site-packages:/home/leh/test_ws/install/py_pubsub/lib/python3.6/site-packages:/opt/ros/dashing/lib/python3.6/site-packages /usr/bin/python3 setup.py egg_info --egg-base ../../build/py_pubsub build --build-base /home/leh/test_ws/build/py_pubsub/build install --prefix /home/leh/test_ws/install/py_pubsub --record /home/leh/test_ws/build/py_pubsub/install.log --single-version-externally-managed
