[1.751s] DEBUG:colcon:Command line arguments: ['/usr/bin/colcon', 'build']
[1.752s] DEBUG:colcon:Parsed command line arguments: Namespace(ament_cmake_args=None, base_paths=['.'], build_base='build', catkin_cmake_args=None, catkin_skip_building_tests=False, cmake_args=None, cmake_clean_cache=False, cmake_clean_first=False, cmake_force_configure=False, cmake_target=None, cmake_target_skip_unavailable=False, continue_on_error=False, event_handlers=None, executor='parallel', ignore_user_meta=False, install_base='install', log_base=None, log_level=None, main=<bound method BuildVerb.main of <colcon_core.verb.build.BuildVerb object at 0x7fa5ee1fd0>>, merge_install=False, metas=['./colcon.meta'], packages_above=None, packages_above_and_dependencies=None, packages_above_depth=None, packages_end=None, packages_ignore=None, packages_ignore_regex=None, packages_select=None, packages_select_build_failed=False, packages_select_by_dep=None, packages_select_regex=None, packages_select_test_failures=False, packages_skip=None, packages_skip_build_finished=False, packages_skip_by_dep=None, packages_skip_regex=None, packages_skip_test_passed=False, packages_skip_up_to=None, packages_start=None, packages_up_to=None, packages_up_to_regex=None, parallel_workers=4, paths=None, symlink_install=False, test_result_base=None, verb_extension=<colcon_core.verb.build.BuildVerb object at 0x7fa5ee1fd0>, verb_name='build', verb_parser=<colcon_defaults.argument_parser.defaults.DefaultArgumentsDecorator object at 0x7fa5e2b358>)
[1.787s] Level 1:colcon.colcon_core.package_discovery:discover_packages(colcon_meta) check parameters
[1.787s] Level 1:colcon.colcon_core.package_discovery:discover_packages(recursive) check parameters
[1.788s] Level 1:colcon.colcon_core.package_discovery:discover_packages(ignore) check parameters
[1.788s] Level 1:colcon.colcon_core.package_discovery:discover_packages(path) check parameters
[1.788s] Level 1:colcon.colcon_core.package_discovery:discover_packages(colcon_meta) discover
[1.790s] Level 1:colcon.colcon_core.package_discovery:discover_packages(recursive) discover
[1.790s] INFO:colcon.colcon_core.package_discovery:Crawling recursively for packages in '/home/leh/test_ws'
[1.791s] Level 1:colcon.colcon_core.package_identification:_identify(.) by extensions ['ignore', 'ignore_ament_install']
[1.791s] Level 1:colcon.colcon_core.package_identification:_identify(.) by extension 'ignore'
[1.792s] Level 1:colcon.colcon_core.package_identification:_identify(.) by extension 'ignore_ament_install'
[1.792s] Level 1:colcon.colcon_core.package_identification:_identify(.) by extensions ['colcon_pkg']
[1.792s] Level 1:colcon.colcon_core.package_identification:_identify(.) by extension 'colcon_pkg'
[1.792s] Level 1:colcon.colcon_core.package_identification:_identify(.) by extensions ['colcon_meta']
[1.793s] Level 1:colcon.colcon_core.package_identification:_identify(.) by extension 'colcon_meta'
[1.793s] Level 1:colcon.colcon_core.package_identification:_identify(.) by extensions ['ros']
[1.793s] Level 1:colcon.colcon_core.package_identification:_identify(.) by extension 'ros'
[1.856s] Level 1:colcon.colcon_core.package_identification:_identify(.) by extensions ['cmake', 'python']
[1.856s] Level 1:colcon.colcon_core.package_identification:_identify(.) by extension 'cmake'
[1.857s] Level 1:colcon.colcon_core.package_identification:_identify(.) by extension 'python'
[1.857s] Level 1:colcon.colcon_core.package_identification:_identify(.) by extensions ['python_setup_py']
[1.857s] Level 1:colcon.colcon_core.package_identification:_identify(.) by extension 'python_setup_py'
[1.858s] Level 1:colcon.colcon_core.package_identification:_identify(build) by extensions ['ignore', 'ignore_ament_install']
[1.859s] Level 1:colcon.colcon_core.package_identification:_identify(build) by extension 'ignore'
[1.859s] Level 1:colcon.colcon_core.package_identification:_identify(build) ignored
[1.861s] Level 1:colcon.colcon_core.package_identification:_identify(install) by extensions ['ignore', 'ignore_ament_install']
[1.862s] Level 1:colcon.colcon_core.package_identification:_identify(install) by extension 'ignore'
[1.862s] Level 1:colcon.colcon_core.package_identification:_identify(install) ignored
[1.863s] Level 1:colcon.colcon_core.package_identification:_identify(log) by extensions ['ignore', 'ignore_ament_install']
[1.864s] Level 1:colcon.colcon_core.package_identification:_identify(log) by extension 'ignore'
[1.864s] Level 1:colcon.colcon_core.package_identification:_identify(log) ignored
[1.865s] Level 1:colcon.colcon_core.package_identification:_identify(src) by extensions ['ignore', 'ignore_ament_install']
[1.865s] Level 1:colcon.colcon_core.package_identification:_identify(src) by extension 'ignore'
[1.865s] Level 1:colcon.colcon_core.package_identification:_identify(src) by extension 'ignore_ament_install'
[1.866s] Level 1:colcon.colcon_core.package_identification:_identify(src) by extensions ['colcon_pkg']
[1.866s] Level 1:colcon.colcon_core.package_identification:_identify(src) by extension 'colcon_pkg'
[1.866s] Level 1:colcon.colcon_core.package_identification:_identify(src) by extensions ['colcon_meta']
[1.867s] Level 1:colcon.colcon_core.package_identification:_identify(src) by extension 'colcon_meta'
[1.867s] Level 1:colcon.colcon_core.package_identification:_identify(src) by extensions ['ros']
[1.867s] Level 1:colcon.colcon_core.package_identification:_identify(src) by extension 'ros'
[1.868s] Level 1:colcon.colcon_core.package_identification:_identify(src) by extensions ['cmake', 'python']
[1.868s] Level 1:colcon.colcon_core.package_identification:_identify(src) by extension 'cmake'
[1.868s] Level 1:colcon.colcon_core.package_identification:_identify(src) by extension 'python'
[1.868s] Level 1:colcon.colcon_core.package_identification:_identify(src) by extensions ['python_setup_py']
[1.869s] Level 1:colcon.colcon_core.package_identification:_identify(src) by extension 'python_setup_py'
[1.869s] Level 1:colcon.colcon_core.package_identification:_identify(src/py_pubsub) by extensions ['ignore', 'ignore_ament_install']
[1.870s] Level 1:colcon.colcon_core.package_identification:_identify(src/py_pubsub) by extension 'ignore'
[1.870s] Level 1:colcon.colcon_core.package_identification:_identify(src/py_pubsub) by extension 'ignore_ament_install'
[1.870s] Level 1:colcon.colcon_core.package_identification:_identify(src/py_pubsub) by extensions ['colcon_pkg']
[1.871s] Level 1:colcon.colcon_core.package_identification:_identify(src/py_pubsub) by extension 'colcon_pkg'
[1.871s] Level 1:colcon.colcon_core.package_identification:_identify(src/py_pubsub) by extensions ['colcon_meta']
[1.871s] Level 1:colcon.colcon_core.package_identification:_identify(src/py_pubsub) by extension 'colcon_meta'
[1.871s] Level 1:colcon.colcon_core.package_identification:_identify(src/py_pubsub) by extensions ['ros']
[1.872s] Level 1:colcon.colcon_core.package_identification:_identify(src/py_pubsub) by extension 'ros'
[1.884s] DEBUG:colcon.colcon_core.package_identification:Package 'src/py_pubsub' with type 'ros.ament_python' and name 'py_pubsub'
[1.884s] Level 1:colcon.colcon_core.package_identification:_identify(src/py_sign_srvcli) by extensions ['ignore', 'ignore_ament_install']
[1.885s] Level 1:colcon.colcon_core.package_identification:_identify(src/py_sign_srvcli) by extension 'ignore'
[1.885s] Level 1:colcon.colcon_core.package_identification:_identify(src/py_sign_srvcli) by extension 'ignore_ament_install'
[1.886s] Level 1:colcon.colcon_core.package_identification:_identify(src/py_sign_srvcli) by extensions ['colcon_pkg']
[1.886s] Level 1:colcon.colcon_core.package_identification:_identify(src/py_sign_srvcli) by extension 'colcon_pkg'
[1.886s] Level 1:colcon.colcon_core.package_identification:_identify(src/py_sign_srvcli) by extensions ['colcon_meta']
[1.887s] Level 1:colcon.colcon_core.package_identification:_identify(src/py_sign_srvcli) by extension 'colcon_meta'
[1.887s] Level 1:colcon.colcon_core.package_identification:_identify(src/py_sign_srvcli) by extensions ['ros']
[1.887s] Level 1:colcon.colcon_core.package_identification:_identify(src/py_sign_srvcli) by extension 'ros'
[1.891s] DEBUG:colcon.colcon_core.package_identification:Package 'src/py_sign_srvcli' with type 'ros.ament_python' and name 'py_sign_srvcli'
[1.891s] Level 1:colcon.colcon_core.package_identification:_identify(src/py_srvcli) by extensions ['ignore', 'ignore_ament_install']
[1.892s] Level 1:colcon.colcon_core.package_identification:_identify(src/py_srvcli) by extension 'ignore'
[1.892s] Level 1:colcon.colcon_core.package_identification:_identify(src/py_srvcli) by extension 'ignore_ament_install'
[1.892s] Level 1:colcon.colcon_core.package_identification:_identify(src/py_srvcli) by extensions ['colcon_pkg']
[1.893s] Level 1:colcon.colcon_core.package_identification:_identify(src/py_srvcli) by extension 'colcon_pkg'
[1.893s] Level 1:colcon.colcon_core.package_identification:_identify(src/py_srvcli) by extensions ['colcon_meta']
[1.893s] Level 1:colcon.colcon_core.package_identification:_identify(src/py_srvcli) by extension 'colcon_meta'
[1.894s] Level 1:colcon.colcon_core.package_identification:_identify(src/py_srvcli) by extensions ['ros']
[1.894s] Level 1:colcon.colcon_core.package_identification:_identify(src/py_srvcli) by extension 'ros'
[1.897s] DEBUG:colcon.colcon_core.package_identification:Package 'src/py_srvcli' with type 'ros.ament_python' and name 'py_srvcli'
[1.897s] Level 1:colcon.colcon_core.package_identification:_identify(src/py_two_pub_one_sub) by extensions ['ignore', 'ignore_ament_install']
[1.898s] Level 1:colcon.colcon_core.package_identification:_identify(src/py_two_pub_one_sub) by extension 'ignore'
[1.898s] Level 1:colcon.colcon_core.package_identification:_identify(src/py_two_pub_one_sub) by extension 'ignore_ament_install'
[1.899s] Level 1:colcon.colcon_core.package_identification:_identify(src/py_two_pub_one_sub) by extensions ['colcon_pkg']
[1.899s] Level 1:colcon.colcon_core.package_identification:_identify(src/py_two_pub_one_sub) by extension 'colcon_pkg'
[1.899s] Level 1:colcon.colcon_core.package_identification:_identify(src/py_two_pub_one_sub) by extensions ['colcon_meta']
[1.899s] Level 1:colcon.colcon_core.package_identification:_identify(src/py_two_pub_one_sub) by extension 'colcon_meta'
[1.900s] Level 1:colcon.colcon_core.package_identification:_identify(src/py_two_pub_one_sub) by extensions ['ros']
[1.900s] Level 1:colcon.colcon_core.package_identification:_identify(src/py_two_pub_one_sub) by extension 'ros'
[1.903s] DEBUG:colcon.colcon_core.package_identification:Package 'src/py_two_pub_one_sub' with type 'ros.ament_python' and name 'py_two_pub_one_sub'
[1.904s] Level 1:colcon.colcon_core.package_identification:_identify(src/tutorial_interfaces) by extensions ['ignore', 'ignore_ament_install']
[1.904s] Level 1:colcon.colcon_core.package_identification:_identify(src/tutorial_interfaces) by extension 'ignore'
[1.905s] Level 1:colcon.colcon_core.package_identification:_identify(src/tutorial_interfaces) by extension 'ignore_ament_install'
[1.905s] Level 1:colcon.colcon_core.package_identification:_identify(src/tutorial_interfaces) by extensions ['colcon_pkg']
[1.905s] Level 1:colcon.colcon_core.package_identification:_identify(src/tutorial_interfaces) by extension 'colcon_pkg'
[1.905s] Level 1:colcon.colcon_core.package_identification:_identify(src/tutorial_interfaces) by extensions ['colcon_meta']
[1.906s] Level 1:colcon.colcon_core.package_identification:_identify(src/tutorial_interfaces) by extension 'colcon_meta'
[1.906s] Level 1:colcon.colcon_core.package_identification:_identify(src/tutorial_interfaces) by extensions ['ros']
[1.906s] Level 1:colcon.colcon_core.package_identification:_identify(src/tutorial_interfaces) by extension 'ros'
[1.909s] DEBUG:colcon.colcon_core.package_identification:Package 'src/tutorial_interfaces' with type 'ros.ament_cmake' and name 'tutorial_interfaces'
[1.909s] Level 1:colcon.colcon_core.package_discovery:discover_packages(recursive) using defaults
[1.911s] Level 1:colcon.colcon_core.package_discovery:discover_packages(ignore) discover
[1.911s] Level 1:colcon.colcon_core.package_discovery:discover_packages(ignore) using defaults
[1.911s] Level 1:colcon.colcon_core.package_discovery:discover_packages(path) discover
[1.911s] Level 1:colcon.colcon_core.package_discovery:discover_packages(path) using defaults
[2.085s] Level 5:colcon.colcon_core.verb:set package 'tutorial_interfaces' build argument 'cmake_args' from command line to 'None'
[2.086s] Level 5:colcon.colcon_core.verb:set package 'tutorial_interfaces' build argument 'cmake_target' from command line to 'None'
[2.086s] Level 5:colcon.colcon_core.verb:set package 'tutorial_interfaces' build argument 'cmake_target_skip_unavailable' from command line to 'False'
[2.086s] Level 5:colcon.colcon_core.verb:set package 'tutorial_interfaces' build argument 'cmake_clean_cache' from command line to 'False'
[2.086s] Level 5:colcon.colcon_core.verb:set package 'tutorial_interfaces' build argument 'cmake_clean_first' from command line to 'False'
[2.087s] Level 5:colcon.colcon_core.verb:set package 'tutorial_interfaces' build argument 'cmake_force_configure' from command line to 'False'
[2.087s] Level 5:colcon.colcon_core.verb:set package 'tutorial_interfaces' build argument 'ament_cmake_args' from command line to 'None'
[2.087s] Level 5:colcon.colcon_core.verb:set package 'tutorial_interfaces' build argument 'catkin_cmake_args' from command line to 'None'
[2.087s] Level 5:colcon.colcon_core.verb:set package 'tutorial_interfaces' build argument 'catkin_skip_building_tests' from command line to 'False'
[2.088s] DEBUG:colcon.colcon_core.verb:Building package 'tutorial_interfaces' with the following arguments: {'ament_cmake_args': None, 'build_base': '/home/leh/test_ws/build/tutorial_interfaces', 'catkin_cmake_args': None, 'catkin_skip_building_tests': False, 'cmake_args': None, 'cmake_clean_cache': False, 'cmake_clean_first': False, 'cmake_force_configure': False, 'cmake_target': None, 'cmake_target_skip_unavailable': False, 'install_base': '/home/leh/test_ws/install/tutorial_interfaces', 'merge_install': False, 'path': '/home/leh/test_ws/src/tutorial_interfaces', 'symlink_install': False, 'test_result_base': None}
[2.110s] Level 5:colcon.colcon_core.verb:set package 'py_pubsub' build argument 'cmake_args' from command line to 'None'
[2.110s] Level 5:colcon.colcon_core.verb:set package 'py_pubsub' build argument 'cmake_target' from command line to 'None'
[2.110s] Level 5:colcon.colcon_core.verb:set package 'py_pubsub' build argument 'cmake_target_skip_unavailable' from command line to 'False'
[2.111s] Level 5:colcon.colcon_core.verb:set package 'py_pubsub' build argument 'cmake_clean_cache' from command line to 'False'
[2.111s] Level 5:colcon.colcon_core.verb:set package 'py_pubsub' build argument 'cmake_clean_first' from command line to 'False'
[2.111s] Level 5:colcon.colcon_core.verb:set package 'py_pubsub' build argument 'cmake_force_configure' from command line to 'False'
[2.111s] Level 5:colcon.colcon_core.verb:set package 'py_pubsub' build argument 'ament_cmake_args' from command line to 'None'
[2.111s] Level 5:colcon.colcon_core.verb:set package 'py_pubsub' build argument 'catkin_cmake_args' from command line to 'None'
[2.112s] Level 5:colcon.colcon_core.verb:set package 'py_pubsub' build argument 'catkin_skip_building_tests' from command line to 'False'
[2.112s] DEBUG:colcon.colcon_core.verb:Building package 'py_pubsub' with the following arguments: {'ament_cmake_args': None, 'build_base': '/home/leh/test_ws/build/py_pubsub', 'catkin_cmake_args': None, 'catkin_skip_building_tests': False, 'cmake_args': None, 'cmake_clean_cache': False, 'cmake_clean_first': False, 'cmake_force_configure': False, 'cmake_target': None, 'cmake_target_skip_unavailable': False, 'install_base': '/home/leh/test_ws/install/py_pubsub', 'merge_install': False, 'path': '/home/leh/test_ws/src/py_pubsub', 'symlink_install': False, 'test_result_base': None}
[2.138s] Level 5:colcon.colcon_core.verb:set package 'py_sign_srvcli' build argument 'cmake_args' from command line to 'None'
[2.138s] Level 5:colcon.colcon_core.verb:set package 'py_sign_srvcli' build argument 'cmake_target' from command line to 'None'
[2.138s] Level 5:colcon.colcon_core.verb:set package 'py_sign_srvcli' build argument 'cmake_target_skip_unavailable' from command line to 'False'
[2.139s] Level 5:colcon.colcon_core.verb:set package 'py_sign_srvcli' build argument 'cmake_clean_cache' from command line to 'False'
[2.139s] Level 5:colcon.colcon_core.verb:set package 'py_sign_srvcli' build argument 'cmake_clean_first' from command line to 'False'
[2.139s] Level 5:colcon.colcon_core.verb:set package 'py_sign_srvcli' build argument 'cmake_force_configure' from command line to 'False'
[2.139s] Level 5:colcon.colcon_core.verb:set package 'py_sign_srvcli' build argument 'ament_cmake_args' from command line to 'None'
[2.140s] Level 5:colcon.colcon_core.verb:set package 'py_sign_srvcli' build argument 'catkin_cmake_args' from command line to 'None'
[2.140s] Level 5:colcon.colcon_core.verb:set package 'py_sign_srvcli' build argument 'catkin_skip_building_tests' from command line to 'False'
[2.140s] DEBUG:colcon.colcon_core.verb:Building package 'py_sign_srvcli' with the following arguments: {'ament_cmake_args': None, 'build_base': '/home/leh/test_ws/build/py_sign_srvcli', 'catkin_cmake_args': None, 'catkin_skip_building_tests': False, 'cmake_args': None, 'cmake_clean_cache': False, 'cmake_clean_first': False, 'cmake_force_configure': False, 'cmake_target': None, 'cmake_target_skip_unavailable': False, 'install_base': '/home/leh/test_ws/install/py_sign_srvcli', 'merge_install': False, 'path': '/home/leh/test_ws/src/py_sign_srvcli', 'symlink_install': False, 'test_result_base': None}
[2.163s] Level 5:colcon.colcon_core.verb:set package 'py_srvcli' build argument 'cmake_args' from command line to 'None'
[2.163s] Level 5:colcon.colcon_core.verb:set package 'py_srvcli' build argument 'cmake_target' from command line to 'None'
[2.164s] Level 5:colcon.colcon_core.verb:set package 'py_srvcli' build argument 'cmake_target_skip_unavailable' from command line to 'False'
[2.164s] Level 5:colcon.colcon_core.verb:set package 'py_srvcli' build argument 'cmake_clean_cache' from command line to 'False'
[2.164s] Level 5:colcon.colcon_core.verb:set package 'py_srvcli' build argument 'cmake_clean_first' from command line to 'False'
[2.164s] Level 5:colcon.colcon_core.verb:set package 'py_srvcli' build argument 'cmake_force_configure' from command line to 'False'
[2.165s] Level 5:colcon.colcon_core.verb:set package 'py_srvcli' build argument 'ament_cmake_args' from command line to 'None'
[2.165s] Level 5:colcon.colcon_core.verb:set package 'py_srvcli' build argument 'catkin_cmake_args' from command line to 'None'
[2.165s] Level 5:colcon.colcon_core.verb:set package 'py_srvcli' build argument 'catkin_skip_building_tests' from command line to 'False'
[2.165s] DEBUG:colcon.colcon_core.verb:Building package 'py_srvcli' with the following arguments: {'ament_cmake_args': None, 'build_base': '/home/leh/test_ws/build/py_srvcli', 'catkin_cmake_args': None, 'catkin_skip_building_tests': False, 'cmake_args': None, 'cmake_clean_cache': False, 'cmake_clean_first': False, 'cmake_force_configure': False, 'cmake_target': None, 'cmake_target_skip_unavailable': False, 'install_base': '/home/leh/test_ws/install/py_srvcli', 'merge_install': False, 'path': '/home/leh/test_ws/src/py_srvcli', 'symlink_install': False, 'test_result_base': None}
[2.187s] Level 5:colcon.colcon_core.verb:set package 'py_two_pub_one_sub' build argument 'cmake_args' from command line to 'None'
[2.187s] Level 5:colcon.colcon_core.verb:set package 'py_two_pub_one_sub' build argument 'cmake_target' from command line to 'None'
[2.188s] Level 5:colcon.colcon_core.verb:set package 'py_two_pub_one_sub' build argument 'cmake_target_skip_unavailable' from command line to 'False'
[2.188s] Level 5:colcon.colcon_core.verb:set package 'py_two_pub_one_sub' build argument 'cmake_clean_cache' from command line to 'False'
[2.188s] Level 5:colcon.colcon_core.verb:set package 'py_two_pub_one_sub' build argument 'cmake_clean_first' from command line to 'False'
[2.188s] Level 5:colcon.colcon_core.verb:set package 'py_two_pub_one_sub' build argument 'cmake_force_configure' from command line to 'False'
[2.189s] Level 5:colcon.colcon_core.verb:set package 'py_two_pub_one_sub' build argument 'ament_cmake_args' from command line to 'None'
[2.189s] Level 5:colcon.colcon_core.verb:set package 'py_two_pub_one_sub' build argument 'catkin_cmake_args' from command line to 'None'
[2.189s] Level 5:colcon.colcon_core.verb:set package 'py_two_pub_one_sub' build argument 'catkin_skip_building_tests' from command line to 'False'
[2.189s] DEBUG:colcon.colcon_core.verb:Building package 'py_two_pub_one_sub' with the following arguments: {'ament_cmake_args': None, 'build_base': '/home/leh/test_ws/build/py_two_pub_one_sub', 'catkin_cmake_args': None, 'catkin_skip_building_tests': False, 'cmake_args': None, 'cmake_clean_cache': False, 'cmake_clean_first': False, 'cmake_force_configure': False, 'cmake_target': None, 'cmake_target_skip_unavailable': False, 'install_base': '/home/leh/test_ws/install/py_two_pub_one_sub', 'merge_install': False, 'path': '/home/leh/test_ws/src/py_two_pub_one_sub', 'symlink_install': False, 'test_result_base': None}
[2.192s] INFO:colcon.colcon_core.executor:Executing jobs using 'parallel' executor
[2.204s] DEBUG:colcon.colcon_parallel_executor.executor.parallel:run_until_complete
[2.206s] INFO:colcon.colcon_ros.task.ament_cmake.build:Building ROS package in '/home/leh/test_ws/src/tutorial_interfaces' with build type 'ament_cmake'
[2.207s] INFO:colcon.colcon_cmake.task.cmake.build:Building CMake package in '/home/leh/test_ws/src/tutorial_interfaces'
[2.226s] INFO:colcon.colcon_core.plugin_system:Skipping extension 'colcon_core.shell.bat': Not used on non-Windows systems
[2.227s] INFO:colcon.colcon_core.shell:Skip shell extension 'powershell' for command environment: Not usable outside of PowerShell
[2.227s] DEBUG:colcon.colcon_core.shell:Skip shell extension 'dsv' for command environment
[2.246s] DEBUG:colcon.colcon_core.shell:Ignoring prefix path '/opt/ros/dashing'
[2.277s] DEBUG:colcon.colcon_core.event_handler.log_command:Invoking command in '/home/leh/test_ws/build/tutorial_interfaces': CMAKE_PREFIX_PATH=${CMAKE_PREFIX_PATH}:/home/leh/test_ws/install/py_two_pub_one_sub:/home/leh/test_ws/install/py_srvcli:/home/leh/test_ws/install/py_sign_srvcli:/home/leh/test_ws/install/py_pubsub:/opt/ros/dashing /usr/bin/cmake --build /home/leh/test_ws/build/tutorial_interfaces -- -j4 -l4
[36.618s] DEBUG:colcon.colcon_core.event_handler.log_command:Invoked command in '/home/leh/test_ws/build/tutorial_interfaces' returned '0': CMAKE_PREFIX_PATH=${CMAKE_PREFIX_PATH}:/home/leh/test_ws/install/py_two_pub_one_sub:/home/leh/test_ws/install/py_srvcli:/home/leh/test_ws/install/py_sign_srvcli:/home/leh/test_ws/install/py_pubsub:/opt/ros/dashing /usr/bin/cmake --build /home/leh/test_ws/build/tutorial_interfaces -- -j4 -l4
[37.004s] DEBUG:colcon.colcon_core.event_handler.log_command:Invoking command in '/home/leh/test_ws/build/tutorial_interfaces': CMAKE_PREFIX_PATH=${CMAKE_PREFIX_PATH}:/home/leh/test_ws/install/py_two_pub_one_sub:/home/leh/test_ws/install/py_srvcli:/home/leh/test_ws/install/py_sign_srvcli:/home/leh/test_ws/install/py_pubsub:/opt/ros/dashing /usr/bin/cmake --build /home/leh/test_ws/build/tutorial_interfaces --target install -- -j4 -l4
[38.331s] Level 1:colcon.colcon_core.environment:create_environment_scripts_only(tutorial_interfaces)
[38.337s] DEBUG:colcon.colcon_core.event_handler.log_command:Invoked command in '/home/leh/test_ws/build/tutorial_interfaces' returned '0': CMAKE_PREFIX_PATH=${CMAKE_PREFIX_PATH}:/home/leh/test_ws/install/py_two_pub_one_sub:/home/leh/test_ws/install/py_srvcli:/home/leh/test_ws/install/py_sign_srvcli:/home/leh/test_ws/install/py_pubsub:/opt/ros/dashing /usr/bin/cmake --build /home/leh/test_ws/build/tutorial_interfaces --target install -- -j4 -l4
[38.354s] Level 1:colcon.colcon_core.environment:checking '/home/leh/test_ws/install/tutorial_interfaces' for CMake module files
[38.359s] Level 1:colcon.colcon_core.environment:checking '/home/leh/test_ws/install/tutorial_interfaces' for CMake config files
[38.361s] Level 1:colcon.colcon_core.shell:create_environment_hook('tutorial_interfaces', 'cmake_prefix_path')
[38.365s] INFO:colcon.colcon_core.shell:Creating environment hook '/home/leh/test_ws/install/tutorial_interfaces/share/tutorial_interfaces/hook/cmake_prefix_path.ps1'
[38.369s] INFO:colcon.colcon_core.shell:Creating environment descriptor '/home/leh/test_ws/install/tutorial_interfaces/share/tutorial_interfaces/hook/cmake_prefix_path.dsv'
[38.371s] INFO:colcon.colcon_core.shell:Creating environment hook '/home/leh/test_ws/install/tutorial_interfaces/share/tutorial_interfaces/hook/cmake_prefix_path.sh'
[38.378s] Level 1:colcon.colcon_core.environment:checking '/home/leh/test_ws/install/tutorial_interfaces/lib'
[38.379s] Level 1:colcon.colcon_core.shell:create_environment_hook('tutorial_interfaces', 'ld_library_path_lib')
[38.383s] INFO:colcon.colcon_core.shell:Creating environment hook '/home/leh/test_ws/install/tutorial_interfaces/share/tutorial_interfaces/hook/ld_library_path_lib.ps1'
[38.385s] INFO:colcon.colcon_core.shell:Creating environment descriptor '/home/leh/test_ws/install/tutorial_interfaces/share/tutorial_interfaces/hook/ld_library_path_lib.dsv'
[38.387s] INFO:colcon.colcon_core.shell:Creating environment hook '/home/leh/test_ws/install/tutorial_interfaces/share/tutorial_interfaces/hook/ld_library_path_lib.sh'
[38.389s] Level 1:colcon.colcon_core.environment:checking '/home/leh/test_ws/install/tutorial_interfaces/bin'
[38.389s] Level 1:colcon.colcon_core.environment:checking '/home/leh/test_ws/install/tutorial_interfaces/lib/pkgconfig/tutorial_interfaces.pc'
[38.390s] Level 1:colcon.colcon_core.environment:checking '/home/leh/test_ws/install/tutorial_interfaces/lib/python3.6/site-packages'
[38.390s] Level 1:colcon.colcon_core.shell:create_environment_hook('tutorial_interfaces', 'pythonpath')
[38.398s] INFO:colcon.colcon_core.shell:Creating environment hook '/home/leh/test_ws/install/tutorial_interfaces/share/tutorial_interfaces/hook/pythonpath.ps1'
[38.400s] INFO:colcon.colcon_core.shell:Creating environment descriptor '/home/leh/test_ws/install/tutorial_interfaces/share/tutorial_interfaces/hook/pythonpath.dsv'
[38.402s] INFO:colcon.colcon_core.shell:Creating environment hook '/home/leh/test_ws/install/tutorial_interfaces/share/tutorial_interfaces/hook/pythonpath.sh'
[38.413s] INFO:colcon.colcon_core.shell:Creating package script '/home/leh/test_ws/install/tutorial_interfaces/share/tutorial_interfaces/package.ps1'
[38.420s] INFO:colcon.colcon_core.shell:Creating package descriptor '/home/leh/test_ws/install/tutorial_interfaces/share/tutorial_interfaces/package.dsv'
[38.430s] INFO:colcon.colcon_core.shell:Creating package script '/home/leh/test_ws/install/tutorial_interfaces/share/tutorial_interfaces/package.sh'
[38.443s] INFO:colcon.colcon_core.shell:Creating package script '/home/leh/test_ws/install/tutorial_interfaces/share/tutorial_interfaces/package.bash'
[38.450s] INFO:colcon.colcon_core.shell:Creating package script '/home/leh/test_ws/install/tutorial_interfaces/share/tutorial_interfaces/package.zsh'
[38.455s] Level 1:colcon.colcon_core.environment:create_file_with_runtime_dependencies(/home/leh/test_ws/install/tutorial_interfaces/share/colcon-core/packages/tutorial_interfaces)
[38.828s] Level 1:colcon.colcon_core.environment:create_environment_scripts_only(tutorial_interfaces)
[38.834s] Level 1:colcon.colcon_core.environment:checking '/home/leh/test_ws/install/tutorial_interfaces' for CMake module files
[38.838s] Level 1:colcon.colcon_core.environment:checking '/home/leh/test_ws/install/tutorial_interfaces' for CMake config files
[38.840s] Level 1:colcon.colcon_core.shell:create_environment_hook('tutorial_interfaces', 'cmake_prefix_path')
[38.844s] INFO:colcon.colcon_core.shell:Creating environment hook '/home/leh/test_ws/install/tutorial_interfaces/share/tutorial_interfaces/hook/cmake_prefix_path.ps1'
[38.924s] INFO:colcon.colcon_core.shell:Creating environment descriptor '/home/leh/test_ws/install/tutorial_interfaces/share/tutorial_interfaces/hook/cmake_prefix_path.dsv'
[38.928s] INFO:colcon.colcon_core.shell:Creating environment hook '/home/leh/test_ws/install/tutorial_interfaces/share/tutorial_interfaces/hook/cmake_prefix_path.sh'
[38.932s] Level 1:colcon.colcon_core.environment:checking '/home/leh/test_ws/install/tutorial_interfaces/lib'
[38.933s] Level 1:colcon.colcon_core.shell:create_environment_hook('tutorial_interfaces', 'ld_library_path_lib')
[38.937s] INFO:colcon.colcon_core.shell:Creating environment hook '/home/leh/test_ws/install/tutorial_interfaces/share/tutorial_interfaces/hook/ld_library_path_lib.ps1'
[38.939s] INFO:colcon.colcon_core.shell:Creating environment descriptor '/home/leh/test_ws/install/tutorial_interfaces/share/tutorial_interfaces/hook/ld_library_path_lib.dsv'
[38.941s] INFO:colcon.colcon_core.shell:Creating environment hook '/home/leh/test_ws/install/tutorial_interfaces/share/tutorial_interfaces/hook/ld_library_path_lib.sh'
[38.942s] Level 1:colcon.colcon_core.environment:checking '/home/leh/test_ws/install/tutorial_interfaces/bin'
[38.943s] Level 1:colcon.colcon_core.environment:checking '/home/leh/test_ws/install/tutorial_interfaces/lib/pkgconfig/tutorial_interfaces.pc'
[38.943s] Level 1:colcon.colcon_core.environment:checking '/home/leh/test_ws/install/tutorial_interfaces/lib/python3.6/site-packages'
[38.943s] Level 1:colcon.colcon_core.shell:create_environment_hook('tutorial_interfaces', 'pythonpath')
[38.947s] INFO:colcon.colcon_core.shell:Creating environment hook '/home/leh/test_ws/install/tutorial_interfaces/share/tutorial_interfaces/hook/pythonpath.ps1'
[38.949s] INFO:colcon.colcon_core.shell:Creating environment descriptor '/home/leh/test_ws/install/tutorial_interfaces/share/tutorial_interfaces/hook/pythonpath.dsv'
[38.952s] INFO:colcon.colcon_core.shell:Creating environment hook '/home/leh/test_ws/install/tutorial_interfaces/share/tutorial_interfaces/hook/pythonpath.sh'
[38.959s] INFO:colcon.colcon_core.shell:Creating package script '/home/leh/test_ws/install/tutorial_interfaces/share/tutorial_interfaces/package.ps1'
[38.962s] INFO:colcon.colcon_core.shell:Creating package descriptor '/home/leh/test_ws/install/tutorial_interfaces/share/tutorial_interfaces/package.dsv'
[38.965s] INFO:colcon.colcon_core.shell:Creating package script '/home/leh/test_ws/install/tutorial_interfaces/share/tutorial_interfaces/package.sh'
[38.969s] INFO:colcon.colcon_core.shell:Creating package script '/home/leh/test_ws/install/tutorial_interfaces/share/tutorial_interfaces/package.bash'
[38.971s] INFO:colcon.colcon_core.shell:Creating package script '/home/leh/test_ws/install/tutorial_interfaces/share/tutorial_interfaces/package.zsh'
[38.973s] Level 1:colcon.colcon_core.environment:create_file_with_runtime_dependencies(/home/leh/test_ws/install/tutorial_interfaces/share/colcon-core/packages/tutorial_interfaces)
[38.975s] INFO:colcon.colcon_ros.task.ament_python.build:Building ROS package in '/home/leh/test_ws/src/py_pubsub' with build type 'ament_python'
[38.976s] Level 1:colcon.colcon_core.shell:create_environment_hook('py_pubsub', 'ament_prefix_path')
[38.980s] INFO:colcon.colcon_core.shell:Creating environment hook '/home/leh/test_ws/install/py_pubsub/share/py_pubsub/hook/ament_prefix_path.ps1'
[38.984s] INFO:colcon.colcon_core.shell:Creating environment descriptor '/home/leh/test_ws/install/py_pubsub/share/py_pubsub/hook/ament_prefix_path.dsv'
[38.986s] INFO:colcon.colcon_core.shell:Creating environment hook '/home/leh/test_ws/install/py_pubsub/share/py_pubsub/hook/ament_prefix_path.sh'
[38.992s] INFO:colcon.colcon_core.shell:Skip shell extension 'powershell' for command environment: Not usable outside of PowerShell
[38.992s] DEBUG:colcon.colcon_core.shell:Skip shell extension 'dsv' for command environment
[39.007s] DEBUG:colcon.colcon_core.shell:Ignoring prefix path '/opt/ros/dashing'
[39.017s] INFO:colcon.colcon_ros.task.ament_python.build:Building ROS package in '/home/leh/test_ws/src/py_sign_srvcli' with build type 'ament_python'
[39.018s] Level 1:colcon.colcon_core.shell:create_environment_hook('py_sign_srvcli', 'ament_prefix_path')
[39.024s] INFO:colcon.colcon_core.shell:Creating environment hook '/home/leh/test_ws/install/py_sign_srvcli/share/py_sign_srvcli/hook/ament_prefix_path.ps1'
[39.028s] INFO:colcon.colcon_core.shell:Creating environment descriptor '/home/leh/test_ws/install/py_sign_srvcli/share/py_sign_srvcli/hook/ament_prefix_path.dsv'
[39.030s] INFO:colcon.colcon_core.shell:Creating environment hook '/home/leh/test_ws/install/py_sign_srvcli/share/py_sign_srvcli/hook/ament_prefix_path.sh'
[39.037s] INFO:colcon.colcon_core.shell:Skip shell extension 'powershell' for command environment: Not usable outside of PowerShell
[39.037s] DEBUG:colcon.colcon_core.shell:Skip shell extension 'dsv' for command environment
[39.055s] DEBUG:colcon.colcon_core.shell:Ignoring prefix path '/opt/ros/dashing'
[39.066s] INFO:colcon.colcon_ros.task.ament_python.build:Building ROS package in '/home/leh/test_ws/src/py_srvcli' with build type 'ament_python'
[39.068s] Level 1:colcon.colcon_core.shell:create_environment_hook('py_srvcli', 'ament_prefix_path')
[39.076s] INFO:colcon.colcon_core.shell:Creating environment hook '/home/leh/test_ws/install/py_srvcli/share/py_srvcli/hook/ament_prefix_path.ps1'
[39.079s] INFO:colcon.colcon_core.shell:Creating environment descriptor '/home/leh/test_ws/install/py_srvcli/share/py_srvcli/hook/ament_prefix_path.dsv'
[39.081s] INFO:colcon.colcon_core.shell:Creating environment hook '/home/leh/test_ws/install/py_srvcli/share/py_srvcli/hook/ament_prefix_path.sh'
[39.086s] INFO:colcon.colcon_core.shell:Skip shell extension 'powershell' for command environment: Not usable outside of PowerShell
[39.087s] DEBUG:colcon.colcon_core.shell:Skip shell extension 'dsv' for command environment
[39.101s] DEBUG:colcon.colcon_core.shell:Ignoring prefix path '/opt/ros/dashing'
[39.112s] INFO:colcon.colcon_ros.task.ament_python.build:Building ROS package in '/home/leh/test_ws/src/py_two_pub_one_sub' with build type 'ament_python'
[39.113s] Level 1:colcon.colcon_core.shell:create_environment_hook('py_two_pub_one_sub', 'ament_prefix_path')
[39.118s] INFO:colcon.colcon_core.shell:Creating environment hook '/home/leh/test_ws/install/py_two_pub_one_sub/share/py_two_pub_one_sub/hook/ament_prefix_path.ps1'
[39.121s] INFO:colcon.colcon_core.shell:Creating environment descriptor '/home/leh/test_ws/install/py_two_pub_one_sub/share/py_two_pub_one_sub/hook/ament_prefix_path.dsv'
[39.123s] INFO:colcon.colcon_core.shell:Creating environment hook '/home/leh/test_ws/install/py_two_pub_one_sub/share/py_two_pub_one_sub/hook/ament_prefix_path.sh'
[39.129s] INFO:colcon.colcon_core.shell:Skip shell extension 'powershell' for command environment: Not usable outside of PowerShell
[39.129s] DEBUG:colcon.colcon_core.shell:Skip shell extension 'dsv' for command environment
[39.144s] DEBUG:colcon.colcon_core.shell:Ignoring prefix path '/opt/ros/dashing'
[40.793s] INFO:colcon.colcon_core.task.python.build:Building Python package in '/home/leh/test_ws/src/py_pubsub'
[40.798s] INFO:colcon.colcon_core.shell:Skip shell extension 'powershell' for command environment: Not usable outside of PowerShell
[40.798s] DEBUG:colcon.colcon_core.shell:Skip shell extension 'dsv' for command environment
[40.815s] DEBUG:colcon.colcon_core.shell:Ignoring prefix path '/opt/ros/dashing'
[42.352s] INFO:colcon.colcon_core.task.python.build:Building Python package in '/home/leh/test_ws/src/py_sign_srvcli'
[42.357s] INFO:colcon.colcon_core.shell:Skip shell extension 'powershell' for command environment: Not usable outside of PowerShell
[42.357s] DEBUG:colcon.colcon_core.shell:Skip shell extension 'dsv' for command environment
[42.373s] DEBUG:colcon.colcon_core.shell:Ignoring prefix path '/opt/ros/dashing'
[43.987s] INFO:colcon.colcon_core.task.python.build:Building Python package in '/home/leh/test_ws/src/py_srvcli'
[43.992s] INFO:colcon.colcon_core.shell:Skip shell extension 'powershell' for command environment: Not usable outside of PowerShell
[43.992s] DEBUG:colcon.colcon_core.shell:Skip shell extension 'dsv' for command environment
[44.009s] DEBUG:colcon.colcon_core.shell:Ignoring prefix path '/opt/ros/dashing'
[45.473s] INFO:colcon.colcon_core.task.python.build:Building Python package in '/home/leh/test_ws/src/py_two_pub_one_sub'
[45.478s] INFO:colcon.colcon_core.shell:Skip shell extension 'powershell' for command environment: Not usable outside of PowerShell
[45.478s] DEBUG:colcon.colcon_core.shell:Skip shell extension 'dsv' for command environment
[45.493s] DEBUG:colcon.colcon_core.shell:Ignoring prefix path '/opt/ros/dashing'
[45.524s] DEBUG:colcon.colcon_core.event_handler.log_command:Invoking command in '/home/leh/test_ws/src/py_pubsub': PYTHONPATH=/home/leh/test_ws/install/py_pubsub/lib/python3.6/site-packages:/home/leh/test_ws/install/tutorial_interfaces/lib/python3.6/site-packages:/home/leh/test_ws/install/py_two_pub_one_sub/lib/python3.6/site-packages:/home/leh/test_ws/install/py_srvcli/lib/python3.6/site-packages:/home/leh/test_ws/install/py_sign_srvcli/lib/python3.6/site-packages:/home/leh/test_ws/install/py_pubsub/lib/python3.6/site-packages:/opt/ros/dashing/lib/python3.6/site-packages /usr/bin/python3 setup.py egg_info --egg-base ../../build/py_pubsub build --build-base /home/leh/test_ws/build/py_pubsub/build install --prefix /home/leh/test_ws/install/py_pubsub --record /home/leh/test_ws/build/py_pubsub/install.log --single-version-externally-managed
[45.543s] DEBUG:colcon.colcon_core.event_handler.log_command:Invoking command in '/home/leh/test_ws/src/py_sign_srvcli': PYTHONPATH=/home/leh/test_ws/install/py_sign_srvcli/lib/python3.6/site-packages:/home/leh/test_ws/install/tutorial_interfaces/lib/python3.6/site-packages:/home/leh/test_ws/install/py_two_pub_one_sub/lib/python3.6/site-packages:/home/leh/test_ws/install/py_srvcli/lib/python3.6/site-packages:/home/leh/test_ws/install/py_sign_srvcli/lib/python3.6/site-packages:/home/leh/test_ws/install/py_pubsub/lib/python3.6/site-packages:/opt/ros/dashing/lib/python3.6/site-packages /usr/bin/python3 setup.py egg_info --egg-base ../../build/py_sign_srvcli build --build-base /home/leh/test_ws/build/py_sign_srvcli/build install --prefix /home/leh/test_ws/install/py_sign_srvcli --record /home/leh/test_ws/build/py_sign_srvcli/install.log --single-version-externally-managed
[45.581s] DEBUG:colcon.colcon_core.event_handler.log_command:Invoking command in '/home/leh/test_ws/src/py_srvcli': PYTHONPATH=/home/leh/test_ws/install/py_srvcli/lib/python3.6/site-packages:/home/leh/test_ws/install/tutorial_interfaces/lib/python3.6/site-packages:/home/leh/test_ws/install/py_two_pub_one_sub/lib/python3.6/site-packages:/home/leh/test_ws/install/py_srvcli/lib/python3.6/site-packages:/home/leh/test_ws/install/py_sign_srvcli/lib/python3.6/site-packages:/home/leh/test_ws/install/py_pubsub/lib/python3.6/site-packages:/opt/ros/dashing/lib/python3.6/site-packages /usr/bin/python3 setup.py egg_info --egg-base ../../build/py_srvcli build --build-base /home/leh/test_ws/build/py_srvcli/build install --prefix /home/leh/test_ws/install/py_srvcli --record /home/leh/test_ws/build/py_srvcli/install.log --single-version-externally-managed
[45.604s] DEBUG:colcon.colcon_core.event_handler.log_command:Invoking command in '/home/leh/test_ws/src/py_two_pub_one_sub': PYTHONPATH=/home/leh/test_ws/install/py_two_pub_one_sub/lib/python3.6/site-packages:/home/leh/test_ws/install/tutorial_interfaces/lib/python3.6/site-packages:/home/leh/test_ws/install/py_two_pub_one_sub/lib/python3.6/site-packages:/home/leh/test_ws/install/py_srvcli/lib/python3.6/site-packages:/home/leh/test_ws/install/py_sign_srvcli/lib/python3.6/site-packages:/home/leh/test_ws/install/py_pubsub/lib/python3.6/site-packages:/opt/ros/dashing/lib/python3.6/site-packages /usr/bin/python3 setup.py egg_info --egg-base ../../build/py_two_pub_one_sub build --build-base /home/leh/test_ws/build/py_two_pub_one_sub/build install --prefix /home/leh/test_ws/install/py_two_pub_one_sub --record /home/leh/test_ws/build/py_two_pub_one_sub/install.log --single-version-externally-managed
[47.631s] DEBUG:colcon.colcon_core.event_handler.log_command:Invoked command in '/home/leh/test_ws/src/py_sign_srvcli' returned '0': PYTHONPATH=/home/leh/test_ws/install/py_sign_srvcli/lib/python3.6/site-packages:/home/leh/test_ws/install/tutorial_interfaces/lib/python3.6/site-packages:/home/leh/test_ws/install/py_two_pub_one_sub/lib/python3.6/site-packages:/home/leh/test_ws/install/py_srvcli/lib/python3.6/site-packages:/home/leh/test_ws/install/py_sign_srvcli/lib/python3.6/site-packages:/home/leh/test_ws/install/py_pubsub/lib/python3.6/site-packages:/opt/ros/dashing/lib/python3.6/site-packages /usr/bin/python3 setup.py egg_info --egg-base ../../build/py_sign_srvcli build --build-base /home/leh/test_ws/build/py_sign_srvcli/build install --prefix /home/leh/test_ws/install/py_sign_srvcli --record /home/leh/test_ws/build/py_sign_srvcli/install.log --single-version-externally-managed
[47.635s] Level 1:colcon.colcon_core.environment:checking '/home/leh/test_ws/install/py_sign_srvcli' for CMake module files
[47.644s] Level 1:colcon.colcon_core.environment:checking '/home/leh/test_ws/install/py_sign_srvcli' for CMake config files
[47.652s] Level 1:colcon.colcon_core.environment:checking '/home/leh/test_ws/install/py_sign_srvcli/lib'
[47.653s] Level 1:colcon.colcon_core.environment:checking '/home/leh/test_ws/install/py_sign_srvcli/bin'
[47.653s] Level 1:colcon.colcon_core.environment:checking '/home/leh/test_ws/install/py_sign_srvcli/lib/pkgconfig/py_sign_srvcli.pc'
[47.654s] Level 1:colcon.colcon_core.environment:checking '/home/leh/test_ws/install/py_sign_srvcli/lib/python3.6/site-packages'
[47.654s] Level 1:colcon.colcon_core.shell:create_environment_hook('py_sign_srvcli', 'pythonpath')
[47.659s] INFO:colcon.colcon_core.shell:Creating environment hook '/home/leh/test_ws/install/py_sign_srvcli/share/py_sign_srvcli/hook/pythonpath.ps1'
[47.671s] INFO:colcon.colcon_core.shell:Creating environment descriptor '/home/leh/test_ws/install/py_sign_srvcli/share/py_sign_srvcli/hook/pythonpath.dsv'
[47.677s] INFO:colcon.colcon_core.shell:Creating environment hook '/home/leh/test_ws/install/py_sign_srvcli/share/py_sign_srvcli/hook/pythonpath.sh'
[47.684s] Level 1:colcon.colcon_core.environment:create_environment_scripts_only(py_sign_srvcli)
[47.703s] INFO:colcon.colcon_core.shell:Creating package script '/home/leh/test_ws/install/py_sign_srvcli/share/py_sign_srvcli/package.ps1'
[47.712s] INFO:colcon.colcon_core.shell:Creating package descriptor '/home/leh/test_ws/install/py_sign_srvcli/share/py_sign_srvcli/package.dsv'
[47.715s] INFO:colcon.colcon_core.shell:Creating package script '/home/leh/test_ws/install/py_sign_srvcli/share/py_sign_srvcli/package.sh'
[47.727s] INFO:colcon.colcon_core.shell:Creating package script '/home/leh/test_ws/install/py_sign_srvcli/share/py_sign_srvcli/package.bash'
[47.730s] INFO:colcon.colcon_core.shell:Creating package script '/home/leh/test_ws/install/py_sign_srvcli/share/py_sign_srvcli/package.zsh'
[47.732s] Level 1:colcon.colcon_core.environment:create_file_with_runtime_dependencies(/home/leh/test_ws/install/py_sign_srvcli/share/colcon-core/packages/py_sign_srvcli)
[47.751s] Level 1:colcon.colcon_core.environment:checking '/home/leh/test_ws/install/py_srvcli' for CMake module files
[47.755s] DEBUG:colcon.colcon_core.event_handler.log_command:Invoked command in '/home/leh/test_ws/src/py_srvcli' returned '0': PYTHONPATH=/home/leh/test_ws/install/py_srvcli/lib/python3.6/site-packages:/home/leh/test_ws/install/tutorial_interfaces/lib/python3.6/site-packages:/home/leh/test_ws/install/py_two_pub_one_sub/lib/python3.6/site-packages:/home/leh/test_ws/install/py_srvcli/lib/python3.6/site-packages:/home/leh/test_ws/install/py_sign_srvcli/lib/python3.6/site-packages:/home/leh/test_ws/install/py_pubsub/lib/python3.6/site-packages:/opt/ros/dashing/lib/python3.6/site-packages /usr/bin/python3 setup.py egg_info --egg-base ../../build/py_srvcli build --build-base /home/leh/test_ws/build/py_srvcli/build install --prefix /home/leh/test_ws/install/py_srvcli --record /home/leh/test_ws/build/py_srvcli/install.log --single-version-externally-managed
[47.757s] Level 1:colcon.colcon_core.environment:checking '/home/leh/test_ws/install/py_srvcli' for CMake config files
[47.761s] Level 1:colcon.colcon_core.environment:checking '/home/leh/test_ws/install/py_srvcli/lib'
[47.762s] Level 1:colcon.colcon_core.environment:checking '/home/leh/test_ws/install/py_srvcli/bin'
[47.762s] Level 1:colcon.colcon_core.environment:checking '/home/leh/test_ws/install/py_srvcli/lib/pkgconfig/py_srvcli.pc'
[47.763s] Level 1:colcon.colcon_core.environment:checking '/home/leh/test_ws/install/py_srvcli/lib/python3.6/site-packages'
[47.763s] Level 1:colcon.colcon_core.shell:create_environment_hook('py_srvcli', 'pythonpath')
[47.767s] INFO:colcon.colcon_core.shell:Creating environment hook '/home/leh/test_ws/install/py_srvcli/share/py_srvcli/hook/pythonpath.ps1'
[47.769s] INFO:colcon.colcon_core.shell:Creating environment descriptor '/home/leh/test_ws/install/py_srvcli/share/py_srvcli/hook/pythonpath.dsv'
[47.771s] INFO:colcon.colcon_core.shell:Creating environment hook '/home/leh/test_ws/install/py_srvcli/share/py_srvcli/hook/pythonpath.sh'
[47.773s] Level 1:colcon.colcon_core.environment:create_environment_scripts_only(py_srvcli)
[47.778s] INFO:colcon.colcon_core.shell:Creating package script '/home/leh/test_ws/install/py_srvcli/share/py_srvcli/package.ps1'
[47.781s] INFO:colcon.colcon_core.shell:Creating package descriptor '/home/leh/test_ws/install/py_srvcli/share/py_srvcli/package.dsv'
[47.784s] INFO:colcon.colcon_core.shell:Creating package script '/home/leh/test_ws/install/py_srvcli/share/py_srvcli/package.sh'
[47.787s] INFO:colcon.colcon_core.shell:Creating package script '/home/leh/test_ws/install/py_srvcli/share/py_srvcli/package.bash'
[47.789s] INFO:colcon.colcon_core.shell:Creating package script '/home/leh/test_ws/install/py_srvcli/share/py_srvcli/package.zsh'
[47.790s] Level 1:colcon.colcon_core.environment:create_file_with_runtime_dependencies(/home/leh/test_ws/install/py_srvcli/share/colcon-core/packages/py_srvcli)
[47.806s] DEBUG:colcon.colcon_core.event_handler.log_command:Invoked command in '/home/leh/test_ws/src/py_two_pub_one_sub' returned '0': PYTHONPATH=/home/leh/test_ws/install/py_two_pub_one_sub/lib/python3.6/site-packages:/home/leh/test_ws/install/tutorial_interfaces/lib/python3.6/site-packages:/home/leh/test_ws/install/py_two_pub_one_sub/lib/python3.6/site-packages:/home/leh/test_ws/install/py_srvcli/lib/python3.6/site-packages:/home/leh/test_ws/install/py_sign_srvcli/lib/python3.6/site-packages:/home/leh/test_ws/install/py_pubsub/lib/python3.6/site-packages:/opt/ros/dashing/lib/python3.6/site-packages /usr/bin/python3 setup.py egg_info --egg-base ../../build/py_two_pub_one_sub build --build-base /home/leh/test_ws/build/py_two_pub_one_sub/build install --prefix /home/leh/test_ws/install/py_two_pub_one_sub --record /home/leh/test_ws/build/py_two_pub_one_sub/install.log --single-version-externally-managed
[47.808s] Level 1:colcon.colcon_core.environment:checking '/home/leh/test_ws/install/py_two_pub_one_sub' for CMake module files
[47.811s] Level 1:colcon.colcon_core.environment:checking '/home/leh/test_ws/install/py_two_pub_one_sub' for CMake config files
[47.816s] Level 1:colcon.colcon_core.environment:checking '/home/leh/test_ws/install/py_two_pub_one_sub/lib'
[47.816s] Level 1:colcon.colcon_core.environment:checking '/home/leh/test_ws/install/py_two_pub_one_sub/bin'
[47.817s] Level 1:colcon.colcon_core.environment:checking '/home/leh/test_ws/install/py_two_pub_one_sub/lib/pkgconfig/py_two_pub_one_sub.pc'
[47.817s] Level 1:colcon.colcon_core.environment:checking '/home/leh/test_ws/install/py_two_pub_one_sub/lib/python3.6/site-packages'
[47.818s] Level 1:colcon.colcon_core.shell:create_environment_hook('py_two_pub_one_sub', 'pythonpath')
[47.822s] INFO:colcon.colcon_core.shell:Creating environment hook '/home/leh/test_ws/install/py_two_pub_one_sub/share/py_two_pub_one_sub/hook/pythonpath.ps1'
[47.825s] INFO:colcon.colcon_core.shell:Creating environment descriptor '/home/leh/test_ws/install/py_two_pub_one_sub/share/py_two_pub_one_sub/hook/pythonpath.dsv'
[47.827s] INFO:colcon.colcon_core.shell:Creating environment hook '/home/leh/test_ws/install/py_two_pub_one_sub/share/py_two_pub_one_sub/hook/pythonpath.sh'
[47.829s] Level 1:colcon.colcon_core.environment:create_environment_scripts_only(py_two_pub_one_sub)
[47.835s] INFO:colcon.colcon_core.shell:Creating package script '/home/leh/test_ws/install/py_two_pub_one_sub/share/py_two_pub_one_sub/package.ps1'
[47.837s] INFO:colcon.colcon_core.shell:Creating package descriptor '/home/leh/test_ws/install/py_two_pub_one_sub/share/py_two_pub_one_sub/package.dsv'
[47.843s] INFO:colcon.colcon_core.shell:Creating package script '/home/leh/test_ws/install/py_two_pub_one_sub/share/py_two_pub_one_sub/package.sh'
[47.846s] INFO:colcon.colcon_core.shell:Creating package script '/home/leh/test_ws/install/py_two_pub_one_sub/share/py_two_pub_one_sub/package.bash'
[47.849s] INFO:colcon.colcon_core.shell:Creating package script '/home/leh/test_ws/install/py_two_pub_one_sub/share/py_two_pub_one_sub/package.zsh'
[47.851s] Level 1:colcon.colcon_core.environment:create_file_with_runtime_dependencies(/home/leh/test_ws/install/py_two_pub_one_sub/share/colcon-core/packages/py_two_pub_one_sub)
[47.956s] Level 1:colcon.colcon_core.environment:checking '/home/leh/test_ws/install/py_pubsub' for CMake module files
[47.959s] DEBUG:colcon.colcon_core.event_handler.log_command:Invoked command in '/home/leh/test_ws/src/py_pubsub' returned '0': PYTHONPATH=/home/leh/test_ws/install/py_pubsub/lib/python3.6/site-packages:/home/leh/test_ws/install/tutorial_interfaces/lib/python3.6/site-packages:/home/leh/test_ws/install/py_two_pub_one_sub/lib/python3.6/site-packages:/home/leh/test_ws/install/py_srvcli/lib/python3.6/site-packages:/home/leh/test_ws/install/py_sign_srvcli/lib/python3.6/site-packages:/home/leh/test_ws/install/py_pubsub/lib/python3.6/site-packages:/opt/ros/dashing/lib/python3.6/site-packages /usr/bin/python3 setup.py egg_info --egg-base ../../build/py_pubsub build --build-base /home/leh/test_ws/build/py_pubsub/build install --prefix /home/leh/test_ws/install/py_pubsub --record /home/leh/test_ws/build/py_pubsub/install.log --single-version-externally-managed
[47.961s] Level 1:colcon.colcon_core.environment:checking '/home/leh/test_ws/install/py_pubsub' for CMake config files
[47.965s] Level 1:colcon.colcon_core.environment:checking '/home/leh/test_ws/install/py_pubsub/lib'
[47.965s] Level 1:colcon.colcon_core.environment:checking '/home/leh/test_ws/install/py_pubsub/bin'
[47.966s] Level 1:colcon.colcon_core.environment:checking '/home/leh/test_ws/install/py_pubsub/lib/pkgconfig/py_pubsub.pc'
[47.966s] Level 1:colcon.colcon_core.environment:checking '/home/leh/test_ws/install/py_pubsub/lib/python3.6/site-packages'
[47.967s] Level 1:colcon.colcon_core.shell:create_environment_hook('py_pubsub', 'pythonpath')
[47.971s] INFO:colcon.colcon_core.shell:Creating environment hook '/home/leh/test_ws/install/py_pubsub/share/py_pubsub/hook/pythonpath.ps1'
[47.973s] INFO:colcon.colcon_core.shell:Creating environment descriptor '/home/leh/test_ws/install/py_pubsub/share/py_pubsub/hook/pythonpath.dsv'
[47.974s] INFO:colcon.colcon_core.shell:Creating environment hook '/home/leh/test_ws/install/py_pubsub/share/py_pubsub/hook/pythonpath.sh'
[47.976s] Level 1:colcon.colcon_core.environment:create_environment_scripts_only(py_pubsub)
[47.981s] INFO:colcon.colcon_core.shell:Creating package script '/home/leh/test_ws/install/py_pubsub/share/py_pubsub/package.ps1'
[47.984s] INFO:colcon.colcon_core.shell:Creating package descriptor '/home/leh/test_ws/install/py_pubsub/share/py_pubsub/package.dsv'
[47.987s] INFO:colcon.colcon_core.shell:Creating package script '/home/leh/test_ws/install/py_pubsub/share/py_pubsub/package.sh'
[47.989s] INFO:colcon.colcon_core.shell:Creating package script '/home/leh/test_ws/install/py_pubsub/share/py_pubsub/package.bash'
[47.991s] INFO:colcon.colcon_core.shell:Creating package script '/home/leh/test_ws/install/py_pubsub/share/py_pubsub/package.zsh'
[47.993s] Level 1:colcon.colcon_core.environment:create_file_with_runtime_dependencies(/home/leh/test_ws/install/py_pubsub/share/colcon-core/packages/py_pubsub)
[47.997s] DEBUG:colcon.colcon_parallel_executor.executor.parallel:closing loop
[48.002s] DEBUG:colcon.colcon_parallel_executor.executor.parallel:loop closed
[48.002s] DEBUG:colcon.colcon_parallel_executor.executor.parallel:run_until_complete finished with '0'
[48.002s] DEBUG:colcon.colcon_core.event_reactor:joining thread
[48.039s] INFO:colcon.colcon_core.plugin_system:Skipping extension 'colcon_notification.desktop_notification.terminal_notifier': Not used on non-Darwin systems
[48.040s] INFO:colcon.colcon_core.plugin_system:Skipping extension 'colcon_notification.desktop_notification.win32': Not used on non-Windows systems
[48.040s] INFO:colcon.colcon_notification.desktop_notification:Sending desktop notification using 'notify2'
[48.070s] DEBUG:colcon.colcon_core.event_reactor:joined thread
[48.075s] INFO:colcon.colcon_core.shell:Creating prefix script '/home/leh/test_ws/install/local_setup.ps1'
[48.081s] INFO:colcon.colcon_core.shell:Creating prefix util module '/home/leh/test_ws/install/_local_setup_util_ps1.py'
[48.090s] INFO:colcon.colcon_core.shell:Creating prefix chain script '/home/leh/test_ws/install/setup.ps1'
[48.107s] INFO:colcon.colcon_core.shell:Creating prefix script '/home/leh/test_ws/install/local_setup.sh'
[48.111s] INFO:colcon.colcon_core.shell:Creating prefix util module '/home/leh/test_ws/install/_local_setup_util_sh.py'
[48.113s] INFO:colcon.colcon_core.shell:Creating prefix chain script '/home/leh/test_ws/install/setup.sh'
[48.131s] INFO:colcon.colcon_core.shell:Creating prefix script '/home/leh/test_ws/install/local_setup.bash'
[48.134s] INFO:colcon.colcon_core.shell:Creating prefix chain script '/home/leh/test_ws/install/setup.bash'
[48.151s] INFO:colcon.colcon_core.shell:Creating prefix script '/home/leh/test_ws/install/local_setup.zsh'
[48.154s] INFO:colcon.colcon_core.shell:Creating prefix chain script '/home/leh/test_ws/install/setup.zsh'
