[6.707s] Invoking command in '/home/leh/test_ws/src/py_pubsub': AMENT_PREFIX_PATH=/home/leh/test_ws/install/tutorial_interfaces:${AMENT_PREFIX_PATH} CMAKE_PREFIX_PATH=/home/leh/test_ws/install/tutorial_interfaces LD_LIBRARY_PATH=/home/leh/test_ws/install/tutorial_interfaces/lib:${LD_LIBRARY_PATH} PYTHONPATH=/home/leh/test_ws/install/py_pubsub/lib/python3.6/site-packages:/home/leh/test_ws/install/tutorial_interfaces/lib/python3.6/site-packages:${PYTHONPATH} /usr/bin/python3 setup.py egg_info --egg-base ../../build/py_pubsub build --build-base /home/leh/test_ws/build/py_pubsub/build install --prefix /home/leh/test_ws/install/py_pubsub --record /home/leh/test_ws/build/py_pubsub/install.log --single-version-externally-managed
[8.555s] /home/leh/.local/lib/python3.6/site-packages/setuptools/dist.py:720: UserWarning: Usage of dash-separated 'script-dir' will not be supported in future versions. Please use the underscore name 'script_dir' instead
[8.556s]   % (opt, underscore_opt)
[8.557s] /home/leh/.local/lib/python3.6/site-packages/setuptools/dist.py:720: UserWarning: Usage of dash-separated 'install-scripts' will not be supported in future versions. Please use the underscore name 'install_scripts' instead
[8.558s]   % (opt, underscore_opt)
[8.853s] running egg_info
[8.857s] writing ../../build/py_pubsub/py_pubsub.egg-info/PKG-INFO
[8.858s] writing dependency_links to ../../build/py_pubsub/py_pubsub.egg-info/dependency_links.txt
[8.859s] writing entry points to ../../build/py_pubsub/py_pubsub.egg-info/entry_points.txt
[8.859s] writing requirements to ../../build/py_pubsub/py_pubsub.egg-info/requires.txt
[8.860s] writing top-level names to ../../build/py_pubsub/py_pubsub.egg-info/top_level.txt
[8.881s] reading manifest file '../../build/py_pubsub/py_pubsub.egg-info/SOURCES.txt'
[8.888s] writing manifest file '../../build/py_pubsub/py_pubsub.egg-info/SOURCES.txt'
[8.890s] running build
[8.891s] running build_py
[8.892s] /home/leh/.local/lib/python3.6/site-packages/setuptools/command/install.py:37: SetuptoolsDeprecationWarning: setup.py install is deprecated. Use build and pip and other standards-based tools.
[8.893s]   setuptools.SetuptoolsDeprecationWarning,
[8.894s] running install
[8.894s] running install_lib
[8.901s] running install_data
[8.904s] running install_egg_info
[8.915s] removing '/home/leh/test_ws/install/py_pubsub/lib/python3.6/site-packages/py_pubsub-0.0.0-py3.6.egg-info' (and everything under it)
[8.916s] Copying ../../build/py_pubsub/py_pubsub.egg-info to /home/leh/test_ws/install/py_pubsub/lib/python3.6/site-packages/py_pubsub-0.0.0-py3.6.egg-info
[8.923s] running install_scripts
[9.082s] Installing listener script to /home/leh/test_ws/install/py_pubsub/lib/py_pubsub
[9.084s] Installing talker script to /home/leh/test_ws/install/py_pubsub/lib/py_pubsub
[9.088s] writing list of installed files to '/home/leh/test_ws/build/py_pubsub/install.log'
[9.447s] Invoked command in '/home/leh/test_ws/src/py_pubsub' returned '0': AMENT_PREFIX_PATH=/home/leh/test_ws/install/tutorial_interfaces:${AMENT_PREFIX_PATH} CMAKE_PREFIX_PATH=/home/leh/test_ws/install/tutorial_interfaces LD_LIBRARY_PATH=/home/leh/test_ws/install/tutorial_interfaces/lib:${LD_LIBRARY_PATH} PYTHONPATH=/home/leh/test_ws/install/py_pubsub/lib/python3.6/site-packages:/home/leh/test_ws/install/tutorial_interfaces/lib/python3.6/site-packages:${PYTHONPATH} /usr/bin/python3 setup.py egg_info --egg-base ../../build/py_pubsub build --build-base /home/leh/test_ws/build/py_pubsub/build install --prefix /home/leh/test_ws/install/py_pubsub --record /home/leh/test_ws/build/py_pubsub/install.log --single-version-externally-managed
