[1.709s] DEBUG:colcon:Command line arguments: ['/usr/bin/colcon', 'build']
[1.709s] DEBUG:colcon:Parsed command line arguments: Namespace(ament_cmake_args=None, base_paths=['.'], build_base='build', catkin_cmake_args=None, catkin_skip_building_tests=False, cmake_args=None, cmake_clean_cache=False, cmake_clean_first=False, cmake_force_configure=False, cmake_target=None, cmake_target_skip_unavailable=False, continue_on_error=False, event_handlers=None, executor='parallel', ignore_user_meta=False, install_base='install', log_base=None, log_level=None, main=<bound method BuildVerb.main of <colcon_core.verb.build.BuildVerb object at 0x7fa76cafd0>>, merge_install=False, metas=['./colcon.meta'], packages_above=None, packages_above_and_dependencies=None, packages_above_depth=None, packages_end=None, packages_ignore=None, packages_ignore_regex=None, packages_select=None, packages_select_build_failed=False, packages_select_by_dep=None, packages_select_regex=None, packages_select_test_failures=False, packages_skip=None, packages_skip_build_finished=False, packages_skip_by_dep=None, packages_skip_regex=None, packages_skip_test_passed=False, packages_skip_up_to=None, packages_start=None, packages_up_to=None, packages_up_to_regex=None, parallel_workers=4, paths=None, symlink_install=False, test_result_base=None, verb_extension=<colcon_core.verb.build.BuildVerb object at 0x7fa76cafd0>, verb_name='build', verb_parser=<colcon_defaults.argument_parser.defaults.DefaultArgumentsDecorator object at 0x7fa7614358>)
[1.743s] Level 1:colcon.colcon_core.package_discovery:discover_packages(colcon_meta) check parameters
[1.744s] Level 1:colcon.colcon_core.package_discovery:discover_packages(recursive) check parameters
[1.744s] Level 1:colcon.colcon_core.package_discovery:discover_packages(ignore) check parameters
[1.744s] Level 1:colcon.colcon_core.package_discovery:discover_packages(path) check parameters
[1.744s] Level 1:colcon.colcon_core.package_discovery:discover_packages(colcon_meta) discover
[1.746s] Level 1:colcon.colcon_core.package_discovery:discover_packages(recursive) discover
[1.747s] INFO:colcon.colcon_core.package_discovery:Crawling recursively for packages in '/home/leh/test_ws'
[1.747s] Level 1:colcon.colcon_core.package_identification:_identify(.) by extensions ['ignore', 'ignore_ament_install']
[1.748s] Level 1:colcon.colcon_core.package_identification:_identify(.) by extension 'ignore'
[1.748s] Level 1:colcon.colcon_core.package_identification:_identify(.) by extension 'ignore_ament_install'
[1.749s] Level 1:colcon.colcon_core.package_identification:_identify(.) by extensions ['colcon_pkg']
[1.749s] Level 1:colcon.colcon_core.package_identification:_identify(.) by extension 'colcon_pkg'
[1.750s] Level 1:colcon.colcon_core.package_identification:_identify(.) by extensions ['colcon_meta']
[1.750s] Level 1:colcon.colcon_core.package_identification:_identify(.) by extension 'colcon_meta'
[1.750s] Level 1:colcon.colcon_core.package_identification:_identify(.) by extensions ['ros']
[1.751s] Level 1:colcon.colcon_core.package_identification:_identify(.) by extension 'ros'
[1.813s] Level 1:colcon.colcon_core.package_identification:_identify(.) by extensions ['cmake', 'python']
[1.813s] Level 1:colcon.colcon_core.package_identification:_identify(.) by extension 'cmake'
[1.813s] Level 1:colcon.colcon_core.package_identification:_identify(.) by extension 'python'
[1.814s] Level 1:colcon.colcon_core.package_identification:_identify(.) by extensions ['python_setup_py']
[1.814s] Level 1:colcon.colcon_core.package_identification:_identify(.) by extension 'python_setup_py'
[1.815s] Level 1:colcon.colcon_core.package_identification:_identify(build) by extensions ['ignore', 'ignore_ament_install']
[1.815s] Level 1:colcon.colcon_core.package_identification:_identify(build) by extension 'ignore'
[1.815s] Level 1:colcon.colcon_core.package_identification:_identify(build) ignored
[1.818s] Level 1:colcon.colcon_core.package_identification:_identify(install) by extensions ['ignore', 'ignore_ament_install']
[1.818s] Level 1:colcon.colcon_core.package_identification:_identify(install) by extension 'ignore'
[1.818s] Level 1:colcon.colcon_core.package_identification:_identify(install) ignored
[1.820s] Level 1:colcon.colcon_core.package_identification:_identify(log) by extensions ['ignore', 'ignore_ament_install']
[1.820s] Level 1:colcon.colcon_core.package_identification:_identify(log) by extension 'ignore'
[1.820s] Level 1:colcon.colcon_core.package_identification:_identify(log) ignored
[1.821s] Level 1:colcon.colcon_core.package_identification:_identify(src) by extensions ['ignore', 'ignore_ament_install']
[1.821s] Level 1:colcon.colcon_core.package_identification:_identify(src) by extension 'ignore'
[1.822s] Level 1:colcon.colcon_core.package_identification:_identify(src) by extension 'ignore_ament_install'
[1.822s] Level 1:colcon.colcon_core.package_identification:_identify(src) by extensions ['colcon_pkg']
[1.822s] Level 1:colcon.colcon_core.package_identification:_identify(src) by extension 'colcon_pkg'
[1.823s] Level 1:colcon.colcon_core.package_identification:_identify(src) by extensions ['colcon_meta']
[1.823s] Level 1:colcon.colcon_core.package_identification:_identify(src) by extension 'colcon_meta'
[1.823s] Level 1:colcon.colcon_core.package_identification:_identify(src) by extensions ['ros']
[1.824s] Level 1:colcon.colcon_core.package_identification:_identify(src) by extension 'ros'
[1.824s] Level 1:colcon.colcon_core.package_identification:_identify(src) by extensions ['cmake', 'python']
[1.824s] Level 1:colcon.colcon_core.package_identification:_identify(src) by extension 'cmake'
[1.825s] Level 1:colcon.colcon_core.package_identification:_identify(src) by extension 'python'
[1.825s] Level 1:colcon.colcon_core.package_identification:_identify(src) by extensions ['python_setup_py']
[1.825s] Level 1:colcon.colcon_core.package_identification:_identify(src) by extension 'python_setup_py'
[1.826s] Level 1:colcon.colcon_core.package_identification:_identify(src/py_pubsub) by extensions ['ignore', 'ignore_ament_install']
[1.827s] Level 1:colcon.colcon_core.package_identification:_identify(src/py_pubsub) by extension 'ignore'
[1.827s] Level 1:colcon.colcon_core.package_identification:_identify(src/py_pubsub) by extension 'ignore_ament_install'
[1.827s] Level 1:colcon.colcon_core.package_identification:_identify(src/py_pubsub) by extensions ['colcon_pkg']
[1.827s] Level 1:colcon.colcon_core.package_identification:_identify(src/py_pubsub) by extension 'colcon_pkg'
[1.828s] Level 1:colcon.colcon_core.package_identification:_identify(src/py_pubsub) by extensions ['colcon_meta']
[1.828s] Level 1:colcon.colcon_core.package_identification:_identify(src/py_pubsub) by extension 'colcon_meta'
[1.828s] Level 1:colcon.colcon_core.package_identification:_identify(src/py_pubsub) by extensions ['ros']
[1.828s] Level 1:colcon.colcon_core.package_identification:_identify(src/py_pubsub) by extension 'ros'
[1.840s] DEBUG:colcon.colcon_core.package_identification:Package 'src/py_pubsub' with type 'ros.ament_python' and name 'py_pubsub'
[1.841s] Level 1:colcon.colcon_core.package_identification:_identify(src/py_sign_srvcli) by extensions ['ignore', 'ignore_ament_install']
[1.842s] Level 1:colcon.colcon_core.package_identification:_identify(src/py_sign_srvcli) by extension 'ignore'
[1.842s] Level 1:colcon.colcon_core.package_identification:_identify(src/py_sign_srvcli) by extension 'ignore_ament_install'
[1.842s] Level 1:colcon.colcon_core.package_identification:_identify(src/py_sign_srvcli) by extensions ['colcon_pkg']
[1.843s] Level 1:colcon.colcon_core.package_identification:_identify(src/py_sign_srvcli) by extension 'colcon_pkg'
[1.843s] Level 1:colcon.colcon_core.package_identification:_identify(src/py_sign_srvcli) by extensions ['colcon_meta']
[1.843s] Level 1:colcon.colcon_core.package_identification:_identify(src/py_sign_srvcli) by extension 'colcon_meta'
[1.843s] Level 1:colcon.colcon_core.package_identification:_identify(src/py_sign_srvcli) by extensions ['ros']
[1.844s] Level 1:colcon.colcon_core.package_identification:_identify(src/py_sign_srvcli) by extension 'ros'
[1.847s] DEBUG:colcon.colcon_core.package_identification:Package 'src/py_sign_srvcli' with type 'ros.ament_python' and name 'py_sign_srvcli'
[1.848s] Level 1:colcon.colcon_core.package_identification:_identify(src/py_srvcli) by extensions ['ignore', 'ignore_ament_install']
[1.848s] Level 1:colcon.colcon_core.package_identification:_identify(src/py_srvcli) by extension 'ignore'
[1.849s] Level 1:colcon.colcon_core.package_identification:_identify(src/py_srvcli) by extension 'ignore_ament_install'
[1.849s] Level 1:colcon.colcon_core.package_identification:_identify(src/py_srvcli) by extensions ['colcon_pkg']
[1.849s] Level 1:colcon.colcon_core.package_identification:_identify(src/py_srvcli) by extension 'colcon_pkg'
[1.849s] Level 1:colcon.colcon_core.package_identification:_identify(src/py_srvcli) by extensions ['colcon_meta']
[1.850s] Level 1:colcon.colcon_core.package_identification:_identify(src/py_srvcli) by extension 'colcon_meta'
[1.850s] Level 1:colcon.colcon_core.package_identification:_identify(src/py_srvcli) by extensions ['ros']
[1.850s] Level 1:colcon.colcon_core.package_identification:_identify(src/py_srvcli) by extension 'ros'
[1.853s] DEBUG:colcon.colcon_core.package_identification:Package 'src/py_srvcli' with type 'ros.ament_python' and name 'py_srvcli'
[1.854s] Level 1:colcon.colcon_core.package_identification:_identify(src/py_two_pub_one_sub) by extensions ['ignore', 'ignore_ament_install']
[1.855s] Level 1:colcon.colcon_core.package_identification:_identify(src/py_two_pub_one_sub) by extension 'ignore'
[1.855s] Level 1:colcon.colcon_core.package_identification:_identify(src/py_two_pub_one_sub) by extension 'ignore_ament_install'
[1.855s] Level 1:colcon.colcon_core.package_identification:_identify(src/py_two_pub_one_sub) by extensions ['colcon_pkg']
[1.856s] Level 1:colcon.colcon_core.package_identification:_identify(src/py_two_pub_one_sub) by extension 'colcon_pkg'
[1.856s] Level 1:colcon.colcon_core.package_identification:_identify(src/py_two_pub_one_sub) by extensions ['colcon_meta']
[1.856s] Level 1:colcon.colcon_core.package_identification:_identify(src/py_two_pub_one_sub) by extension 'colcon_meta'
[1.857s] Level 1:colcon.colcon_core.package_identification:_identify(src/py_two_pub_one_sub) by extensions ['ros']
[1.857s] Level 1:colcon.colcon_core.package_identification:_identify(src/py_two_pub_one_sub) by extension 'ros'
[1.860s] DEBUG:colcon.colcon_core.package_identification:Package 'src/py_two_pub_one_sub' with type 'ros.ament_python' and name 'py_two_pub_one_sub'
[1.861s] Level 1:colcon.colcon_core.package_identification:_identify(src/tutorial_interfaces) by extensions ['ignore', 'ignore_ament_install']
[1.861s] Level 1:colcon.colcon_core.package_identification:_identify(src/tutorial_interfaces) by extension 'ignore'
[1.862s] Level 1:colcon.colcon_core.package_identification:_identify(src/tutorial_interfaces) by extension 'ignore_ament_install'
[1.862s] Level 1:colcon.colcon_core.package_identification:_identify(src/tutorial_interfaces) by extensions ['colcon_pkg']
[1.862s] Level 1:colcon.colcon_core.package_identification:_identify(src/tutorial_interfaces) by extension 'colcon_pkg'
[1.863s] Level 1:colcon.colcon_core.package_identification:_identify(src/tutorial_interfaces) by extensions ['colcon_meta']
[1.863s] Level 1:colcon.colcon_core.package_identification:_identify(src/tutorial_interfaces) by extension 'colcon_meta'
[1.863s] Level 1:colcon.colcon_core.package_identification:_identify(src/tutorial_interfaces) by extensions ['ros']
[1.863s] Level 1:colcon.colcon_core.package_identification:_identify(src/tutorial_interfaces) by extension 'ros'
[1.866s] DEBUG:colcon.colcon_core.package_identification:Package 'src/tutorial_interfaces' with type 'ros.ament_cmake' and name 'tutorial_interfaces'
[1.867s] Level 1:colcon.colcon_core.package_discovery:discover_packages(recursive) using defaults
[1.868s] Level 1:colcon.colcon_core.package_discovery:discover_packages(ignore) discover
[1.868s] Level 1:colcon.colcon_core.package_discovery:discover_packages(ignore) using defaults
[1.868s] Level 1:colcon.colcon_core.package_discovery:discover_packages(path) discover
[1.869s] Level 1:colcon.colcon_core.package_discovery:discover_packages(path) using defaults
[2.043s] Level 5:colcon.colcon_core.verb:set package 'tutorial_interfaces' build argument 'cmake_args' from command line to 'None'
[2.043s] Level 5:colcon.colcon_core.verb:set package 'tutorial_interfaces' build argument 'cmake_target' from command line to 'None'
[2.044s] Level 5:colcon.colcon_core.verb:set package 'tutorial_interfaces' build argument 'cmake_target_skip_unavailable' from command line to 'False'
[2.044s] Level 5:colcon.colcon_core.verb:set package 'tutorial_interfaces' build argument 'cmake_clean_cache' from command line to 'False'
[2.044s] Level 5:colcon.colcon_core.verb:set package 'tutorial_interfaces' build argument 'cmake_clean_first' from command line to 'False'
[2.044s] Level 5:colcon.colcon_core.verb:set package 'tutorial_interfaces' build argument 'cmake_force_configure' from command line to 'False'
[2.045s] Level 5:colcon.colcon_core.verb:set package 'tutorial_interfaces' build argument 'ament_cmake_args' from command line to 'None'
[2.045s] Level 5:colcon.colcon_core.verb:set package 'tutorial_interfaces' build argument 'catkin_cmake_args' from command line to 'None'
[2.045s] Level 5:colcon.colcon_core.verb:set package 'tutorial_interfaces' build argument 'catkin_skip_building_tests' from command line to 'False'
[2.045s] DEBUG:colcon.colcon_core.verb:Building package 'tutorial_interfaces' with the following arguments: {'ament_cmake_args': None, 'build_base': '/home/leh/test_ws/build/tutorial_interfaces', 'catkin_cmake_args': None, 'catkin_skip_building_tests': False, 'cmake_args': None, 'cmake_clean_cache': False, 'cmake_clean_first': False, 'cmake_force_configure': False, 'cmake_target': None, 'cmake_target_skip_unavailable': False, 'install_base': '/home/leh/test_ws/install/tutorial_interfaces', 'merge_install': False, 'path': '/home/leh/test_ws/src/tutorial_interfaces', 'symlink_install': False, 'test_result_base': None}
[2.071s] Level 5:colcon.colcon_core.verb:set package 'py_pubsub' build argument 'cmake_args' from command line to 'None'
[2.071s] Level 5:colcon.colcon_core.verb:set package 'py_pubsub' build argument 'cmake_target' from command line to 'None'
[2.072s] Level 5:colcon.colcon_core.verb:set package 'py_pubsub' build argument 'cmake_target_skip_unavailable' from command line to 'False'
[2.072s] Level 5:colcon.colcon_core.verb:set package 'py_pubsub' build argument 'cmake_clean_cache' from command line to 'False'
[2.072s] Level 5:colcon.colcon_core.verb:set package 'py_pubsub' build argument 'cmake_clean_first' from command line to 'False'
[2.072s] Level 5:colcon.colcon_core.verb:set package 'py_pubsub' build argument 'cmake_force_configure' from command line to 'False'
[2.073s] Level 5:colcon.colcon_core.verb:set package 'py_pubsub' build argument 'ament_cmake_args' from command line to 'None'
[2.073s] Level 5:colcon.colcon_core.verb:set package 'py_pubsub' build argument 'catkin_cmake_args' from command line to 'None'
[2.073s] Level 5:colcon.colcon_core.verb:set package 'py_pubsub' build argument 'catkin_skip_building_tests' from command line to 'False'
[2.074s] DEBUG:colcon.colcon_core.verb:Building package 'py_pubsub' with the following arguments: {'ament_cmake_args': None, 'build_base': '/home/leh/test_ws/build/py_pubsub', 'catkin_cmake_args': None, 'catkin_skip_building_tests': False, 'cmake_args': None, 'cmake_clean_cache': False, 'cmake_clean_first': False, 'cmake_force_configure': False, 'cmake_target': None, 'cmake_target_skip_unavailable': False, 'install_base': '/home/leh/test_ws/install/py_pubsub', 'merge_install': False, 'path': '/home/leh/test_ws/src/py_pubsub', 'symlink_install': False, 'test_result_base': None}
[2.099s] Level 5:colcon.colcon_core.verb:set package 'py_sign_srvcli' build argument 'cmake_args' from command line to 'None'
[2.100s] Level 5:colcon.colcon_core.verb:set package 'py_sign_srvcli' build argument 'cmake_target' from command line to 'None'
[2.100s] Level 5:colcon.colcon_core.verb:set package 'py_sign_srvcli' build argument 'cmake_target_skip_unavailable' from command line to 'False'
[2.100s] Level 5:colcon.colcon_core.verb:set package 'py_sign_srvcli' build argument 'cmake_clean_cache' from command line to 'False'
[2.100s] Level 5:colcon.colcon_core.verb:set package 'py_sign_srvcli' build argument 'cmake_clean_first' from command line to 'False'
[2.100s] Level 5:colcon.colcon_core.verb:set package 'py_sign_srvcli' build argument 'cmake_force_configure' from command line to 'False'
[2.101s] Level 5:colcon.colcon_core.verb:set package 'py_sign_srvcli' build argument 'ament_cmake_args' from command line to 'None'
[2.101s] Level 5:colcon.colcon_core.verb:set package 'py_sign_srvcli' build argument 'catkin_cmake_args' from command line to 'None'
[2.101s] Level 5:colcon.colcon_core.verb:set package 'py_sign_srvcli' build argument 'catkin_skip_building_tests' from command line to 'False'
[2.102s] DEBUG:colcon.colcon_core.verb:Building package 'py_sign_srvcli' with the following arguments: {'ament_cmake_args': None, 'build_base': '/home/leh/test_ws/build/py_sign_srvcli', 'catkin_cmake_args': None, 'catkin_skip_building_tests': False, 'cmake_args': None, 'cmake_clean_cache': False, 'cmake_clean_first': False, 'cmake_force_configure': False, 'cmake_target': None, 'cmake_target_skip_unavailable': False, 'install_base': '/home/leh/test_ws/install/py_sign_srvcli', 'merge_install': False, 'path': '/home/leh/test_ws/src/py_sign_srvcli', 'symlink_install': False, 'test_result_base': None}
[2.127s] Level 5:colcon.colcon_core.verb:set package 'py_srvcli' build argument 'cmake_args' from command line to 'None'
[2.127s] Level 5:colcon.colcon_core.verb:set package 'py_srvcli' build argument 'cmake_target' from command line to 'None'
[2.127s] Level 5:colcon.colcon_core.verb:set package 'py_srvcli' build argument 'cmake_target_skip_unavailable' from command line to 'False'
[2.128s] Level 5:colcon.colcon_core.verb:set package 'py_srvcli' build argument 'cmake_clean_cache' from command line to 'False'
[2.128s] Level 5:colcon.colcon_core.verb:set package 'py_srvcli' build argument 'cmake_clean_first' from command line to 'False'
[2.128s] Level 5:colcon.colcon_core.verb:set package 'py_srvcli' build argument 'cmake_force_configure' from command line to 'False'
[2.128s] Level 5:colcon.colcon_core.verb:set package 'py_srvcli' build argument 'ament_cmake_args' from command line to 'None'
[2.129s] Level 5:colcon.colcon_core.verb:set package 'py_srvcli' build argument 'catkin_cmake_args' from command line to 'None'
[2.129s] Level 5:colcon.colcon_core.verb:set package 'py_srvcli' build argument 'catkin_skip_building_tests' from command line to 'False'
[2.129s] DEBUG:colcon.colcon_core.verb:Building package 'py_srvcli' with the following arguments: {'ament_cmake_args': None, 'build_base': '/home/leh/test_ws/build/py_srvcli', 'catkin_cmake_args': None, 'catkin_skip_building_tests': False, 'cmake_args': None, 'cmake_clean_cache': False, 'cmake_clean_first': False, 'cmake_force_configure': False, 'cmake_target': None, 'cmake_target_skip_unavailable': False, 'install_base': '/home/leh/test_ws/install/py_srvcli', 'merge_install': False, 'path': '/home/leh/test_ws/src/py_srvcli', 'symlink_install': False, 'test_result_base': None}
[2.153s] Level 5:colcon.colcon_core.verb:set package 'py_two_pub_one_sub' build argument 'cmake_args' from command line to 'None'
[2.154s] Level 5:colcon.colcon_core.verb:set package 'py_two_pub_one_sub' build argument 'cmake_target' from command line to 'None'
[2.154s] Level 5:colcon.colcon_core.verb:set package 'py_two_pub_one_sub' build argument 'cmake_target_skip_unavailable' from command line to 'False'
[2.154s] Level 5:colcon.colcon_core.verb:set package 'py_two_pub_one_sub' build argument 'cmake_clean_cache' from command line to 'False'
[2.155s] Level 5:colcon.colcon_core.verb:set package 'py_two_pub_one_sub' build argument 'cmake_clean_first' from command line to 'False'
[2.155s] Level 5:colcon.colcon_core.verb:set package 'py_two_pub_one_sub' build argument 'cmake_force_configure' from command line to 'False'
[2.155s] Level 5:colcon.colcon_core.verb:set package 'py_two_pub_one_sub' build argument 'ament_cmake_args' from command line to 'None'
[2.156s] Level 5:colcon.colcon_core.verb:set package 'py_two_pub_one_sub' build argument 'catkin_cmake_args' from command line to 'None'
[2.156s] Level 5:colcon.colcon_core.verb:set package 'py_two_pub_one_sub' build argument 'catkin_skip_building_tests' from command line to 'False'
[2.156s] DEBUG:colcon.colcon_core.verb:Building package 'py_two_pub_one_sub' with the following arguments: {'ament_cmake_args': None, 'build_base': '/home/leh/test_ws/build/py_two_pub_one_sub', 'catkin_cmake_args': None, 'catkin_skip_building_tests': False, 'cmake_args': None, 'cmake_clean_cache': False, 'cmake_clean_first': False, 'cmake_force_configure': False, 'cmake_target': None, 'cmake_target_skip_unavailable': False, 'install_base': '/home/leh/test_ws/install/py_two_pub_one_sub', 'merge_install': False, 'path': '/home/leh/test_ws/src/py_two_pub_one_sub', 'symlink_install': False, 'test_result_base': None}
[2.159s] INFO:colcon.colcon_core.executor:Executing jobs using 'parallel' executor
[2.172s] DEBUG:colcon.colcon_parallel_executor.executor.parallel:run_until_complete
[2.173s] INFO:colcon.colcon_ros.task.ament_cmake.build:Building ROS package in '/home/leh/test_ws/src/tutorial_interfaces' with build type 'ament_cmake'
[2.174s] INFO:colcon.colcon_cmake.task.cmake.build:Building CMake package in '/home/leh/test_ws/src/tutorial_interfaces'
[2.193s] INFO:colcon.colcon_core.plugin_system:Skipping extension 'colcon_core.shell.bat': Not used on non-Windows systems
[2.194s] INFO:colcon.colcon_core.shell:Skip shell extension 'powershell' for command environment: Not usable outside of PowerShell
[2.194s] DEBUG:colcon.colcon_core.shell:Skip shell extension 'dsv' for command environment
[2.212s] DEBUG:colcon.colcon_core.shell:Ignoring prefix path '/opt/ros/dashing'
[2.245s] DEBUG:colcon.colcon_core.event_handler.log_command:Invoking command in '/home/leh/test_ws/build/tutorial_interfaces': CMAKE_PREFIX_PATH=${CMAKE_PREFIX_PATH}:/home/leh/test_ws/install/py_two_pub_one_sub:/home/leh/test_ws/install/py_srvcli:/home/leh/test_ws/install/py_sign_srvcli:/home/leh/test_ws/install/py_pubsub:/opt/ros/dashing /usr/bin/cmake --build /home/leh/test_ws/build/tutorial_interfaces -- -j4 -l4
[35.618s] DEBUG:colcon.colcon_core.event_handler.log_command:Invoked command in '/home/leh/test_ws/build/tutorial_interfaces' returned '0': CMAKE_PREFIX_PATH=${CMAKE_PREFIX_PATH}:/home/leh/test_ws/install/py_two_pub_one_sub:/home/leh/test_ws/install/py_srvcli:/home/leh/test_ws/install/py_sign_srvcli:/home/leh/test_ws/install/py_pubsub:/opt/ros/dashing /usr/bin/cmake --build /home/leh/test_ws/build/tutorial_interfaces -- -j4 -l4
[36.009s] DEBUG:colcon.colcon_core.event_handler.log_command:Invoking command in '/home/leh/test_ws/build/tutorial_interfaces': CMAKE_PREFIX_PATH=${CMAKE_PREFIX_PATH}:/home/leh/test_ws/install/py_two_pub_one_sub:/home/leh/test_ws/install/py_srvcli:/home/leh/test_ws/install/py_sign_srvcli:/home/leh/test_ws/install/py_pubsub:/opt/ros/dashing /usr/bin/cmake --build /home/leh/test_ws/build/tutorial_interfaces --target install -- -j4 -l4
[37.347s] Level 1:colcon.colcon_core.environment:create_environment_scripts_only(tutorial_interfaces)
[37.365s] DEBUG:colcon.colcon_core.event_handler.log_command:Invoked command in '/home/leh/test_ws/build/tutorial_interfaces' returned '0': CMAKE_PREFIX_PATH=${CMAKE_PREFIX_PATH}:/home/leh/test_ws/install/py_two_pub_one_sub:/home/leh/test_ws/install/py_srvcli:/home/leh/test_ws/install/py_sign_srvcli:/home/leh/test_ws/install/py_pubsub:/opt/ros/dashing /usr/bin/cmake --build /home/leh/test_ws/build/tutorial_interfaces --target install -- -j4 -l4
[37.378s] Level 1:colcon.colcon_core.environment:checking '/home/leh/test_ws/install/tutorial_interfaces' for CMake module files
[37.382s] Level 1:colcon.colcon_core.environment:checking '/home/leh/test_ws/install/tutorial_interfaces' for CMake config files
[37.384s] Level 1:colcon.colcon_core.shell:create_environment_hook('tutorial_interfaces', 'cmake_prefix_path')
[37.388s] INFO:colcon.colcon_core.shell:Creating environment hook '/home/leh/test_ws/install/tutorial_interfaces/share/tutorial_interfaces/hook/cmake_prefix_path.ps1'
[37.391s] INFO:colcon.colcon_core.shell:Creating environment descriptor '/home/leh/test_ws/install/tutorial_interfaces/share/tutorial_interfaces/hook/cmake_prefix_path.dsv'
[37.393s] INFO:colcon.colcon_core.shell:Creating environment hook '/home/leh/test_ws/install/tutorial_interfaces/share/tutorial_interfaces/hook/cmake_prefix_path.sh'
[37.400s] Level 1:colcon.colcon_core.environment:checking '/home/leh/test_ws/install/tutorial_interfaces/lib'
[37.401s] Level 1:colcon.colcon_core.shell:create_environment_hook('tutorial_interfaces', 'ld_library_path_lib')
[37.404s] INFO:colcon.colcon_core.shell:Creating environment hook '/home/leh/test_ws/install/tutorial_interfaces/share/tutorial_interfaces/hook/ld_library_path_lib.ps1'
[37.406s] INFO:colcon.colcon_core.shell:Creating environment descriptor '/home/leh/test_ws/install/tutorial_interfaces/share/tutorial_interfaces/hook/ld_library_path_lib.dsv'
[37.408s] INFO:colcon.colcon_core.shell:Creating environment hook '/home/leh/test_ws/install/tutorial_interfaces/share/tutorial_interfaces/hook/ld_library_path_lib.sh'
[37.410s] Level 1:colcon.colcon_core.environment:checking '/home/leh/test_ws/install/tutorial_interfaces/bin'
[37.410s] Level 1:colcon.colcon_core.environment:checking '/home/leh/test_ws/install/tutorial_interfaces/lib/pkgconfig/tutorial_interfaces.pc'
[37.411s] Level 1:colcon.colcon_core.environment:checking '/home/leh/test_ws/install/tutorial_interfaces/lib/python3.6/site-packages'
[37.411s] Level 1:colcon.colcon_core.shell:create_environment_hook('tutorial_interfaces', 'pythonpath')
[37.415s] INFO:colcon.colcon_core.shell:Creating environment hook '/home/leh/test_ws/install/tutorial_interfaces/share/tutorial_interfaces/hook/pythonpath.ps1'
[37.417s] INFO:colcon.colcon_core.shell:Creating environment descriptor '/home/leh/test_ws/install/tutorial_interfaces/share/tutorial_interfaces/hook/pythonpath.dsv'
[37.418s] INFO:colcon.colcon_core.shell:Creating environment hook '/home/leh/test_ws/install/tutorial_interfaces/share/tutorial_interfaces/hook/pythonpath.sh'
[37.424s] INFO:colcon.colcon_core.shell:Creating package script '/home/leh/test_ws/install/tutorial_interfaces/share/tutorial_interfaces/package.ps1'
[37.430s] INFO:colcon.colcon_core.shell:Creating package descriptor '/home/leh/test_ws/install/tutorial_interfaces/share/tutorial_interfaces/package.dsv'
[37.433s] INFO:colcon.colcon_core.shell:Creating package script '/home/leh/test_ws/install/tutorial_interfaces/share/tutorial_interfaces/package.sh'
[37.438s] INFO:colcon.colcon_core.shell:Creating package script '/home/leh/test_ws/install/tutorial_interfaces/share/tutorial_interfaces/package.bash'
[37.443s] INFO:colcon.colcon_core.shell:Creating package script '/home/leh/test_ws/install/tutorial_interfaces/share/tutorial_interfaces/package.zsh'
[37.448s] Level 1:colcon.colcon_core.environment:create_file_with_runtime_dependencies(/home/leh/test_ws/install/tutorial_interfaces/share/colcon-core/packages/tutorial_interfaces)
[37.915s] Level 1:colcon.colcon_core.environment:create_environment_scripts_only(tutorial_interfaces)
[37.923s] Level 1:colcon.colcon_core.environment:checking '/home/leh/test_ws/install/tutorial_interfaces' for CMake module files
[37.932s] Level 1:colcon.colcon_core.environment:checking '/home/leh/test_ws/install/tutorial_interfaces' for CMake config files
[37.936s] Level 1:colcon.colcon_core.shell:create_environment_hook('tutorial_interfaces', 'cmake_prefix_path')
[37.944s] INFO:colcon.colcon_core.shell:Creating environment hook '/home/leh/test_ws/install/tutorial_interfaces/share/tutorial_interfaces/hook/cmake_prefix_path.ps1'
[37.946s] INFO:colcon.colcon_core.shell:Creating environment descriptor '/home/leh/test_ws/install/tutorial_interfaces/share/tutorial_interfaces/hook/cmake_prefix_path.dsv'
[37.949s] INFO:colcon.colcon_core.shell:Creating environment hook '/home/leh/test_ws/install/tutorial_interfaces/share/tutorial_interfaces/hook/cmake_prefix_path.sh'
[37.954s] Level 1:colcon.colcon_core.environment:checking '/home/leh/test_ws/install/tutorial_interfaces/lib'
[37.954s] Level 1:colcon.colcon_core.shell:create_environment_hook('tutorial_interfaces', 'ld_library_path_lib')
[37.959s] INFO:colcon.colcon_core.shell:Creating environment hook '/home/leh/test_ws/install/tutorial_interfaces/share/tutorial_interfaces/hook/ld_library_path_lib.ps1'
[37.961s] INFO:colcon.colcon_core.shell:Creating environment descriptor '/home/leh/test_ws/install/tutorial_interfaces/share/tutorial_interfaces/hook/ld_library_path_lib.dsv'
[37.964s] INFO:colcon.colcon_core.shell:Creating environment hook '/home/leh/test_ws/install/tutorial_interfaces/share/tutorial_interfaces/hook/ld_library_path_lib.sh'
[37.967s] Level 1:colcon.colcon_core.environment:checking '/home/leh/test_ws/install/tutorial_interfaces/bin'
[37.968s] Level 1:colcon.colcon_core.environment:checking '/home/leh/test_ws/install/tutorial_interfaces/lib/pkgconfig/tutorial_interfaces.pc'
[37.969s] Level 1:colcon.colcon_core.environment:checking '/home/leh/test_ws/install/tutorial_interfaces/lib/python3.6/site-packages'
[37.969s] Level 1:colcon.colcon_core.shell:create_environment_hook('tutorial_interfaces', 'pythonpath')
[37.975s] INFO:colcon.colcon_core.shell:Creating environment hook '/home/leh/test_ws/install/tutorial_interfaces/share/tutorial_interfaces/hook/pythonpath.ps1'
[37.977s] INFO:colcon.colcon_core.shell:Creating environment descriptor '/home/leh/test_ws/install/tutorial_interfaces/share/tutorial_interfaces/hook/pythonpath.dsv'
[37.980s] INFO:colcon.colcon_core.shell:Creating environment hook '/home/leh/test_ws/install/tutorial_interfaces/share/tutorial_interfaces/hook/pythonpath.sh'
[37.988s] INFO:colcon.colcon_core.shell:Creating package script '/home/leh/test_ws/install/tutorial_interfaces/share/tutorial_interfaces/package.ps1'
[37.992s] INFO:colcon.colcon_core.shell:Creating package descriptor '/home/leh/test_ws/install/tutorial_interfaces/share/tutorial_interfaces/package.dsv'
[37.996s] INFO:colcon.colcon_core.shell:Creating package script '/home/leh/test_ws/install/tutorial_interfaces/share/tutorial_interfaces/package.sh'
[37.999s] INFO:colcon.colcon_core.shell:Creating package script '/home/leh/test_ws/install/tutorial_interfaces/share/tutorial_interfaces/package.bash'
[38.002s] INFO:colcon.colcon_core.shell:Creating package script '/home/leh/test_ws/install/tutorial_interfaces/share/tutorial_interfaces/package.zsh'
[38.005s] Level 1:colcon.colcon_core.environment:create_file_with_runtime_dependencies(/home/leh/test_ws/install/tutorial_interfaces/share/colcon-core/packages/tutorial_interfaces)
[38.011s] INFO:colcon.colcon_ros.task.ament_python.build:Building ROS package in '/home/leh/test_ws/src/py_pubsub' with build type 'ament_python'
[38.013s] Level 1:colcon.colcon_core.shell:create_environment_hook('py_pubsub', 'ament_prefix_path')
[38.018s] INFO:colcon.colcon_core.shell:Creating environment hook '/home/leh/test_ws/install/py_pubsub/share/py_pubsub/hook/ament_prefix_path.ps1'
[38.021s] INFO:colcon.colcon_core.shell:Creating environment descriptor '/home/leh/test_ws/install/py_pubsub/share/py_pubsub/hook/ament_prefix_path.dsv'
[38.023s] INFO:colcon.colcon_core.shell:Creating environment hook '/home/leh/test_ws/install/py_pubsub/share/py_pubsub/hook/ament_prefix_path.sh'
[38.030s] INFO:colcon.colcon_core.shell:Skip shell extension 'powershell' for command environment: Not usable outside of PowerShell
[38.030s] DEBUG:colcon.colcon_core.shell:Skip shell extension 'dsv' for command environment
[38.051s] DEBUG:colcon.colcon_core.shell:Ignoring prefix path '/opt/ros/dashing'
[38.062s] INFO:colcon.colcon_ros.task.ament_python.build:Building ROS package in '/home/leh/test_ws/src/py_sign_srvcli' with build type 'ament_python'
[38.063s] Level 1:colcon.colcon_core.shell:create_environment_hook('py_sign_srvcli', 'ament_prefix_path')
[38.071s] INFO:colcon.colcon_core.shell:Creating environment hook '/home/leh/test_ws/install/py_sign_srvcli/share/py_sign_srvcli/hook/ament_prefix_path.ps1'
[38.074s] INFO:colcon.colcon_core.shell:Creating environment descriptor '/home/leh/test_ws/install/py_sign_srvcli/share/py_sign_srvcli/hook/ament_prefix_path.dsv'
[38.077s] INFO:colcon.colcon_core.shell:Creating environment hook '/home/leh/test_ws/install/py_sign_srvcli/share/py_sign_srvcli/hook/ament_prefix_path.sh'
[38.083s] INFO:colcon.colcon_core.shell:Skip shell extension 'powershell' for command environment: Not usable outside of PowerShell
[38.084s] DEBUG:colcon.colcon_core.shell:Skip shell extension 'dsv' for command environment
[38.103s] DEBUG:colcon.colcon_core.shell:Ignoring prefix path '/opt/ros/dashing'
[38.115s] INFO:colcon.colcon_ros.task.ament_python.build:Building ROS package in '/home/leh/test_ws/src/py_srvcli' with build type 'ament_python'
[38.116s] Level 1:colcon.colcon_core.shell:create_environment_hook('py_srvcli', 'ament_prefix_path')
[38.122s] INFO:colcon.colcon_core.shell:Creating environment hook '/home/leh/test_ws/install/py_srvcli/share/py_srvcli/hook/ament_prefix_path.ps1'
[38.128s] INFO:colcon.colcon_core.shell:Creating environment descriptor '/home/leh/test_ws/install/py_srvcli/share/py_srvcli/hook/ament_prefix_path.dsv'
[38.131s] INFO:colcon.colcon_core.shell:Creating environment hook '/home/leh/test_ws/install/py_srvcli/share/py_srvcli/hook/ament_prefix_path.sh'
[38.138s] INFO:colcon.colcon_core.shell:Skip shell extension 'powershell' for command environment: Not usable outside of PowerShell
[38.139s] DEBUG:colcon.colcon_core.shell:Skip shell extension 'dsv' for command environment
[38.159s] DEBUG:colcon.colcon_core.shell:Ignoring prefix path '/opt/ros/dashing'
[38.172s] INFO:colcon.colcon_ros.task.ament_python.build:Building ROS package in '/home/leh/test_ws/src/py_two_pub_one_sub' with build type 'ament_python'
[38.173s] Level 1:colcon.colcon_core.shell:create_environment_hook('py_two_pub_one_sub', 'ament_prefix_path')
[38.180s] INFO:colcon.colcon_core.shell:Creating environment hook '/home/leh/test_ws/install/py_two_pub_one_sub/share/py_two_pub_one_sub/hook/ament_prefix_path.ps1'
[38.184s] INFO:colcon.colcon_core.shell:Creating environment descriptor '/home/leh/test_ws/install/py_two_pub_one_sub/share/py_two_pub_one_sub/hook/ament_prefix_path.dsv'
[38.186s] INFO:colcon.colcon_core.shell:Creating environment hook '/home/leh/test_ws/install/py_two_pub_one_sub/share/py_two_pub_one_sub/hook/ament_prefix_path.sh'
[38.192s] INFO:colcon.colcon_core.shell:Skip shell extension 'powershell' for command environment: Not usable outside of PowerShell
[38.192s] DEBUG:colcon.colcon_core.shell:Skip shell extension 'dsv' for command environment
[38.209s] DEBUG:colcon.colcon_core.shell:Ignoring prefix path '/opt/ros/dashing'
[39.747s] INFO:colcon.colcon_core.task.python.build:Building Python package in '/home/leh/test_ws/src/py_pubsub'
[39.751s] INFO:colcon.colcon_core.shell:Skip shell extension 'powershell' for command environment: Not usable outside of PowerShell
[39.752s] DEBUG:colcon.colcon_core.shell:Skip shell extension 'dsv' for command environment
[39.770s] DEBUG:colcon.colcon_core.shell:Ignoring prefix path '/opt/ros/dashing'
[41.351s] INFO:colcon.colcon_core.task.python.build:Building Python package in '/home/leh/test_ws/src/py_sign_srvcli'
[41.357s] INFO:colcon.colcon_core.shell:Skip shell extension 'powershell' for command environment: Not usable outside of PowerShell
[41.358s] DEBUG:colcon.colcon_core.shell:Skip shell extension 'dsv' for command environment
[41.375s] DEBUG:colcon.colcon_core.shell:Ignoring prefix path '/opt/ros/dashing'
[43.042s] INFO:colcon.colcon_core.task.python.build:Building Python package in '/home/leh/test_ws/src/py_srvcli'
[43.047s] INFO:colcon.colcon_core.shell:Skip shell extension 'powershell' for command environment: Not usable outside of PowerShell
[43.047s] DEBUG:colcon.colcon_core.shell:Skip shell extension 'dsv' for command environment
[43.063s] DEBUG:colcon.colcon_core.shell:Ignoring prefix path '/opt/ros/dashing'
[44.530s] INFO:colcon.colcon_core.task.python.build:Building Python package in '/home/leh/test_ws/src/py_two_pub_one_sub'
[44.534s] INFO:colcon.colcon_core.shell:Skip shell extension 'powershell' for command environment: Not usable outside of PowerShell
[44.535s] DEBUG:colcon.colcon_core.shell:Skip shell extension 'dsv' for command environment
[44.549s] DEBUG:colcon.colcon_core.shell:Ignoring prefix path '/opt/ros/dashing'
[44.573s] DEBUG:colcon.colcon_core.event_handler.log_command:Invoking command in '/home/leh/test_ws/src/py_pubsub': PYTHONPATH=/home/leh/test_ws/install/py_pubsub/lib/python3.6/site-packages:/home/leh/test_ws/install/tutorial_interfaces/lib/python3.6/site-packages:/home/leh/test_ws/install/py_two_pub_one_sub/lib/python3.6/site-packages:/home/leh/test_ws/install/py_srvcli/lib/python3.6/site-packages:/home/leh/test_ws/install/py_sign_srvcli/lib/python3.6/site-packages:/home/leh/test_ws/install/py_pubsub/lib/python3.6/site-packages:/opt/ros/dashing/lib/python3.6/site-packages /usr/bin/python3 setup.py egg_info --egg-base ../../build/py_pubsub build --build-base /home/leh/test_ws/build/py_pubsub/build install --prefix /home/leh/test_ws/install/py_pubsub --record /home/leh/test_ws/build/py_pubsub/install.log --single-version-externally-managed
[44.588s] DEBUG:colcon.colcon_core.event_handler.log_command:Invoking command in '/home/leh/test_ws/src/py_sign_srvcli': PYTHONPATH=/home/leh/test_ws/install/py_sign_srvcli/lib/python3.6/site-packages:/home/leh/test_ws/install/tutorial_interfaces/lib/python3.6/site-packages:/home/leh/test_ws/install/py_two_pub_one_sub/lib/python3.6/site-packages:/home/leh/test_ws/install/py_srvcli/lib/python3.6/site-packages:/home/leh/test_ws/install/py_sign_srvcli/lib/python3.6/site-packages:/home/leh/test_ws/install/py_pubsub/lib/python3.6/site-packages:/opt/ros/dashing/lib/python3.6/site-packages /usr/bin/python3 setup.py egg_info --egg-base ../../build/py_sign_srvcli build --build-base /home/leh/test_ws/build/py_sign_srvcli/build install --prefix /home/leh/test_ws/install/py_sign_srvcli --record /home/leh/test_ws/build/py_sign_srvcli/install.log --single-version-externally-managed
[44.616s] DEBUG:colcon.colcon_core.event_handler.log_command:Invoking command in '/home/leh/test_ws/src/py_srvcli': PYTHONPATH=/home/leh/test_ws/install/py_srvcli/lib/python3.6/site-packages:/home/leh/test_ws/install/tutorial_interfaces/lib/python3.6/site-packages:/home/leh/test_ws/install/py_two_pub_one_sub/lib/python3.6/site-packages:/home/leh/test_ws/install/py_srvcli/lib/python3.6/site-packages:/home/leh/test_ws/install/py_sign_srvcli/lib/python3.6/site-packages:/home/leh/test_ws/install/py_pubsub/lib/python3.6/site-packages:/opt/ros/dashing/lib/python3.6/site-packages /usr/bin/python3 setup.py egg_info --egg-base ../../build/py_srvcli build --build-base /home/leh/test_ws/build/py_srvcli/build install --prefix /home/leh/test_ws/install/py_srvcli --record /home/leh/test_ws/build/py_srvcli/install.log --single-version-externally-managed
[44.641s] DEBUG:colcon.colcon_core.event_handler.log_command:Invoking command in '/home/leh/test_ws/src/py_two_pub_one_sub': PYTHONPATH=/home/leh/test_ws/install/py_two_pub_one_sub/lib/python3.6/site-packages:/home/leh/test_ws/install/tutorial_interfaces/lib/python3.6/site-packages:/home/leh/test_ws/install/py_two_pub_one_sub/lib/python3.6/site-packages:/home/leh/test_ws/install/py_srvcli/lib/python3.6/site-packages:/home/leh/test_ws/install/py_sign_srvcli/lib/python3.6/site-packages:/home/leh/test_ws/install/py_pubsub/lib/python3.6/site-packages:/opt/ros/dashing/lib/python3.6/site-packages /usr/bin/python3 setup.py egg_info --egg-base ../../build/py_two_pub_one_sub build --build-base /home/leh/test_ws/build/py_two_pub_one_sub/build install --prefix /home/leh/test_ws/install/py_two_pub_one_sub --record /home/leh/test_ws/build/py_two_pub_one_sub/install.log --single-version-externally-managed
[46.648s] DEBUG:colcon.colcon_core.event_handler.log_command:Invoked command in '/home/leh/test_ws/src/py_pubsub' returned '0': PYTHONPATH=/home/leh/test_ws/install/py_pubsub/lib/python3.6/site-packages:/home/leh/test_ws/install/tutorial_interfaces/lib/python3.6/site-packages:/home/leh/test_ws/install/py_two_pub_one_sub/lib/python3.6/site-packages:/home/leh/test_ws/install/py_srvcli/lib/python3.6/site-packages:/home/leh/test_ws/install/py_sign_srvcli/lib/python3.6/site-packages:/home/leh/test_ws/install/py_pubsub/lib/python3.6/site-packages:/opt/ros/dashing/lib/python3.6/site-packages /usr/bin/python3 setup.py egg_info --egg-base ../../build/py_pubsub build --build-base /home/leh/test_ws/build/py_pubsub/build install --prefix /home/leh/test_ws/install/py_pubsub --record /home/leh/test_ws/build/py_pubsub/install.log --single-version-externally-managed
[46.654s] Level 1:colcon.colcon_core.environment:checking '/home/leh/test_ws/install/py_pubsub' for CMake module files
[46.665s] Level 1:colcon.colcon_core.environment:checking '/home/leh/test_ws/install/py_pubsub' for CMake config files
[46.671s] Level 1:colcon.colcon_core.environment:checking '/home/leh/test_ws/install/py_pubsub/lib'
[46.672s] Level 1:colcon.colcon_core.environment:checking '/home/leh/test_ws/install/py_pubsub/bin'
[46.673s] Level 1:colcon.colcon_core.environment:checking '/home/leh/test_ws/install/py_pubsub/lib/pkgconfig/py_pubsub.pc'
[46.673s] Level 1:colcon.colcon_core.environment:checking '/home/leh/test_ws/install/py_pubsub/lib/python3.6/site-packages'
[46.674s] Level 1:colcon.colcon_core.shell:create_environment_hook('py_pubsub', 'pythonpath')
[46.681s] INFO:colcon.colcon_core.shell:Creating environment hook '/home/leh/test_ws/install/py_pubsub/share/py_pubsub/hook/pythonpath.ps1'
[46.698s] INFO:colcon.colcon_core.shell:Creating environment descriptor '/home/leh/test_ws/install/py_pubsub/share/py_pubsub/hook/pythonpath.dsv'
[46.701s] INFO:colcon.colcon_core.shell:Creating environment hook '/home/leh/test_ws/install/py_pubsub/share/py_pubsub/hook/pythonpath.sh'
[46.704s] Level 1:colcon.colcon_core.environment:create_environment_scripts_only(py_pubsub)
[46.709s] INFO:colcon.colcon_core.shell:Creating package script '/home/leh/test_ws/install/py_pubsub/share/py_pubsub/package.ps1'
[46.721s] INFO:colcon.colcon_core.shell:Creating package descriptor '/home/leh/test_ws/install/py_pubsub/share/py_pubsub/package.dsv'
[46.726s] INFO:colcon.colcon_core.shell:Creating package script '/home/leh/test_ws/install/py_pubsub/share/py_pubsub/package.sh'
[46.729s] INFO:colcon.colcon_core.shell:Creating package script '/home/leh/test_ws/install/py_pubsub/share/py_pubsub/package.bash'
[46.731s] INFO:colcon.colcon_core.shell:Creating package script '/home/leh/test_ws/install/py_pubsub/share/py_pubsub/package.zsh'
[46.742s] Level 1:colcon.colcon_core.environment:create_file_with_runtime_dependencies(/home/leh/test_ws/install/py_pubsub/share/colcon-core/packages/py_pubsub)
[46.762s] DEBUG:colcon.colcon_core.event_handler.log_command:Invoked command in '/home/leh/test_ws/src/py_sign_srvcli' returned '0': PYTHONPATH=/home/leh/test_ws/install/py_sign_srvcli/lib/python3.6/site-packages:/home/leh/test_ws/install/tutorial_interfaces/lib/python3.6/site-packages:/home/leh/test_ws/install/py_two_pub_one_sub/lib/python3.6/site-packages:/home/leh/test_ws/install/py_srvcli/lib/python3.6/site-packages:/home/leh/test_ws/install/py_sign_srvcli/lib/python3.6/site-packages:/home/leh/test_ws/install/py_pubsub/lib/python3.6/site-packages:/opt/ros/dashing/lib/python3.6/site-packages /usr/bin/python3 setup.py egg_info --egg-base ../../build/py_sign_srvcli build --build-base /home/leh/test_ws/build/py_sign_srvcli/build install --prefix /home/leh/test_ws/install/py_sign_srvcli --record /home/leh/test_ws/build/py_sign_srvcli/install.log --single-version-externally-managed
[46.770s] Level 1:colcon.colcon_core.environment:checking '/home/leh/test_ws/install/py_sign_srvcli' for CMake module files
[46.774s] Level 1:colcon.colcon_core.environment:checking '/home/leh/test_ws/install/py_sign_srvcli' for CMake config files
[46.781s] Level 1:colcon.colcon_core.environment:checking '/home/leh/test_ws/install/py_sign_srvcli/lib'
[46.783s] Level 1:colcon.colcon_core.environment:checking '/home/leh/test_ws/install/py_sign_srvcli/bin'
[46.785s] Level 1:colcon.colcon_core.environment:checking '/home/leh/test_ws/install/py_sign_srvcli/lib/pkgconfig/py_sign_srvcli.pc'
[46.788s] Level 1:colcon.colcon_core.environment:checking '/home/leh/test_ws/install/py_sign_srvcli/lib/python3.6/site-packages'
[46.790s] Level 1:colcon.colcon_core.shell:create_environment_hook('py_sign_srvcli', 'pythonpath')
[46.797s] INFO:colcon.colcon_core.shell:Creating environment hook '/home/leh/test_ws/install/py_sign_srvcli/share/py_sign_srvcli/hook/pythonpath.ps1'
[46.802s] INFO:colcon.colcon_core.shell:Creating environment descriptor '/home/leh/test_ws/install/py_sign_srvcli/share/py_sign_srvcli/hook/pythonpath.dsv'
[46.807s] INFO:colcon.colcon_core.shell:Creating environment hook '/home/leh/test_ws/install/py_sign_srvcli/share/py_sign_srvcli/hook/pythonpath.sh'
[46.809s] Level 1:colcon.colcon_core.environment:create_environment_scripts_only(py_sign_srvcli)
[46.814s] INFO:colcon.colcon_core.shell:Creating package script '/home/leh/test_ws/install/py_sign_srvcli/share/py_sign_srvcli/package.ps1'
[46.817s] INFO:colcon.colcon_core.shell:Creating package descriptor '/home/leh/test_ws/install/py_sign_srvcli/share/py_sign_srvcli/package.dsv'
[46.819s] INFO:colcon.colcon_core.shell:Creating package script '/home/leh/test_ws/install/py_sign_srvcli/share/py_sign_srvcli/package.sh'
[46.822s] INFO:colcon.colcon_core.shell:Creating package script '/home/leh/test_ws/install/py_sign_srvcli/share/py_sign_srvcli/package.bash'
[46.824s] INFO:colcon.colcon_core.shell:Creating package script '/home/leh/test_ws/install/py_sign_srvcli/share/py_sign_srvcli/package.zsh'
[46.826s] Level 1:colcon.colcon_core.environment:create_file_with_runtime_dependencies(/home/leh/test_ws/install/py_sign_srvcli/share/colcon-core/packages/py_sign_srvcli)
[46.839s] Level 1:colcon.colcon_core.environment:checking '/home/leh/test_ws/install/py_srvcli' for CMake module files
[46.846s] DEBUG:colcon.colcon_core.event_handler.log_command:Invoked command in '/home/leh/test_ws/src/py_srvcli' returned '0': PYTHONPATH=/home/leh/test_ws/install/py_srvcli/lib/python3.6/site-packages:/home/leh/test_ws/install/tutorial_interfaces/lib/python3.6/site-packages:/home/leh/test_ws/install/py_two_pub_one_sub/lib/python3.6/site-packages:/home/leh/test_ws/install/py_srvcli/lib/python3.6/site-packages:/home/leh/test_ws/install/py_sign_srvcli/lib/python3.6/site-packages:/home/leh/test_ws/install/py_pubsub/lib/python3.6/site-packages:/opt/ros/dashing/lib/python3.6/site-packages /usr/bin/python3 setup.py egg_info --egg-base ../../build/py_srvcli build --build-base /home/leh/test_ws/build/py_srvcli/build install --prefix /home/leh/test_ws/install/py_srvcli --record /home/leh/test_ws/build/py_srvcli/install.log --single-version-externally-managed
[46.847s] Level 1:colcon.colcon_core.environment:checking '/home/leh/test_ws/install/py_srvcli' for CMake config files
[46.851s] Level 1:colcon.colcon_core.environment:checking '/home/leh/test_ws/install/py_srvcli/lib'
[46.852s] Level 1:colcon.colcon_core.environment:checking '/home/leh/test_ws/install/py_srvcli/bin'
[46.852s] Level 1:colcon.colcon_core.environment:checking '/home/leh/test_ws/install/py_srvcli/lib/pkgconfig/py_srvcli.pc'
[46.853s] Level 1:colcon.colcon_core.environment:checking '/home/leh/test_ws/install/py_srvcli/lib/python3.6/site-packages'
[46.853s] Level 1:colcon.colcon_core.shell:create_environment_hook('py_srvcli', 'pythonpath')
[46.857s] INFO:colcon.colcon_core.shell:Creating environment hook '/home/leh/test_ws/install/py_srvcli/share/py_srvcli/hook/pythonpath.ps1'
[46.859s] INFO:colcon.colcon_core.shell:Creating environment descriptor '/home/leh/test_ws/install/py_srvcli/share/py_srvcli/hook/pythonpath.dsv'
[46.861s] INFO:colcon.colcon_core.shell:Creating environment hook '/home/leh/test_ws/install/py_srvcli/share/py_srvcli/hook/pythonpath.sh'
[46.863s] Level 1:colcon.colcon_core.environment:create_environment_scripts_only(py_srvcli)
[46.868s] INFO:colcon.colcon_core.shell:Creating package script '/home/leh/test_ws/install/py_srvcli/share/py_srvcli/package.ps1'
[46.870s] INFO:colcon.colcon_core.shell:Creating package descriptor '/home/leh/test_ws/install/py_srvcli/share/py_srvcli/package.dsv'
[46.873s] INFO:colcon.colcon_core.shell:Creating package script '/home/leh/test_ws/install/py_srvcli/share/py_srvcli/package.sh'
[46.875s] INFO:colcon.colcon_core.shell:Creating package script '/home/leh/test_ws/install/py_srvcli/share/py_srvcli/package.bash'
[46.877s] INFO:colcon.colcon_core.shell:Creating package script '/home/leh/test_ws/install/py_srvcli/share/py_srvcli/package.zsh'
[46.879s] Level 1:colcon.colcon_core.environment:create_file_with_runtime_dependencies(/home/leh/test_ws/install/py_srvcli/share/colcon-core/packages/py_srvcli)
[46.888s] Level 1:colcon.colcon_core.environment:checking '/home/leh/test_ws/install/py_two_pub_one_sub' for CMake module files
[46.892s] Level 1:colcon.colcon_core.environment:checking '/home/leh/test_ws/install/py_two_pub_one_sub' for CMake config files
[46.897s] Level 1:colcon.colcon_core.environment:checking '/home/leh/test_ws/install/py_two_pub_one_sub/lib'
[46.898s] Level 1:colcon.colcon_core.environment:checking '/home/leh/test_ws/install/py_two_pub_one_sub/bin'
[46.898s] Level 1:colcon.colcon_core.environment:checking '/home/leh/test_ws/install/py_two_pub_one_sub/lib/pkgconfig/py_two_pub_one_sub.pc'
[46.899s] Level 1:colcon.colcon_core.environment:checking '/home/leh/test_ws/install/py_two_pub_one_sub/lib/python3.6/site-packages'
[46.899s] Level 1:colcon.colcon_core.shell:create_environment_hook('py_two_pub_one_sub', 'pythonpath')
[46.903s] INFO:colcon.colcon_core.shell:Creating environment hook '/home/leh/test_ws/install/py_two_pub_one_sub/share/py_two_pub_one_sub/hook/pythonpath.ps1'
[46.906s] INFO:colcon.colcon_core.shell:Creating environment descriptor '/home/leh/test_ws/install/py_two_pub_one_sub/share/py_two_pub_one_sub/hook/pythonpath.dsv'
[46.910s] DEBUG:colcon.colcon_core.event_handler.log_command:Invoked command in '/home/leh/test_ws/src/py_two_pub_one_sub' returned '0': PYTHONPATH=/home/leh/test_ws/install/py_two_pub_one_sub/lib/python3.6/site-packages:/home/leh/test_ws/install/tutorial_interfaces/lib/python3.6/site-packages:/home/leh/test_ws/install/py_two_pub_one_sub/lib/python3.6/site-packages:/home/leh/test_ws/install/py_srvcli/lib/python3.6/site-packages:/home/leh/test_ws/install/py_sign_srvcli/lib/python3.6/site-packages:/home/leh/test_ws/install/py_pubsub/lib/python3.6/site-packages:/opt/ros/dashing/lib/python3.6/site-packages /usr/bin/python3 setup.py egg_info --egg-base ../../build/py_two_pub_one_sub build --build-base /home/leh/test_ws/build/py_two_pub_one_sub/build install --prefix /home/leh/test_ws/install/py_two_pub_one_sub --record /home/leh/test_ws/build/py_two_pub_one_sub/install.log --single-version-externally-managed
[46.911s] INFO:colcon.colcon_core.shell:Creating environment hook '/home/leh/test_ws/install/py_two_pub_one_sub/share/py_two_pub_one_sub/hook/pythonpath.sh'
[46.914s] Level 1:colcon.colcon_core.environment:create_environment_scripts_only(py_two_pub_one_sub)
[46.919s] INFO:colcon.colcon_core.shell:Creating package script '/home/leh/test_ws/install/py_two_pub_one_sub/share/py_two_pub_one_sub/package.ps1'
[46.922s] INFO:colcon.colcon_core.shell:Creating package descriptor '/home/leh/test_ws/install/py_two_pub_one_sub/share/py_two_pub_one_sub/package.dsv'
[46.925s] INFO:colcon.colcon_core.shell:Creating package script '/home/leh/test_ws/install/py_two_pub_one_sub/share/py_two_pub_one_sub/package.sh'
[46.927s] INFO:colcon.colcon_core.shell:Creating package script '/home/leh/test_ws/install/py_two_pub_one_sub/share/py_two_pub_one_sub/package.bash'
[46.929s] INFO:colcon.colcon_core.shell:Creating package script '/home/leh/test_ws/install/py_two_pub_one_sub/share/py_two_pub_one_sub/package.zsh'
[46.931s] Level 1:colcon.colcon_core.environment:create_file_with_runtime_dependencies(/home/leh/test_ws/install/py_two_pub_one_sub/share/colcon-core/packages/py_two_pub_one_sub)
[46.933s] DEBUG:colcon.colcon_parallel_executor.executor.parallel:closing loop
[46.936s] DEBUG:colcon.colcon_parallel_executor.executor.parallel:loop closed
[46.937s] DEBUG:colcon.colcon_parallel_executor.executor.parallel:run_until_complete finished with '0'
[46.937s] DEBUG:colcon.colcon_core.event_reactor:joining thread
[46.985s] INFO:colcon.colcon_core.plugin_system:Skipping extension 'colcon_notification.desktop_notification.terminal_notifier': Not used on non-Darwin systems
[46.985s] INFO:colcon.colcon_core.plugin_system:Skipping extension 'colcon_notification.desktop_notification.win32': Not used on non-Windows systems
[46.986s] INFO:colcon.colcon_notification.desktop_notification:Sending desktop notification using 'notify2'
[47.012s] DEBUG:colcon.colcon_core.event_reactor:joined thread
[47.016s] INFO:colcon.colcon_core.shell:Creating prefix script '/home/leh/test_ws/install/local_setup.ps1'
[47.022s] INFO:colcon.colcon_core.shell:Creating prefix util module '/home/leh/test_ws/install/_local_setup_util_ps1.py'
[47.031s] INFO:colcon.colcon_core.shell:Creating prefix chain script '/home/leh/test_ws/install/setup.ps1'
[47.048s] INFO:colcon.colcon_core.shell:Creating prefix script '/home/leh/test_ws/install/local_setup.sh'
[47.052s] INFO:colcon.colcon_core.shell:Creating prefix util module '/home/leh/test_ws/install/_local_setup_util_sh.py'
[47.054s] INFO:colcon.colcon_core.shell:Creating prefix chain script '/home/leh/test_ws/install/setup.sh'
[47.072s] INFO:colcon.colcon_core.shell:Creating prefix script '/home/leh/test_ws/install/local_setup.bash'
[47.075s] INFO:colcon.colcon_core.shell:Creating prefix chain script '/home/leh/test_ws/install/setup.bash'
[47.093s] INFO:colcon.colcon_core.shell:Creating prefix script '/home/leh/test_ws/install/local_setup.zsh'
[47.098s] INFO:colcon.colcon_core.shell:Creating prefix chain script '/home/leh/test_ws/install/setup.zsh'
