[1.646s] Invoking command in '/home/leh/test_ws/src/py_two_pub_one_sub': PYTHONPATH=/home/leh/test_ws/install/py_two_pub_one_sub/lib/python3.6/site-packages:/home/leh/test_ws/install/tutorial_interfaces/lib/python3.6/site-packages:/home/leh/test_ws/install/py_two_pub_one_sub/lib/python3.6/site-packages:/home/leh/test_ws/install/py_pubsub/lib/python3.6/site-packages:/opt/ros/dashing/lib/python3.6/site-packages /usr/bin/python3 setup.py egg_info --egg-base ../../build/py_two_pub_one_sub build --build-base /home/leh/test_ws/build/py_two_pub_one_sub/build install --prefix /home/leh/test_ws/install/py_two_pub_one_sub --record /home/leh/test_ws/build/py_two_pub_one_sub/install.log --single-version-externally-managed
[2.928s] /home/leh/.local/lib/python3.6/site-packages/setuptools/dist.py:720: UserWarning: Usage of dash-separated 'script-dir' will not be supported in future versions. Please use the underscore name 'script_dir' instead
[2.929s]   % (opt, underscore_opt)
[2.939s] /home/leh/.local/lib/python3.6/site-packages/setuptools/dist.py:720: UserWarning: Usage of dash-separated 'install-scripts' will not be supported in future versions. Please use the underscore name 'install_scripts' instead
[2.942s]   % (opt, underscore_opt)
[3.123s] running egg_info
[3.128s] writing ../../build/py_two_pub_one_sub/py_two_pub_one_sub.egg-info/PKG-INFO
[3.129s] writing dependency_links to ../../build/py_two_pub_one_sub/py_two_pub_one_sub.egg-info/dependency_links.txt
[3.130s] writing entry points to ../../build/py_two_pub_one_sub/py_two_pub_one_sub.egg-info/entry_points.txt
[3.131s] writing requirements to ../../build/py_two_pub_one_sub/py_two_pub_one_sub.egg-info/requires.txt
[3.132s] writing top-level names to ../../build/py_two_pub_one_sub/py_two_pub_one_sub.egg-info/top_level.txt
[3.140s] reading manifest file '../../build/py_two_pub_one_sub/py_two_pub_one_sub.egg-info/SOURCES.txt'
[3.151s] writing manifest file '../../build/py_two_pub_one_sub/py_two_pub_one_sub.egg-info/SOURCES.txt'
[3.152s] running build
[3.154s] running build_py
[3.155s] copying py_two_pub_one_sub/publisher_sensor2_function.py -> /home/leh/test_ws/build/py_two_pub_one_sub/build/lib/py_two_pub_one_sub
[3.155s] copying py_two_pub_one_sub/publisher_sensor1_function.py -> /home/leh/test_ws/build/py_two_pub_one_sub/build/lib/py_two_pub_one_sub
[3.156s] running install
[3.157s] /home/leh/.local/lib/python3.6/site-packages/setuptools/command/install.py:37: SetuptoolsDeprecationWarning: setup.py install is deprecated. Use build and pip and other standards-based tools.
[3.159s]   setuptools.SetuptoolsDeprecationWarning,
[3.159s] running install_lib
[3.161s] copying /home/leh/test_ws/build/py_two_pub_one_sub/build/lib/py_two_pub_one_sub/publisher_sensor2_function.py -> /home/leh/test_ws/install/py_two_pub_one_sub/lib/python3.6/site-packages/py_two_pub_one_sub
[3.161s] copying /home/leh/test_ws/build/py_two_pub_one_sub/build/lib/py_two_pub_one_sub/publisher_sensor1_function.py -> /home/leh/test_ws/install/py_two_pub_one_sub/lib/python3.6/site-packages/py_two_pub_one_sub
[3.162s] byte-compiling /home/leh/test_ws/install/py_two_pub_one_sub/lib/python3.6/site-packages/py_two_pub_one_sub/publisher_sensor2_function.py to publisher_sensor2_function.cpython-36.pyc
[3.163s] byte-compiling /home/leh/test_ws/install/py_two_pub_one_sub/lib/python3.6/site-packages/py_two_pub_one_sub/publisher_sensor1_function.py to publisher_sensor1_function.cpython-36.pyc
[3.165s] running install_data
[3.168s] running install_egg_info
[3.175s] removing '/home/leh/test_ws/install/py_two_pub_one_sub/lib/python3.6/site-packages/py_two_pub_one_sub-0.0.0-py3.6.egg-info' (and everything under it)
[3.177s] Copying ../../build/py_two_pub_one_sub/py_two_pub_one_sub.egg-info to /home/leh/test_ws/install/py_two_pub_one_sub/lib/python3.6/site-packages/py_two_pub_one_sub-0.0.0-py3.6.egg-info
[3.182s] running install_scripts
[3.275s] Installing actuator script to /home/leh/test_ws/install/py_two_pub_one_sub/lib/py_two_pub_one_sub
[3.277s] Installing sensor1 script to /home/leh/test_ws/install/py_two_pub_one_sub/lib/py_two_pub_one_sub
[3.281s] Installing sensor2 script to /home/leh/test_ws/install/py_two_pub_one_sub/lib/py_two_pub_one_sub
[3.281s] writing list of installed files to '/home/leh/test_ws/build/py_two_pub_one_sub/install.log'
[3.391s] Invoked command in '/home/leh/test_ws/src/py_two_pub_one_sub' returned '0': PYTHONPATH=/home/leh/test_ws/install/py_two_pub_one_sub/lib/python3.6/site-packages:/home/leh/test_ws/install/tutorial_interfaces/lib/python3.6/site-packages:/home/leh/test_ws/install/py_two_pub_one_sub/lib/python3.6/site-packages:/home/leh/test_ws/install/py_pubsub/lib/python3.6/site-packages:/opt/ros/dashing/lib/python3.6/site-packages /usr/bin/python3 setup.py egg_info --egg-base ../../build/py_two_pub_one_sub build --build-base /home/leh/test_ws/build/py_two_pub_one_sub/build install --prefix /home/leh/test_ws/install/py_two_pub_one_sub --record /home/leh/test_ws/build/py_two_pub_one_sub/install.log --single-version-externally-managed
