[6.588s] Invoking command in '/home/leh/test_ws/src/py_sign_srvcli': PYTHONPATH=/home/leh/test_ws/install/py_sign_srvcli/lib/python3.6/site-packages:/home/leh/test_ws/install/tutorial_interfaces/lib/python3.6/site-packages:/home/leh/test_ws/install/py_two_pub_one_sub/lib/python3.6/site-packages:/home/leh/test_ws/install/py_srvcli/lib/python3.6/site-packages:/home/leh/test_ws/install/py_sign_srvcli/lib/python3.6/site-packages:/home/leh/test_ws/install/py_pubsub/lib/python3.6/site-packages:/opt/ros/dashing/lib/python3.6/site-packages /usr/bin/python3 setup.py egg_info --egg-base ../../build/py_sign_srvcli build --build-base /home/leh/test_ws/build/py_sign_srvcli/build install --prefix /home/leh/test_ws/install/py_sign_srvcli --record /home/leh/test_ws/build/py_sign_srvcli/install.log --single-version-externally-managed
[8.073s] /home/leh/.local/lib/python3.6/site-packages/setuptools/dist.py:720: UserWarning: Usage of dash-separated 'script-dir' will not be supported in future versions. Please use the underscore name 'script_dir' instead
[8.077s]   % (opt, underscore_opt)
[8.079s] /home/leh/.local/lib/python3.6/site-packages/setuptools/dist.py:720: UserWarning: Usage of dash-separated 'install-scripts' will not be supported in future versions. Please use the underscore name 'install_scripts' instead
[8.079s]   % (opt, underscore_opt)
[8.484s] running egg_info
[8.488s] writing ../../build/py_sign_srvcli/py_sign_srvcli.egg-info/PKG-INFO
[8.489s] writing dependency_links to ../../build/py_sign_srvcli/py_sign_srvcli.egg-info/dependency_links.txt
[8.495s] writing entry points to ../../build/py_sign_srvcli/py_sign_srvcli.egg-info/entry_points.txt
[8.495s] writing requirements to ../../build/py_sign_srvcli/py_sign_srvcli.egg-info/requires.txt
[8.496s] writing top-level names to ../../build/py_sign_srvcli/py_sign_srvcli.egg-info/top_level.txt
[8.510s] reading manifest file '../../build/py_sign_srvcli/py_sign_srvcli.egg-info/SOURCES.txt'
[8.525s] writing manifest file '../../build/py_sign_srvcli/py_sign_srvcli.egg-info/SOURCES.txt'
[8.526s] running build
[8.526s] running build_py
[8.537s] running install
[8.537s] running install_lib
[8.538s] /home/leh/.local/lib/python3.6/site-packages/setuptools/command/install.py:37: SetuptoolsDeprecationWarning: setup.py install is deprecated. Use build and pip and other standards-based tools.
[8.539s]   setuptools.SetuptoolsDeprecationWarning,
[8.544s] running install_data
[8.547s] running install_egg_info
[8.555s] removing '/home/leh/test_ws/install/py_sign_srvcli/lib/python3.6/site-packages/py_sign_srvcli-0.0.0-py3.6.egg-info' (and everything under it)
[8.556s] Copying ../../build/py_sign_srvcli/py_sign_srvcli.egg-info to /home/leh/test_ws/install/py_sign_srvcli/lib/python3.6/site-packages/py_sign_srvcli-0.0.0-py3.6.egg-info
[8.563s] running install_scripts
[8.682s] Installing client script to /home/leh/test_ws/install/py_sign_srvcli/lib/py_sign_srvcli
[8.683s] Installing service script to /home/leh/test_ws/install/py_sign_srvcli/lib/py_sign_srvcli
[8.691s] writing list of installed files to '/home/leh/test_ws/build/py_sign_srvcli/install.log'
[8.828s] Invoked command in '/home/leh/test_ws/src/py_sign_srvcli' returned '0': PYTHONPATH=/home/leh/test_ws/install/py_sign_srvcli/lib/python3.6/site-packages:/home/leh/test_ws/install/tutorial_interfaces/lib/python3.6/site-packages:/home/leh/test_ws/install/py_two_pub_one_sub/lib/python3.6/site-packages:/home/leh/test_ws/install/py_srvcli/lib/python3.6/site-packages:/home/leh/test_ws/install/py_sign_srvcli/lib/python3.6/site-packages:/home/leh/test_ws/install/py_pubsub/lib/python3.6/site-packages:/opt/ros/dashing/lib/python3.6/site-packages /usr/bin/python3 setup.py egg_info --egg-base ../../build/py_sign_srvcli build --build-base /home/leh/test_ws/build/py_sign_srvcli/build install --prefix /home/leh/test_ws/install/py_sign_srvcli --record /home/leh/test_ws/build/py_sign_srvcli/install.log --single-version-externally-managed
