[1.481s] Invoking command in '/home/leh/test_ws/src/py_pubsub': AMENT_PREFIX_PATH=/home/leh/test_ws/install/tutorial_interfaces:${AMENT_PREFIX_PATH} CMAKE_PREFIX_PATH=/home/leh/test_ws/install/tutorial_interfaces LD_LIBRARY_PATH=/home/leh/test_ws/install/tutorial_interfaces/lib:${LD_LIBRARY_PATH} PYTHONPATH=/home/leh/test_ws/install/py_pubsub/lib/python3.6/site-packages:/home/leh/test_ws/install/tutorial_interfaces/lib/python3.6/site-packages:${PYTHONPATH} /usr/bin/python3 setup.py egg_info --egg-base ../../build/py_pubsub build --build-base /home/leh/test_ws/build/py_pubsub/build install --prefix /home/leh/test_ws/install/py_pubsub --record /home/leh/test_ws/build/py_pubsub/install.log --single-version-externally-managed
[2.633s] /home/leh/.local/lib/python3.6/site-packages/setuptools/dist.py:720: UserWarning: Usage of dash-separated 'script-dir' will not be supported in future versions. Please use the underscore name 'script_dir' instead
[2.634s]   % (opt, underscore_opt)
[2.635s] /home/leh/.local/lib/python3.6/site-packages/setuptools/dist.py:720: UserWarning: Usage of dash-separated 'install-scripts' will not be supported in future versions. Please use the underscore name 'install_scripts' instead
[2.635s]   % (opt, underscore_opt)
[2.811s] running egg_info
[2.814s] creating ../../build/py_pubsub/py_pubsub.egg-info
[2.814s] writing ../../build/py_pubsub/py_pubsub.egg-info/PKG-INFO
[2.815s] writing dependency_links to ../../build/py_pubsub/py_pubsub.egg-info/dependency_links.txt
[2.816s] writing entry points to ../../build/py_pubsub/py_pubsub.egg-info/entry_points.txt
[2.816s] writing requirements to ../../build/py_pubsub/py_pubsub.egg-info/requires.txt
[2.817s] writing top-level names to ../../build/py_pubsub/py_pubsub.egg-info/top_level.txt
[2.817s] writing manifest file '../../build/py_pubsub/py_pubsub.egg-info/SOURCES.txt'
[2.827s] reading manifest file '../../build/py_pubsub/py_pubsub.egg-info/SOURCES.txt'
[2.833s] writing manifest file '../../build/py_pubsub/py_pubsub.egg-info/SOURCES.txt'
[2.833s] running build
[2.834s] running build_py
[2.834s] creating /home/leh/test_ws/build/py_pubsub/build
[2.835s] creating /home/leh/test_ws/build/py_pubsub/build/lib
[2.835s] creating /home/leh/test_ws/build/py_pubsub/build/lib/py_pubsub
[2.836s] copying py_pubsub/publisher_member_function.py -> /home/leh/test_ws/build/py_pubsub/build/lib/py_pubsub
[2.837s] copying py_pubsub/__init__.py -> /home/leh/test_ws/build/py_pubsub/build/lib/py_pubsub
[2.837s] copying py_pubsub/subscriber_member_function.py -> /home/leh/test_ws/build/py_pubsub/build/lib/py_pubsub
[2.838s] running install
[2.838s] /home/leh/.local/lib/python3.6/site-packages/setuptools/command/install.py:37: SetuptoolsDeprecationWarning: setup.py install is deprecated. Use build and pip and other standards-based tools.
[2.839s]   setuptools.SetuptoolsDeprecationWarning,
[2.839s] running install_lib
[2.844s] creating /home/leh/test_ws/install/py_pubsub/lib/python3.6/site-packages/py_pubsub
[2.845s] copying /home/leh/test_ws/build/py_pubsub/build/lib/py_pubsub/publisher_member_function.py -> /home/leh/test_ws/install/py_pubsub/lib/python3.6/site-packages/py_pubsub
[2.846s] copying /home/leh/test_ws/build/py_pubsub/build/lib/py_pubsub/__init__.py -> /home/leh/test_ws/install/py_pubsub/lib/python3.6/site-packages/py_pubsub
[2.846s] copying /home/leh/test_ws/build/py_pubsub/build/lib/py_pubsub/subscriber_member_function.py -> /home/leh/test_ws/install/py_pubsub/lib/python3.6/site-packages/py_pubsub
[2.847s] byte-compiling /home/leh/test_ws/install/py_pubsub/lib/python3.6/site-packages/py_pubsub/publisher_member_function.py to publisher_member_function.cpython-36.pyc
[2.848s] byte-compiling /home/leh/test_ws/install/py_pubsub/lib/python3.6/site-packages/py_pubsub/__init__.py to __init__.cpython-36.pyc
[2.849s]   File "/home/leh/test_ws/install/py_pubsub/lib/python3.6/site-packages/py_pubsub/publisher_member_function.py", line 2
[2.850s]     import rclpy.node import Node
[2.851s]                            ^
[2.851s] SyntaxError: invalid syntax
[2.852s] 
[2.853s] byte-compiling /home/leh/test_ws/install/py_pubsub/lib/python3.6/site-packages/py_pubsub/subscriber_member_function.py to subscriber_member_function.cpython-36.pyc
[2.853s] running install_data
[2.856s] creating /home/leh/test_ws/install/py_pubsub/share/ament_index
[2.857s] creating /home/leh/test_ws/install/py_pubsub/share/ament_index/resource_index
[2.858s] creating /home/leh/test_ws/install/py_pubsub/share/ament_index/resource_index/packages
[2.859s] copying resource/py_pubsub -> /home/leh/test_ws/install/py_pubsub/share/ament_index/resource_index/packages
[2.859s] copying package.xml -> /home/leh/test_ws/install/py_pubsub/share/py_pubsub
[2.860s] running install_egg_info
[2.868s] Copying ../../build/py_pubsub/py_pubsub.egg-info to /home/leh/test_ws/install/py_pubsub/lib/python3.6/site-packages/py_pubsub-0.0.0-py3.6.egg-info
[2.872s] running install_scripts
[2.969s] Installing listener script to /home/leh/test_ws/install/py_pubsub/lib/py_pubsub
[2.970s] Installing talker script to /home/leh/test_ws/install/py_pubsub/lib/py_pubsub
[2.971s] writing list of installed files to '/home/leh/test_ws/build/py_pubsub/install.log'
[3.072s] Invoked command in '/home/leh/test_ws/src/py_pubsub' returned '0': AMENT_PREFIX_PATH=/home/leh/test_ws/install/tutorial_interfaces:${AMENT_PREFIX_PATH} CMAKE_PREFIX_PATH=/home/leh/test_ws/install/tutorial_interfaces LD_LIBRARY_PATH=/home/leh/test_ws/install/tutorial_interfaces/lib:${LD_LIBRARY_PATH} PYTHONPATH=/home/leh/test_ws/install/py_pubsub/lib/python3.6/site-packages:/home/leh/test_ws/install/tutorial_interfaces/lib/python3.6/site-packages:${PYTHONPATH} /usr/bin/python3 setup.py egg_info --egg-base ../../build/py_pubsub build --build-base /home/leh/test_ws/build/py_pubsub/build install --prefix /home/leh/test_ws/install/py_pubsub --record /home/leh/test_ws/build/py_pubsub/install.log --single-version-externally-managed
