running egg_info
creating ../../build/py_two_pub_one_sub/py_two_pub_one_sub.egg-info
writing ../../build/py_two_pub_one_sub/py_two_pub_one_sub.egg-info/PKG-INFO
writing dependency_links to ../../build/py_two_pub_one_sub/py_two_pub_one_sub.egg-info/dependency_links.txt
writing entry points to ../../build/py_two_pub_one_sub/py_two_pub_one_sub.egg-info/entry_points.txt
writing requirements to ../../build/py_two_pub_one_sub/py_two_pub_one_sub.egg-info/requires.txt
writing top-level names to ../../build/py_two_pub_one_sub/py_two_pub_one_sub.egg-info/top_level.txt
writing manifest file '../../build/py_two_pub_one_sub/py_two_pub_one_sub.egg-info/SOURCES.txt'
reading manifest file '../../build/py_two_pub_one_sub/py_two_pub_one_sub.egg-info/SOURCES.txt'
writing manifest file '../../build/py_two_pub_one_sub/py_two_pub_one_sub.egg-info/SOURCES.txt'
running build
running build_py
creating /home/leh/test_ws/build/py_two_pub_one_sub/build
creating /home/leh/test_ws/build/py_two_pub_one_sub/build/lib
creating /home/leh/test_ws/build/py_two_pub_one_sub/build/lib/py_two_pub_one_sub
copying py_two_pub_one_sub/__init__.py -> /home/leh/test_ws/build/py_two_pub_one_sub/build/lib/py_two_pub_one_sub
copying py_two_pub_one_sub/subscriber_actuator_function.py -> /home/leh/test_ws/build/py_two_pub_one_sub/build/lib/py_two_pub_one_sub
copying py_two_pub_one_sub/publisher_sensor1_function.py -> /home/leh/test_ws/build/py_two_pub_one_sub/build/lib/py_two_pub_one_sub
running install
running install_lib
creating /home/leh/test_ws/install/py_two_pub_one_sub/lib/python3.6/site-packages/py_two_pub_one_sub
copying /home/leh/test_ws/build/py_two_pub_one_sub/build/lib/py_two_pub_one_sub/__init__.py -> /home/leh/test_ws/install/py_two_pub_one_sub/lib/python3.6/site-packages/py_two_pub_one_sub
copying /home/leh/test_ws/build/py_two_pub_one_sub/build/lib/py_two_pub_one_sub/subscriber_actuator_function.py -> /home/leh/test_ws/install/py_two_pub_one_sub/lib/python3.6/site-packages/py_two_pub_one_sub
copying /home/leh/test_ws/build/py_two_pub_one_sub/build/lib/py_two_pub_one_sub/publisher_sensor1_function.py -> /home/leh/test_ws/install/py_two_pub_one_sub/lib/python3.6/site-packages/py_two_pub_one_sub
byte-compiling /home/leh/test_ws/install/py_two_pub_one_sub/lib/python3.6/site-packages/py_two_pub_one_sub/__init__.py to __init__.cpython-36.pyc
byte-compiling /home/leh/test_ws/install/py_two_pub_one_sub/lib/python3.6/site-packages/py_two_pub_one_sub/subscriber_actuator_function.py to subscriber_actuator_function.cpython-36.pyc
byte-compiling /home/leh/test_ws/install/py_two_pub_one_sub/lib/python3.6/site-packages/py_two_pub_one_sub/publisher_sensor1_function.py to publisher_sensor1_function.cpython-36.pyc
running install_data
creating /home/leh/test_ws/install/py_two_pub_one_sub/share/ament_index
creating /home/leh/test_ws/install/py_two_pub_one_sub/share/ament_index/resource_index
creating /home/leh/test_ws/install/py_two_pub_one_sub/share/ament_index/resource_index/packages
copying resource/py_two_pub_one_sub -> /home/leh/test_ws/install/py_two_pub_one_sub/share/ament_index/resource_index/packages
copying package.xml -> /home/leh/test_ws/install/py_two_pub_one_sub/share/py_two_pub_one_sub
running install_egg_info
Copying ../../build/py_two_pub_one_sub/py_two_pub_one_sub.egg-info to /home/leh/test_ws/install/py_two_pub_one_sub/lib/python3.6/site-packages/py_two_pub_one_sub-0.0.0-py3.6.egg-info
running install_scripts
Installing actuator script to /home/leh/test_ws/install/py_two_pub_one_sub/lib/py_two_pub_one_sub
Installing sensor1 script to /home/leh/test_ws/install/py_two_pub_one_sub/lib/py_two_pub_one_sub
writing list of installed files to '/home/leh/test_ws/build/py_two_pub_one_sub/install.log'
