[3.208s] Invoking command in '/home/leh/test_ws/src/py_pubsub': AMENT_PREFIX_PATH=/home/leh/test_ws/install/tutorial_interfaces:${AMENT_PREFIX_PATH} CMAKE_PREFIX_PATH=/home/leh/test_ws/install/tutorial_interfaces LD_LIBRARY_PATH=/home/leh/test_ws/install/tutorial_interfaces/lib:${LD_LIBRARY_PATH} PYTHONPATH=/home/leh/test_ws/install/py_pubsub/lib/python3.6/site-packages:/home/leh/test_ws/install/tutorial_interfaces/lib/python3.6/site-packages:${PYTHONPATH} /usr/bin/python3 setup.py egg_info --egg-base ../../build/py_pubsub build --build-base /home/leh/test_ws/build/py_pubsub/build install --prefix /home/leh/test_ws/install/py_pubsub --record /home/leh/test_ws/build/py_pubsub/install.log --single-version-externally-managed
[4.762s] /home/leh/.local/lib/python3.6/site-packages/setuptools/dist.py:720: UserWarning: Usage of dash-separated 'script-dir' will not be supported in future versions. Please use the underscore name 'script_dir' instead
[4.762s]   % (opt, underscore_opt)
[4.764s] /home/leh/.local/lib/python3.6/site-packages/setuptools/dist.py:720: UserWarning: Usage of dash-separated 'install-scripts' will not be supported in future versions. Please use the underscore name 'install_scripts' instead
[4.764s]   % (opt, underscore_opt)
[4.962s] running egg_info
[4.966s] writing ../../build/py_pubsub/py_pubsub.egg-info/PKG-INFO
[4.967s] writing dependency_links to ../../build/py_pubsub/py_pubsub.egg-info/dependency_links.txt
[4.968s] writing entry points to ../../build/py_pubsub/py_pubsub.egg-info/entry_points.txt
[4.969s] writing requirements to ../../build/py_pubsub/py_pubsub.egg-info/requires.txt
[4.969s] writing top-level names to ../../build/py_pubsub/py_pubsub.egg-info/top_level.txt
[4.981s] reading manifest file '../../build/py_pubsub/py_pubsub.egg-info/SOURCES.txt'
[4.987s] writing manifest file '../../build/py_pubsub/py_pubsub.egg-info/SOURCES.txt'
[4.988s] running build
[4.989s] running build_py
[4.990s] running install
[4.992s] /home/leh/.local/lib/python3.6/site-packages/setuptools/command/install.py:37: SetuptoolsDeprecationWarning: setup.py install is deprecated. Use build and pip and other standards-based tools.
[4.992s]   setuptools.SetuptoolsDeprecationWarning,
[4.994s] running install_lib
[5.001s] running install_data
[5.014s] running install_egg_info
[5.022s] removing '/home/leh/test_ws/install/py_pubsub/lib/python3.6/site-packages/py_pubsub-0.0.0-py3.6.egg-info' (and everything under it)
[5.023s] Copying ../../build/py_pubsub/py_pubsub.egg-info to /home/leh/test_ws/install/py_pubsub/lib/python3.6/site-packages/py_pubsub-0.0.0-py3.6.egg-info
[5.050s] running install_scripts
[5.170s] Installing listener script to /home/leh/test_ws/install/py_pubsub/lib/py_pubsub
[5.173s] Installing talker script to /home/leh/test_ws/install/py_pubsub/lib/py_pubsub
[5.173s] writing list of installed files to '/home/leh/test_ws/build/py_pubsub/install.log'
[5.297s] Invoked command in '/home/leh/test_ws/src/py_pubsub' returned '0': AMENT_PREFIX_PATH=/home/leh/test_ws/install/tutorial_interfaces:${AMENT_PREFIX_PATH} CMAKE_PREFIX_PATH=/home/leh/test_ws/install/tutorial_interfaces LD_LIBRARY_PATH=/home/leh/test_ws/install/tutorial_interfaces/lib:${LD_LIBRARY_PATH} PYTHONPATH=/home/leh/test_ws/install/py_pubsub/lib/python3.6/site-packages:/home/leh/test_ws/install/tutorial_interfaces/lib/python3.6/site-packages:${PYTHONPATH} /usr/bin/python3 setup.py egg_info --egg-base ../../build/py_pubsub build --build-base /home/leh/test_ws/build/py_pubsub/build install --prefix /home/leh/test_ws/install/py_pubsub --record /home/leh/test_ws/build/py_pubsub/install.log --single-version-externally-managed
