[1.618s] Invoking command in '/home/leh/test_ws/src/py_srvcli': PYTHONPATH=/home/leh/test_ws/install/py_srvcli/lib/python3.6/site-packages:/home/leh/test_ws/install/tutorial_interfaces/lib/python3.6/site-packages:/home/leh/test_ws/install/py_srvcli/lib/python3.6/site-packages:/home/leh/test_ws/install/py_two_pub_one_sub/lib/python3.6/site-packages:/home/leh/test_ws/install/py_pubsub/lib/python3.6/site-packages:/opt/ros/dashing/lib/python3.6/site-packages /usr/bin/python3 setup.py egg_info --egg-base ../../build/py_srvcli build --build-base /home/leh/test_ws/build/py_srvcli/build install --prefix /home/leh/test_ws/install/py_srvcli --record /home/leh/test_ws/build/py_srvcli/install.log --single-version-externally-managed
[2.923s] /home/leh/.local/lib/python3.6/site-packages/setuptools/dist.py:720: UserWarning: Usage of dash-separated 'script-dir' will not be supported in future versions. Please use the underscore name 'script_dir' instead
[2.924s]   % (opt, underscore_opt)
[2.925s] /home/leh/.local/lib/python3.6/site-packages/setuptools/dist.py:720: UserWarning: Usage of dash-separated 'install-scripts' will not be supported in future versions. Please use the underscore name 'install_scripts' instead
[2.925s]   % (opt, underscore_opt)
[3.121s] running egg_info
[3.124s] writing ../../build/py_srvcli/py_srvcli.egg-info/PKG-INFO
[3.126s] writing dependency_links to ../../build/py_srvcli/py_srvcli.egg-info/dependency_links.txt
[3.127s] writing entry points to ../../build/py_srvcli/py_srvcli.egg-info/entry_points.txt
[3.128s] writing requirements to ../../build/py_srvcli/py_srvcli.egg-info/requires.txt
[3.128s] writing top-level names to ../../build/py_srvcli/py_srvcli.egg-info/top_level.txt
[3.136s] reading manifest file '../../build/py_srvcli/py_srvcli.egg-info/SOURCES.txt'
[3.143s] writing manifest file '../../build/py_srvcli/py_srvcli.egg-info/SOURCES.txt'
[3.144s] running build
[3.144s] running build_py
[3.145s] copying py_srvcli/client_member_function.py -> /home/leh/test_ws/build/py_srvcli/build/lib/py_srvcli
[3.146s] running install
[3.147s] /home/leh/.local/lib/python3.6/site-packages/setuptools/command/install.py:37: SetuptoolsDeprecationWarning: setup.py install is deprecated. Use build and pip and other standards-based tools.
[3.147s]   setuptools.SetuptoolsDeprecationWarning,
[3.148s] running install_lib
[3.152s] copying /home/leh/test_ws/build/py_srvcli/build/lib/py_srvcli/client_member_function.py -> /home/leh/test_ws/install/py_srvcli/lib/python3.6/site-packages/py_srvcli
[3.154s] byte-compiling /home/leh/test_ws/install/py_srvcli/lib/python3.6/site-packages/py_srvcli/client_member_function.py to client_member_function.cpython-36.pyc
[3.157s] running install_data
[3.159s] running install_egg_info
[3.167s] removing '/home/leh/test_ws/install/py_srvcli/lib/python3.6/site-packages/py_srvcli-0.0.0-py3.6.egg-info' (and everything under it)
[3.170s] Copying ../../build/py_srvcli/py_srvcli.egg-info to /home/leh/test_ws/install/py_srvcli/lib/python3.6/site-packages/py_srvcli-0.0.0-py3.6.egg-info
[3.177s] running install_scripts
[3.269s] Installing client script to /home/leh/test_ws/install/py_srvcli/lib/py_srvcli
[3.270s] Installing service script to /home/leh/test_ws/install/py_srvcli/lib/py_srvcli
[3.271s] writing list of installed files to '/home/leh/test_ws/build/py_srvcli/install.log'
[3.378s] Invoked command in '/home/leh/test_ws/src/py_srvcli' returned '0': PYTHONPATH=/home/leh/test_ws/install/py_srvcli/lib/python3.6/site-packages:/home/leh/test_ws/install/tutorial_interfaces/lib/python3.6/site-packages:/home/leh/test_ws/install/py_srvcli/lib/python3.6/site-packages:/home/leh/test_ws/install/py_two_pub_one_sub/lib/python3.6/site-packages:/home/leh/test_ws/install/py_pubsub/lib/python3.6/site-packages:/opt/ros/dashing/lib/python3.6/site-packages /usr/bin/python3 setup.py egg_info --egg-base ../../build/py_srvcli build --build-base /home/leh/test_ws/build/py_srvcli/build install --prefix /home/leh/test_ws/install/py_srvcli --record /home/leh/test_ws/build/py_srvcli/install.log --single-version-externally-managed
