[1.683s] Invoking command in '/home/leh/test_ws/src/py_action': PYTHONPATH=/home/leh/test_ws/install/py_action/lib/python3.6/site-packages:/home/leh/test_ws/install/tutorial_interfaces/lib/python3.6/site-packages:/home/leh/test_ws/install/py_two_pub_one_sub/lib/python3.6/site-packages:/home/leh/test_ws/install/py_srvcli/lib/python3.6/site-packages:/home/leh/test_ws/install/py_sign_srvcli/lib/python3.6/site-packages:/home/leh/test_ws/install/py_pubsub/lib/python3.6/site-packages:/home/leh/test_ws/install/py_action/lib/python3.6/site-packages:/opt/ros/dashing/lib/python3.6/site-packages /usr/bin/python3 setup.py egg_info --egg-base ../../build/py_action build --build-base /home/leh/test_ws/build/py_action/build install --prefix /home/leh/test_ws/install/py_action --record /home/leh/test_ws/build/py_action/install.log --single-version-externally-managed
[2.981s] /home/leh/.local/lib/python3.6/site-packages/setuptools/dist.py:720: UserWarning: Usage of dash-separated 'script-dir' will not be supported in future versions. Please use the underscore name 'script_dir' instead
[2.987s]   % (opt, underscore_opt)
[2.988s] /home/leh/.local/lib/python3.6/site-packages/setuptools/dist.py:720: UserWarning: Usage of dash-separated 'install-scripts' will not be supported in future versions. Please use the underscore name 'install_scripts' instead
[2.988s]   % (opt, underscore_opt)
[3.189s] running egg_info
[3.192s] writing ../../build/py_action/py_action.egg-info/PKG-INFO
[3.194s] writing dependency_links to ../../build/py_action/py_action.egg-info/dependency_links.txt
[3.198s] writing entry points to ../../build/py_action/py_action.egg-info/entry_points.txt
[3.198s] writing requirements to ../../build/py_action/py_action.egg-info/requires.txt
[3.199s] writing top-level names to ../../build/py_action/py_action.egg-info/top_level.txt
[3.206s] reading manifest file '../../build/py_action/py_action.egg-info/SOURCES.txt'
[3.213s] writing manifest file '../../build/py_action/py_action.egg-info/SOURCES.txt'
[3.214s] running build
[3.216s] running build_py
[3.218s] copying py_action/fibonacci_action_client.py -> /home/leh/test_ws/build/py_action/build/lib/py_action
[3.220s] running install
[3.221s] /home/leh/.local/lib/python3.6/site-packages/setuptools/command/install.py:37: SetuptoolsDeprecationWarning: setup.py install is deprecated. Use build and pip and other standards-based tools.
[3.223s]   setuptools.SetuptoolsDeprecationWarning,
[3.223s] running install_lib
[3.231s] copying /home/leh/test_ws/build/py_action/build/lib/py_action/fibonacci_action_client.py -> /home/leh/test_ws/install/py_action/lib/python3.6/site-packages/py_action
[3.232s] byte-compiling /home/leh/test_ws/install/py_action/lib/python3.6/site-packages/py_action/fibonacci_action_client.py to fibonacci_action_client.cpython-36.pyc
[3.237s] running install_data
[3.238s] running install_egg_info
[3.245s] removing '/home/leh/test_ws/install/py_action/lib/python3.6/site-packages/py_action-0.0.0-py3.6.egg-info' (and everything under it)
[3.246s] Copying ../../build/py_action/py_action.egg-info to /home/leh/test_ws/install/py_action/lib/python3.6/site-packages/py_action-0.0.0-py3.6.egg-info
[3.251s] running install_scripts
[3.350s] Installing fibonacci_client script to /home/leh/test_ws/install/py_action/lib/py_action
[3.352s] Installing fibonacci_server script to /home/leh/test_ws/install/py_action/lib/py_action
[3.353s] writing list of installed files to '/home/leh/test_ws/build/py_action/install.log'
[3.469s] Invoked command in '/home/leh/test_ws/src/py_action' returned '0': PYTHONPATH=/home/leh/test_ws/install/py_action/lib/python3.6/site-packages:/home/leh/test_ws/install/tutorial_interfaces/lib/python3.6/site-packages:/home/leh/test_ws/install/py_two_pub_one_sub/lib/python3.6/site-packages:/home/leh/test_ws/install/py_srvcli/lib/python3.6/site-packages:/home/leh/test_ws/install/py_sign_srvcli/lib/python3.6/site-packages:/home/leh/test_ws/install/py_pubsub/lib/python3.6/site-packages:/home/leh/test_ws/install/py_action/lib/python3.6/site-packages:/opt/ros/dashing/lib/python3.6/site-packages /usr/bin/python3 setup.py egg_info --egg-base ../../build/py_action build --build-base /home/leh/test_ws/build/py_action/build install --prefix /home/leh/test_ws/install/py_action --record /home/leh/test_ws/build/py_action/install.log --single-version-externally-managed
