-- Found ament_cmake: 0.7.6 (/opt/ros/dashing/share/ament_cmake/cmake)
-- Found PythonInterp: /usr/bin/python3 (found suitable version "3.6.9", minimum required is "3") 
-- Using PYTHON_EXECUTABLE: /usr/bin/python3
-- Found rosidl_default_generators: 0.7.0 (/opt/ros/dashing/share/rosidl_default_generators/cmake)
-- Found rosidl_adapter: 0.7.10 (/opt/ros/dashing/share/rosidl_adapter/cmake)
-- Found PythonInterp: /usr/bin/python3 (found version "3.6.9") 
-- Using single matching rosidl_typesupport_c: rosidl_typesupport_fastrtps_c
-- Using single matching rosidl_typesupport_cpp: rosidl_typesupport_fastrtps_cpp
-- Found rmw_implementation_cmake: 0.7.2 (/opt/ros/dashing/share/rmw_implementation_cmake/cmake)
-- Found PythonInterp: /usr/bin/python3 (found suitable version "3.6.9", minimum required is "3.5") 
-- Found python_cmake_module: 0.7.11 (/opt/ros/dashing/share/python_cmake_module/cmake)
-- Using PYTHON_EXECUTABLE: /usr/bin/python3
-- Using PYTHON_INCLUDE_DIRS: /usr/include/python3.6m
-- Using PYTHON_LIBRARIES: /usr/lib/aarch64-linux-gnu/libpython3.6m.so
-- Found ament_lint_auto: 0.7.12 (/opt/ros/dashing/share/ament_lint_auto/cmake)
-- Added test 'lint_cmake' to check CMake code style
-- Added test 'xmllint' to check XML markup files
-- Configuring done
-- Generating done
-- Build files have been written to: /home/leh/test_ws/build/tutorial_interfaces
[  1%] [34m[1mGenerating C code for ROS interfaces[0m
[35m[1mScanning dependencies of target tutorial_interfaces__cpp[0m
[  3%] [34m[1mGenerating C++ code for ROS interfaces[0m
[  3%] Built target tutorial_interfaces__cpp
[  5%] [34m[1mGenerating C++ introspection for ROS interfaces[0m
[  7%] [34m[1mGenerating C++ type support for eProsima Fast-RTPS[0m
[35m[1mScanning dependencies of target tutorial_interfaces__rosidl_generator_c[0m
[  9%] [32mBuilding C object CMakeFiles/tutorial_interfaces__rosidl_generator_c.dir/rosidl_generator_c/tutorial_interfaces/msg/num__functions.c.o[0m
[ 11%] [32mBuilding C object CMakeFiles/tutorial_interfaces__rosidl_generator_c.dir/rosidl_generator_c/tutorial_interfaces/msg/two_integers_array__functions.c.o[0m
[ 13%] [32mBuilding C object CMakeFiles/tutorial_interfaces__rosidl_generator_c.dir/rosidl_generator_c/tutorial_interfaces/srv/judge_sign__functions.c.o[0m
[ 15%] [32mBuilding C object CMakeFiles/tutorial_interfaces__rosidl_generator_c.dir/rosidl_generator_c/tutorial_interfaces/srv/add_three_ints__functions.c.o[0m
[ 16%] [32m[1mLinking C shared library libtutorial_interfaces__rosidl_generator_c.so[0m
[ 16%] Built target tutorial_interfaces__rosidl_generator_c
[ 18%] [34m[1mGenerating C introspection for ROS interfaces[0m
[35m[1mScanning dependencies of target tutorial_interfaces__rosidl_typesupport_introspection_cpp[0m
[ 20%] [32mBuilding CXX object CMakeFiles/tutorial_interfaces__rosidl_typesupport_introspection_cpp.dir/rosidl_typesupport_introspection_cpp/tutorial_interfaces/msg/num__type_support.cpp.o[0m
[ 22%] [32mBuilding CXX object CMakeFiles/tutorial_interfaces__rosidl_typesupport_introspection_cpp.dir/rosidl_typesupport_introspection_cpp/tutorial_interfaces/msg/two_integers_array__type_support.cpp.o[0m
[35m[1mScanning dependencies of target tutorial_interfaces__rosidl_typesupport_fastrtps_cpp[0m
[ 24%] [32mBuilding CXX object CMakeFiles/tutorial_interfaces__rosidl_typesupport_fastrtps_cpp.dir/rosidl_typesupport_fastrtps_cpp/tutorial_interfaces/msg/dds_fastrtps/num__type_support.cpp.o[0m
[ 26%] [32mBuilding CXX object CMakeFiles/tutorial_interfaces__rosidl_typesupport_fastrtps_cpp.dir/rosidl_typesupport_fastrtps_cpp/tutorial_interfaces/msg/dds_fastrtps/two_integers_array__type_support.cpp.o[0m
[ 28%] [32mBuilding CXX object CMakeFiles/tutorial_interfaces__rosidl_typesupport_introspection_cpp.dir/rosidl_typesupport_introspection_cpp/tutorial_interfaces/srv/add_three_ints__type_support.cpp.o[0m
[35m[1mScanning dependencies of target tutorial_interfaces__rosidl_typesupport_introspection_c[0m
[ 30%] [32mBuilding CXX object CMakeFiles/tutorial_interfaces__rosidl_typesupport_fastrtps_cpp.dir/rosidl_typesupport_fastrtps_cpp/tutorial_interfaces/srv/dds_fastrtps/add_three_ints__type_support.cpp.o[0m
[ 32%] [32mBuilding C object CMakeFiles/tutorial_interfaces__rosidl_typesupport_introspection_c.dir/rosidl_typesupport_introspection_c/tutorial_interfaces/msg/num__type_support.c.o[0m
[ 33%] [32mBuilding CXX object CMakeFiles/tutorial_interfaces__rosidl_typesupport_introspection_cpp.dir/rosidl_typesupport_introspection_cpp/tutorial_interfaces/srv/judge_sign__type_support.cpp.o[0m
[ 35%] [32mBuilding C object CMakeFiles/tutorial_interfaces__rosidl_typesupport_introspection_c.dir/rosidl_typesupport_introspection_c/tutorial_interfaces/msg/two_integers_array__type_support.c.o[0m
[ 37%] [32mBuilding C object CMakeFiles/tutorial_interfaces__rosidl_typesupport_introspection_c.dir/rosidl_typesupport_introspection_c/tutorial_interfaces/srv/add_three_ints__type_support.c.o[0m
[ 39%] [32mBuilding C object CMakeFiles/tutorial_interfaces__rosidl_typesupport_introspection_c.dir/rosidl_typesupport_introspection_c/tutorial_interfaces/srv/judge_sign__type_support.c.o[0m
[ 41%] [32m[1mLinking C shared library libtutorial_interfaces__rosidl_typesupport_introspection_c.so[0m
[ 43%] [32mBuilding CXX object CMakeFiles/tutorial_interfaces__rosidl_typesupport_fastrtps_cpp.dir/rosidl_typesupport_fastrtps_cpp/tutorial_interfaces/srv/dds_fastrtps/judge_sign__type_support.cpp.o[0m
[ 43%] Built target tutorial_interfaces__rosidl_typesupport_introspection_c
[ 45%] [32m[1mLinking CXX shared library libtutorial_interfaces__rosidl_typesupport_introspection_cpp.so[0m
[ 45%] Built target tutorial_interfaces__rosidl_typesupport_introspection_cpp
[ 47%] [32m[1mLinking CXX shared library libtutorial_interfaces__rosidl_typesupport_fastrtps_cpp.so[0m
[ 47%] Built target tutorial_interfaces__rosidl_typesupport_fastrtps_cpp
[ 49%] [34m[1mGenerating C type support for eProsima Fast-RTPS[0m
[ 50%] [34m[1mGenerating C++ type support dispatch for ROS interfaces[0m
[35m[1mScanning dependencies of target tutorial_interfaces__rosidl_typesupport_cpp[0m
[ 52%] [32mBuilding CXX object CMakeFiles/tutorial_interfaces__rosidl_typesupport_cpp.dir/rosidl_typesupport_cpp/tutorial_interfaces/msg/num__type_support.cpp.o[0m
[ 54%] [32mBuilding CXX object CMakeFiles/tutorial_interfaces__rosidl_typesupport_cpp.dir/rosidl_typesupport_cpp/tutorial_interfaces/srv/add_three_ints__type_support.cpp.o[0m
[ 56%] [32mBuilding CXX object CMakeFiles/tutorial_interfaces__rosidl_typesupport_cpp.dir/rosidl_typesupport_cpp/tutorial_interfaces/msg/two_integers_array__type_support.cpp.o[0m
[35m[1mScanning dependencies of target tutorial_interfaces__rosidl_typesupport_fastrtps_c[0m
[ 58%] [32mBuilding CXX object CMakeFiles/tutorial_interfaces__rosidl_typesupport_fastrtps_c.dir/rosidl_typesupport_fastrtps_c/tutorial_interfaces/msg/num__type_support_c.cpp.o[0m
[ 60%] [32mBuilding CXX object CMakeFiles/tutorial_interfaces__rosidl_typesupport_fastrtps_c.dir/rosidl_typesupport_fastrtps_c/tutorial_interfaces/srv/add_three_ints__type_support_c.cpp.o[0m
[ 62%] [32mBuilding CXX object CMakeFiles/tutorial_interfaces__rosidl_typesupport_cpp.dir/rosidl_typesupport_cpp/tutorial_interfaces/srv/judge_sign__type_support.cpp.o[0m
[ 64%] [32mBuilding CXX object CMakeFiles/tutorial_interfaces__rosidl_typesupport_fastrtps_c.dir/rosidl_typesupport_fastrtps_c/tutorial_interfaces/msg/two_integers_array__type_support_c.cpp.o[0m
[ 66%] [32mBuilding CXX object CMakeFiles/tutorial_interfaces__rosidl_typesupport_fastrtps_c.dir/rosidl_typesupport_fastrtps_c/tutorial_interfaces/srv/judge_sign__type_support_c.cpp.o[0m
[ 67%] [32m[1mLinking CXX shared library libtutorial_interfaces__rosidl_typesupport_cpp.so[0m
[ 67%] Built target tutorial_interfaces__rosidl_typesupport_cpp
[ 69%] [32m[1mLinking CXX shared library libtutorial_interfaces__rosidl_typesupport_fastrtps_c.so[0m
[ 69%] Built target tutorial_interfaces__rosidl_typesupport_fastrtps_c
[ 71%] [34m[1mGenerating C type support dispatch for ROS interfaces[0m
[35m[1mScanning dependencies of target tutorial_interfaces__rosidl_typesupport_c[0m
[ 75%] [32mBuilding CXX object CMakeFiles/tutorial_interfaces__rosidl_typesupport_c.dir/rosidl_typesupport_c/tutorial_interfaces/msg/two_integers_array__type_support.cpp.o[0m
[ 75%] [32mBuilding CXX object CMakeFiles/tutorial_interfaces__rosidl_typesupport_c.dir/rosidl_typesupport_c/tutorial_interfaces/srv/add_three_ints__type_support.cpp.o[0m
[ 77%] [32mBuilding CXX object CMakeFiles/tutorial_interfaces__rosidl_typesupport_c.dir/rosidl_typesupport_c/tutorial_interfaces/srv/judge_sign__type_support.cpp.o[0m
[ 79%] [32mBuilding CXX object CMakeFiles/tutorial_interfaces__rosidl_typesupport_c.dir/rosidl_typesupport_c/tutorial_interfaces/msg/num__type_support.cpp.o[0m
[ 81%] [32m[1mLinking CXX shared library libtutorial_interfaces__rosidl_typesupport_c.so[0m
[ 81%] Built target tutorial_interfaces__rosidl_typesupport_c
[ 81%] Built target tutorial_interfaces
[35m[1mScanning dependencies of target tutorial_interfaces__py[0m
[ 83%] [34m[1mGenerating Python code for ROS interfaces[0m
[ 83%] Built target tutorial_interfaces__py
[35m[1mScanning dependencies of target tutorial_interfaces__python[0m
[ 84%] [32mBuilding C object CMakeFiles/tutorial_interfaces__python.dir/rosidl_generator_py/tutorial_interfaces/msg/_num_s.c.o[0m
[ 86%] [32mBuilding C object CMakeFiles/tutorial_interfaces__python.dir/rosidl_generator_py/tutorial_interfaces/msg/_two_integers_array_s.c.o[0m
[ 88%] [32mBuilding C object CMakeFiles/tutorial_interfaces__python.dir/rosidl_generator_py/tutorial_interfaces/srv/_judge_sign_s.c.o[0m
[ 90%] [32mBuilding C object CMakeFiles/tutorial_interfaces__python.dir/rosidl_generator_py/tutorial_interfaces/srv/_add_three_ints_s.c.o[0m
[ 92%] [32m[1mLinking C shared library rosidl_generator_py/tutorial_interfaces/libtutorial_interfaces__python.so[0m
[ 92%] Built target tutorial_interfaces__python
[35m[1mScanning dependencies of target tutorial_interfaces__rosidl_typesupport_fastrtps_c__pyext[0m
[35m[1mScanning dependencies of target tutorial_interfaces__rosidl_typesupport_c__pyext[0m
[ 94%] [32mBuilding C object CMakeFiles/tutorial_interfaces__rosidl_typesupport_fastrtps_c__pyext.dir/rosidl_generator_py/tutorial_interfaces/_tutorial_interfaces_s.ep.rosidl_typesupport_fastrtps_c.c.o[0m
[ 96%] [32mBuilding C object CMakeFiles/tutorial_interfaces__rosidl_typesupport_c__pyext.dir/rosidl_generator_py/tutorial_interfaces/_tutorial_interfaces_s.ep.rosidl_typesupport_c.c.o[0m
[ 98%] [32m[1mLinking C shared library rosidl_generator_py/tutorial_interfaces/tutorial_interfaces_s__rosidl_typesupport_fastrtps_c.cpython-36m-aarch64-linux-gnu.so[0m
[100%] [32m[1mLinking C shared library rosidl_generator_py/tutorial_interfaces/tutorial_interfaces_s__rosidl_typesupport_c.cpython-36m-aarch64-linux-gnu.so[0m
[100%] Built target tutorial_interfaces__rosidl_typesupport_fastrtps_c__pyext
[100%] Built target tutorial_interfaces__rosidl_typesupport_c__pyext
[  1%] Built target tutorial_interfaces__cpp
[ 13%] Built target tutorial_interfaces__rosidl_generator_c
[ 24%] Built target tutorial_interfaces__rosidl_typesupport_introspection_c
[ 35%] Built target tutorial_interfaces__rosidl_typesupport_introspection_cpp
[ 47%] Built target tutorial_interfaces__rosidl_typesupport_fastrtps_cpp
[ 58%] Built target tutorial_interfaces__rosidl_typesupport_cpp
[ 69%] Built target tutorial_interfaces__rosidl_typesupport_fastrtps_c
[ 81%] Built target tutorial_interfaces__rosidl_typesupport_c
[ 81%] Built target tutorial_interfaces
[ 83%] Built target tutorial_interfaces__py
[ 92%] Built target tutorial_interfaces__python
[ 96%] Built target tutorial_interfaces__rosidl_typesupport_fastrtps_c__pyext
[100%] Built target tutorial_interfaces__rosidl_typesupport_c__pyext
[36mInstall the project...[0m
-- Install configuration: ""
-- Installing: /home/leh/test_ws/install/tutorial_interfaces/share/ament_index/resource_index/rosidl_interfaces/tutorial_interfaces
-- Installing: /home/leh/test_ws/install/tutorial_interfaces/lib/libtutorial_interfaces__rosidl_typesupport_c.so
-- Set runtime path of "/home/leh/test_ws/install/tutorial_interfaces/lib/libtutorial_interfaces__rosidl_typesupport_c.so" to ""
-- Up-to-date: /home/leh/test_ws/install/tutorial_interfaces/share/tutorial_interfaces/environment/library_path.sh
-- Installing: /home/leh/test_ws/install/tutorial_interfaces/lib/libtutorial_interfaces__rosidl_typesupport_cpp.so
-- Set runtime path of "/home/leh/test_ws/install/tutorial_interfaces/lib/libtutorial_interfaces__rosidl_typesupport_cpp.so" to ""
-- Up-to-date: /home/leh/test_ws/install/tutorial_interfaces/include/tutorial_interfaces
-- Up-to-date: /home/leh/test_ws/install/tutorial_interfaces/include/tutorial_interfaces/msg
-- Installing: /home/leh/test_ws/install/tutorial_interfaces/include/tutorial_interfaces/msg/num__rosidl_typesupport_fastrtps_c.h
-- Up-to-date: /home/leh/test_ws/install/tutorial_interfaces/include/tutorial_interfaces/msg/rosidl_typesupport_fastrtps_c__visibility_control.h
-- Installing: /home/leh/test_ws/install/tutorial_interfaces/include/tutorial_interfaces/msg/two_integers_array__rosidl_typesupport_fastrtps_c.h
-- Up-to-date: /home/leh/test_ws/install/tutorial_interfaces/include/tutorial_interfaces/srv
-- Installing: /home/leh/test_ws/install/tutorial_interfaces/include/tutorial_interfaces/srv/add_three_ints__rosidl_typesupport_fastrtps_c.h
-- Installing: /home/leh/test_ws/install/tutorial_interfaces/include/tutorial_interfaces/srv/judge_sign__rosidl_typesupport_fastrtps_c.h
-- Installing: /home/leh/test_ws/install/tutorial_interfaces/lib/libtutorial_interfaces__rosidl_typesupport_fastrtps_c.so
-- Set runtime path of "/home/leh/test_ws/install/tutorial_interfaces/lib/libtutorial_interfaces__rosidl_typesupport_fastrtps_c.so" to ""
-- Up-to-date: /home/leh/test_ws/install/tutorial_interfaces/include/tutorial_interfaces
-- Up-to-date: /home/leh/test_ws/install/tutorial_interfaces/include/tutorial_interfaces/msg
-- Installing: /home/leh/test_ws/install/tutorial_interfaces/include/tutorial_interfaces/msg/num__functions.h
-- Installing: /home/leh/test_ws/install/tutorial_interfaces/include/tutorial_interfaces/msg/two_integers_array.h
-- Installing: /home/leh/test_ws/install/tutorial_interfaces/include/tutorial_interfaces/msg/two_integers_array__functions.h
-- Installing: /home/leh/test_ws/install/tutorial_interfaces/include/tutorial_interfaces/msg/two_integers_array__functions.c
-- Installing: /home/leh/test_ws/install/tutorial_interfaces/include/tutorial_interfaces/msg/num__functions.c
-- Installing: /home/leh/test_ws/install/tutorial_interfaces/include/tutorial_interfaces/msg/num.h
-- Installing: /home/leh/test_ws/install/tutorial_interfaces/include/tutorial_interfaces/msg/num__struct.h
-- Installing: /home/leh/test_ws/install/tutorial_interfaces/include/tutorial_interfaces/msg/two_integers_array__struct.h
-- Installing: /home/leh/test_ws/install/tutorial_interfaces/include/tutorial_interfaces/msg/two_integers_array__type_support.h
-- Up-to-date: /home/leh/test_ws/install/tutorial_interfaces/include/tutorial_interfaces/msg/rosidl_generator_c__visibility_control.h
-- Installing: /home/leh/test_ws/install/tutorial_interfaces/include/tutorial_interfaces/msg/num__type_support.h
-- Up-to-date: /home/leh/test_ws/install/tutorial_interfaces/include/tutorial_interfaces/srv
-- Installing: /home/leh/test_ws/install/tutorial_interfaces/include/tutorial_interfaces/srv/add_three_ints__struct.h
-- Installing: /home/leh/test_ws/install/tutorial_interfaces/include/tutorial_interfaces/srv/judge_sign.h
-- Installing: /home/leh/test_ws/install/tutorial_interfaces/include/tutorial_interfaces/srv/judge_sign__type_support.h
-- Installing: /home/leh/test_ws/install/tutorial_interfaces/include/tutorial_interfaces/srv/add_three_ints__functions.h
-- Installing: /home/leh/test_ws/install/tutorial_interfaces/include/tutorial_interfaces/srv/judge_sign__struct.h
-- Installing: /home/leh/test_ws/install/tutorial_interfaces/include/tutorial_interfaces/srv/add_three_ints__type_support.h
-- Installing: /home/leh/test_ws/install/tutorial_interfaces/include/tutorial_interfaces/srv/judge_sign__functions.c
-- Installing: /home/leh/test_ws/install/tutorial_interfaces/include/tutorial_interfaces/srv/add_three_ints.h
-- Installing: /home/leh/test_ws/install/tutorial_interfaces/include/tutorial_interfaces/srv/judge_sign__functions.h
-- Installing: /home/leh/test_ws/install/tutorial_interfaces/include/tutorial_interfaces/srv/add_three_ints__functions.c
-- Installing: /home/leh/test_ws/install/tutorial_interfaces/lib/libtutorial_interfaces__rosidl_generator_c.so
-- Set runtime path of "/home/leh/test_ws/install/tutorial_interfaces/lib/libtutorial_interfaces__rosidl_generator_c.so" to ""
-- Up-to-date: /home/leh/test_ws/install/tutorial_interfaces/include/tutorial_interfaces
-- Up-to-date: /home/leh/test_ws/install/tutorial_interfaces/include/tutorial_interfaces/msg
-- Up-to-date: /home/leh/test_ws/install/tutorial_interfaces/include/tutorial_interfaces/msg/dds_fastrtps
-- Installing: /home/leh/test_ws/install/tutorial_interfaces/include/tutorial_interfaces/msg/two_integers_array__rosidl_typesupport_fastrtps_cpp.hpp
-- Up-to-date: /home/leh/test_ws/install/tutorial_interfaces/include/tutorial_interfaces/msg/rosidl_typesupport_fastrtps_cpp__visibility_control.h
-- Installing: /home/leh/test_ws/install/tutorial_interfaces/include/tutorial_interfaces/msg/num__rosidl_typesupport_fastrtps_cpp.hpp
-- Up-to-date: /home/leh/test_ws/install/tutorial_interfaces/include/tutorial_interfaces/srv
-- Up-to-date: /home/leh/test_ws/install/tutorial_interfaces/include/tutorial_interfaces/srv/dds_fastrtps
-- Installing: /home/leh/test_ws/install/tutorial_interfaces/include/tutorial_interfaces/srv/add_three_ints__rosidl_typesupport_fastrtps_cpp.hpp
-- Installing: /home/leh/test_ws/install/tutorial_interfaces/include/tutorial_interfaces/srv/judge_sign__rosidl_typesupport_fastrtps_cpp.hpp
-- Installing: /home/leh/test_ws/install/tutorial_interfaces/lib/libtutorial_interfaces__rosidl_typesupport_fastrtps_cpp.so
-- Set runtime path of "/home/leh/test_ws/install/tutorial_interfaces/lib/libtutorial_interfaces__rosidl_typesupport_fastrtps_cpp.so" to ""
-- Up-to-date: /home/leh/test_ws/install/tutorial_interfaces/include/tutorial_interfaces
-- Up-to-date: /home/leh/test_ws/install/tutorial_interfaces/include/tutorial_interfaces/msg
-- Installing: /home/leh/test_ws/install/tutorial_interfaces/include/tutorial_interfaces/msg/num__struct.hpp
-- Installing: /home/leh/test_ws/install/tutorial_interfaces/include/tutorial_interfaces/msg/two_integers_array__traits.hpp
-- Installing: /home/leh/test_ws/install/tutorial_interfaces/include/tutorial_interfaces/msg/num__traits.hpp
-- Installing: /home/leh/test_ws/install/tutorial_interfaces/include/tutorial_interfaces/msg/two_integers_array__struct.hpp
-- Installing: /home/leh/test_ws/install/tutorial_interfaces/include/tutorial_interfaces/msg/two_integers_array.hpp
-- Installing: /home/leh/test_ws/install/tutorial_interfaces/include/tutorial_interfaces/msg/num.hpp
-- Up-to-date: /home/leh/test_ws/install/tutorial_interfaces/include/tutorial_interfaces/srv
-- Installing: /home/leh/test_ws/install/tutorial_interfaces/include/tutorial_interfaces/srv/judge_sign__struct.hpp
-- Installing: /home/leh/test_ws/install/tutorial_interfaces/include/tutorial_interfaces/srv/judge_sign.hpp
-- Installing: /home/leh/test_ws/install/tutorial_interfaces/include/tutorial_interfaces/srv/add_three_ints__traits.hpp
-- Installing: /home/leh/test_ws/install/tutorial_interfaces/include/tutorial_interfaces/srv/judge_sign__traits.hpp
-- Installing: /home/leh/test_ws/install/tutorial_interfaces/include/tutorial_interfaces/srv/add_three_ints.hpp
-- Installing: /home/leh/test_ws/install/tutorial_interfaces/include/tutorial_interfaces/srv/add_three_ints__struct.hpp
-- Up-to-date: /home/leh/test_ws/install/tutorial_interfaces/include/tutorial_interfaces
-- Up-to-date: /home/leh/test_ws/install/tutorial_interfaces/include/tutorial_interfaces/msg
-- Up-to-date: /home/leh/test_ws/install/tutorial_interfaces/include/tutorial_interfaces/msg/rosidl_typesupport_introspection_c__visibility_control.h
-- Installing: /home/leh/test_ws/install/tutorial_interfaces/include/tutorial_interfaces/msg/two_integers_array__rosidl_typesupport_introspection_c.h
-- Installing: /home/leh/test_ws/install/tutorial_interfaces/include/tutorial_interfaces/msg/num__rosidl_typesupport_introspection_c.h
-- Installing: /home/leh/test_ws/install/tutorial_interfaces/include/tutorial_interfaces/msg/num__type_support.c
-- Installing: /home/leh/test_ws/install/tutorial_interfaces/include/tutorial_interfaces/msg/two_integers_array__type_support.c
-- Up-to-date: /home/leh/test_ws/install/tutorial_interfaces/include/tutorial_interfaces/srv
-- Installing: /home/leh/test_ws/install/tutorial_interfaces/include/tutorial_interfaces/srv/judge_sign__type_support.c
-- Installing: /home/leh/test_ws/install/tutorial_interfaces/include/tutorial_interfaces/srv/add_three_ints__type_support.c
-- Installing: /home/leh/test_ws/install/tutorial_interfaces/include/tutorial_interfaces/srv/add_three_ints__rosidl_typesupport_introspection_c.h
-- Installing: /home/leh/test_ws/install/tutorial_interfaces/include/tutorial_interfaces/srv/judge_sign__rosidl_typesupport_introspection_c.h
-- Installing: /home/leh/test_ws/install/tutorial_interfaces/lib/libtutorial_interfaces__rosidl_typesupport_introspection_c.so
-- Set runtime path of "/home/leh/test_ws/install/tutorial_interfaces/lib/libtutorial_interfaces__rosidl_typesupport_introspection_c.so" to ""
-- Up-to-date: /home/leh/test_ws/install/tutorial_interfaces/include/tutorial_interfaces
-- Up-to-date: /home/leh/test_ws/install/tutorial_interfaces/include/tutorial_interfaces/msg
-- Installing: /home/leh/test_ws/install/tutorial_interfaces/include/tutorial_interfaces/msg/num__rosidl_typesupport_introspection_cpp.hpp
-- Installing: /home/leh/test_ws/install/tutorial_interfaces/include/tutorial_interfaces/msg/two_integers_array__type_support.cpp
-- Installing: /home/leh/test_ws/install/tutorial_interfaces/include/tutorial_interfaces/msg/two_integers_array__rosidl_typesupport_introspection_cpp.hpp
-- Installing: /home/leh/test_ws/install/tutorial_interfaces/include/tutorial_interfaces/msg/num__type_support.cpp
-- Up-to-date: /home/leh/test_ws/install/tutorial_interfaces/include/tutorial_interfaces/srv
-- Installing: /home/leh/test_ws/install/tutorial_interfaces/include/tutorial_interfaces/srv/judge_sign__type_support.cpp
-- Installing: /home/leh/test_ws/install/tutorial_interfaces/include/tutorial_interfaces/srv/judge_sign__rosidl_typesupport_introspection_cpp.hpp
-- Installing: /home/leh/test_ws/install/tutorial_interfaces/include/tutorial_interfaces/srv/add_three_ints__rosidl_typesupport_introspection_cpp.hpp
-- Installing: /home/leh/test_ws/install/tutorial_interfaces/include/tutorial_interfaces/srv/add_three_ints__type_support.cpp
-- Installing: /home/leh/test_ws/install/tutorial_interfaces/lib/libtutorial_interfaces__rosidl_typesupport_introspection_cpp.so
-- Set runtime path of "/home/leh/test_ws/install/tutorial_interfaces/lib/libtutorial_interfaces__rosidl_typesupport_introspection_cpp.so" to ""
-- Up-to-date: /home/leh/test_ws/install/tutorial_interfaces/share/tutorial_interfaces/environment/pythonpath.sh
-- Installing: /home/leh/test_ws/install/tutorial_interfaces/lib/python3.6/site-packages/tutorial_interfaces/__init__.py
Compiling '/home/leh/test_ws/install/tutorial_interfaces/lib/python3.6/site-packages/tutorial_interfaces/__init__.py'...
-- Up-to-date: /home/leh/test_ws/install/tutorial_interfaces/lib/python3.6/site-packages/tutorial_interfaces/msg
-- Installing: /home/leh/test_ws/install/tutorial_interfaces/lib/python3.6/site-packages/tutorial_interfaces/msg/_num.py
-- Installing: /home/leh/test_ws/install/tutorial_interfaces/lib/python3.6/site-packages/tutorial_interfaces/msg/__init__.py
-- Installing: /home/leh/test_ws/install/tutorial_interfaces/lib/python3.6/site-packages/tutorial_interfaces/msg/_num_s.c
-- Installing: /home/leh/test_ws/install/tutorial_interfaces/lib/python3.6/site-packages/tutorial_interfaces/msg/_two_integers_array.py
-- Installing: /home/leh/test_ws/install/tutorial_interfaces/lib/python3.6/site-packages/tutorial_interfaces/msg/_two_integers_array_s.c
-- Up-to-date: /home/leh/test_ws/install/tutorial_interfaces/lib/python3.6/site-packages/tutorial_interfaces/srv
-- Installing: /home/leh/test_ws/install/tutorial_interfaces/lib/python3.6/site-packages/tutorial_interfaces/srv/__init__.py
-- Installing: /home/leh/test_ws/install/tutorial_interfaces/lib/python3.6/site-packages/tutorial_interfaces/srv/_add_three_ints_s.c
-- Installing: /home/leh/test_ws/install/tutorial_interfaces/lib/python3.6/site-packages/tutorial_interfaces/srv/_add_three_ints.py
-- Installing: /home/leh/test_ws/install/tutorial_interfaces/lib/python3.6/site-packages/tutorial_interfaces/srv/_judge_sign.py
-- Installing: /home/leh/test_ws/install/tutorial_interfaces/lib/python3.6/site-packages/tutorial_interfaces/srv/_judge_sign_s.c
-- Installing: /home/leh/test_ws/install/tutorial_interfaces/lib/python3.6/site-packages/tutorial_interfaces/tutorial_interfaces_s__rosidl_typesupport_c.cpython-36m-aarch64-linux-gnu.so
-- Set runtime path of "/home/leh/test_ws/install/tutorial_interfaces/lib/python3.6/site-packages/tutorial_interfaces/tutorial_interfaces_s__rosidl_typesupport_c.cpython-36m-aarch64-linux-gnu.so" to ""
-- Installing: /home/leh/test_ws/install/tutorial_interfaces/lib/python3.6/site-packages/tutorial_interfaces/tutorial_interfaces_s__rosidl_typesupport_fastrtps_c.cpython-36m-aarch64-linux-gnu.so
-- Set runtime path of "/home/leh/test_ws/install/tutorial_interfaces/lib/python3.6/site-packages/tutorial_interfaces/tutorial_interfaces_s__rosidl_typesupport_fastrtps_c.cpython-36m-aarch64-linux-gnu.so" to ""
-- Installing: /home/leh/test_ws/install/tutorial_interfaces/lib/libtutorial_interfaces__python.so
-- Set runtime path of "/home/leh/test_ws/install/tutorial_interfaces/lib/libtutorial_interfaces__python.so" to ""
-- Up-to-date: /home/leh/test_ws/install/tutorial_interfaces/share/tutorial_interfaces/msg/Num.idl
-- Up-to-date: /home/leh/test_ws/install/tutorial_interfaces/share/tutorial_interfaces/msg/TwoIntegersArray.idl
-- Up-to-date: /home/leh/test_ws/install/tutorial_interfaces/share/tutorial_interfaces/srv/AddThreeInts.idl
-- Installing: /home/leh/test_ws/install/tutorial_interfaces/share/tutorial_interfaces/srv/JudgeSign.idl
-- Up-to-date: /home/leh/test_ws/install/tutorial_interfaces/share/tutorial_interfaces/msg/Num.msg
-- Up-to-date: /home/leh/test_ws/install/tutorial_interfaces/share/tutorial_interfaces/msg/TwoIntegersArray.msg
-- Up-to-date: /home/leh/test_ws/install/tutorial_interfaces/share/tutorial_interfaces/srv/AddThreeInts.srv
-- Up-to-date: /home/leh/test_ws/install/tutorial_interfaces/share/tutorial_interfaces/srv/AddThreeInts_Request.msg
-- Up-to-date: /home/leh/test_ws/install/tutorial_interfaces/share/tutorial_interfaces/srv/AddThreeInts_Response.msg
-- Installing: /home/leh/test_ws/install/tutorial_interfaces/share/tutorial_interfaces/srv/JudgeSign.srv
-- Installing: /home/leh/test_ws/install/tutorial_interfaces/share/tutorial_interfaces/srv/JudgeSign_Request.msg
-- Installing: /home/leh/test_ws/install/tutorial_interfaces/share/tutorial_interfaces/srv/JudgeSign_Response.msg
-- Up-to-date: /home/leh/test_ws/install/tutorial_interfaces/share/ament_index/resource_index/package_run_dependencies/tutorial_interfaces
-- Installing: /home/leh/test_ws/install/tutorial_interfaces/share/ament_index/resource_index/parent_prefix_path/tutorial_interfaces
-- Up-to-date: /home/leh/test_ws/install/tutorial_interfaces/share/tutorial_interfaces/environment/ament_prefix_path.sh
-- Up-to-date: /home/leh/test_ws/install/tutorial_interfaces/share/tutorial_interfaces/environment/path.sh
-- Up-to-date: /home/leh/test_ws/install/tutorial_interfaces/share/tutorial_interfaces/local_setup.bash
-- Up-to-date: /home/leh/test_ws/install/tutorial_interfaces/share/tutorial_interfaces/local_setup.sh
-- Up-to-date: /home/leh/test_ws/install/tutorial_interfaces/share/tutorial_interfaces/local_setup.zsh
-- Up-to-date: /home/leh/test_ws/install/tutorial_interfaces/share/ament_index/resource_index/packages/tutorial_interfaces
-- Installing: /home/leh/test_ws/install/tutorial_interfaces/share/tutorial_interfaces/cmake/rosidl_cmake-extras.cmake
-- Up-to-date: /home/leh/test_ws/install/tutorial_interfaces/share/tutorial_interfaces/cmake/ament_cmake_export_libraries-extras.cmake
-- Up-to-date: /home/leh/test_ws/install/tutorial_interfaces/share/tutorial_interfaces/cmake/ament_cmake_export_include_directories-extras.cmake
-- Up-to-date: /home/leh/test_ws/install/tutorial_interfaces/share/tutorial_interfaces/cmake/tutorial_interfacesConfig.cmake
-- Up-to-date: /home/leh/test_ws/install/tutorial_interfaces/share/tutorial_interfaces/cmake/tutorial_interfacesConfig-version.cmake
-- Up-to-date: /home/leh/test_ws/install/tutorial_interfaces/share/tutorial_interfaces/package.xml
