[6.783s] Invoking command in '/home/leh/test_ws/src/my_robot': PYTHONPATH=/home/leh/test_ws/install/my_robot/lib/python3.6/site-packages:/home/leh/test_ws/install/tutorial_interfaces/lib/python3.6/site-packages:/home/leh/test_ws/install/py_two_pub_one_sub/lib/python3.6/site-packages:/home/leh/test_ws/install/py_srvcli/lib/python3.6/site-packages:/home/leh/test_ws/install/py_sign_srvcli/lib/python3.6/site-packages:/home/leh/test_ws/install/py_pubsub/lib/python3.6/site-packages:/home/leh/test_ws/install/py_action/lib/python3.6/site-packages:/home/leh/test_ws/install/my_robot/lib/python3.6/site-packages:/opt/ros/dashing/lib/python3.6/site-packages /usr/bin/python3 setup.py egg_info --egg-base ../../build/my_robot build --build-base /home/leh/test_ws/build/my_robot/build install --prefix /home/leh/test_ws/install/my_robot --record /home/leh/test_ws/build/my_robot/install.log --single-version-externally-managed
[8.236s] /home/leh/.local/lib/python3.6/site-packages/setuptools/dist.py:720: UserWarning: Usage of dash-separated 'script-dir' will not be supported in future versions. Please use the underscore name 'script_dir' instead
[8.237s]   % (opt, underscore_opt)
[8.242s] /home/leh/.local/lib/python3.6/site-packages/setuptools/dist.py:720: UserWarning: Usage of dash-separated 'install-scripts' will not be supported in future versions. Please use the underscore name 'install_scripts' instead
[8.243s]   % (opt, underscore_opt)
[8.566s] running egg_info
[8.580s] writing ../../build/my_robot/my_robot.egg-info/PKG-INFO
[8.593s] writing dependency_links to ../../build/my_robot/my_robot.egg-info/dependency_links.txt
[8.594s] writing entry points to ../../build/my_robot/my_robot.egg-info/entry_points.txt
[8.596s] writing requirements to ../../build/my_robot/my_robot.egg-info/requires.txt
[8.597s] writing top-level names to ../../build/my_robot/my_robot.egg-info/top_level.txt
[8.605s] reading manifest file '../../build/my_robot/my_robot.egg-info/SOURCES.txt'
[8.629s] writing manifest file '../../build/my_robot/my_robot.egg-info/SOURCES.txt'
[8.630s] running build
[8.630s] running build_py
[8.632s] running install
[8.633s] /home/leh/.local/lib/python3.6/site-packages/setuptools/command/install.py:37: SetuptoolsDeprecationWarning: setup.py install is deprecated. Use build and pip and other standards-based tools.
[8.634s]   setuptools.SetuptoolsDeprecationWarning,
[8.642s] running install_lib
[8.661s] running install_data
[8.664s] running install_egg_info
[8.672s] removing '/home/leh/test_ws/install/my_robot/lib/python3.6/site-packages/my_robot-0.0.0-py3.6.egg-info' (and everything under it)
[8.674s] Copying ../../build/my_robot/my_robot.egg-info to /home/leh/test_ws/install/my_robot/lib/python3.6/site-packages/my_robot-0.0.0-py3.6.egg-info
[8.679s] running install_scripts
[8.879s] Installing control script to /home/leh/test_ws/install/my_robot/lib/my_robot
[8.886s] Installing coordinate script to /home/leh/test_ws/install/my_robot/lib/my_robot
[8.894s] Installing encoder script to /home/leh/test_ws/install/my_robot/lib/my_robot
[8.896s] Installing imu script to /home/leh/test_ws/install/my_robot/lib/my_robot
[8.897s] writing list of installed files to '/home/leh/test_ws/build/my_robot/install.log'
[9.335s] Invoked command in '/home/leh/test_ws/src/my_robot' returned '0': PYTHONPATH=/home/leh/test_ws/install/my_robot/lib/python3.6/site-packages:/home/leh/test_ws/install/tutorial_interfaces/lib/python3.6/site-packages:/home/leh/test_ws/install/py_two_pub_one_sub/lib/python3.6/site-packages:/home/leh/test_ws/install/py_srvcli/lib/python3.6/site-packages:/home/leh/test_ws/install/py_sign_srvcli/lib/python3.6/site-packages:/home/leh/test_ws/install/py_pubsub/lib/python3.6/site-packages:/home/leh/test_ws/install/py_action/lib/python3.6/site-packages:/home/leh/test_ws/install/my_robot/lib/python3.6/site-packages:/opt/ros/dashing/lib/python3.6/site-packages /usr/bin/python3 setup.py egg_info --egg-base ../../build/my_robot build --build-base /home/leh/test_ws/build/my_robot/build install --prefix /home/leh/test_ws/install/my_robot --record /home/leh/test_ws/build/my_robot/install.log --single-version-externally-managed
