[7.024s] Invoking command in '/home/leh/test_ws/src/py_pubsub': PYTHONPATH=/home/leh/test_ws/install/py_pubsub/lib/python3.6/site-packages:/home/leh/test_ws/install/tutorial_interfaces/lib/python3.6/site-packages:/home/leh/test_ws/install/py_two_pub_one_sub/lib/python3.6/site-packages:/home/leh/test_ws/install/py_srvcli/lib/python3.6/site-packages:/home/leh/test_ws/install/py_sign_srvcli/lib/python3.6/site-packages:/home/leh/test_ws/install/py_pubsub/lib/python3.6/site-packages:/home/leh/test_ws/install/py_action/lib/python3.6/site-packages:/home/leh/test_ws/install/my_robot/lib/python3.6/site-packages:/opt/ros/dashing/lib/python3.6/site-packages /usr/bin/python3 setup.py egg_info --egg-base ../../build/py_pubsub build --build-base /home/leh/test_ws/build/py_pubsub/build install --prefix /home/leh/test_ws/install/py_pubsub --record /home/leh/test_ws/build/py_pubsub/install.log --single-version-externally-managed
[8.623s] /home/leh/.local/lib/python3.6/site-packages/setuptools/dist.py:720: UserWarning: Usage of dash-separated 'script-dir' will not be supported in future versions. Please use the underscore name 'script_dir' instead
[8.624s]   % (opt, underscore_opt)
[8.625s] /home/leh/.local/lib/python3.6/site-packages/setuptools/dist.py:720: UserWarning: Usage of dash-separated 'install-scripts' will not be supported in future versions. Please use the underscore name 'install_scripts' instead
[8.626s]   % (opt, underscore_opt)
[9.047s] running egg_info
[9.064s] writing ../../build/py_pubsub/py_pubsub.egg-info/PKG-INFO
[9.066s] writing dependency_links to ../../build/py_pubsub/py_pubsub.egg-info/dependency_links.txt
[9.066s] writing entry points to ../../build/py_pubsub/py_pubsub.egg-info/entry_points.txt
[9.067s] writing requirements to ../../build/py_pubsub/py_pubsub.egg-info/requires.txt
[9.068s] writing top-level names to ../../build/py_pubsub/py_pubsub.egg-info/top_level.txt
[9.075s] reading manifest file '../../build/py_pubsub/py_pubsub.egg-info/SOURCES.txt'
[9.094s] writing manifest file '../../build/py_pubsub/py_pubsub.egg-info/SOURCES.txt'
[9.095s] running build
[9.096s] running build_py
[9.097s] running install
[9.098s] /home/leh/.local/lib/python3.6/site-packages/setuptools/command/install.py:37: SetuptoolsDeprecationWarning: setup.py install is deprecated. Use build and pip and other standards-based tools.
[9.098s]   setuptools.SetuptoolsDeprecationWarning,
[9.100s] running install_lib
[9.118s] running install_data
[9.132s] running install_egg_info
[9.141s] removing '/home/leh/test_ws/install/py_pubsub/lib/python3.6/site-packages/py_pubsub-0.0.0-py3.6.egg-info' (and everything under it)
[9.153s] Copying ../../build/py_pubsub/py_pubsub.egg-info to /home/leh/test_ws/install/py_pubsub/lib/python3.6/site-packages/py_pubsub-0.0.0-py3.6.egg-info
[9.158s] running install_scripts
[9.313s] Installing listener script to /home/leh/test_ws/install/py_pubsub/lib/py_pubsub
[9.315s] Installing talker script to /home/leh/test_ws/install/py_pubsub/lib/py_pubsub
[9.318s] writing list of installed files to '/home/leh/test_ws/build/py_pubsub/install.log'
[11.245s] Invoked command in '/home/leh/test_ws/src/py_pubsub' returned '0': PYTHONPATH=/home/leh/test_ws/install/py_pubsub/lib/python3.6/site-packages:/home/leh/test_ws/install/tutorial_interfaces/lib/python3.6/site-packages:/home/leh/test_ws/install/py_two_pub_one_sub/lib/python3.6/site-packages:/home/leh/test_ws/install/py_srvcli/lib/python3.6/site-packages:/home/leh/test_ws/install/py_sign_srvcli/lib/python3.6/site-packages:/home/leh/test_ws/install/py_pubsub/lib/python3.6/site-packages:/home/leh/test_ws/install/py_action/lib/python3.6/site-packages:/home/leh/test_ws/install/my_robot/lib/python3.6/site-packages:/opt/ros/dashing/lib/python3.6/site-packages /usr/bin/python3 setup.py egg_info --egg-base ../../build/py_pubsub build --build-base /home/leh/test_ws/build/py_pubsub/build install --prefix /home/leh/test_ws/install/py_pubsub --record /home/leh/test_ws/build/py_pubsub/install.log --single-version-externally-managed
