[6.888s] Invoking command in '/home/leh/test_ws/src/py_sign_srvcli': PYTHONPATH=/home/leh/test_ws/install/py_sign_srvcli/lib/python3.6/site-packages:/home/leh/test_ws/install/tutorial_interfaces/lib/python3.6/site-packages:/home/leh/test_ws/install/py_two_pub_one_sub/lib/python3.6/site-packages:/home/leh/test_ws/install/py_srvcli/lib/python3.6/site-packages:/home/leh/test_ws/install/py_sign_srvcli/lib/python3.6/site-packages:/home/leh/test_ws/install/py_pubsub/lib/python3.6/site-packages:/home/leh/test_ws/install/py_action/lib/python3.6/site-packages:/home/leh/test_ws/install/my_robot/lib/python3.6/site-packages:/opt/ros/dashing/lib/python3.6/site-packages /usr/bin/python3 setup.py egg_info --egg-base ../../build/py_sign_srvcli build --build-base /home/leh/test_ws/build/py_sign_srvcli/build install --prefix /home/leh/test_ws/install/py_sign_srvcli --record /home/leh/test_ws/build/py_sign_srvcli/install.log --single-version-externally-managed
[8.380s] /home/leh/.local/lib/python3.6/site-packages/setuptools/dist.py:720: UserWarning: Usage of dash-separated 'script-dir' will not be supported in future versions. Please use the underscore name 'script_dir' instead
[8.383s]   % (opt, underscore_opt)
[8.383s] /home/leh/.local/lib/python3.6/site-packages/setuptools/dist.py:720: UserWarning: Usage of dash-separated 'install-scripts' will not be supported in future versions. Please use the underscore name 'install_scripts' instead
[8.384s]   % (opt, underscore_opt)
[8.602s] running egg_info
[8.607s] writing ../../build/py_sign_srvcli/py_sign_srvcli.egg-info/PKG-INFO
[8.608s] writing dependency_links to ../../build/py_sign_srvcli/py_sign_srvcli.egg-info/dependency_links.txt
[8.610s] writing entry points to ../../build/py_sign_srvcli/py_sign_srvcli.egg-info/entry_points.txt
[8.611s] writing requirements to ../../build/py_sign_srvcli/py_sign_srvcli.egg-info/requires.txt
[8.612s] writing top-level names to ../../build/py_sign_srvcli/py_sign_srvcli.egg-info/top_level.txt
[8.623s] reading manifest file '../../build/py_sign_srvcli/py_sign_srvcli.egg-info/SOURCES.txt'
[8.630s] writing manifest file '../../build/py_sign_srvcli/py_sign_srvcli.egg-info/SOURCES.txt'
[8.632s] running build
[8.633s] running build_py
[8.635s] running install
[8.635s] /home/leh/.local/lib/python3.6/site-packages/setuptools/command/install.py:37: SetuptoolsDeprecationWarning: setup.py install is deprecated. Use build and pip and other standards-based tools.
[8.636s]   setuptools.SetuptoolsDeprecationWarning,
[8.637s] running install_lib
[8.643s] running install_data
[8.646s] running install_egg_info
[8.655s] removing '/home/leh/test_ws/install/py_sign_srvcli/lib/python3.6/site-packages/py_sign_srvcli-0.0.0-py3.6.egg-info' (and everything under it)
[8.658s] Copying ../../build/py_sign_srvcli/py_sign_srvcli.egg-info to /home/leh/test_ws/install/py_sign_srvcli/lib/python3.6/site-packages/py_sign_srvcli-0.0.0-py3.6.egg-info
[8.670s] running install_scripts
[8.858s] Installing sign_client script to /home/leh/test_ws/install/py_sign_srvcli/lib/py_sign_srvcli
[8.869s] Installing sign_service script to /home/leh/test_ws/install/py_sign_srvcli/lib/py_sign_srvcli
[8.879s] writing list of installed files to '/home/leh/test_ws/build/py_sign_srvcli/install.log'
[9.183s] Invoked command in '/home/leh/test_ws/src/py_sign_srvcli' returned '0': PYTHONPATH=/home/leh/test_ws/install/py_sign_srvcli/lib/python3.6/site-packages:/home/leh/test_ws/install/tutorial_interfaces/lib/python3.6/site-packages:/home/leh/test_ws/install/py_two_pub_one_sub/lib/python3.6/site-packages:/home/leh/test_ws/install/py_srvcli/lib/python3.6/site-packages:/home/leh/test_ws/install/py_sign_srvcli/lib/python3.6/site-packages:/home/leh/test_ws/install/py_pubsub/lib/python3.6/site-packages:/home/leh/test_ws/install/py_action/lib/python3.6/site-packages:/home/leh/test_ws/install/my_robot/lib/python3.6/site-packages:/opt/ros/dashing/lib/python3.6/site-packages /usr/bin/python3 setup.py egg_info --egg-base ../../build/py_sign_srvcli build --build-base /home/leh/test_ws/build/py_sign_srvcli/build install --prefix /home/leh/test_ws/install/py_sign_srvcli --record /home/leh/test_ws/build/py_sign_srvcli/install.log --single-version-externally-managed
