[1.498s] Invoking command in '/home/leh/test_ws/src/py_pubsub': PYTHONPATH=/home/leh/test_ws/install/py_pubsub/lib/python3.6/site-packages:/home/leh/test_ws/install/tutorial_interfaces/lib/python3.6/site-packages:/home/leh/test_ws/install/py_pubsub/lib/python3.6/site-packages:/opt/ros/dashing/lib/python3.6/site-packages /usr/bin/python3 setup.py egg_info --egg-base ../../build/py_pubsub build --build-base /home/leh/test_ws/build/py_pubsub/build install --prefix /home/leh/test_ws/install/py_pubsub --record /home/leh/test_ws/build/py_pubsub/install.log --single-version-externally-managed
[2.660s] /home/leh/.local/lib/python3.6/site-packages/setuptools/dist.py:720: UserWarning: Usage of dash-separated 'script-dir' will not be supported in future versions. Please use the underscore name 'script_dir' instead
[2.661s]   % (opt, underscore_opt)
[2.662s] /home/leh/.local/lib/python3.6/site-packages/setuptools/dist.py:720: UserWarning: Usage of dash-separated 'install-scripts' will not be supported in future versions. Please use the underscore name 'install_scripts' instead
[2.662s]   % (opt, underscore_opt)
[2.829s] running egg_info
[2.834s] writing ../../build/py_pubsub/py_pubsub.egg-info/PKG-INFO
[2.834s] writing dependency_links to ../../build/py_pubsub/py_pubsub.egg-info/dependency_links.txt
[2.835s] writing entry points to ../../build/py_pubsub/py_pubsub.egg-info/entry_points.txt
[2.836s] writing requirements to ../../build/py_pubsub/py_pubsub.egg-info/requires.txt
[2.836s] writing top-level names to ../../build/py_pubsub/py_pubsub.egg-info/top_level.txt
[2.843s] reading manifest file '../../build/py_pubsub/py_pubsub.egg-info/SOURCES.txt'
[2.849s] writing manifest file '../../build/py_pubsub/py_pubsub.egg-info/SOURCES.txt'
[2.849s] running build
[2.850s] running build_py
[2.851s] running install
[2.851s] /home/leh/.local/lib/python3.6/site-packages/setuptools/command/install.py:37: SetuptoolsDeprecationWarning: setup.py install is deprecated. Use build and pip and other standards-based tools.
[2.852s]   setuptools.SetuptoolsDeprecationWarning,
[2.853s] running install_lib
[2.857s] running install_data
[2.860s] copying package.xml -> /home/leh/test_ws/install/py_pubsub/share/py_pubsub
[2.860s] running install_egg_info
[2.867s] removing '/home/leh/test_ws/install/py_pubsub/lib/python3.6/site-packages/py_pubsub-0.0.0-py3.6.egg-info' (and everything under it)
[2.868s] Copying ../../build/py_pubsub/py_pubsub.egg-info to /home/leh/test_ws/install/py_pubsub/lib/python3.6/site-packages/py_pubsub-0.0.0-py3.6.egg-info
[2.871s] running install_scripts
[2.954s] Installing listener script to /home/leh/test_ws/install/py_pubsub/lib/py_pubsub
[2.955s] Installing talker script to /home/leh/test_ws/install/py_pubsub/lib/py_pubsub
[2.955s] writing list of installed files to '/home/leh/test_ws/build/py_pubsub/install.log'
[3.056s] Invoked command in '/home/leh/test_ws/src/py_pubsub' returned '0': PYTHONPATH=/home/leh/test_ws/install/py_pubsub/lib/python3.6/site-packages:/home/leh/test_ws/install/tutorial_interfaces/lib/python3.6/site-packages:/home/leh/test_ws/install/py_pubsub/lib/python3.6/site-packages:/opt/ros/dashing/lib/python3.6/site-packages /usr/bin/python3 setup.py egg_info --egg-base ../../build/py_pubsub build --build-base /home/leh/test_ws/build/py_pubsub/build install --prefix /home/leh/test_ws/install/py_pubsub --record /home/leh/test_ws/build/py_pubsub/install.log --single-version-externally-managed
