[0.099s] Invoking command in '/home/leh/test_ws/build/tutorial_interfaces': CMAKE_PREFIX_PATH=/opt/ros/dashing /usr/bin/cmake --build /home/leh/test_ws/build/tutorial_interfaces -- -j4 -l4
[0.321s] -- Found ament_cmake: 0.7.6 (/opt/ros/dashing/share/ament_cmake/cmake)
[0.441s] -- Found PythonInterp: /usr/bin/python3 (found suitable version "3.6.9", minimum required is "3") 
[0.442s] -- Using PYTHON_EXECUTABLE: /usr/bin/python3
[1.499s] -- Found rosidl_default_generators: 0.7.0 (/opt/ros/dashing/share/rosidl_default_generators/cmake)
[1.841s] -- Found rosidl_adapter: 0.7.10 (/opt/ros/dashing/share/rosidl_adapter/cmake)
[2.300s] -- Found PythonInterp: /usr/bin/python3 (found version "3.6.9") 
[3.592s] -- Using single matching rosidl_typesupport_c: rosidl_typesupport_fastrtps_c
[3.697s] -- Using single matching rosidl_typesupport_cpp: rosidl_typesupport_fastrtps_cpp
[4.482s] -- Found rmw_implementation_cmake: 0.7.2 (/opt/ros/dashing/share/rmw_implementation_cmake/cmake)
[4.607s] -- Found PythonInterp: /usr/bin/python3 (found suitable version "3.6.9", minimum required is "3.5") 
[4.612s] -- Found python_cmake_module: 0.7.11 (/opt/ros/dashing/share/python_cmake_module/cmake)
[4.740s] -- Using PYTHON_EXECUTABLE: /usr/bin/python3
[4.741s] -- Using PYTHON_INCLUDE_DIRS: /usr/include/python3.6m
[4.742s] -- Using PYTHON_LIBRARIES: /usr/lib/aarch64-linux-gnu/libpython3.6m.so
[5.362s] -- Found ament_lint_auto: 0.7.12 (/opt/ros/dashing/share/ament_lint_auto/cmake)
[5.443s] -- Added test 'lint_cmake' to check CMake code style
[5.453s] -- Added test 'xmllint' to check XML markup files
[5.471s] -- Configuring done
[6.317s] -- Generating done
[6.348s] -- Build files have been written to: /home/leh/test_ws/build/tutorial_interfaces
[6.769s] [  1%] [34m[1mGenerating C code for ROS interfaces[0m
[6.850s] [  2%] [34m[1mGenerating C++ code for ROS interfaces[0m
[14.857s] [  2%] Built target tutorial_interfaces__cpp
[14.945s] [  3%] [34m[1mGenerating C++ introspection for ROS interfaces[0m
[14.950s] [  4%] [34m[1mGenerating C++ type support for eProsima Fast-RTPS[0m
[17.774s] [35m[1mScanning dependencies of target tutorial_interfaces__rosidl_generator_c[0m
[17.874s] [  6%] [32mBuilding C object CMakeFiles/tutorial_interfaces__rosidl_generator_c.dir/rosidl_generator_c/tutorial_interfaces/msg/num__functions.c.o[0m
[17.881s] [  6%] [32mBuilding C object CMakeFiles/tutorial_interfaces__rosidl_generator_c.dir/rosidl_generator_c/tutorial_interfaces/msg/two_integers_array__functions.c.o[0m
[18.418s] [  8%] [32mBuilding C object CMakeFiles/tutorial_interfaces__rosidl_generator_c.dir/rosidl_generator_c/tutorial_interfaces/msg/encoder__functions.c.o[0m
[18.422s] [  8%] [32mBuilding C object CMakeFiles/tutorial_interfaces__rosidl_generator_c.dir/rosidl_generator_c/tutorial_interfaces/msg/imu__functions.c.o[0m
[18.634s] [  9%] [32mBuilding C object CMakeFiles/tutorial_interfaces__rosidl_generator_c.dir/rosidl_generator_c/tutorial_interfaces/msg/rpm__functions.c.o[0m
[18.640s] [ 10%] [32mBuilding C object CMakeFiles/tutorial_interfaces__rosidl_generator_c.dir/rosidl_generator_c/tutorial_interfaces/srv/add_three_ints__functions.c.o[0m
[19.009s] [ 11%] [32mBuilding C object CMakeFiles/tutorial_interfaces__rosidl_generator_c.dir/rosidl_generator_c/tutorial_interfaces/srv/judge_sign__functions.c.o[0m
[19.074s] [ 12%] [32mBuilding C object CMakeFiles/tutorial_interfaces__rosidl_generator_c.dir/rosidl_generator_c/tutorial_interfaces/action/fibonacci__functions.c.o[0m
[19.340s] [ 13%] [32mBuilding C object CMakeFiles/tutorial_interfaces__rosidl_generator_c.dir/rosidl_generator_c/tutorial_interfaces/action/robot_coordinate__functions.c.o[0m
[19.779s] [ 15%] [32m[1mLinking C shared library libtutorial_interfaces__rosidl_generator_c.so[0m
[20.135s] [ 15%] Built target tutorial_interfaces__rosidl_generator_c
[20.215s] [ 16%] [34m[1mGenerating C introspection for ROS interfaces[0m
[22.733s] [35m[1mScanning dependencies of target tutorial_interfaces__rosidl_typesupport_introspection_cpp[0m
[22.910s] [ 17%] [32mBuilding CXX object CMakeFiles/tutorial_interfaces__rosidl_typesupport_introspection_cpp.dir/rosidl_typesupport_introspection_cpp/tutorial_interfaces/msg/two_integers_array__type_support.cpp.o[0m
[22.946s] [ 18%] [32mBuilding CXX object CMakeFiles/tutorial_interfaces__rosidl_typesupport_introspection_cpp.dir/rosidl_typesupport_introspection_cpp/tutorial_interfaces/msg/num__type_support.cpp.o[0m
[24.702s] [ 19%] [32mBuilding CXX object CMakeFiles/tutorial_interfaces__rosidl_typesupport_introspection_cpp.dir/rosidl_typesupport_introspection_cpp/tutorial_interfaces/msg/encoder__type_support.cpp.o[0m
[24.715s] [ 20%] [32mBuilding CXX object CMakeFiles/tutorial_interfaces__rosidl_typesupport_introspection_cpp.dir/rosidl_typesupport_introspection_cpp/tutorial_interfaces/msg/imu__type_support.cpp.o[0m
[25.406s] [35m[1mScanning dependencies of target tutorial_interfaces__rosidl_typesupport_fastrtps_cpp[0m
[25.633s] [ 21%] [32mBuilding CXX object CMakeFiles/tutorial_interfaces__rosidl_typesupport_fastrtps_cpp.dir/rosidl_typesupport_fastrtps_cpp/tutorial_interfaces/msg/dds_fastrtps/num__type_support.cpp.o[0m
[26.310s] [ 22%] [32mBuilding CXX object CMakeFiles/tutorial_interfaces__rosidl_typesupport_introspection_cpp.dir/rosidl_typesupport_introspection_cpp/tutorial_interfaces/msg/rpm__type_support.cpp.o[0m
[26.444s] [ 23%] [32mBuilding CXX object CMakeFiles/tutorial_interfaces__rosidl_typesupport_introspection_cpp.dir/rosidl_typesupport_introspection_cpp/tutorial_interfaces/srv/add_three_ints__type_support.cpp.o[0m
[27.740s] [ 24%] [32mBuilding CXX object CMakeFiles/tutorial_interfaces__rosidl_typesupport_fastrtps_cpp.dir/rosidl_typesupport_fastrtps_cpp/tutorial_interfaces/msg/dds_fastrtps/two_integers_array__type_support.cpp.o[0m
[27.774s] [ 25%] [32mBuilding CXX object CMakeFiles/tutorial_interfaces__rosidl_typesupport_introspection_cpp.dir/rosidl_typesupport_introspection_cpp/tutorial_interfaces/srv/judge_sign__type_support.cpp.o[0m
[27.933s] [ 26%] [32mBuilding CXX object CMakeFiles/tutorial_interfaces__rosidl_typesupport_introspection_cpp.dir/rosidl_typesupport_introspection_cpp/tutorial_interfaces/action/fibonacci__type_support.cpp.o[0m
[29.053s] [ 27%] [32mBuilding CXX object CMakeFiles/tutorial_interfaces__rosidl_typesupport_introspection_cpp.dir/rosidl_typesupport_introspection_cpp/tutorial_interfaces/action/robot_coordinate__type_support.cpp.o[0m
[29.383s] [35m[1mScanning dependencies of target tutorial_interfaces__rosidl_typesupport_introspection_c[0m
[29.579s] [ 29%] [32mBuilding C object CMakeFiles/tutorial_interfaces__rosidl_typesupport_introspection_c.dir/rosidl_typesupport_introspection_c/tutorial_interfaces/msg/num__type_support.c.o[0m
[29.752s] [ 30%] [32mBuilding C object CMakeFiles/tutorial_interfaces__rosidl_typesupport_introspection_c.dir/rosidl_typesupport_introspection_c/tutorial_interfaces/msg/two_integers_array__type_support.c.o[0m
[29.858s] [ 31%] [32mBuilding C object CMakeFiles/tutorial_interfaces__rosidl_typesupport_introspection_c.dir/rosidl_typesupport_introspection_c/tutorial_interfaces/msg/imu__type_support.c.o[0m
[29.931s] [ 32%] [32mBuilding CXX object CMakeFiles/tutorial_interfaces__rosidl_typesupport_fastrtps_cpp.dir/rosidl_typesupport_fastrtps_cpp/tutorial_interfaces/msg/dds_fastrtps/encoder__type_support.cpp.o[0m
[29.974s] [ 33%] [32mBuilding CXX object CMakeFiles/tutorial_interfaces__rosidl_typesupport_fastrtps_cpp.dir/rosidl_typesupport_fastrtps_cpp/tutorial_interfaces/msg/dds_fastrtps/imu__type_support.cpp.o[0m
[30.083s] [ 34%] [32mBuilding C object CMakeFiles/tutorial_interfaces__rosidl_typesupport_introspection_c.dir/rosidl_typesupport_introspection_c/tutorial_interfaces/msg/encoder__type_support.c.o[0m
[30.374s] [ 35%] [32mBuilding C object CMakeFiles/tutorial_interfaces__rosidl_typesupport_introspection_c.dir/rosidl_typesupport_introspection_c/tutorial_interfaces/msg/rpm__type_support.c.o[0m
[30.634s] [ 36%] [32mBuilding C object CMakeFiles/tutorial_interfaces__rosidl_typesupport_introspection_c.dir/rosidl_typesupport_introspection_c/tutorial_interfaces/srv/add_three_ints__type_support.c.o[0m
[30.726s] [ 37%] [32m[1mLinking CXX shared library libtutorial_interfaces__rosidl_typesupport_introspection_cpp.so[0m
[30.963s] [ 38%] [32mBuilding C object CMakeFiles/tutorial_interfaces__rosidl_typesupport_introspection_c.dir/rosidl_typesupport_introspection_c/tutorial_interfaces/srv/judge_sign__type_support.c.o[0m
[31.265s] [ 39%] [32mBuilding C object CMakeFiles/tutorial_interfaces__rosidl_typesupport_introspection_c.dir/rosidl_typesupport_introspection_c/tutorial_interfaces/action/fibonacci__type_support.c.o[0m
[31.299s] [ 39%] Built target tutorial_interfaces__rosidl_typesupport_introspection_cpp
[31.402s] [ 40%] [32mBuilding C object CMakeFiles/tutorial_interfaces__rosidl_typesupport_introspection_c.dir/rosidl_typesupport_introspection_c/tutorial_interfaces/action/robot_coordinate__type_support.c.o[0m
[31.653s] [ 41%] [32mBuilding CXX object CMakeFiles/tutorial_interfaces__rosidl_typesupport_fastrtps_cpp.dir/rosidl_typesupport_fastrtps_cpp/tutorial_interfaces/msg/dds_fastrtps/rpm__type_support.cpp.o[0m
[31.720s] [ 43%] [32m[1mLinking C shared library libtutorial_interfaces__rosidl_typesupport_introspection_c.so[0m
[31.839s] [ 44%] [32mBuilding CXX object CMakeFiles/tutorial_interfaces__rosidl_typesupport_fastrtps_cpp.dir/rosidl_typesupport_fastrtps_cpp/tutorial_interfaces/srv/dds_fastrtps/add_three_ints__type_support.cpp.o[0m
[32.054s] [ 44%] Built target tutorial_interfaces__rosidl_typesupport_introspection_c
[32.126s] [ 45%] [32mBuilding CXX object CMakeFiles/tutorial_interfaces__rosidl_typesupport_fastrtps_cpp.dir/rosidl_typesupport_fastrtps_cpp/tutorial_interfaces/srv/dds_fastrtps/judge_sign__type_support.cpp.o[0m
[32.164s] [ 46%] [32mBuilding CXX object CMakeFiles/tutorial_interfaces__rosidl_typesupport_fastrtps_cpp.dir/rosidl_typesupport_fastrtps_cpp/tutorial_interfaces/action/dds_fastrtps/fibonacci__type_support.cpp.o[0m
[33.841s] [ 47%] [32mBuilding CXX object CMakeFiles/tutorial_interfaces__rosidl_typesupport_fastrtps_cpp.dir/rosidl_typesupport_fastrtps_cpp/tutorial_interfaces/action/dds_fastrtps/robot_coordinate__type_support.cpp.o[0m
[35.814s] [ 48%] [32m[1mLinking CXX shared library libtutorial_interfaces__rosidl_typesupport_fastrtps_cpp.so[0m
[36.189s] [ 48%] Built target tutorial_interfaces__rosidl_typesupport_fastrtps_cpp
[36.238s] [ 50%] [34m[1mGenerating C type support for eProsima Fast-RTPS[0m
[36.239s] [ 50%] [34m[1mGenerating C++ type support dispatch for ROS interfaces[0m
[40.165s] [35m[1mScanning dependencies of target tutorial_interfaces__rosidl_typesupport_cpp[0m
[40.286s] [ 51%] [32mBuilding CXX object CMakeFiles/tutorial_interfaces__rosidl_typesupport_cpp.dir/rosidl_typesupport_cpp/tutorial_interfaces/msg/two_integers_array__type_support.cpp.o[0m
[40.298s] [ 52%] [32mBuilding CXX object CMakeFiles/tutorial_interfaces__rosidl_typesupport_cpp.dir/rosidl_typesupport_cpp/tutorial_interfaces/msg/num__type_support.cpp.o[0m
[40.310s] [ 53%] [32mBuilding CXX object CMakeFiles/tutorial_interfaces__rosidl_typesupport_cpp.dir/rosidl_typesupport_cpp/tutorial_interfaces/msg/imu__type_support.cpp.o[0m
[41.966s] [ 54%] [32mBuilding CXX object CMakeFiles/tutorial_interfaces__rosidl_typesupport_cpp.dir/rosidl_typesupport_cpp/tutorial_interfaces/msg/encoder__type_support.cpp.o[0m
[42.012s] [ 55%] [32mBuilding CXX object CMakeFiles/tutorial_interfaces__rosidl_typesupport_cpp.dir/rosidl_typesupport_cpp/tutorial_interfaces/msg/rpm__type_support.cpp.o[0m
[42.171s] [ 56%] [32mBuilding CXX object CMakeFiles/tutorial_interfaces__rosidl_typesupport_cpp.dir/rosidl_typesupport_cpp/tutorial_interfaces/srv/add_three_ints__type_support.cpp.o[0m
[43.948s] [ 58%] [32mBuilding CXX object CMakeFiles/tutorial_interfaces__rosidl_typesupport_cpp.dir/rosidl_typesupport_cpp/tutorial_interfaces/srv/judge_sign__type_support.cpp.o[0m
[44.062s] [ 59%] [32mBuilding CXX object CMakeFiles/tutorial_interfaces__rosidl_typesupport_cpp.dir/rosidl_typesupport_cpp/tutorial_interfaces/action/fibonacci__type_support.cpp.o[0m
[44.292s] [ 60%] [32mBuilding CXX object CMakeFiles/tutorial_interfaces__rosidl_typesupport_cpp.dir/rosidl_typesupport_cpp/tutorial_interfaces/action/robot_coordinate__type_support.cpp.o[0m
[45.422s] [35m[1mScanning dependencies of target tutorial_interfaces__rosidl_typesupport_fastrtps_c[0m
[45.772s] [ 61%] [32mBuilding CXX object CMakeFiles/tutorial_interfaces__rosidl_typesupport_fastrtps_c.dir/rosidl_typesupport_fastrtps_c/tutorial_interfaces/msg/num__type_support_c.cpp.o[0m
[46.285s] [ 62%] [32mBuilding CXX object CMakeFiles/tutorial_interfaces__rosidl_typesupport_fastrtps_c.dir/rosidl_typesupport_fastrtps_c/tutorial_interfaces/msg/two_integers_array__type_support_c.cpp.o[0m
[46.333s] [ 63%] [32mBuilding CXX object CMakeFiles/tutorial_interfaces__rosidl_typesupport_fastrtps_c.dir/rosidl_typesupport_fastrtps_c/tutorial_interfaces/msg/imu__type_support_c.cpp.o[0m
[46.358s] [ 64%] [32m[1mLinking CXX shared library libtutorial_interfaces__rosidl_typesupport_cpp.so[0m
[47.159s] [ 64%] Built target tutorial_interfaces__rosidl_typesupport_cpp
[47.265s] [ 65%] [32mBuilding CXX object CMakeFiles/tutorial_interfaces__rosidl_typesupport_fastrtps_c.dir/rosidl_typesupport_fastrtps_c/tutorial_interfaces/msg/encoder__type_support_c.cpp.o[0m
[47.672s] [ 66%] [32mBuilding CXX object CMakeFiles/tutorial_interfaces__rosidl_typesupport_fastrtps_c.dir/rosidl_typesupport_fastrtps_c/tutorial_interfaces/msg/rpm__type_support_c.cpp.o[0m
[48.075s] [ 67%] [32mBuilding CXX object CMakeFiles/tutorial_interfaces__rosidl_typesupport_fastrtps_c.dir/rosidl_typesupport_fastrtps_c/tutorial_interfaces/srv/add_three_ints__type_support_c.cpp.o[0m
[48.209s] [ 68%] [32mBuilding CXX object CMakeFiles/tutorial_interfaces__rosidl_typesupport_fastrtps_c.dir/rosidl_typesupport_fastrtps_c/tutorial_interfaces/srv/judge_sign__type_support_c.cpp.o[0m
[49.326s] [ 69%] [32mBuilding CXX object CMakeFiles/tutorial_interfaces__rosidl_typesupport_fastrtps_c.dir/rosidl_typesupport_fastrtps_c/tutorial_interfaces/action/fibonacci__type_support_c.cpp.o[0m
[49.684s] [ 70%] [32mBuilding CXX object CMakeFiles/tutorial_interfaces__rosidl_typesupport_fastrtps_c.dir/rosidl_typesupport_fastrtps_c/tutorial_interfaces/action/robot_coordinate__type_support_c.cpp.o[0m
[51.157s] [ 72%] [32m[1mLinking CXX shared library libtutorial_interfaces__rosidl_typesupport_fastrtps_c.so[0m
[51.556s] [ 72%] Built target tutorial_interfaces__rosidl_typesupport_fastrtps_c
[51.604s] [ 73%] [34m[1mGenerating C type support dispatch for ROS interfaces[0m
[55.628s] [35m[1mScanning dependencies of target tutorial_interfaces__rosidl_typesupport_c[0m
[55.704s] [ 75%] [32mBuilding CXX object CMakeFiles/tutorial_interfaces__rosidl_typesupport_c.dir/rosidl_typesupport_c/tutorial_interfaces/msg/num__type_support.cpp.o[0m
[55.705s] [ 75%] [32mBuilding CXX object CMakeFiles/tutorial_interfaces__rosidl_typesupport_c.dir/rosidl_typesupport_c/tutorial_interfaces/msg/two_integers_array__type_support.cpp.o[0m
[55.816s] [ 77%] [32mBuilding CXX object CMakeFiles/tutorial_interfaces__rosidl_typesupport_c.dir/rosidl_typesupport_c/tutorial_interfaces/msg/rpm__type_support.cpp.o[0m
[55.817s] [ 77%] [32mBuilding CXX object CMakeFiles/tutorial_interfaces__rosidl_typesupport_c.dir/rosidl_typesupport_c/tutorial_interfaces/msg/encoder__type_support.cpp.o[0m
[55.922s] [ 78%] [32mBuilding CXX object CMakeFiles/tutorial_interfaces__rosidl_typesupport_c.dir/rosidl_typesupport_c/tutorial_interfaces/srv/add_three_ints__type_support.cpp.o[0m
[55.929s] [ 79%] [32mBuilding CXX object CMakeFiles/tutorial_interfaces__rosidl_typesupport_c.dir/rosidl_typesupport_c/tutorial_interfaces/srv/judge_sign__type_support.cpp.o[0m
[56.032s] [ 80%] [32mBuilding CXX object CMakeFiles/tutorial_interfaces__rosidl_typesupport_c.dir/rosidl_typesupport_c/tutorial_interfaces/action/fibonacci__type_support.cpp.o[0m
[56.059s] [ 81%] [32mBuilding CXX object CMakeFiles/tutorial_interfaces__rosidl_typesupport_c.dir/rosidl_typesupport_c/tutorial_interfaces/action/robot_coordinate__type_support.cpp.o[0m
[56.218s] [ 82%] [32mBuilding CXX object CMakeFiles/tutorial_interfaces__rosidl_typesupport_c.dir/rosidl_typesupport_c/tutorial_interfaces/msg/imu__type_support.cpp.o[0m
[56.343s] [ 83%] [32m[1mLinking CXX shared library libtutorial_interfaces__rosidl_typesupport_c.so[0m
[56.591s] [ 83%] Built target tutorial_interfaces__rosidl_typesupport_c
[56.678s] [ 83%] Built target tutorial_interfaces
[56.759s] [ 84%] [34m[1mGenerating Python code for ROS interfaces[0m
[72.342s] [ 84%] Built target tutorial_interfaces__py
[72.410s] [35m[1mScanning dependencies of target tutorial_interfaces__python[0m
[72.629s] [ 86%] [32mBuilding C object CMakeFiles/tutorial_interfaces__python.dir/rosidl_generator_py/tutorial_interfaces/msg/_num_s.c.o[0m
[72.631s] [ 87%] [32mBuilding C object CMakeFiles/tutorial_interfaces__python.dir/rosidl_generator_py/tutorial_interfaces/msg/_two_integers_array_s.c.o[0m
[72.633s] [ 88%] [32mBuilding C object CMakeFiles/tutorial_interfaces__python.dir/rosidl_generator_py/tutorial_interfaces/msg/_imu_s.c.o[0m
[72.673s] [ 89%] [32mBuilding C object CMakeFiles/tutorial_interfaces__python.dir/rosidl_generator_py/tutorial_interfaces/msg/_encoder_s.c.o[0m
[73.077s] [ 90%] [32mBuilding C object CMakeFiles/tutorial_interfaces__python.dir/rosidl_generator_py/tutorial_interfaces/msg/_rpm_s.c.o[0m
[73.120s] [ 91%] [32mBuilding C object CMakeFiles/tutorial_interfaces__python.dir/rosidl_generator_py/tutorial_interfaces/srv/_add_three_ints_s.c.o[0m
[73.174s] [ 92%] [32mBuilding C object CMakeFiles/tutorial_interfaces__python.dir/rosidl_generator_py/tutorial_interfaces/srv/_judge_sign_s.c.o[0m
[73.192s] [ 93%] [32mBuilding C object CMakeFiles/tutorial_interfaces__python.dir/rosidl_generator_py/tutorial_interfaces/action/_fibonacci_s.c.o[0m
[73.546s] [ 94%] [32mBuilding C object CMakeFiles/tutorial_interfaces__python.dir/rosidl_generator_py/tutorial_interfaces/action/_robot_coordinate_s.c.o[0m
[74.229s] [ 95%] [32m[1mLinking C shared library rosidl_generator_py/tutorial_interfaces/libtutorial_interfaces__python.so[0m
[74.505s] [ 95%] Built target tutorial_interfaces__python
[74.569s] [35m[1mScanning dependencies of target tutorial_interfaces__rosidl_typesupport_c__pyext[0m
[74.571s] [35m[1mScanning dependencies of target tutorial_interfaces__rosidl_typesupport_fastrtps_c__pyext[0m
[74.692s] [ 96%] [32mBuilding C object CMakeFiles/tutorial_interfaces__rosidl_typesupport_fastrtps_c__pyext.dir/rosidl_generator_py/tutorial_interfaces/_tutorial_interfaces_s.ep.rosidl_typesupport_fastrtps_c.c.o[0m
[74.702s] [ 97%] [32mBuilding C object CMakeFiles/tutorial_interfaces__rosidl_typesupport_c__pyext.dir/rosidl_generator_py/tutorial_interfaces/_tutorial_interfaces_s.ep.rosidl_typesupport_c.c.o[0m
[75.506s] [100%] [32m[1mLinking C shared library rosidl_generator_py/tutorial_interfaces/tutorial_interfaces_s__rosidl_typesupport_fastrtps_c.cpython-36m-aarch64-linux-gnu.so[0m
[75.507s] [100%] [32m[1mLinking C shared library rosidl_generator_py/tutorial_interfaces/tutorial_interfaces_s__rosidl_typesupport_c.cpython-36m-aarch64-linux-gnu.so[0m
[75.873s] [100%] Built target tutorial_interfaces__rosidl_typesupport_fastrtps_c__pyext
[75.924s] [100%] Built target tutorial_interfaces__rosidl_typesupport_c__pyext
[75.979s] Invoked command in '/home/leh/test_ws/build/tutorial_interfaces' returned '0': CMAKE_PREFIX_PATH=/opt/ros/dashing /usr/bin/cmake --build /home/leh/test_ws/build/tutorial_interfaces -- -j4 -l4
[76.707s] Invoking command in '/home/leh/test_ws/build/tutorial_interfaces': CMAKE_PREFIX_PATH=/opt/ros/dashing /usr/bin/cmake --build /home/leh/test_ws/build/tutorial_interfaces --target install -- -j4 -l4
[76.918s] [  1%] Built target tutorial_interfaces__cpp
[76.935s] [ 12%] Built target tutorial_interfaces__rosidl_generator_c
[77.032s] [ 24%] Built target tutorial_interfaces__rosidl_typesupport_introspection_cpp
[77.076s] [ 36%] Built target tutorial_interfaces__rosidl_typesupport_introspection_c
[77.088s] [ 48%] Built target tutorial_interfaces__rosidl_typesupport_fastrtps_cpp
[77.327s] [ 63%] Built target tutorial_interfaces__rosidl_typesupport_cpp
[77.328s] [ 72%] Built target tutorial_interfaces__rosidl_typesupport_fastrtps_c
[77.470s] [ 83%] Built target tutorial_interfaces__rosidl_typesupport_c
[77.549s] [ 83%] Built target tutorial_interfaces
[77.630s] [ 84%] Built target tutorial_interfaces__py
[77.770s] [ 95%] Built target tutorial_interfaces__python
[77.890s] [ 97%] Built target tutorial_interfaces__rosidl_typesupport_c__pyext
[77.900s] [100%] Built target tutorial_interfaces__rosidl_typesupport_fastrtps_c__pyext
[77.983s] [36mInstall the project...[0m
[78.028s] -- Install configuration: ""
[78.029s] -- Up-to-date: /home/leh/test_ws/install/tutorial_interfaces/share/ament_index/resource_index/rosidl_interfaces/tutorial_interfaces
[78.037s] -- Installing: /home/leh/test_ws/install/tutorial_interfaces/lib/libtutorial_interfaces__rosidl_typesupport_c.so
[78.044s] -- Set runtime path of "/home/leh/test_ws/install/tutorial_interfaces/lib/libtutorial_interfaces__rosidl_typesupport_c.so" to ""
[78.047s] -- Up-to-date: /home/leh/test_ws/install/tutorial_interfaces/share/tutorial_interfaces/environment/library_path.sh
[78.054s] -- Installing: /home/leh/test_ws/install/tutorial_interfaces/lib/libtutorial_interfaces__rosidl_typesupport_cpp.so
[78.057s] -- Set runtime path of "/home/leh/test_ws/install/tutorial_interfaces/lib/libtutorial_interfaces__rosidl_typesupport_cpp.so" to ""
[78.058s] -- Up-to-date: /home/leh/test_ws/install/tutorial_interfaces/include/tutorial_interfaces
[78.059s] -- Up-to-date: /home/leh/test_ws/install/tutorial_interfaces/include/tutorial_interfaces/action
[78.060s] -- Installing: /home/leh/test_ws/install/tutorial_interfaces/include/tutorial_interfaces/action/robot_coordinate__rosidl_typesupport_fastrtps_c.h
[78.062s] -- Installing: /home/leh/test_ws/install/tutorial_interfaces/include/tutorial_interfaces/action/fibonacci__rosidl_typesupport_fastrtps_c.h
[78.063s] -- Up-to-date: /home/leh/test_ws/install/tutorial_interfaces/include/tutorial_interfaces/msg
[78.064s] -- Installing: /home/leh/test_ws/install/tutorial_interfaces/include/tutorial_interfaces/msg/imu__rosidl_typesupport_fastrtps_c.h
[78.064s] -- Installing: /home/leh/test_ws/install/tutorial_interfaces/include/tutorial_interfaces/msg/num__rosidl_typesupport_fastrtps_c.h
[78.066s] -- Up-to-date: /home/leh/test_ws/install/tutorial_interfaces/include/tutorial_interfaces/msg/rosidl_typesupport_fastrtps_c__visibility_control.h
[78.067s] -- Installing: /home/leh/test_ws/install/tutorial_interfaces/include/tutorial_interfaces/msg/encoder__rosidl_typesupport_fastrtps_c.h
[78.069s] -- Installing: /home/leh/test_ws/install/tutorial_interfaces/include/tutorial_interfaces/msg/rpm__rosidl_typesupport_fastrtps_c.h
[78.070s] -- Installing: /home/leh/test_ws/install/tutorial_interfaces/include/tutorial_interfaces/msg/two_integers_array__rosidl_typesupport_fastrtps_c.h
[78.071s] -- Up-to-date: /home/leh/test_ws/install/tutorial_interfaces/include/tutorial_interfaces/srv
[78.072s] -- Installing: /home/leh/test_ws/install/tutorial_interfaces/include/tutorial_interfaces/srv/add_three_ints__rosidl_typesupport_fastrtps_c.h
[78.075s] -- Installing: /home/leh/test_ws/install/tutorial_interfaces/include/tutorial_interfaces/srv/judge_sign__rosidl_typesupport_fastrtps_c.h
[78.077s] -- Installing: /home/leh/test_ws/install/tutorial_interfaces/lib/libtutorial_interfaces__rosidl_typesupport_fastrtps_c.so
[78.080s] -- Set runtime path of "/home/leh/test_ws/install/tutorial_interfaces/lib/libtutorial_interfaces__rosidl_typesupport_fastrtps_c.so" to ""
[78.081s] -- Up-to-date: /home/leh/test_ws/install/tutorial_interfaces/include/tutorial_interfaces
[78.083s] -- Up-to-date: /home/leh/test_ws/install/tutorial_interfaces/include/tutorial_interfaces/action
[78.083s] -- Installing: /home/leh/test_ws/install/tutorial_interfaces/include/tutorial_interfaces/action/fibonacci__functions.c
[78.085s] -- Installing: /home/leh/test_ws/install/tutorial_interfaces/include/tutorial_interfaces/action/robot_coordinate__struct.h
[78.086s] -- Installing: /home/leh/test_ws/install/tutorial_interfaces/include/tutorial_interfaces/action/fibonacci__type_support.h
[78.087s] -- Installing: /home/leh/test_ws/install/tutorial_interfaces/include/tutorial_interfaces/action/robot_coordinate__type_support.h
[78.087s] -- Installing: /home/leh/test_ws/install/tutorial_interfaces/include/tutorial_interfaces/action/robot_coordinate__functions.h
[78.088s] -- Installing: /home/leh/test_ws/install/tutorial_interfaces/include/tutorial_interfaces/action/fibonacci__functions.h
[78.089s] -- Installing: /home/leh/test_ws/install/tutorial_interfaces/include/tutorial_interfaces/action/fibonacci__struct.h
[78.090s] -- Installing: /home/leh/test_ws/install/tutorial_interfaces/include/tutorial_interfaces/action/fibonacci.h
[78.093s] -- Installing: /home/leh/test_ws/install/tutorial_interfaces/include/tutorial_interfaces/action/robot_coordinate.h
[78.094s] -- Installing: /home/leh/test_ws/install/tutorial_interfaces/include/tutorial_interfaces/action/robot_coordinate__functions.c
[78.095s] -- Up-to-date: /home/leh/test_ws/install/tutorial_interfaces/include/tutorial_interfaces/msg
[78.095s] -- Installing: /home/leh/test_ws/install/tutorial_interfaces/include/tutorial_interfaces/msg/num__functions.h
[78.096s] -- Installing: /home/leh/test_ws/install/tutorial_interfaces/include/tutorial_interfaces/msg/imu__type_support.h
[78.097s] -- Installing: /home/leh/test_ws/install/tutorial_interfaces/include/tutorial_interfaces/msg/two_integers_array.h
[78.098s] -- Installing: /home/leh/test_ws/install/tutorial_interfaces/include/tutorial_interfaces/msg/imu__functions.c
[78.100s] -- Installing: /home/leh/test_ws/install/tutorial_interfaces/include/tutorial_interfaces/msg/imu__functions.h
[78.101s] -- Installing: /home/leh/test_ws/install/tutorial_interfaces/include/tutorial_interfaces/msg/encoder__type_support.h
[78.101s] -- Installing: /home/leh/test_ws/install/tutorial_interfaces/include/tutorial_interfaces/msg/two_integers_array__functions.h
[78.102s] -- Installing: /home/leh/test_ws/install/tutorial_interfaces/include/tutorial_interfaces/msg/rpm__functions.h
[78.103s] -- Installing: /home/leh/test_ws/install/tutorial_interfaces/include/tutorial_interfaces/msg/rpm__struct.h
[78.104s] -- Installing: /home/leh/test_ws/install/tutorial_interfaces/include/tutorial_interfaces/msg/two_integers_array__functions.c
[78.105s] -- Installing: /home/leh/test_ws/install/tutorial_interfaces/include/tutorial_interfaces/msg/rpm.h
[78.106s] -- Installing: /home/leh/test_ws/install/tutorial_interfaces/include/tutorial_interfaces/msg/rpm__type_support.h
[78.107s] -- Installing: /home/leh/test_ws/install/tutorial_interfaces/include/tutorial_interfaces/msg/imu__struct.h
[78.107s] -- Installing: /home/leh/test_ws/install/tutorial_interfaces/include/tutorial_interfaces/msg/encoder.h
[78.108s] -- Installing: /home/leh/test_ws/install/tutorial_interfaces/include/tutorial_interfaces/msg/imu.h
[78.109s] -- Installing: /home/leh/test_ws/install/tutorial_interfaces/include/tutorial_interfaces/msg/encoder__functions.c
[78.109s] -- Installing: /home/leh/test_ws/install/tutorial_interfaces/include/tutorial_interfaces/msg/num__functions.c
[78.110s] -- Installing: /home/leh/test_ws/install/tutorial_interfaces/include/tutorial_interfaces/msg/encoder__functions.h
[78.111s] -- Installing: /home/leh/test_ws/install/tutorial_interfaces/include/tutorial_interfaces/msg/encoder__struct.h
[78.112s] -- Installing: /home/leh/test_ws/install/tutorial_interfaces/include/tutorial_interfaces/msg/num.h
[78.112s] -- Installing: /home/leh/test_ws/install/tutorial_interfaces/include/tutorial_interfaces/msg/rpm__functions.c
[78.113s] -- Installing: /home/leh/test_ws/install/tutorial_interfaces/include/tutorial_interfaces/msg/num__struct.h
[78.114s] -- Installing: /home/leh/test_ws/install/tutorial_interfaces/include/tutorial_interfaces/msg/two_integers_array__struct.h
[78.115s] -- Installing: /home/leh/test_ws/install/tutorial_interfaces/include/tutorial_interfaces/msg/two_integers_array__type_support.h
[78.116s] -- Up-to-date: /home/leh/test_ws/install/tutorial_interfaces/include/tutorial_interfaces/msg/rosidl_generator_c__visibility_control.h
[78.117s] -- Installing: /home/leh/test_ws/install/tutorial_interfaces/include/tutorial_interfaces/msg/num__type_support.h
[78.121s] -- Up-to-date: /home/leh/test_ws/install/tutorial_interfaces/include/tutorial_interfaces/srv
[78.122s] -- Installing: /home/leh/test_ws/install/tutorial_interfaces/include/tutorial_interfaces/srv/add_three_ints__struct.h
[78.123s] -- Installing: /home/leh/test_ws/install/tutorial_interfaces/include/tutorial_interfaces/srv/judge_sign.h
[78.124s] -- Installing: /home/leh/test_ws/install/tutorial_interfaces/include/tutorial_interfaces/srv/judge_sign__type_support.h
[78.124s] -- Installing: /home/leh/test_ws/install/tutorial_interfaces/include/tutorial_interfaces/srv/add_three_ints__functions.h
[78.125s] -- Installing: /home/leh/test_ws/install/tutorial_interfaces/include/tutorial_interfaces/srv/judge_sign__struct.h
[78.126s] -- Installing: /home/leh/test_ws/install/tutorial_interfaces/include/tutorial_interfaces/srv/add_three_ints__type_support.h
[78.127s] -- Installing: /home/leh/test_ws/install/tutorial_interfaces/include/tutorial_interfaces/srv/judge_sign__functions.c
[78.128s] -- Installing: /home/leh/test_ws/install/tutorial_interfaces/include/tutorial_interfaces/srv/add_three_ints.h
[78.128s] -- Installing: /home/leh/test_ws/install/tutorial_interfaces/include/tutorial_interfaces/srv/judge_sign__functions.h
[78.129s] -- Installing: /home/leh/test_ws/install/tutorial_interfaces/include/tutorial_interfaces/srv/add_three_ints__functions.c
[78.130s] -- Installing: /home/leh/test_ws/install/tutorial_interfaces/lib/libtutorial_interfaces__rosidl_generator_c.so
[78.131s] -- Set runtime path of "/home/leh/test_ws/install/tutorial_interfaces/lib/libtutorial_interfaces__rosidl_generator_c.so" to ""
[78.131s] -- Up-to-date: /home/leh/test_ws/install/tutorial_interfaces/include/tutorial_interfaces
[78.134s] -- Up-to-date: /home/leh/test_ws/install/tutorial_interfaces/include/tutorial_interfaces/action
[78.134s] -- Up-to-date: /home/leh/test_ws/install/tutorial_interfaces/include/tutorial_interfaces/action/dds_fastrtps
[78.135s] -- Installing: /home/leh/test_ws/install/tutorial_interfaces/include/tutorial_interfaces/action/robot_coordinate__rosidl_typesupport_fastrtps_cpp.hpp
[78.136s] -- Installing: /home/leh/test_ws/install/tutorial_interfaces/include/tutorial_interfaces/action/fibonacci__rosidl_typesupport_fastrtps_cpp.hpp
[78.137s] -- Up-to-date: /home/leh/test_ws/install/tutorial_interfaces/include/tutorial_interfaces/msg
[78.137s] -- Up-to-date: /home/leh/test_ws/install/tutorial_interfaces/include/tutorial_interfaces/msg/dds_fastrtps
[78.139s] -- Installing: /home/leh/test_ws/install/tutorial_interfaces/include/tutorial_interfaces/msg/two_integers_array__rosidl_typesupport_fastrtps_cpp.hpp
[78.140s] -- Installing: /home/leh/test_ws/install/tutorial_interfaces/include/tutorial_interfaces/msg/rpm__rosidl_typesupport_fastrtps_cpp.hpp
[78.140s] -- Installing: /home/leh/test_ws/install/tutorial_interfaces/include/tutorial_interfaces/msg/imu__rosidl_typesupport_fastrtps_cpp.hpp
[78.142s] -- Up-to-date: /home/leh/test_ws/install/tutorial_interfaces/include/tutorial_interfaces/msg/rosidl_typesupport_fastrtps_cpp__visibility_control.h
[78.142s] -- Installing: /home/leh/test_ws/install/tutorial_interfaces/include/tutorial_interfaces/msg/encoder__rosidl_typesupport_fastrtps_cpp.hpp
[78.143s] -- Installing: /home/leh/test_ws/install/tutorial_interfaces/include/tutorial_interfaces/msg/num__rosidl_typesupport_fastrtps_cpp.hpp
[78.144s] -- Up-to-date: /home/leh/test_ws/install/tutorial_interfaces/include/tutorial_interfaces/srv
[78.145s] -- Up-to-date: /home/leh/test_ws/install/tutorial_interfaces/include/tutorial_interfaces/srv/dds_fastrtps
[78.146s] -- Installing: /home/leh/test_ws/install/tutorial_interfaces/include/tutorial_interfaces/srv/add_three_ints__rosidl_typesupport_fastrtps_cpp.hpp
[78.147s] -- Installing: /home/leh/test_ws/install/tutorial_interfaces/include/tutorial_interfaces/srv/judge_sign__rosidl_typesupport_fastrtps_cpp.hpp
[78.150s] -- Installing: /home/leh/test_ws/install/tutorial_interfaces/lib/libtutorial_interfaces__rosidl_typesupport_fastrtps_cpp.so
[78.151s] -- Set runtime path of "/home/leh/test_ws/install/tutorial_interfaces/lib/libtutorial_interfaces__rosidl_typesupport_fastrtps_cpp.so" to ""
[78.152s] -- Up-to-date: /home/leh/test_ws/install/tutorial_interfaces/include/tutorial_interfaces
[78.153s] -- Up-to-date: /home/leh/test_ws/install/tutorial_interfaces/include/tutorial_interfaces/action
[78.154s] -- Installing: /home/leh/test_ws/install/tutorial_interfaces/include/tutorial_interfaces/action/robot_coordinate__traits.hpp
[78.155s] -- Installing: /home/leh/test_ws/install/tutorial_interfaces/include/tutorial_interfaces/action/fibonacci.hpp
[78.156s] -- Installing: /home/leh/test_ws/install/tutorial_interfaces/include/tutorial_interfaces/action/robot_coordinate.hpp
[78.157s] -- Installing: /home/leh/test_ws/install/tutorial_interfaces/include/tutorial_interfaces/action/robot_coordinate__struct.hpp
[78.158s] -- Installing: /home/leh/test_ws/install/tutorial_interfaces/include/tutorial_interfaces/action/fibonacci__traits.hpp
[78.159s] -- Installing: /home/leh/test_ws/install/tutorial_interfaces/include/tutorial_interfaces/action/fibonacci__struct.hpp
[78.159s] -- Up-to-date: /home/leh/test_ws/install/tutorial_interfaces/include/tutorial_interfaces/msg
[78.160s] -- Installing: /home/leh/test_ws/install/tutorial_interfaces/include/tutorial_interfaces/msg/imu__struct.hpp
[78.160s] -- Installing: /home/leh/test_ws/install/tutorial_interfaces/include/tutorial_interfaces/msg/num__struct.hpp
[78.161s] -- Installing: /home/leh/test_ws/install/tutorial_interfaces/include/tutorial_interfaces/msg/encoder__traits.hpp
[78.162s] -- Installing: /home/leh/test_ws/install/tutorial_interfaces/include/tutorial_interfaces/msg/rpm__traits.hpp
[78.162s] -- Installing: /home/leh/test_ws/install/tutorial_interfaces/include/tutorial_interfaces/msg/two_integers_array__traits.hpp
[78.163s] -- Installing: /home/leh/test_ws/install/tutorial_interfaces/include/tutorial_interfaces/msg/rpm__struct.hpp
[78.164s] -- Installing: /home/leh/test_ws/install/tutorial_interfaces/include/tutorial_interfaces/msg/imu__traits.hpp
[78.165s] -- Installing: /home/leh/test_ws/install/tutorial_interfaces/include/tutorial_interfaces/msg/rpm.hpp
[78.166s] -- Installing: /home/leh/test_ws/install/tutorial_interfaces/include/tutorial_interfaces/msg/encoder.hpp
[78.167s] -- Installing: /home/leh/test_ws/install/tutorial_interfaces/include/tutorial_interfaces/msg/num__traits.hpp
[78.167s] -- Installing: /home/leh/test_ws/install/tutorial_interfaces/include/tutorial_interfaces/msg/two_integers_array__struct.hpp
[78.168s] -- Installing: /home/leh/test_ws/install/tutorial_interfaces/include/tutorial_interfaces/msg/imu.hpp
[78.169s] -- Installing: /home/leh/test_ws/install/tutorial_interfaces/include/tutorial_interfaces/msg/two_integers_array.hpp
[78.169s] -- Installing: /home/leh/test_ws/install/tutorial_interfaces/include/tutorial_interfaces/msg/encoder__struct.hpp
[78.170s] -- Installing: /home/leh/test_ws/install/tutorial_interfaces/include/tutorial_interfaces/msg/num.hpp
[78.171s] -- Up-to-date: /home/leh/test_ws/install/tutorial_interfaces/include/tutorial_interfaces/srv
[78.171s] -- Installing: /home/leh/test_ws/install/tutorial_interfaces/include/tutorial_interfaces/srv/judge_sign__struct.hpp
[78.172s] -- Installing: /home/leh/test_ws/install/tutorial_interfaces/include/tutorial_interfaces/srv/judge_sign.hpp
[78.173s] -- Installing: /home/leh/test_ws/install/tutorial_interfaces/include/tutorial_interfaces/srv/add_three_ints__traits.hpp
[78.173s] -- Installing: /home/leh/test_ws/install/tutorial_interfaces/include/tutorial_interfaces/srv/judge_sign__traits.hpp
[78.174s] -- Installing: /home/leh/test_ws/install/tutorial_interfaces/include/tutorial_interfaces/srv/add_three_ints.hpp
[78.175s] -- Installing: /home/leh/test_ws/install/tutorial_interfaces/include/tutorial_interfaces/srv/add_three_ints__struct.hpp
[78.176s] -- Up-to-date: /home/leh/test_ws/install/tutorial_interfaces/include/tutorial_interfaces
[78.177s] -- Up-to-date: /home/leh/test_ws/install/tutorial_interfaces/include/tutorial_interfaces/action
[78.178s] -- Installing: /home/leh/test_ws/install/tutorial_interfaces/include/tutorial_interfaces/action/robot_coordinate__rosidl_typesupport_introspection_c.h
[78.178s] -- Installing: /home/leh/test_ws/install/tutorial_interfaces/include/tutorial_interfaces/action/robot_coordinate__type_support.c
[78.179s] -- Installing: /home/leh/test_ws/install/tutorial_interfaces/include/tutorial_interfaces/action/fibonacci__type_support.c
[78.180s] -- Installing: /home/leh/test_ws/install/tutorial_interfaces/include/tutorial_interfaces/action/fibonacci__rosidl_typesupport_introspection_c.h
[78.180s] -- Up-to-date: /home/leh/test_ws/install/tutorial_interfaces/include/tutorial_interfaces/msg
[78.181s] -- Up-to-date: /home/leh/test_ws/install/tutorial_interfaces/include/tutorial_interfaces/msg/rosidl_typesupport_introspection_c__visibility_control.h
[78.182s] -- Installing: /home/leh/test_ws/install/tutorial_interfaces/include/tutorial_interfaces/msg/imu__rosidl_typesupport_introspection_c.h
[78.183s] -- Installing: /home/leh/test_ws/install/tutorial_interfaces/include/tutorial_interfaces/msg/two_integers_array__rosidl_typesupport_introspection_c.h
[78.183s] -- Installing: /home/leh/test_ws/install/tutorial_interfaces/include/tutorial_interfaces/msg/rpm__type_support.c
[78.184s] -- Installing: /home/leh/test_ws/install/tutorial_interfaces/include/tutorial_interfaces/msg/num__rosidl_typesupport_introspection_c.h
[78.184s] -- Installing: /home/leh/test_ws/install/tutorial_interfaces/include/tutorial_interfaces/msg/encoder__type_support.c
[78.185s] -- Installing: /home/leh/test_ws/install/tutorial_interfaces/include/tutorial_interfaces/msg/encoder__rosidl_typesupport_introspection_c.h
[78.186s] -- Installing: /home/leh/test_ws/install/tutorial_interfaces/include/tutorial_interfaces/msg/imu__type_support.c
[78.187s] -- Installing: /home/leh/test_ws/install/tutorial_interfaces/include/tutorial_interfaces/msg/rpm__rosidl_typesupport_introspection_c.h
[78.188s] -- Installing: /home/leh/test_ws/install/tutorial_interfaces/include/tutorial_interfaces/msg/num__type_support.c
[78.189s] -- Installing: /home/leh/test_ws/install/tutorial_interfaces/include/tutorial_interfaces/msg/two_integers_array__type_support.c
[78.190s] -- Up-to-date: /home/leh/test_ws/install/tutorial_interfaces/include/tutorial_interfaces/srv
[78.191s] -- Installing: /home/leh/test_ws/install/tutorial_interfaces/include/tutorial_interfaces/srv/judge_sign__type_support.c
[78.191s] -- Installing: /home/leh/test_ws/install/tutorial_interfaces/include/tutorial_interfaces/srv/add_three_ints__type_support.c
[78.192s] -- Installing: /home/leh/test_ws/install/tutorial_interfaces/include/tutorial_interfaces/srv/add_three_ints__rosidl_typesupport_introspection_c.h
[78.193s] -- Installing: /home/leh/test_ws/install/tutorial_interfaces/include/tutorial_interfaces/srv/judge_sign__rosidl_typesupport_introspection_c.h
[78.193s] -- Installing: /home/leh/test_ws/install/tutorial_interfaces/lib/libtutorial_interfaces__rosidl_typesupport_introspection_c.so
[78.194s] -- Set runtime path of "/home/leh/test_ws/install/tutorial_interfaces/lib/libtutorial_interfaces__rosidl_typesupport_introspection_c.so" to ""
[78.194s] -- Up-to-date: /home/leh/test_ws/install/tutorial_interfaces/include/tutorial_interfaces
[78.195s] -- Up-to-date: /home/leh/test_ws/install/tutorial_interfaces/include/tutorial_interfaces/action
[78.195s] -- Installing: /home/leh/test_ws/install/tutorial_interfaces/include/tutorial_interfaces/action/robot_coordinate__rosidl_typesupport_introspection_cpp.hpp
[78.196s] -- Installing: /home/leh/test_ws/install/tutorial_interfaces/include/tutorial_interfaces/action/fibonacci__type_support.cpp
[78.197s] -- Installing: /home/leh/test_ws/install/tutorial_interfaces/include/tutorial_interfaces/action/fibonacci__rosidl_typesupport_introspection_cpp.hpp
[78.197s] -- Installing: /home/leh/test_ws/install/tutorial_interfaces/include/tutorial_interfaces/action/robot_coordinate__type_support.cpp
[78.198s] -- Up-to-date: /home/leh/test_ws/install/tutorial_interfaces/include/tutorial_interfaces/msg
[78.199s] -- Installing: /home/leh/test_ws/install/tutorial_interfaces/include/tutorial_interfaces/msg/encoder__type_support.cpp
[78.199s] -- Installing: /home/leh/test_ws/install/tutorial_interfaces/include/tutorial_interfaces/msg/imu__type_support.cpp
[78.200s] -- Installing: /home/leh/test_ws/install/tutorial_interfaces/include/tutorial_interfaces/msg/num__rosidl_typesupport_introspection_cpp.hpp
[78.201s] -- Installing: /home/leh/test_ws/install/tutorial_interfaces/include/tutorial_interfaces/msg/imu__rosidl_typesupport_introspection_cpp.hpp
[78.202s] -- Installing: /home/leh/test_ws/install/tutorial_interfaces/include/tutorial_interfaces/msg/rpm__type_support.cpp
[78.203s] -- Installing: /home/leh/test_ws/install/tutorial_interfaces/include/tutorial_interfaces/msg/two_integers_array__type_support.cpp
[78.203s] -- Installing: /home/leh/test_ws/install/tutorial_interfaces/include/tutorial_interfaces/msg/rpm__rosidl_typesupport_introspection_cpp.hpp
[78.204s] -- Installing: /home/leh/test_ws/install/tutorial_interfaces/include/tutorial_interfaces/msg/two_integers_array__rosidl_typesupport_introspection_cpp.hpp
[78.205s] -- Installing: /home/leh/test_ws/install/tutorial_interfaces/include/tutorial_interfaces/msg/encoder__rosidl_typesupport_introspection_cpp.hpp
[78.205s] -- Installing: /home/leh/test_ws/install/tutorial_interfaces/include/tutorial_interfaces/msg/num__type_support.cpp
[78.206s] -- Up-to-date: /home/leh/test_ws/install/tutorial_interfaces/include/tutorial_interfaces/srv
[78.207s] -- Installing: /home/leh/test_ws/install/tutorial_interfaces/include/tutorial_interfaces/srv/judge_sign__type_support.cpp
[78.207s] -- Installing: /home/leh/test_ws/install/tutorial_interfaces/include/tutorial_interfaces/srv/judge_sign__rosidl_typesupport_introspection_cpp.hpp
[78.208s] -- Installing: /home/leh/test_ws/install/tutorial_interfaces/include/tutorial_interfaces/srv/add_three_ints__rosidl_typesupport_introspection_cpp.hpp
[78.208s] -- Installing: /home/leh/test_ws/install/tutorial_interfaces/include/tutorial_interfaces/srv/add_three_ints__type_support.cpp
[78.209s] -- Installing: /home/leh/test_ws/install/tutorial_interfaces/lib/libtutorial_interfaces__rosidl_typesupport_introspection_cpp.so
[78.210s] -- Set runtime path of "/home/leh/test_ws/install/tutorial_interfaces/lib/libtutorial_interfaces__rosidl_typesupport_introspection_cpp.so" to ""
[78.211s] -- Up-to-date: /home/leh/test_ws/install/tutorial_interfaces/share/tutorial_interfaces/environment/pythonpath.sh
[78.211s] -- Installing: /home/leh/test_ws/install/tutorial_interfaces/lib/python3.6/site-packages/tutorial_interfaces/__init__.py
[78.368s] Compiling '/home/leh/test_ws/install/tutorial_interfaces/lib/python3.6/site-packages/tutorial_interfaces/__init__.py'...
[78.385s] -- Up-to-date: /home/leh/test_ws/install/tutorial_interfaces/lib/python3.6/site-packages/tutorial_interfaces/msg
[78.386s] -- Installing: /home/leh/test_ws/install/tutorial_interfaces/lib/python3.6/site-packages/tutorial_interfaces/msg/_encoder_s.c
[78.387s] -- Installing: /home/leh/test_ws/install/tutorial_interfaces/lib/python3.6/site-packages/tutorial_interfaces/msg/_rpm_s.c
[78.388s] -- Installing: /home/leh/test_ws/install/tutorial_interfaces/lib/python3.6/site-packages/tutorial_interfaces/msg/_num.py
[78.389s] -- Installing: /home/leh/test_ws/install/tutorial_interfaces/lib/python3.6/site-packages/tutorial_interfaces/msg/__init__.py
[78.390s] -- Installing: /home/leh/test_ws/install/tutorial_interfaces/lib/python3.6/site-packages/tutorial_interfaces/msg/_imu.py
[78.390s] -- Installing: /home/leh/test_ws/install/tutorial_interfaces/lib/python3.6/site-packages/tutorial_interfaces/msg/_num_s.c
[78.391s] -- Installing: /home/leh/test_ws/install/tutorial_interfaces/lib/python3.6/site-packages/tutorial_interfaces/msg/_two_integers_array.py
[78.392s] -- Installing: /home/leh/test_ws/install/tutorial_interfaces/lib/python3.6/site-packages/tutorial_interfaces/msg/_encoder.py
[78.392s] -- Installing: /home/leh/test_ws/install/tutorial_interfaces/lib/python3.6/site-packages/tutorial_interfaces/msg/_two_integers_array_s.c
[78.393s] -- Installing: /home/leh/test_ws/install/tutorial_interfaces/lib/python3.6/site-packages/tutorial_interfaces/msg/_imu_s.c
[78.394s] -- Installing: /home/leh/test_ws/install/tutorial_interfaces/lib/python3.6/site-packages/tutorial_interfaces/msg/_rpm.py
[78.395s] -- Up-to-date: /home/leh/test_ws/install/tutorial_interfaces/lib/python3.6/site-packages/tutorial_interfaces/srv
[78.396s] -- Installing: /home/leh/test_ws/install/tutorial_interfaces/lib/python3.6/site-packages/tutorial_interfaces/srv/__init__.py
[78.397s] -- Installing: /home/leh/test_ws/install/tutorial_interfaces/lib/python3.6/site-packages/tutorial_interfaces/srv/_add_three_ints_s.c
[78.397s] -- Installing: /home/leh/test_ws/install/tutorial_interfaces/lib/python3.6/site-packages/tutorial_interfaces/srv/_add_three_ints.py
[78.399s] -- Installing: /home/leh/test_ws/install/tutorial_interfaces/lib/python3.6/site-packages/tutorial_interfaces/srv/_judge_sign.py
[78.400s] -- Installing: /home/leh/test_ws/install/tutorial_interfaces/lib/python3.6/site-packages/tutorial_interfaces/srv/_judge_sign_s.c
[78.400s] -- Up-to-date: /home/leh/test_ws/install/tutorial_interfaces/lib/python3.6/site-packages/tutorial_interfaces/action
[78.401s] -- Installing: /home/leh/test_ws/install/tutorial_interfaces/lib/python3.6/site-packages/tutorial_interfaces/action/_robot_coordinate_s.c
[78.402s] -- Installing: /home/leh/test_ws/install/tutorial_interfaces/lib/python3.6/site-packages/tutorial_interfaces/action/_fibonacci_s.c
[78.403s] -- Installing: /home/leh/test_ws/install/tutorial_interfaces/lib/python3.6/site-packages/tutorial_interfaces/action/__init__.py
[78.404s] -- Installing: /home/leh/test_ws/install/tutorial_interfaces/lib/python3.6/site-packages/tutorial_interfaces/action/_robot_coordinate.py
[78.404s] -- Installing: /home/leh/test_ws/install/tutorial_interfaces/lib/python3.6/site-packages/tutorial_interfaces/action/_fibonacci.py
[78.417s] -- Installing: /home/leh/test_ws/install/tutorial_interfaces/lib/python3.6/site-packages/tutorial_interfaces/tutorial_interfaces_s__rosidl_typesupport_c.cpython-36m-aarch64-linux-gnu.so
[78.418s] -- Set runtime path of "/home/leh/test_ws/install/tutorial_interfaces/lib/python3.6/site-packages/tutorial_interfaces/tutorial_interfaces_s__rosidl_typesupport_c.cpython-36m-aarch64-linux-gnu.so" to ""
[78.423s] -- Installing: /home/leh/test_ws/install/tutorial_interfaces/lib/python3.6/site-packages/tutorial_interfaces/tutorial_interfaces_s__rosidl_typesupport_fastrtps_c.cpython-36m-aarch64-linux-gnu.so
[78.423s] -- Set runtime path of "/home/leh/test_ws/install/tutorial_interfaces/lib/python3.6/site-packages/tutorial_interfaces/tutorial_interfaces_s__rosidl_typesupport_fastrtps_c.cpython-36m-aarch64-linux-gnu.so" to ""
[78.428s] -- Installing: /home/leh/test_ws/install/tutorial_interfaces/lib/libtutorial_interfaces__python.so
[78.429s] -- Set runtime path of "/home/leh/test_ws/install/tutorial_interfaces/lib/libtutorial_interfaces__python.so" to ""
[78.431s] -- Up-to-date: /home/leh/test_ws/install/tutorial_interfaces/share/tutorial_interfaces/msg/Num.idl
[78.432s] -- Up-to-date: /home/leh/test_ws/install/tutorial_interfaces/share/tutorial_interfaces/msg/TwoIntegersArray.idl
[78.433s] -- Up-to-date: /home/leh/test_ws/install/tutorial_interfaces/share/tutorial_interfaces/msg/IMU.idl
[78.434s] -- Up-to-date: /home/leh/test_ws/install/tutorial_interfaces/share/tutorial_interfaces/msg/Encoder.idl
[78.434s] -- Up-to-date: /home/leh/test_ws/install/tutorial_interfaces/share/tutorial_interfaces/msg/RPM.idl
[78.439s] -- Up-to-date: /home/leh/test_ws/install/tutorial_interfaces/share/tutorial_interfaces/srv/AddThreeInts.idl
[78.441s] -- Up-to-date: /home/leh/test_ws/install/tutorial_interfaces/share/tutorial_interfaces/srv/JudgeSign.idl
[78.443s] -- Up-to-date: /home/leh/test_ws/install/tutorial_interfaces/share/tutorial_interfaces/action/Fibonacci.idl
[78.445s] -- Installing: /home/leh/test_ws/install/tutorial_interfaces/share/tutorial_interfaces/action/RobotCoordinate.idl
[78.445s] -- Up-to-date: /home/leh/test_ws/install/tutorial_interfaces/share/tutorial_interfaces/msg/Num.msg
[78.446s] -- Up-to-date: /home/leh/test_ws/install/tutorial_interfaces/share/tutorial_interfaces/msg/TwoIntegersArray.msg
[78.447s] -- Up-to-date: /home/leh/test_ws/install/tutorial_interfaces/share/tutorial_interfaces/msg/IMU.msg
[78.447s] -- Up-to-date: /home/leh/test_ws/install/tutorial_interfaces/share/tutorial_interfaces/msg/Encoder.msg
[78.448s] -- Up-to-date: /home/leh/test_ws/install/tutorial_interfaces/share/tutorial_interfaces/msg/RPM.msg
[78.448s] -- Up-to-date: /home/leh/test_ws/install/tutorial_interfaces/share/tutorial_interfaces/srv/AddThreeInts.srv
[78.449s] -- Up-to-date: /home/leh/test_ws/install/tutorial_interfaces/share/tutorial_interfaces/srv/AddThreeInts_Request.msg
[78.450s] -- Up-to-date: /home/leh/test_ws/install/tutorial_interfaces/share/tutorial_interfaces/srv/AddThreeInts_Response.msg
[78.456s] -- Up-to-date: /home/leh/test_ws/install/tutorial_interfaces/share/tutorial_interfaces/srv/JudgeSign.srv
[78.458s] -- Up-to-date: /home/leh/test_ws/install/tutorial_interfaces/share/tutorial_interfaces/srv/JudgeSign_Request.msg
[78.459s] -- Up-to-date: /home/leh/test_ws/install/tutorial_interfaces/share/tutorial_interfaces/srv/JudgeSign_Response.msg
[78.460s] -- Up-to-date: /home/leh/test_ws/install/tutorial_interfaces/share/tutorial_interfaces/action/Fibonacci.action
[78.462s] -- Installing: /home/leh/test_ws/install/tutorial_interfaces/share/tutorial_interfaces/action/RobotCoordinate.action
[78.463s] -- Up-to-date: /home/leh/test_ws/install/tutorial_interfaces/share/ament_index/resource_index/package_run_dependencies/tutorial_interfaces
[78.464s] -- Installing: /home/leh/test_ws/install/tutorial_interfaces/share/ament_index/resource_index/parent_prefix_path/tutorial_interfaces
[78.466s] -- Up-to-date: /home/leh/test_ws/install/tutorial_interfaces/share/tutorial_interfaces/environment/ament_prefix_path.sh
[78.467s] -- Up-to-date: /home/leh/test_ws/install/tutorial_interfaces/share/tutorial_interfaces/environment/path.sh
[78.468s] -- Up-to-date: /home/leh/test_ws/install/tutorial_interfaces/share/tutorial_interfaces/local_setup.bash
[78.470s] -- Up-to-date: /home/leh/test_ws/install/tutorial_interfaces/share/tutorial_interfaces/local_setup.sh
[78.474s] -- Up-to-date: /home/leh/test_ws/install/tutorial_interfaces/share/tutorial_interfaces/local_setup.zsh
[78.478s] -- Up-to-date: /home/leh/test_ws/install/tutorial_interfaces/share/ament_index/resource_index/packages/tutorial_interfaces
[78.479s] -- Up-to-date: /home/leh/test_ws/install/tutorial_interfaces/share/tutorial_interfaces/cmake/rosidl_cmake-extras.cmake
[78.480s] -- Up-to-date: /home/leh/test_ws/install/tutorial_interfaces/share/tutorial_interfaces/cmake/ament_cmake_export_dependencies-extras.cmake
[78.481s] -- Up-to-date: /home/leh/test_ws/install/tutorial_interfaces/share/tutorial_interfaces/cmake/ament_cmake_export_libraries-extras.cmake
[78.482s] -- Up-to-date: /home/leh/test_ws/install/tutorial_interfaces/share/tutorial_interfaces/cmake/ament_cmake_export_include_directories-extras.cmake
[78.482s] -- Up-to-date: /home/leh/test_ws/install/tutorial_interfaces/share/tutorial_interfaces/cmake/tutorial_interfacesConfig.cmake
[78.483s] -- Up-to-date: /home/leh/test_ws/install/tutorial_interfaces/share/tutorial_interfaces/cmake/tutorial_interfacesConfig-version.cmake
[78.484s] -- Up-to-date: /home/leh/test_ws/install/tutorial_interfaces/share/tutorial_interfaces/package.xml
[78.486s] Invoked command in '/home/leh/test_ws/build/tutorial_interfaces' returned '0': CMAKE_PREFIX_PATH=/opt/ros/dashing /usr/bin/cmake --build /home/leh/test_ws/build/tutorial_interfaces --target install -- -j4 -l4
