[0.067s] Invoking command in '/home/leh/test_ws/build/tutorial_interfaces': CMAKE_PREFIX_PATH=${CMAKE_PREFIX_PATH}:/home/leh/test_ws/install/py_two_pub_one_sub:/home/leh/test_ws/install/py_pubsub:/opt/ros/dashing /usr/bin/cmake --build /home/leh/test_ws/build/tutorial_interfaces -- -j4 -l4
[0.275s] [  2%] Built target tutorial_interfaces__cpp
[0.284s] [ 13%] Built target tutorial_interfaces__rosidl_generator_c
[0.366s] [ 24%] Built target tutorial_interfaces__rosidl_typesupport_introspection_cpp
[0.384s] [ 35%] Built target tutorial_interfaces__rosidl_typesupport_introspection_c
[0.393s] [ 46%] Built target tutorial_interfaces__rosidl_typesupport_fastrtps_cpp
[0.516s] [ 57%] Built target tutorial_interfaces__rosidl_typesupport_cpp
[0.540s] [ 68%] Built target tutorial_interfaces__rosidl_typesupport_fastrtps_c
[0.647s] [ 80%] Built target tutorial_interfaces__rosidl_typesupport_c
[0.728s] [ 80%] Built target tutorial_interfaces
[0.807s] [ 82%] Built target tutorial_interfaces__py
[0.924s] [ 91%] Built target tutorial_interfaces__python
[1.046s] [100%] Built target tutorial_interfaces__rosidl_typesupport_c__pyext
[1.046s] [100%] Built target tutorial_interfaces__rosidl_typesupport_fastrtps_c__pyext
[1.093s] Invoked command in '/home/leh/test_ws/build/tutorial_interfaces' returned '0': CMAKE_PREFIX_PATH=${CMAKE_PREFIX_PATH}:/home/leh/test_ws/install/py_two_pub_one_sub:/home/leh/test_ws/install/py_pubsub:/opt/ros/dashing /usr/bin/cmake --build /home/leh/test_ws/build/tutorial_interfaces -- -j4 -l4
[1.440s] Invoking command in '/home/leh/test_ws/build/tutorial_interfaces': CMAKE_PREFIX_PATH=${CMAKE_PREFIX_PATH}:/home/leh/test_ws/install/py_two_pub_one_sub:/home/leh/test_ws/install/py_pubsub:/opt/ros/dashing /usr/bin/cmake --build /home/leh/test_ws/build/tutorial_interfaces --target install -- -j4 -l4
[1.645s] [  2%] Built target tutorial_interfaces__cpp
[1.652s] [ 13%] Built target tutorial_interfaces__rosidl_generator_c
[1.754s] [ 24%] Built target tutorial_interfaces__rosidl_typesupport_introspection_c
[1.763s] [ 35%] Built target tutorial_interfaces__rosidl_typesupport_introspection_cpp
[1.773s] [ 46%] Built target tutorial_interfaces__rosidl_typesupport_fastrtps_cpp
[1.887s] [ 57%] Built target tutorial_interfaces__rosidl_typesupport_cpp
[1.891s] [ 68%] Built target tutorial_interfaces__rosidl_typesupport_fastrtps_c
[2.010s] [ 80%] Built target tutorial_interfaces__rosidl_typesupport_c
[2.089s] [ 80%] Built target tutorial_interfaces
[2.170s] [ 82%] Built target tutorial_interfaces__py
[2.292s] [ 91%] Built target tutorial_interfaces__python
[2.417s] [ 95%] Built target tutorial_interfaces__rosidl_typesupport_fastrtps_c__pyext
[2.425s] [100%] Built target tutorial_interfaces__rosidl_typesupport_c__pyext
[2.503s] [36mInstall the project...[0m
[2.537s] -- Install configuration: ""
[2.538s] -- Up-to-date: /home/leh/test_ws/install/tutorial_interfaces/share/ament_index/resource_index/rosidl_interfaces/tutorial_interfaces
[2.540s] -- Up-to-date: /home/leh/test_ws/install/tutorial_interfaces/lib/libtutorial_interfaces__rosidl_typesupport_c.so
[2.542s] -- Up-to-date: /home/leh/test_ws/install/tutorial_interfaces/share/tutorial_interfaces/environment/library_path.sh
[2.545s] -- Up-to-date: /home/leh/test_ws/install/tutorial_interfaces/lib/libtutorial_interfaces__rosidl_typesupport_cpp.so
[2.550s] -- Up-to-date: /home/leh/test_ws/install/tutorial_interfaces/include/tutorial_interfaces
[2.552s] -- Up-to-date: /home/leh/test_ws/install/tutorial_interfaces/include/tutorial_interfaces/msg
[2.553s] -- Up-to-date: /home/leh/test_ws/install/tutorial_interfaces/include/tutorial_interfaces/msg/num__rosidl_typesupport_fastrtps_c.h
[2.554s] -- Up-to-date: /home/leh/test_ws/install/tutorial_interfaces/include/tutorial_interfaces/msg/rosidl_typesupport_fastrtps_c__visibility_control.h
[2.554s] -- Up-to-date: /home/leh/test_ws/install/tutorial_interfaces/include/tutorial_interfaces/msg/two_integers_array__rosidl_typesupport_fastrtps_c.h
[2.558s] -- Up-to-date: /home/leh/test_ws/install/tutorial_interfaces/include/tutorial_interfaces/srv
[2.560s] -- Up-to-date: /home/leh/test_ws/install/tutorial_interfaces/include/tutorial_interfaces/srv/add_three_ints__rosidl_typesupport_fastrtps_c.h
[2.561s] -- Up-to-date: /home/leh/test_ws/install/tutorial_interfaces/lib/libtutorial_interfaces__rosidl_typesupport_fastrtps_c.so
[2.568s] -- Up-to-date: /home/leh/test_ws/install/tutorial_interfaces/include/tutorial_interfaces
[2.569s] -- Up-to-date: /home/leh/test_ws/install/tutorial_interfaces/include/tutorial_interfaces/msg
[2.569s] -- Up-to-date: /home/leh/test_ws/install/tutorial_interfaces/include/tutorial_interfaces/msg/num__functions.h
[2.570s] -- Up-to-date: /home/leh/test_ws/install/tutorial_interfaces/include/tutorial_interfaces/msg/two_integers_array.h
[2.571s] -- Up-to-date: /home/leh/test_ws/install/tutorial_interfaces/include/tutorial_interfaces/msg/two_integers_array__functions.h
[2.571s] -- Up-to-date: /home/leh/test_ws/install/tutorial_interfaces/include/tutorial_interfaces/msg/two_integers_array__functions.c
[2.574s] -- Up-to-date: /home/leh/test_ws/install/tutorial_interfaces/include/tutorial_interfaces/msg/num__functions.c
[2.574s] -- Up-to-date: /home/leh/test_ws/install/tutorial_interfaces/include/tutorial_interfaces/msg/num.h
[2.577s] -- Up-to-date: /home/leh/test_ws/install/tutorial_interfaces/include/tutorial_interfaces/msg/num__struct.h
[2.578s] -- Up-to-date: /home/leh/test_ws/install/tutorial_interfaces/include/tutorial_interfaces/msg/two_integers_array__struct.h
[2.579s] -- Up-to-date: /home/leh/test_ws/install/tutorial_interfaces/include/tutorial_interfaces/msg/two_integers_array__type_support.h
[2.580s] -- Up-to-date: /home/leh/test_ws/install/tutorial_interfaces/include/tutorial_interfaces/msg/rosidl_generator_c__visibility_control.h
[2.580s] -- Up-to-date: /home/leh/test_ws/install/tutorial_interfaces/include/tutorial_interfaces/msg/num__type_support.h
[2.581s] -- Up-to-date: /home/leh/test_ws/install/tutorial_interfaces/include/tutorial_interfaces/srv
[2.582s] -- Up-to-date: /home/leh/test_ws/install/tutorial_interfaces/include/tutorial_interfaces/srv/add_three_ints__struct.h
[2.583s] -- Up-to-date: /home/leh/test_ws/install/tutorial_interfaces/include/tutorial_interfaces/srv/add_three_ints__functions.h
[2.583s] -- Up-to-date: /home/leh/test_ws/install/tutorial_interfaces/include/tutorial_interfaces/srv/add_three_ints__type_support.h
[2.584s] -- Up-to-date: /home/leh/test_ws/install/tutorial_interfaces/include/tutorial_interfaces/srv/add_three_ints.h
[2.584s] -- Up-to-date: /home/leh/test_ws/install/tutorial_interfaces/include/tutorial_interfaces/srv/add_three_ints__functions.c
[2.585s] -- Up-to-date: /home/leh/test_ws/install/tutorial_interfaces/lib/libtutorial_interfaces__rosidl_generator_c.so
[2.585s] -- Up-to-date: /home/leh/test_ws/install/tutorial_interfaces/include/tutorial_interfaces
[2.586s] -- Up-to-date: /home/leh/test_ws/install/tutorial_interfaces/include/tutorial_interfaces/msg
[2.587s] -- Up-to-date: /home/leh/test_ws/install/tutorial_interfaces/include/tutorial_interfaces/msg/dds_fastrtps
[2.593s] -- Up-to-date: /home/leh/test_ws/install/tutorial_interfaces/include/tutorial_interfaces/msg/two_integers_array__rosidl_typesupport_fastrtps_cpp.hpp
[2.594s] -- Up-to-date: /home/leh/test_ws/install/tutorial_interfaces/include/tutorial_interfaces/msg/rosidl_typesupport_fastrtps_cpp__visibility_control.h
[2.594s] -- Up-to-date: /home/leh/test_ws/install/tutorial_interfaces/include/tutorial_interfaces/msg/num__rosidl_typesupport_fastrtps_cpp.hpp
[2.595s] -- Up-to-date: /home/leh/test_ws/install/tutorial_interfaces/include/tutorial_interfaces/srv
[2.596s] -- Up-to-date: /home/leh/test_ws/install/tutorial_interfaces/include/tutorial_interfaces/srv/dds_fastrtps
[2.598s] -- Up-to-date: /home/leh/test_ws/install/tutorial_interfaces/include/tutorial_interfaces/srv/add_three_ints__rosidl_typesupport_fastrtps_cpp.hpp
[2.599s] -- Up-to-date: /home/leh/test_ws/install/tutorial_interfaces/lib/libtutorial_interfaces__rosidl_typesupport_fastrtps_cpp.so
[2.599s] -- Up-to-date: /home/leh/test_ws/install/tutorial_interfaces/include/tutorial_interfaces
[2.600s] -- Up-to-date: /home/leh/test_ws/install/tutorial_interfaces/include/tutorial_interfaces/msg
[2.600s] -- Up-to-date: /home/leh/test_ws/install/tutorial_interfaces/include/tutorial_interfaces/msg/num__struct.hpp
[2.601s] -- Up-to-date: /home/leh/test_ws/install/tutorial_interfaces/include/tutorial_interfaces/msg/two_integers_array__traits.hpp
[2.601s] -- Up-to-date: /home/leh/test_ws/install/tutorial_interfaces/include/tutorial_interfaces/msg/num__traits.hpp
[2.602s] -- Up-to-date: /home/leh/test_ws/install/tutorial_interfaces/include/tutorial_interfaces/msg/two_integers_array__struct.hpp
[2.603s] -- Up-to-date: /home/leh/test_ws/install/tutorial_interfaces/include/tutorial_interfaces/msg/two_integers_array.hpp
[2.603s] -- Up-to-date: /home/leh/test_ws/install/tutorial_interfaces/include/tutorial_interfaces/msg/num.hpp
[2.604s] -- Up-to-date: /home/leh/test_ws/install/tutorial_interfaces/include/tutorial_interfaces/srv
[2.604s] -- Up-to-date: /home/leh/test_ws/install/tutorial_interfaces/include/tutorial_interfaces/srv/add_three_ints__traits.hpp
[2.605s] -- Up-to-date: /home/leh/test_ws/install/tutorial_interfaces/include/tutorial_interfaces/srv/add_three_ints.hpp
[2.606s] -- Up-to-date: /home/leh/test_ws/install/tutorial_interfaces/include/tutorial_interfaces/srv/add_three_ints__struct.hpp
[2.606s] -- Up-to-date: /home/leh/test_ws/install/tutorial_interfaces/include/tutorial_interfaces
[2.607s] -- Up-to-date: /home/leh/test_ws/install/tutorial_interfaces/include/tutorial_interfaces/msg
[2.607s] -- Up-to-date: /home/leh/test_ws/install/tutorial_interfaces/include/tutorial_interfaces/msg/rosidl_typesupport_introspection_c__visibility_control.h
[2.609s] -- Up-to-date: /home/leh/test_ws/install/tutorial_interfaces/include/tutorial_interfaces/msg/two_integers_array__rosidl_typesupport_introspection_c.h
[2.610s] -- Up-to-date: /home/leh/test_ws/install/tutorial_interfaces/include/tutorial_interfaces/msg/num__rosidl_typesupport_introspection_c.h
[2.610s] -- Up-to-date: /home/leh/test_ws/install/tutorial_interfaces/include/tutorial_interfaces/msg/num__type_support.c
[2.611s] -- Up-to-date: /home/leh/test_ws/install/tutorial_interfaces/include/tutorial_interfaces/msg/two_integers_array__type_support.c
[2.612s] -- Up-to-date: /home/leh/test_ws/install/tutorial_interfaces/include/tutorial_interfaces/srv
[2.612s] -- Up-to-date: /home/leh/test_ws/install/tutorial_interfaces/include/tutorial_interfaces/srv/add_three_ints__type_support.c
[2.613s] -- Up-to-date: /home/leh/test_ws/install/tutorial_interfaces/include/tutorial_interfaces/srv/add_three_ints__rosidl_typesupport_introspection_c.h
[2.613s] -- Up-to-date: /home/leh/test_ws/install/tutorial_interfaces/lib/libtutorial_interfaces__rosidl_typesupport_introspection_c.so
[2.614s] -- Up-to-date: /home/leh/test_ws/install/tutorial_interfaces/include/tutorial_interfaces
[2.614s] -- Up-to-date: /home/leh/test_ws/install/tutorial_interfaces/include/tutorial_interfaces/msg
[2.615s] -- Up-to-date: /home/leh/test_ws/install/tutorial_interfaces/include/tutorial_interfaces/msg/num__rosidl_typesupport_introspection_cpp.hpp
[2.616s] -- Up-to-date: /home/leh/test_ws/install/tutorial_interfaces/include/tutorial_interfaces/msg/two_integers_array__type_support.cpp
[2.616s] -- Up-to-date: /home/leh/test_ws/install/tutorial_interfaces/include/tutorial_interfaces/msg/two_integers_array__rosidl_typesupport_introspection_cpp.hpp
[2.617s] -- Up-to-date: /home/leh/test_ws/install/tutorial_interfaces/include/tutorial_interfaces/msg/num__type_support.cpp
[2.617s] -- Up-to-date: /home/leh/test_ws/install/tutorial_interfaces/include/tutorial_interfaces/srv
[2.618s] -- Up-to-date: /home/leh/test_ws/install/tutorial_interfaces/include/tutorial_interfaces/srv/add_three_ints__rosidl_typesupport_introspection_cpp.hpp
[2.618s] -- Up-to-date: /home/leh/test_ws/install/tutorial_interfaces/include/tutorial_interfaces/srv/add_three_ints__type_support.cpp
[2.619s] -- Up-to-date: /home/leh/test_ws/install/tutorial_interfaces/lib/libtutorial_interfaces__rosidl_typesupport_introspection_cpp.so
[2.620s] -- Up-to-date: /home/leh/test_ws/install/tutorial_interfaces/share/tutorial_interfaces/environment/pythonpath.sh
[2.620s] -- Up-to-date: /home/leh/test_ws/install/tutorial_interfaces/lib/python3.6/site-packages/tutorial_interfaces/__init__.py
[2.750s] -- Up-to-date: /home/leh/test_ws/install/tutorial_interfaces/lib/python3.6/site-packages/tutorial_interfaces/msg
[2.751s] -- Up-to-date: /home/leh/test_ws/install/tutorial_interfaces/lib/python3.6/site-packages/tutorial_interfaces/msg/_num.py
[2.751s] -- Up-to-date: /home/leh/test_ws/install/tutorial_interfaces/lib/python3.6/site-packages/tutorial_interfaces/msg/__init__.py
[2.752s] -- Up-to-date: /home/leh/test_ws/install/tutorial_interfaces/lib/python3.6/site-packages/tutorial_interfaces/msg/_num_s.c
[2.753s] -- Up-to-date: /home/leh/test_ws/install/tutorial_interfaces/lib/python3.6/site-packages/tutorial_interfaces/msg/_two_integers_array.py
[2.753s] -- Up-to-date: /home/leh/test_ws/install/tutorial_interfaces/lib/python3.6/site-packages/tutorial_interfaces/msg/_two_integers_array_s.c
[2.754s] -- Up-to-date: /home/leh/test_ws/install/tutorial_interfaces/lib/python3.6/site-packages/tutorial_interfaces/srv
[2.754s] -- Up-to-date: /home/leh/test_ws/install/tutorial_interfaces/lib/python3.6/site-packages/tutorial_interfaces/srv/__init__.py
[2.755s] -- Up-to-date: /home/leh/test_ws/install/tutorial_interfaces/lib/python3.6/site-packages/tutorial_interfaces/srv/_add_three_ints_s.c
[2.756s] -- Up-to-date: /home/leh/test_ws/install/tutorial_interfaces/lib/python3.6/site-packages/tutorial_interfaces/srv/_add_three_ints.py
[2.756s] -- Up-to-date: /home/leh/test_ws/install/tutorial_interfaces/lib/python3.6/site-packages/tutorial_interfaces/tutorial_interfaces_s__rosidl_typesupport_c.cpython-36m-aarch64-linux-gnu.so
[2.757s] -- Up-to-date: /home/leh/test_ws/install/tutorial_interfaces/lib/python3.6/site-packages/tutorial_interfaces/tutorial_interfaces_s__rosidl_typesupport_fastrtps_c.cpython-36m-aarch64-linux-gnu.so
[2.759s] -- Up-to-date: /home/leh/test_ws/install/tutorial_interfaces/lib/libtutorial_interfaces__python.so
[2.760s] -- Up-to-date: /home/leh/test_ws/install/tutorial_interfaces/share/tutorial_interfaces/msg/Num.idl
[2.761s] -- Up-to-date: /home/leh/test_ws/install/tutorial_interfaces/share/tutorial_interfaces/msg/TwoIntegersArray.idl
[2.762s] -- Up-to-date: /home/leh/test_ws/install/tutorial_interfaces/share/tutorial_interfaces/srv/AddThreeInts.idl
[2.763s] -- Up-to-date: /home/leh/test_ws/install/tutorial_interfaces/share/tutorial_interfaces/msg/Num.msg
[2.764s] -- Up-to-date: /home/leh/test_ws/install/tutorial_interfaces/share/tutorial_interfaces/msg/TwoIntegersArray.msg
[2.764s] -- Up-to-date: /home/leh/test_ws/install/tutorial_interfaces/share/tutorial_interfaces/srv/AddThreeInts.srv
[2.765s] -- Up-to-date: /home/leh/test_ws/install/tutorial_interfaces/share/tutorial_interfaces/srv/AddThreeInts_Request.msg
[2.765s] -- Up-to-date: /home/leh/test_ws/install/tutorial_interfaces/share/tutorial_interfaces/srv/AddThreeInts_Response.msg
[2.766s] -- Up-to-date: /home/leh/test_ws/install/tutorial_interfaces/share/ament_index/resource_index/package_run_dependencies/tutorial_interfaces
[2.767s] -- Up-to-date: /home/leh/test_ws/install/tutorial_interfaces/share/ament_index/resource_index/parent_prefix_path/tutorial_interfaces
[2.767s] -- Up-to-date: /home/leh/test_ws/install/tutorial_interfaces/share/tutorial_interfaces/environment/ament_prefix_path.sh
[2.768s] -- Up-to-date: /home/leh/test_ws/install/tutorial_interfaces/share/tutorial_interfaces/environment/path.sh
[2.769s] -- Up-to-date: /home/leh/test_ws/install/tutorial_interfaces/share/tutorial_interfaces/local_setup.bash
[2.773s] -- Up-to-date: /home/leh/test_ws/install/tutorial_interfaces/share/tutorial_interfaces/local_setup.sh
[2.774s] -- Up-to-date: /home/leh/test_ws/install/tutorial_interfaces/share/tutorial_interfaces/local_setup.zsh
[2.775s] -- Up-to-date: /home/leh/test_ws/install/tutorial_interfaces/share/ament_index/resource_index/packages/tutorial_interfaces
[2.776s] -- Up-to-date: /home/leh/test_ws/install/tutorial_interfaces/share/tutorial_interfaces/cmake/rosidl_cmake-extras.cmake
[2.777s] -- Up-to-date: /home/leh/test_ws/install/tutorial_interfaces/share/tutorial_interfaces/cmake/ament_cmake_export_libraries-extras.cmake
[2.782s] -- Up-to-date: /home/leh/test_ws/install/tutorial_interfaces/share/tutorial_interfaces/cmake/ament_cmake_export_include_directories-extras.cmake
[2.783s] -- Up-to-date: /home/leh/test_ws/install/tutorial_interfaces/share/tutorial_interfaces/cmake/tutorial_interfacesConfig.cmake
[2.784s] -- Up-to-date: /home/leh/test_ws/install/tutorial_interfaces/share/tutorial_interfaces/cmake/tutorial_interfacesConfig-version.cmake
[2.785s] -- Up-to-date: /home/leh/test_ws/install/tutorial_interfaces/share/tutorial_interfaces/package.xml
[2.787s] Invoked command in '/home/leh/test_ws/build/tutorial_interfaces' returned '0': CMAKE_PREFIX_PATH=${CMAKE_PREFIX_PATH}:/home/leh/test_ws/install/py_two_pub_one_sub:/home/leh/test_ws/install/py_pubsub:/opt/ros/dashing /usr/bin/cmake --build /home/leh/test_ws/build/tutorial_interfaces --target install -- -j4 -l4
