-- The C compiler identification is GNU 7.5.0
-- The CXX compiler identification is GNU 7.5.0
-- Check for working C compiler: /usr/bin/cc
-- Check for working C compiler: /usr/bin/cc -- works
-- Detecting C compiler ABI info
-- Detecting C compiler ABI info - done
-- Detecting C compile features
-- Detecting C compile features - done
-- Check for working CXX compiler: /usr/bin/c++
-- Check for working CXX compiler: /usr/bin/c++ -- works
-- Detecting CXX compiler ABI info
-- Detecting CXX compiler ABI info - done
-- Detecting CXX compile features
-- Detecting CXX compile features - done
-- Found ament_cmake: 0.7.6 (/opt/ros/dashing/share/ament_cmake/cmake)
-- Found PythonInterp: /usr/bin/python3 (found suitable version "3.6.9", minimum required is "3") 
-- Using PYTHON_EXECUTABLE: /usr/bin/python3
-- Found ament_lint_auto: 0.7.12 (/opt/ros/dashing/share/ament_lint_auto/cmake)
-- Added test 'lint_cmake' to check CMake code style
-- Added test 'xmllint' to check XML markup files
-- Configuring done
-- Generating done
-- Build files have been written to: /home/leh/test_ws/build/action_tutorial_interfaces
[36mInstall the project...[0m
-- Install configuration: ""
-- Installing: /home/leh/test_ws/install/action_tutorial_interfaces/share/ament_index/resource_index/package_run_dependencies/action_tutorial_interfaces
-- Installing: /home/leh/test_ws/install/action_tutorial_interfaces/share/ament_index/resource_index/parent_prefix_path/action_tutorial_interfaces
-- Installing: /home/leh/test_ws/install/action_tutorial_interfaces/share/action_tutorial_interfaces/environment/ament_prefix_path.sh
-- Installing: /home/leh/test_ws/install/action_tutorial_interfaces/share/action_tutorial_interfaces/environment/path.sh
-- Installing: /home/leh/test_ws/install/action_tutorial_interfaces/share/action_tutorial_interfaces/local_setup.bash
-- Installing: /home/leh/test_ws/install/action_tutorial_interfaces/share/action_tutorial_interfaces/local_setup.sh
-- Installing: /home/leh/test_ws/install/action_tutorial_interfaces/share/action_tutorial_interfaces/local_setup.zsh
-- Installing: /home/leh/test_ws/install/action_tutorial_interfaces/share/ament_index/resource_index/packages/action_tutorial_interfaces
-- Installing: /home/leh/test_ws/install/action_tutorial_interfaces/share/action_tutorial_interfaces/cmake/action_tutorial_interfacesConfig.cmake
-- Installing: /home/leh/test_ws/install/action_tutorial_interfaces/share/action_tutorial_interfaces/cmake/action_tutorial_interfacesConfig-version.cmake
-- Installing: /home/leh/test_ws/install/action_tutorial_interfaces/share/action_tutorial_interfaces/package.xml
