[1.798s] Invoking command in '/home/leh/test_ws/src/my_robot': PYTHONPATH=/home/leh/test_ws/install/my_robot/lib/python3.6/site-packages:/home/leh/test_ws/install/tutorial_interfaces/lib/python3.6/site-packages:/home/leh/test_ws/install/py_two_pub_one_sub/lib/python3.6/site-packages:/home/leh/test_ws/install/py_srvcli/lib/python3.6/site-packages:/home/leh/test_ws/install/py_sign_srvcli/lib/python3.6/site-packages:/home/leh/test_ws/install/py_pubsub/lib/python3.6/site-packages:/home/leh/test_ws/install/py_action/lib/python3.6/site-packages:/home/leh/test_ws/install/my_robot/lib/python3.6/site-packages:/opt/ros/dashing/lib/python3.6/site-packages /usr/bin/python3 setup.py egg_info --egg-base ../../build/my_robot build --build-base /home/leh/test_ws/build/my_robot/build install --prefix /home/leh/test_ws/install/my_robot --record /home/leh/test_ws/build/my_robot/install.log --single-version-externally-managed
[3.108s] /home/leh/.local/lib/python3.6/site-packages/setuptools/dist.py:720: UserWarning: Usage of dash-separated 'script-dir' will not be supported in future versions. Please use the underscore name 'script_dir' instead
[3.108s]   % (opt, underscore_opt)
[3.110s] /home/leh/.local/lib/python3.6/site-packages/setuptools/dist.py:720: UserWarning: Usage of dash-separated 'install-scripts' will not be supported in future versions. Please use the underscore name 'install_scripts' instead
[3.110s]   % (opt, underscore_opt)
[3.298s] running egg_info
[3.302s] writing ../../build/my_robot/my_robot.egg-info/PKG-INFO
[3.303s] writing dependency_links to ../../build/my_robot/my_robot.egg-info/dependency_links.txt
[3.304s] writing entry points to ../../build/my_robot/my_robot.egg-info/entry_points.txt
[3.305s] writing requirements to ../../build/my_robot/my_robot.egg-info/requires.txt
[3.305s] writing top-level names to ../../build/my_robot/my_robot.egg-info/top_level.txt
[3.314s] reading manifest file '../../build/my_robot/my_robot.egg-info/SOURCES.txt'
[3.321s] writing manifest file '../../build/my_robot/my_robot.egg-info/SOURCES.txt'
[3.322s] running build
[3.323s] running build_py
[3.324s] copying my_robot/motor_control_function.py -> /home/leh/test_ws/build/my_robot/build/lib/my_robot
[3.325s] running install
[3.327s] /home/leh/.local/lib/python3.6/site-packages/setuptools/command/install.py:37: SetuptoolsDeprecationWarning: setup.py install is deprecated. Use build and pip and other standards-based tools.
[3.328s]   setuptools.SetuptoolsDeprecationWarning,
[3.329s] running install_lib
[3.331s] copying /home/leh/test_ws/build/my_robot/build/lib/my_robot/motor_control_function.py -> /home/leh/test_ws/install/my_robot/lib/python3.6/site-packages/my_robot
[3.334s] byte-compiling /home/leh/test_ws/install/my_robot/lib/python3.6/site-packages/my_robot/motor_control_function.py to motor_control_function.cpython-36.pyc
[3.338s] running install_data
[3.340s] running install_egg_info
[3.348s] removing '/home/leh/test_ws/install/my_robot/lib/python3.6/site-packages/my_robot-0.0.0-py3.6.egg-info' (and everything under it)
[3.349s] Copying ../../build/my_robot/my_robot.egg-info to /home/leh/test_ws/install/my_robot/lib/python3.6/site-packages/my_robot-0.0.0-py3.6.egg-info
[3.362s] running install_scripts
[3.455s] Installing control script to /home/leh/test_ws/install/my_robot/lib/my_robot
[3.456s] Installing coordinate script to /home/leh/test_ws/install/my_robot/lib/my_robot
[3.457s] Installing encoder script to /home/leh/test_ws/install/my_robot/lib/my_robot
[3.458s] Installing imu script to /home/leh/test_ws/install/my_robot/lib/my_robot
[3.458s] writing list of installed files to '/home/leh/test_ws/build/my_robot/install.log'
[3.566s] Invoked command in '/home/leh/test_ws/src/my_robot' returned '0': PYTHONPATH=/home/leh/test_ws/install/my_robot/lib/python3.6/site-packages:/home/leh/test_ws/install/tutorial_interfaces/lib/python3.6/site-packages:/home/leh/test_ws/install/py_two_pub_one_sub/lib/python3.6/site-packages:/home/leh/test_ws/install/py_srvcli/lib/python3.6/site-packages:/home/leh/test_ws/install/py_sign_srvcli/lib/python3.6/site-packages:/home/leh/test_ws/install/py_pubsub/lib/python3.6/site-packages:/home/leh/test_ws/install/py_action/lib/python3.6/site-packages:/home/leh/test_ws/install/my_robot/lib/python3.6/site-packages:/opt/ros/dashing/lib/python3.6/site-packages /usr/bin/python3 setup.py egg_info --egg-base ../../build/my_robot build --build-base /home/leh/test_ws/build/my_robot/build install --prefix /home/leh/test_ws/install/my_robot --record /home/leh/test_ws/build/my_robot/install.log --single-version-externally-managed
