[1.636s] Invoking command in '/home/leh/test_ws/src/py_srvcli': PYTHONPATH=/home/leh/test_ws/install/py_srvcli/lib/python3.6/site-packages:/home/leh/test_ws/install/tutorial_interfaces/lib/python3.6/site-packages:/home/leh/test_ws/install/py_two_pub_one_sub/lib/python3.6/site-packages:/home/leh/test_ws/install/py_pubsub/lib/python3.6/site-packages:/opt/ros/dashing/lib/python3.6/site-packages /usr/bin/python3 setup.py egg_info --egg-base ../../build/py_srvcli build --build-base /home/leh/test_ws/build/py_srvcli/build install --prefix /home/leh/test_ws/install/py_srvcli --record /home/leh/test_ws/build/py_srvcli/install.log --single-version-externally-managed
[2.918s] /home/leh/.local/lib/python3.6/site-packages/setuptools/dist.py:720: UserWarning: Usage of dash-separated 'script-dir' will not be supported in future versions. Please use the underscore name 'script_dir' instead
[2.920s]   % (opt, underscore_opt)
[2.921s] /home/leh/.local/lib/python3.6/site-packages/setuptools/dist.py:720: UserWarning: Usage of dash-separated 'install-scripts' will not be supported in future versions. Please use the underscore name 'install_scripts' instead
[2.922s]   % (opt, underscore_opt)
[3.115s] running egg_info
[3.119s] creating ../../build/py_srvcli/py_srvcli.egg-info
[3.119s] writing ../../build/py_srvcli/py_srvcli.egg-info/PKG-INFO
[3.120s] writing dependency_links to ../../build/py_srvcli/py_srvcli.egg-info/dependency_links.txt
[3.121s] writing entry points to ../../build/py_srvcli/py_srvcli.egg-info/entry_points.txt
[3.122s] writing requirements to ../../build/py_srvcli/py_srvcli.egg-info/requires.txt
[3.123s] writing top-level names to ../../build/py_srvcli/py_srvcli.egg-info/top_level.txt
[3.123s] writing manifest file '../../build/py_srvcli/py_srvcli.egg-info/SOURCES.txt'
[3.132s] reading manifest file '../../build/py_srvcli/py_srvcli.egg-info/SOURCES.txt'
[3.138s] writing manifest file '../../build/py_srvcli/py_srvcli.egg-info/SOURCES.txt'
[3.139s] running build
[3.140s] running build_py
[3.141s] creating /home/leh/test_ws/build/py_srvcli/build
[3.142s] creating /home/leh/test_ws/build/py_srvcli/build/lib
[3.144s] creating /home/leh/test_ws/build/py_srvcli/build/lib/py_srvcli
[3.145s] copying py_srvcli/__init__.py -> /home/leh/test_ws/build/py_srvcli/build/lib/py_srvcli
[3.146s] copying py_srvcli/client_member_function.py -> /home/leh/test_ws/build/py_srvcli/build/lib/py_srvcli
[3.147s] copying py_srvcli/service_member_function.py -> /home/leh/test_ws/build/py_srvcli/build/lib/py_srvcli
[3.148s] running install
[3.149s] /home/leh/.local/lib/python3.6/site-packages/setuptools/command/install.py:37: SetuptoolsDeprecationWarning: setup.py install is deprecated. Use build and pip and other standards-based tools.
[3.150s]   setuptools.SetuptoolsDeprecationWarning,
[3.157s] running install_lib
[3.158s] creating /home/leh/test_ws/install/py_srvcli/lib/python3.6/site-packages/py_srvcli
[3.159s] copying /home/leh/test_ws/build/py_srvcli/build/lib/py_srvcli/__init__.py -> /home/leh/test_ws/install/py_srvcli/lib/python3.6/site-packages/py_srvcli
[3.159s] copying /home/leh/test_ws/build/py_srvcli/build/lib/py_srvcli/client_member_function.py -> /home/leh/test_ws/install/py_srvcli/lib/python3.6/site-packages/py_srvcli
[3.160s] copying /home/leh/test_ws/build/py_srvcli/build/lib/py_srvcli/service_member_function.py -> /home/leh/test_ws/install/py_srvcli/lib/python3.6/site-packages/py_srvcli
[3.169s] byte-compiling /home/leh/test_ws/install/py_srvcli/lib/python3.6/site-packages/py_srvcli/__init__.py to __init__.cpython-36.pyc
[3.170s] byte-compiling /home/leh/test_ws/install/py_srvcli/lib/python3.6/site-packages/py_srvcli/client_member_function.py to client_member_function.cpython-36.pyc
[3.171s] byte-compiling /home/leh/test_ws/install/py_srvcli/lib/python3.6/site-packages/py_srvcli/service_member_function.py to service_member_function.cpython-36.pyc
[3.172s] running install_data
[3.173s] creating /home/leh/test_ws/install/py_srvcli/share/ament_index
[3.173s] creating /home/leh/test_ws/install/py_srvcli/share/ament_index/resource_index
[3.174s] creating /home/leh/test_ws/install/py_srvcli/share/ament_index/resource_index/packages
[3.175s] copying resource/py_srvcli -> /home/leh/test_ws/install/py_srvcli/share/ament_index/resource_index/packages
[3.175s] copying package.xml -> /home/leh/test_ws/install/py_srvcli/share/py_srvcli
[3.176s] running install_egg_info
[3.181s] Copying ../../build/py_srvcli/py_srvcli.egg-info to /home/leh/test_ws/install/py_srvcli/lib/python3.6/site-packages/py_srvcli-0.0.0-py3.6.egg-info
[3.187s] running install_scripts
[3.289s] Installing client script to /home/leh/test_ws/install/py_srvcli/lib/py_srvcli
[3.290s] Installing service script to /home/leh/test_ws/install/py_srvcli/lib/py_srvcli
[3.290s] writing list of installed files to '/home/leh/test_ws/build/py_srvcli/install.log'
[3.419s] Invoked command in '/home/leh/test_ws/src/py_srvcli' returned '0': PYTHONPATH=/home/leh/test_ws/install/py_srvcli/lib/python3.6/site-packages:/home/leh/test_ws/install/tutorial_interfaces/lib/python3.6/site-packages:/home/leh/test_ws/install/py_two_pub_one_sub/lib/python3.6/site-packages:/home/leh/test_ws/install/py_pubsub/lib/python3.6/site-packages:/opt/ros/dashing/lib/python3.6/site-packages /usr/bin/python3 setup.py egg_info --egg-base ../../build/py_srvcli build --build-base /home/leh/test_ws/build/py_srvcli/build install --prefix /home/leh/test_ws/install/py_srvcli --record /home/leh/test_ws/build/py_srvcli/install.log --single-version-externally-managed
