[1.745s] DEBUG:colcon:Command line arguments: ['/usr/bin/colcon', 'build']
[1.745s] DEBUG:colcon:Parsed command line arguments: Namespace(ament_cmake_args=None, base_paths=['.'], build_base='build', catkin_cmake_args=None, catkin_skip_building_tests=False, cmake_args=None, cmake_clean_cache=False, cmake_clean_first=False, cmake_force_configure=False, cmake_target=None, cmake_target_skip_unavailable=False, continue_on_error=False, event_handlers=None, executor='parallel', ignore_user_meta=False, install_base='install', log_base=None, log_level=None, main=<bound method BuildVerb.main of <colcon_core.verb.build.BuildVerb object at 0x7faa256908>>, merge_install=False, metas=['./colcon.meta'], packages_above=None, packages_above_and_dependencies=None, packages_above_depth=None, packages_end=None, packages_ignore=None, packages_ignore_regex=None, packages_select=None, packages_select_build_failed=False, packages_select_by_dep=None, packages_select_regex=None, packages_select_test_failures=False, packages_skip=None, packages_skip_build_finished=False, packages_skip_by_dep=None, packages_skip_regex=None, packages_skip_test_passed=False, packages_skip_up_to=None, packages_start=None, packages_up_to=None, packages_up_to_regex=None, parallel_workers=4, paths=None, symlink_install=False, test_result_base=None, verb_extension=<colcon_core.verb.build.BuildVerb object at 0x7faa256908>, verb_name='build', verb_parser=<colcon_defaults.argument_parser.defaults.DefaultArgumentsDecorator object at 0x7faa256c50>)
[1.781s] Level 1:colcon.colcon_core.package_discovery:discover_packages(colcon_meta) check parameters
[1.781s] Level 1:colcon.colcon_core.package_discovery:discover_packages(recursive) check parameters
[1.782s] Level 1:colcon.colcon_core.package_discovery:discover_packages(ignore) check parameters
[1.782s] Level 1:colcon.colcon_core.package_discovery:discover_packages(path) check parameters
[1.782s] Level 1:colcon.colcon_core.package_discovery:discover_packages(colcon_meta) discover
[1.784s] Level 1:colcon.colcon_core.package_discovery:discover_packages(recursive) discover
[1.784s] INFO:colcon.colcon_core.package_discovery:Crawling recursively for packages in '/home/leh/test_ws'
[1.785s] Level 1:colcon.colcon_core.package_identification:_identify(.) by extensions ['ignore', 'ignore_ament_install']
[1.785s] Level 1:colcon.colcon_core.package_identification:_identify(.) by extension 'ignore'
[1.786s] Level 1:colcon.colcon_core.package_identification:_identify(.) by extension 'ignore_ament_install'
[1.786s] Level 1:colcon.colcon_core.package_identification:_identify(.) by extensions ['colcon_pkg']
[1.787s] Level 1:colcon.colcon_core.package_identification:_identify(.) by extension 'colcon_pkg'
[1.787s] Level 1:colcon.colcon_core.package_identification:_identify(.) by extensions ['colcon_meta']
[1.787s] Level 1:colcon.colcon_core.package_identification:_identify(.) by extension 'colcon_meta'
[1.788s] Level 1:colcon.colcon_core.package_identification:_identify(.) by extensions ['ros']
[1.788s] Level 1:colcon.colcon_core.package_identification:_identify(.) by extension 'ros'
[1.851s] Level 1:colcon.colcon_core.package_identification:_identify(.) by extensions ['cmake', 'python']
[1.851s] Level 1:colcon.colcon_core.package_identification:_identify(.) by extension 'cmake'
[1.851s] Level 1:colcon.colcon_core.package_identification:_identify(.) by extension 'python'
[1.852s] Level 1:colcon.colcon_core.package_identification:_identify(.) by extensions ['python_setup_py']
[1.852s] Level 1:colcon.colcon_core.package_identification:_identify(.) by extension 'python_setup_py'
[1.853s] Level 1:colcon.colcon_core.package_identification:_identify(build) by extensions ['ignore', 'ignore_ament_install']
[1.853s] Level 1:colcon.colcon_core.package_identification:_identify(build) by extension 'ignore'
[1.854s] Level 1:colcon.colcon_core.package_identification:_identify(build) ignored
[1.856s] Level 1:colcon.colcon_core.package_identification:_identify(install) by extensions ['ignore', 'ignore_ament_install']
[1.857s] Level 1:colcon.colcon_core.package_identification:_identify(install) by extension 'ignore'
[1.857s] Level 1:colcon.colcon_core.package_identification:_identify(install) ignored
[1.858s] Level 1:colcon.colcon_core.package_identification:_identify(log) by extensions ['ignore', 'ignore_ament_install']
[1.859s] Level 1:colcon.colcon_core.package_identification:_identify(log) by extension 'ignore'
[1.859s] Level 1:colcon.colcon_core.package_identification:_identify(log) ignored
[1.860s] Level 1:colcon.colcon_core.package_identification:_identify(src) by extensions ['ignore', 'ignore_ament_install']
[1.860s] Level 1:colcon.colcon_core.package_identification:_identify(src) by extension 'ignore'
[1.861s] Level 1:colcon.colcon_core.package_identification:_identify(src) by extension 'ignore_ament_install'
[1.861s] Level 1:colcon.colcon_core.package_identification:_identify(src) by extensions ['colcon_pkg']
[1.861s] Level 1:colcon.colcon_core.package_identification:_identify(src) by extension 'colcon_pkg'
[1.862s] Level 1:colcon.colcon_core.package_identification:_identify(src) by extensions ['colcon_meta']
[1.862s] Level 1:colcon.colcon_core.package_identification:_identify(src) by extension 'colcon_meta'
[1.862s] Level 1:colcon.colcon_core.package_identification:_identify(src) by extensions ['ros']
[1.862s] Level 1:colcon.colcon_core.package_identification:_identify(src) by extension 'ros'
[1.863s] Level 1:colcon.colcon_core.package_identification:_identify(src) by extensions ['cmake', 'python']
[1.863s] Level 1:colcon.colcon_core.package_identification:_identify(src) by extension 'cmake'
[1.863s] Level 1:colcon.colcon_core.package_identification:_identify(src) by extension 'python'
[1.864s] Level 1:colcon.colcon_core.package_identification:_identify(src) by extensions ['python_setup_py']
[1.864s] Level 1:colcon.colcon_core.package_identification:_identify(src) by extension 'python_setup_py'
[1.865s] Level 1:colcon.colcon_core.package_identification:_identify(src/my_robot) by extensions ['ignore', 'ignore_ament_install']
[1.865s] Level 1:colcon.colcon_core.package_identification:_identify(src/my_robot) by extension 'ignore'
[1.865s] Level 1:colcon.colcon_core.package_identification:_identify(src/my_robot) by extension 'ignore_ament_install'
[1.866s] Level 1:colcon.colcon_core.package_identification:_identify(src/my_robot) by extensions ['colcon_pkg']
[1.866s] Level 1:colcon.colcon_core.package_identification:_identify(src/my_robot) by extension 'colcon_pkg'
[1.866s] Level 1:colcon.colcon_core.package_identification:_identify(src/my_robot) by extensions ['colcon_meta']
[1.867s] Level 1:colcon.colcon_core.package_identification:_identify(src/my_robot) by extension 'colcon_meta'
[1.867s] Level 1:colcon.colcon_core.package_identification:_identify(src/my_robot) by extensions ['ros']
[1.867s] Level 1:colcon.colcon_core.package_identification:_identify(src/my_robot) by extension 'ros'
[1.880s] DEBUG:colcon.colcon_core.package_identification:Package 'src/my_robot' with type 'ros.ament_python' and name 'my_robot'
[1.881s] Level 1:colcon.colcon_core.package_identification:_identify(src/py_action) by extensions ['ignore', 'ignore_ament_install']
[1.882s] Level 1:colcon.colcon_core.package_identification:_identify(src/py_action) by extension 'ignore'
[1.882s] Level 1:colcon.colcon_core.package_identification:_identify(src/py_action) by extension 'ignore_ament_install'
[1.883s] Level 1:colcon.colcon_core.package_identification:_identify(src/py_action) by extensions ['colcon_pkg']
[1.883s] Level 1:colcon.colcon_core.package_identification:_identify(src/py_action) by extension 'colcon_pkg'
[1.883s] Level 1:colcon.colcon_core.package_identification:_identify(src/py_action) by extensions ['colcon_meta']
[1.884s] Level 1:colcon.colcon_core.package_identification:_identify(src/py_action) by extension 'colcon_meta'
[1.884s] Level 1:colcon.colcon_core.package_identification:_identify(src/py_action) by extensions ['ros']
[1.884s] Level 1:colcon.colcon_core.package_identification:_identify(src/py_action) by extension 'ros'
[1.888s] DEBUG:colcon.colcon_core.package_identification:Package 'src/py_action' with type 'ros.ament_python' and name 'py_action'
[1.888s] Level 1:colcon.colcon_core.package_identification:_identify(src/py_pubsub) by extensions ['ignore', 'ignore_ament_install']
[1.889s] Level 1:colcon.colcon_core.package_identification:_identify(src/py_pubsub) by extension 'ignore'
[1.889s] Level 1:colcon.colcon_core.package_identification:_identify(src/py_pubsub) by extension 'ignore_ament_install'
[1.889s] Level 1:colcon.colcon_core.package_identification:_identify(src/py_pubsub) by extensions ['colcon_pkg']
[1.890s] Level 1:colcon.colcon_core.package_identification:_identify(src/py_pubsub) by extension 'colcon_pkg'
[1.890s] Level 1:colcon.colcon_core.package_identification:_identify(src/py_pubsub) by extensions ['colcon_meta']
[1.890s] Level 1:colcon.colcon_core.package_identification:_identify(src/py_pubsub) by extension 'colcon_meta'
[1.891s] Level 1:colcon.colcon_core.package_identification:_identify(src/py_pubsub) by extensions ['ros']
[1.891s] Level 1:colcon.colcon_core.package_identification:_identify(src/py_pubsub) by extension 'ros'
[1.894s] DEBUG:colcon.colcon_core.package_identification:Package 'src/py_pubsub' with type 'ros.ament_python' and name 'py_pubsub'
[1.895s] Level 1:colcon.colcon_core.package_identification:_identify(src/py_sign_srvcli) by extensions ['ignore', 'ignore_ament_install']
[1.895s] Level 1:colcon.colcon_core.package_identification:_identify(src/py_sign_srvcli) by extension 'ignore'
[1.896s] Level 1:colcon.colcon_core.package_identification:_identify(src/py_sign_srvcli) by extension 'ignore_ament_install'
[1.896s] Level 1:colcon.colcon_core.package_identification:_identify(src/py_sign_srvcli) by extensions ['colcon_pkg']
[1.896s] Level 1:colcon.colcon_core.package_identification:_identify(src/py_sign_srvcli) by extension 'colcon_pkg'
[1.897s] Level 1:colcon.colcon_core.package_identification:_identify(src/py_sign_srvcli) by extensions ['colcon_meta']
[1.897s] Level 1:colcon.colcon_core.package_identification:_identify(src/py_sign_srvcli) by extension 'colcon_meta'
[1.897s] Level 1:colcon.colcon_core.package_identification:_identify(src/py_sign_srvcli) by extensions ['ros']
[1.898s] Level 1:colcon.colcon_core.package_identification:_identify(src/py_sign_srvcli) by extension 'ros'
[1.901s] DEBUG:colcon.colcon_core.package_identification:Package 'src/py_sign_srvcli' with type 'ros.ament_python' and name 'py_sign_srvcli'
[1.901s] Level 1:colcon.colcon_core.package_identification:_identify(src/py_srvcli) by extensions ['ignore', 'ignore_ament_install']
[1.902s] Level 1:colcon.colcon_core.package_identification:_identify(src/py_srvcli) by extension 'ignore'
[1.903s] Level 1:colcon.colcon_core.package_identification:_identify(src/py_srvcli) by extension 'ignore_ament_install'
[1.903s] Level 1:colcon.colcon_core.package_identification:_identify(src/py_srvcli) by extensions ['colcon_pkg']
[1.903s] Level 1:colcon.colcon_core.package_identification:_identify(src/py_srvcli) by extension 'colcon_pkg'
[1.904s] Level 1:colcon.colcon_core.package_identification:_identify(src/py_srvcli) by extensions ['colcon_meta']
[1.904s] Level 1:colcon.colcon_core.package_identification:_identify(src/py_srvcli) by extension 'colcon_meta'
[1.904s] Level 1:colcon.colcon_core.package_identification:_identify(src/py_srvcli) by extensions ['ros']
[1.904s] Level 1:colcon.colcon_core.package_identification:_identify(src/py_srvcli) by extension 'ros'
[1.908s] DEBUG:colcon.colcon_core.package_identification:Package 'src/py_srvcli' with type 'ros.ament_python' and name 'py_srvcli'
[1.908s] Level 1:colcon.colcon_core.package_identification:_identify(src/py_two_pub_one_sub) by extensions ['ignore', 'ignore_ament_install']
[1.909s] Level 1:colcon.colcon_core.package_identification:_identify(src/py_two_pub_one_sub) by extension 'ignore'
[1.909s] Level 1:colcon.colcon_core.package_identification:_identify(src/py_two_pub_one_sub) by extension 'ignore_ament_install'
[1.910s] Level 1:colcon.colcon_core.package_identification:_identify(src/py_two_pub_one_sub) by extensions ['colcon_pkg']
[1.910s] Level 1:colcon.colcon_core.package_identification:_identify(src/py_two_pub_one_sub) by extension 'colcon_pkg'
[1.910s] Level 1:colcon.colcon_core.package_identification:_identify(src/py_two_pub_one_sub) by extensions ['colcon_meta']
[1.911s] Level 1:colcon.colcon_core.package_identification:_identify(src/py_two_pub_one_sub) by extension 'colcon_meta'
[1.911s] Level 1:colcon.colcon_core.package_identification:_identify(src/py_two_pub_one_sub) by extensions ['ros']
[1.911s] Level 1:colcon.colcon_core.package_identification:_identify(src/py_two_pub_one_sub) by extension 'ros'
[1.915s] DEBUG:colcon.colcon_core.package_identification:Package 'src/py_two_pub_one_sub' with type 'ros.ament_python' and name 'py_two_pub_one_sub'
[1.916s] Level 1:colcon.colcon_core.package_identification:_identify(src/tutorial_interfaces) by extensions ['ignore', 'ignore_ament_install']
[1.916s] Level 1:colcon.colcon_core.package_identification:_identify(src/tutorial_interfaces) by extension 'ignore'
[1.917s] Level 1:colcon.colcon_core.package_identification:_identify(src/tutorial_interfaces) by extension 'ignore_ament_install'
[1.917s] Level 1:colcon.colcon_core.package_identification:_identify(src/tutorial_interfaces) by extensions ['colcon_pkg']
[1.917s] Level 1:colcon.colcon_core.package_identification:_identify(src/tutorial_interfaces) by extension 'colcon_pkg'
[1.917s] Level 1:colcon.colcon_core.package_identification:_identify(src/tutorial_interfaces) by extensions ['colcon_meta']
[1.918s] Level 1:colcon.colcon_core.package_identification:_identify(src/tutorial_interfaces) by extension 'colcon_meta'
[1.918s] Level 1:colcon.colcon_core.package_identification:_identify(src/tutorial_interfaces) by extensions ['ros']
[1.918s] Level 1:colcon.colcon_core.package_identification:_identify(src/tutorial_interfaces) by extension 'ros'
[1.922s] DEBUG:colcon.colcon_core.package_identification:Package 'src/tutorial_interfaces' with type 'ros.ament_cmake' and name 'tutorial_interfaces'
[1.922s] Level 1:colcon.colcon_core.package_discovery:discover_packages(recursive) using defaults
[1.923s] Level 1:colcon.colcon_core.package_discovery:discover_packages(ignore) discover
[1.923s] Level 1:colcon.colcon_core.package_discovery:discover_packages(ignore) using defaults
[1.924s] Level 1:colcon.colcon_core.package_discovery:discover_packages(path) discover
[1.924s] Level 1:colcon.colcon_core.package_discovery:discover_packages(path) using defaults
[2.107s] Level 5:colcon.colcon_core.verb:set package 'tutorial_interfaces' build argument 'cmake_args' from command line to 'None'
[2.107s] Level 5:colcon.colcon_core.verb:set package 'tutorial_interfaces' build argument 'cmake_target' from command line to 'None'
[2.109s] Level 5:colcon.colcon_core.verb:set package 'tutorial_interfaces' build argument 'cmake_target_skip_unavailable' from command line to 'False'
[2.109s] Level 5:colcon.colcon_core.verb:set package 'tutorial_interfaces' build argument 'cmake_clean_cache' from command line to 'False'
[2.109s] Level 5:colcon.colcon_core.verb:set package 'tutorial_interfaces' build argument 'cmake_clean_first' from command line to 'False'
[2.110s] Level 5:colcon.colcon_core.verb:set package 'tutorial_interfaces' build argument 'cmake_force_configure' from command line to 'False'
[2.110s] Level 5:colcon.colcon_core.verb:set package 'tutorial_interfaces' build argument 'ament_cmake_args' from command line to 'None'
[2.110s] Level 5:colcon.colcon_core.verb:set package 'tutorial_interfaces' build argument 'catkin_cmake_args' from command line to 'None'
[2.110s] Level 5:colcon.colcon_core.verb:set package 'tutorial_interfaces' build argument 'catkin_skip_building_tests' from command line to 'False'
[2.111s] DEBUG:colcon.colcon_core.verb:Building package 'tutorial_interfaces' with the following arguments: {'ament_cmake_args': None, 'build_base': '/home/leh/test_ws/build/tutorial_interfaces', 'catkin_cmake_args': None, 'catkin_skip_building_tests': False, 'cmake_args': None, 'cmake_clean_cache': False, 'cmake_clean_first': False, 'cmake_force_configure': False, 'cmake_target': None, 'cmake_target_skip_unavailable': False, 'install_base': '/home/leh/test_ws/install/tutorial_interfaces', 'merge_install': False, 'path': '/home/leh/test_ws/src/tutorial_interfaces', 'symlink_install': False, 'test_result_base': None}
[2.140s] Level 5:colcon.colcon_core.verb:set package 'my_robot' build argument 'cmake_args' from command line to 'None'
[2.141s] Level 5:colcon.colcon_core.verb:set package 'my_robot' build argument 'cmake_target' from command line to 'None'
[2.141s] Level 5:colcon.colcon_core.verb:set package 'my_robot' build argument 'cmake_target_skip_unavailable' from command line to 'False'
[2.141s] Level 5:colcon.colcon_core.verb:set package 'my_robot' build argument 'cmake_clean_cache' from command line to 'False'
[2.141s] Level 5:colcon.colcon_core.verb:set package 'my_robot' build argument 'cmake_clean_first' from command line to 'False'
[2.142s] Level 5:colcon.colcon_core.verb:set package 'my_robot' build argument 'cmake_force_configure' from command line to 'False'
[2.142s] Level 5:colcon.colcon_core.verb:set package 'my_robot' build argument 'ament_cmake_args' from command line to 'None'
[2.142s] Level 5:colcon.colcon_core.verb:set package 'my_robot' build argument 'catkin_cmake_args' from command line to 'None'
[2.142s] Level 5:colcon.colcon_core.verb:set package 'my_robot' build argument 'catkin_skip_building_tests' from command line to 'False'
[2.143s] DEBUG:colcon.colcon_core.verb:Building package 'my_robot' with the following arguments: {'ament_cmake_args': None, 'build_base': '/home/leh/test_ws/build/my_robot', 'catkin_cmake_args': None, 'catkin_skip_building_tests': False, 'cmake_args': None, 'cmake_clean_cache': False, 'cmake_clean_first': False, 'cmake_force_configure': False, 'cmake_target': None, 'cmake_target_skip_unavailable': False, 'install_base': '/home/leh/test_ws/install/my_robot', 'merge_install': False, 'path': '/home/leh/test_ws/src/my_robot', 'symlink_install': False, 'test_result_base': None}
[2.168s] Level 5:colcon.colcon_core.verb:set package 'py_action' build argument 'cmake_args' from command line to 'None'
[2.168s] Level 5:colcon.colcon_core.verb:set package 'py_action' build argument 'cmake_target' from command line to 'None'
[2.169s] Level 5:colcon.colcon_core.verb:set package 'py_action' build argument 'cmake_target_skip_unavailable' from command line to 'False'
[2.169s] Level 5:colcon.colcon_core.verb:set package 'py_action' build argument 'cmake_clean_cache' from command line to 'False'
[2.169s] Level 5:colcon.colcon_core.verb:set package 'py_action' build argument 'cmake_clean_first' from command line to 'False'
[2.170s] Level 5:colcon.colcon_core.verb:set package 'py_action' build argument 'cmake_force_configure' from command line to 'False'
[2.170s] Level 5:colcon.colcon_core.verb:set package 'py_action' build argument 'ament_cmake_args' from command line to 'None'
[2.170s] Level 5:colcon.colcon_core.verb:set package 'py_action' build argument 'catkin_cmake_args' from command line to 'None'
[2.170s] Level 5:colcon.colcon_core.verb:set package 'py_action' build argument 'catkin_skip_building_tests' from command line to 'False'
[2.171s] DEBUG:colcon.colcon_core.verb:Building package 'py_action' with the following arguments: {'ament_cmake_args': None, 'build_base': '/home/leh/test_ws/build/py_action', 'catkin_cmake_args': None, 'catkin_skip_building_tests': False, 'cmake_args': None, 'cmake_clean_cache': False, 'cmake_clean_first': False, 'cmake_force_configure': False, 'cmake_target': None, 'cmake_target_skip_unavailable': False, 'install_base': '/home/leh/test_ws/install/py_action', 'merge_install': False, 'path': '/home/leh/test_ws/src/py_action', 'symlink_install': False, 'test_result_base': None}
[2.194s] Level 5:colcon.colcon_core.verb:set package 'py_pubsub' build argument 'cmake_args' from command line to 'None'
[2.194s] Level 5:colcon.colcon_core.verb:set package 'py_pubsub' build argument 'cmake_target' from command line to 'None'
[2.195s] Level 5:colcon.colcon_core.verb:set package 'py_pubsub' build argument 'cmake_target_skip_unavailable' from command line to 'False'
[2.195s] Level 5:colcon.colcon_core.verb:set package 'py_pubsub' build argument 'cmake_clean_cache' from command line to 'False'
[2.195s] Level 5:colcon.colcon_core.verb:set package 'py_pubsub' build argument 'cmake_clean_first' from command line to 'False'
[2.195s] Level 5:colcon.colcon_core.verb:set package 'py_pubsub' build argument 'cmake_force_configure' from command line to 'False'
[2.195s] Level 5:colcon.colcon_core.verb:set package 'py_pubsub' build argument 'ament_cmake_args' from command line to 'None'
[2.196s] Level 5:colcon.colcon_core.verb:set package 'py_pubsub' build argument 'catkin_cmake_args' from command line to 'None'
[2.196s] Level 5:colcon.colcon_core.verb:set package 'py_pubsub' build argument 'catkin_skip_building_tests' from command line to 'False'
[2.196s] DEBUG:colcon.colcon_core.verb:Building package 'py_pubsub' with the following arguments: {'ament_cmake_args': None, 'build_base': '/home/leh/test_ws/build/py_pubsub', 'catkin_cmake_args': None, 'catkin_skip_building_tests': False, 'cmake_args': None, 'cmake_clean_cache': False, 'cmake_clean_first': False, 'cmake_force_configure': False, 'cmake_target': None, 'cmake_target_skip_unavailable': False, 'install_base': '/home/leh/test_ws/install/py_pubsub', 'merge_install': False, 'path': '/home/leh/test_ws/src/py_pubsub', 'symlink_install': False, 'test_result_base': None}
[2.218s] Level 5:colcon.colcon_core.verb:set package 'py_sign_srvcli' build argument 'cmake_args' from command line to 'None'
[2.219s] Level 5:colcon.colcon_core.verb:set package 'py_sign_srvcli' build argument 'cmake_target' from command line to 'None'
[2.219s] Level 5:colcon.colcon_core.verb:set package 'py_sign_srvcli' build argument 'cmake_target_skip_unavailable' from command line to 'False'
[2.219s] Level 5:colcon.colcon_core.verb:set package 'py_sign_srvcli' build argument 'cmake_clean_cache' from command line to 'False'
[2.219s] Level 5:colcon.colcon_core.verb:set package 'py_sign_srvcli' build argument 'cmake_clean_first' from command line to 'False'
[2.220s] Level 5:colcon.colcon_core.verb:set package 'py_sign_srvcli' build argument 'cmake_force_configure' from command line to 'False'
[2.220s] Level 5:colcon.colcon_core.verb:set package 'py_sign_srvcli' build argument 'ament_cmake_args' from command line to 'None'
[2.220s] Level 5:colcon.colcon_core.verb:set package 'py_sign_srvcli' build argument 'catkin_cmake_args' from command line to 'None'
[2.220s] Level 5:colcon.colcon_core.verb:set package 'py_sign_srvcli' build argument 'catkin_skip_building_tests' from command line to 'False'
[2.221s] DEBUG:colcon.colcon_core.verb:Building package 'py_sign_srvcli' with the following arguments: {'ament_cmake_args': None, 'build_base': '/home/leh/test_ws/build/py_sign_srvcli', 'catkin_cmake_args': None, 'catkin_skip_building_tests': False, 'cmake_args': None, 'cmake_clean_cache': False, 'cmake_clean_first': False, 'cmake_force_configure': False, 'cmake_target': None, 'cmake_target_skip_unavailable': False, 'install_base': '/home/leh/test_ws/install/py_sign_srvcli', 'merge_install': False, 'path': '/home/leh/test_ws/src/py_sign_srvcli', 'symlink_install': False, 'test_result_base': None}
[2.242s] Level 5:colcon.colcon_core.verb:set package 'py_srvcli' build argument 'cmake_args' from command line to 'None'
[2.243s] Level 5:colcon.colcon_core.verb:set package 'py_srvcli' build argument 'cmake_target' from command line to 'None'
[2.243s] Level 5:colcon.colcon_core.verb:set package 'py_srvcli' build argument 'cmake_target_skip_unavailable' from command line to 'False'
[2.243s] Level 5:colcon.colcon_core.verb:set package 'py_srvcli' build argument 'cmake_clean_cache' from command line to 'False'
[2.244s] Level 5:colcon.colcon_core.verb:set package 'py_srvcli' build argument 'cmake_clean_first' from command line to 'False'
[2.244s] Level 5:colcon.colcon_core.verb:set package 'py_srvcli' build argument 'cmake_force_configure' from command line to 'False'
[2.244s] Level 5:colcon.colcon_core.verb:set package 'py_srvcli' build argument 'ament_cmake_args' from command line to 'None'
[2.244s] Level 5:colcon.colcon_core.verb:set package 'py_srvcli' build argument 'catkin_cmake_args' from command line to 'None'
[2.245s] Level 5:colcon.colcon_core.verb:set package 'py_srvcli' build argument 'catkin_skip_building_tests' from command line to 'False'
[2.245s] DEBUG:colcon.colcon_core.verb:Building package 'py_srvcli' with the following arguments: {'ament_cmake_args': None, 'build_base': '/home/leh/test_ws/build/py_srvcli', 'catkin_cmake_args': None, 'catkin_skip_building_tests': False, 'cmake_args': None, 'cmake_clean_cache': False, 'cmake_clean_first': False, 'cmake_force_configure': False, 'cmake_target': None, 'cmake_target_skip_unavailable': False, 'install_base': '/home/leh/test_ws/install/py_srvcli', 'merge_install': False, 'path': '/home/leh/test_ws/src/py_srvcli', 'symlink_install': False, 'test_result_base': None}
[2.267s] Level 5:colcon.colcon_core.verb:set package 'py_two_pub_one_sub' build argument 'cmake_args' from command line to 'None'
[2.268s] Level 5:colcon.colcon_core.verb:set package 'py_two_pub_one_sub' build argument 'cmake_target' from command line to 'None'
[2.268s] Level 5:colcon.colcon_core.verb:set package 'py_two_pub_one_sub' build argument 'cmake_target_skip_unavailable' from command line to 'False'
[2.268s] Level 5:colcon.colcon_core.verb:set package 'py_two_pub_one_sub' build argument 'cmake_clean_cache' from command line to 'False'
[2.269s] Level 5:colcon.colcon_core.verb:set package 'py_two_pub_one_sub' build argument 'cmake_clean_first' from command line to 'False'
[2.269s] Level 5:colcon.colcon_core.verb:set package 'py_two_pub_one_sub' build argument 'cmake_force_configure' from command line to 'False'
[2.269s] Level 5:colcon.colcon_core.verb:set package 'py_two_pub_one_sub' build argument 'ament_cmake_args' from command line to 'None'
[2.269s] Level 5:colcon.colcon_core.verb:set package 'py_two_pub_one_sub' build argument 'catkin_cmake_args' from command line to 'None'
[2.269s] Level 5:colcon.colcon_core.verb:set package 'py_two_pub_one_sub' build argument 'catkin_skip_building_tests' from command line to 'False'
[2.270s] DEBUG:colcon.colcon_core.verb:Building package 'py_two_pub_one_sub' with the following arguments: {'ament_cmake_args': None, 'build_base': '/home/leh/test_ws/build/py_two_pub_one_sub', 'catkin_cmake_args': None, 'catkin_skip_building_tests': False, 'cmake_args': None, 'cmake_clean_cache': False, 'cmake_clean_first': False, 'cmake_force_configure': False, 'cmake_target': None, 'cmake_target_skip_unavailable': False, 'install_base': '/home/leh/test_ws/install/py_two_pub_one_sub', 'merge_install': False, 'path': '/home/leh/test_ws/src/py_two_pub_one_sub', 'symlink_install': False, 'test_result_base': None}
[2.272s] INFO:colcon.colcon_core.executor:Executing jobs using 'parallel' executor
[2.286s] DEBUG:colcon.colcon_parallel_executor.executor.parallel:run_until_complete
[2.288s] INFO:colcon.colcon_ros.task.ament_cmake.build:Building ROS package in '/home/leh/test_ws/src/tutorial_interfaces' with build type 'ament_cmake'
[2.289s] INFO:colcon.colcon_cmake.task.cmake.build:Building CMake package in '/home/leh/test_ws/src/tutorial_interfaces'
[2.309s] INFO:colcon.colcon_core.plugin_system:Skipping extension 'colcon_core.shell.bat': Not used on non-Windows systems
[2.311s] INFO:colcon.colcon_core.shell:Skip shell extension 'powershell' for command environment: Not usable outside of PowerShell
[2.311s] DEBUG:colcon.colcon_core.shell:Skip shell extension 'dsv' for command environment
[2.330s] DEBUG:colcon.colcon_core.shell:Ignoring prefix path '/opt/ros/dashing'
[2.365s] DEBUG:colcon.colcon_core.event_handler.log_command:Invoking command in '/home/leh/test_ws/build/tutorial_interfaces': CMAKE_PREFIX_PATH=${CMAKE_PREFIX_PATH}:/home/leh/test_ws/install/py_two_pub_one_sub:/home/leh/test_ws/install/py_srvcli:/home/leh/test_ws/install/py_sign_srvcli:/home/leh/test_ws/install/py_pubsub:/home/leh/test_ws/install/py_action:/home/leh/test_ws/install/my_robot:/opt/ros/dashing /usr/bin/cmake --build /home/leh/test_ws/build/tutorial_interfaces -- -j4 -l4
[72.804s] DEBUG:colcon.colcon_core.event_handler.log_command:Invoked command in '/home/leh/test_ws/build/tutorial_interfaces' returned '0': CMAKE_PREFIX_PATH=${CMAKE_PREFIX_PATH}:/home/leh/test_ws/install/py_two_pub_one_sub:/home/leh/test_ws/install/py_srvcli:/home/leh/test_ws/install/py_sign_srvcli:/home/leh/test_ws/install/py_pubsub:/home/leh/test_ws/install/py_action:/home/leh/test_ws/install/my_robot:/opt/ros/dashing /usr/bin/cmake --build /home/leh/test_ws/build/tutorial_interfaces -- -j4 -l4
[73.526s] DEBUG:colcon.colcon_core.event_handler.log_command:Invoking command in '/home/leh/test_ws/build/tutorial_interfaces': CMAKE_PREFIX_PATH=${CMAKE_PREFIX_PATH}:/home/leh/test_ws/install/py_two_pub_one_sub:/home/leh/test_ws/install/py_srvcli:/home/leh/test_ws/install/py_sign_srvcli:/home/leh/test_ws/install/py_pubsub:/home/leh/test_ws/install/py_action:/home/leh/test_ws/install/my_robot:/opt/ros/dashing /usr/bin/cmake --build /home/leh/test_ws/build/tutorial_interfaces --target install -- -j4 -l4
[75.005s] Level 1:colcon.colcon_core.environment:create_environment_scripts_only(tutorial_interfaces)
[75.027s] DEBUG:colcon.colcon_core.event_handler.log_command:Invoked command in '/home/leh/test_ws/build/tutorial_interfaces' returned '0': CMAKE_PREFIX_PATH=${CMAKE_PREFIX_PATH}:/home/leh/test_ws/install/py_two_pub_one_sub:/home/leh/test_ws/install/py_srvcli:/home/leh/test_ws/install/py_sign_srvcli:/home/leh/test_ws/install/py_pubsub:/home/leh/test_ws/install/py_action:/home/leh/test_ws/install/my_robot:/opt/ros/dashing /usr/bin/cmake --build /home/leh/test_ws/build/tutorial_interfaces --target install -- -j4 -l4
[75.036s] Level 1:colcon.colcon_core.environment:checking '/home/leh/test_ws/install/tutorial_interfaces' for CMake module files
[75.040s] Level 1:colcon.colcon_core.environment:checking '/home/leh/test_ws/install/tutorial_interfaces' for CMake config files
[75.043s] Level 1:colcon.colcon_core.shell:create_environment_hook('tutorial_interfaces', 'cmake_prefix_path')
[75.046s] INFO:colcon.colcon_core.shell:Creating environment hook '/home/leh/test_ws/install/tutorial_interfaces/share/tutorial_interfaces/hook/cmake_prefix_path.ps1'
[75.050s] INFO:colcon.colcon_core.shell:Creating environment descriptor '/home/leh/test_ws/install/tutorial_interfaces/share/tutorial_interfaces/hook/cmake_prefix_path.dsv'
[75.053s] INFO:colcon.colcon_core.shell:Creating environment hook '/home/leh/test_ws/install/tutorial_interfaces/share/tutorial_interfaces/hook/cmake_prefix_path.sh'
[75.061s] Level 1:colcon.colcon_core.environment:checking '/home/leh/test_ws/install/tutorial_interfaces/lib'
[75.062s] Level 1:colcon.colcon_core.shell:create_environment_hook('tutorial_interfaces', 'ld_library_path_lib')
[75.067s] INFO:colcon.colcon_core.shell:Creating environment hook '/home/leh/test_ws/install/tutorial_interfaces/share/tutorial_interfaces/hook/ld_library_path_lib.ps1'
[75.069s] INFO:colcon.colcon_core.shell:Creating environment descriptor '/home/leh/test_ws/install/tutorial_interfaces/share/tutorial_interfaces/hook/ld_library_path_lib.dsv'
[75.071s] INFO:colcon.colcon_core.shell:Creating environment hook '/home/leh/test_ws/install/tutorial_interfaces/share/tutorial_interfaces/hook/ld_library_path_lib.sh'
[75.073s] Level 1:colcon.colcon_core.environment:checking '/home/leh/test_ws/install/tutorial_interfaces/bin'
[75.074s] Level 1:colcon.colcon_core.environment:checking '/home/leh/test_ws/install/tutorial_interfaces/lib/pkgconfig/tutorial_interfaces.pc'
[75.074s] Level 1:colcon.colcon_core.environment:checking '/home/leh/test_ws/install/tutorial_interfaces/lib/python3.6/site-packages'
[75.075s] Level 1:colcon.colcon_core.shell:create_environment_hook('tutorial_interfaces', 'pythonpath')
[75.079s] INFO:colcon.colcon_core.shell:Creating environment hook '/home/leh/test_ws/install/tutorial_interfaces/share/tutorial_interfaces/hook/pythonpath.ps1'
[75.081s] INFO:colcon.colcon_core.shell:Creating environment descriptor '/home/leh/test_ws/install/tutorial_interfaces/share/tutorial_interfaces/hook/pythonpath.dsv'
[75.083s] INFO:colcon.colcon_core.shell:Creating environment hook '/home/leh/test_ws/install/tutorial_interfaces/share/tutorial_interfaces/hook/pythonpath.sh'
[75.089s] INFO:colcon.colcon_core.shell:Creating package script '/home/leh/test_ws/install/tutorial_interfaces/share/tutorial_interfaces/package.ps1'
[75.097s] INFO:colcon.colcon_core.shell:Creating package descriptor '/home/leh/test_ws/install/tutorial_interfaces/share/tutorial_interfaces/package.dsv'
[75.101s] INFO:colcon.colcon_core.shell:Creating package script '/home/leh/test_ws/install/tutorial_interfaces/share/tutorial_interfaces/package.sh'
[75.106s] INFO:colcon.colcon_core.shell:Creating package script '/home/leh/test_ws/install/tutorial_interfaces/share/tutorial_interfaces/package.bash'
[75.112s] INFO:colcon.colcon_core.shell:Creating package script '/home/leh/test_ws/install/tutorial_interfaces/share/tutorial_interfaces/package.zsh'
[75.116s] Level 1:colcon.colcon_core.environment:create_file_with_runtime_dependencies(/home/leh/test_ws/install/tutorial_interfaces/share/colcon-core/packages/tutorial_interfaces)
[75.817s] Level 1:colcon.colcon_core.environment:create_environment_scripts_only(tutorial_interfaces)
[75.822s] Level 1:colcon.colcon_core.environment:checking '/home/leh/test_ws/install/tutorial_interfaces' for CMake module files
[75.826s] Level 1:colcon.colcon_core.environment:checking '/home/leh/test_ws/install/tutorial_interfaces' for CMake config files
[75.829s] Level 1:colcon.colcon_core.shell:create_environment_hook('tutorial_interfaces', 'cmake_prefix_path')
[75.832s] INFO:colcon.colcon_core.shell:Creating environment hook '/home/leh/test_ws/install/tutorial_interfaces/share/tutorial_interfaces/hook/cmake_prefix_path.ps1'
[75.834s] INFO:colcon.colcon_core.shell:Creating environment descriptor '/home/leh/test_ws/install/tutorial_interfaces/share/tutorial_interfaces/hook/cmake_prefix_path.dsv'
[75.836s] INFO:colcon.colcon_core.shell:Creating environment hook '/home/leh/test_ws/install/tutorial_interfaces/share/tutorial_interfaces/hook/cmake_prefix_path.sh'
[75.840s] Level 1:colcon.colcon_core.environment:checking '/home/leh/test_ws/install/tutorial_interfaces/lib'
[75.840s] Level 1:colcon.colcon_core.shell:create_environment_hook('tutorial_interfaces', 'ld_library_path_lib')
[75.844s] INFO:colcon.colcon_core.shell:Creating environment hook '/home/leh/test_ws/install/tutorial_interfaces/share/tutorial_interfaces/hook/ld_library_path_lib.ps1'
[75.846s] INFO:colcon.colcon_core.shell:Creating environment descriptor '/home/leh/test_ws/install/tutorial_interfaces/share/tutorial_interfaces/hook/ld_library_path_lib.dsv'
[75.848s] INFO:colcon.colcon_core.shell:Creating environment hook '/home/leh/test_ws/install/tutorial_interfaces/share/tutorial_interfaces/hook/ld_library_path_lib.sh'
[75.849s] Level 1:colcon.colcon_core.environment:checking '/home/leh/test_ws/install/tutorial_interfaces/bin'
[75.850s] Level 1:colcon.colcon_core.environment:checking '/home/leh/test_ws/install/tutorial_interfaces/lib/pkgconfig/tutorial_interfaces.pc'
[75.850s] Level 1:colcon.colcon_core.environment:checking '/home/leh/test_ws/install/tutorial_interfaces/lib/python3.6/site-packages'
[75.851s] Level 1:colcon.colcon_core.shell:create_environment_hook('tutorial_interfaces', 'pythonpath')
[75.854s] INFO:colcon.colcon_core.shell:Creating environment hook '/home/leh/test_ws/install/tutorial_interfaces/share/tutorial_interfaces/hook/pythonpath.ps1'
[75.856s] INFO:colcon.colcon_core.shell:Creating environment descriptor '/home/leh/test_ws/install/tutorial_interfaces/share/tutorial_interfaces/hook/pythonpath.dsv'
[75.858s] INFO:colcon.colcon_core.shell:Creating environment hook '/home/leh/test_ws/install/tutorial_interfaces/share/tutorial_interfaces/hook/pythonpath.sh'
[75.865s] INFO:colcon.colcon_core.shell:Creating package script '/home/leh/test_ws/install/tutorial_interfaces/share/tutorial_interfaces/package.ps1'
[75.868s] INFO:colcon.colcon_core.shell:Creating package descriptor '/home/leh/test_ws/install/tutorial_interfaces/share/tutorial_interfaces/package.dsv'
[75.872s] INFO:colcon.colcon_core.shell:Creating package script '/home/leh/test_ws/install/tutorial_interfaces/share/tutorial_interfaces/package.sh'
[75.874s] INFO:colcon.colcon_core.shell:Creating package script '/home/leh/test_ws/install/tutorial_interfaces/share/tutorial_interfaces/package.bash'
[75.877s] INFO:colcon.colcon_core.shell:Creating package script '/home/leh/test_ws/install/tutorial_interfaces/share/tutorial_interfaces/package.zsh'
[75.879s] Level 1:colcon.colcon_core.environment:create_file_with_runtime_dependencies(/home/leh/test_ws/install/tutorial_interfaces/share/colcon-core/packages/tutorial_interfaces)
[75.881s] INFO:colcon.colcon_ros.task.ament_python.build:Building ROS package in '/home/leh/test_ws/src/my_robot' with build type 'ament_python'
[75.881s] Level 1:colcon.colcon_core.shell:create_environment_hook('my_robot', 'ament_prefix_path')
[75.886s] INFO:colcon.colcon_core.shell:Creating environment hook '/home/leh/test_ws/install/my_robot/share/my_robot/hook/ament_prefix_path.ps1'
[75.889s] INFO:colcon.colcon_core.shell:Creating environment descriptor '/home/leh/test_ws/install/my_robot/share/my_robot/hook/ament_prefix_path.dsv'
[75.891s] INFO:colcon.colcon_core.shell:Creating environment hook '/home/leh/test_ws/install/my_robot/share/my_robot/hook/ament_prefix_path.sh'
[75.896s] INFO:colcon.colcon_core.shell:Skip shell extension 'powershell' for command environment: Not usable outside of PowerShell
[75.897s] DEBUG:colcon.colcon_core.shell:Skip shell extension 'dsv' for command environment
[75.913s] DEBUG:colcon.colcon_core.shell:Ignoring prefix path '/opt/ros/dashing'
[75.923s] INFO:colcon.colcon_ros.task.ament_python.build:Building ROS package in '/home/leh/test_ws/src/py_action' with build type 'ament_python'
[75.925s] Level 1:colcon.colcon_core.shell:create_environment_hook('py_action', 'ament_prefix_path')
[75.930s] INFO:colcon.colcon_core.shell:Creating environment hook '/home/leh/test_ws/install/py_action/share/py_action/hook/ament_prefix_path.ps1'
[75.933s] INFO:colcon.colcon_core.shell:Creating environment descriptor '/home/leh/test_ws/install/py_action/share/py_action/hook/ament_prefix_path.dsv'
[75.935s] INFO:colcon.colcon_core.shell:Creating environment hook '/home/leh/test_ws/install/py_action/share/py_action/hook/ament_prefix_path.sh'
[75.941s] INFO:colcon.colcon_core.shell:Skip shell extension 'powershell' for command environment: Not usable outside of PowerShell
[75.941s] DEBUG:colcon.colcon_core.shell:Skip shell extension 'dsv' for command environment
[75.956s] DEBUG:colcon.colcon_core.shell:Ignoring prefix path '/opt/ros/dashing'
[75.966s] INFO:colcon.colcon_ros.task.ament_python.build:Building ROS package in '/home/leh/test_ws/src/py_pubsub' with build type 'ament_python'
[75.969s] Level 1:colcon.colcon_core.shell:create_environment_hook('py_pubsub', 'ament_prefix_path')
[75.974s] INFO:colcon.colcon_core.shell:Creating environment hook '/home/leh/test_ws/install/py_pubsub/share/py_pubsub/hook/ament_prefix_path.ps1'
[75.977s] INFO:colcon.colcon_core.shell:Creating environment descriptor '/home/leh/test_ws/install/py_pubsub/share/py_pubsub/hook/ament_prefix_path.dsv'
[75.980s] INFO:colcon.colcon_core.shell:Creating environment hook '/home/leh/test_ws/install/py_pubsub/share/py_pubsub/hook/ament_prefix_path.sh'
[75.986s] INFO:colcon.colcon_core.shell:Skip shell extension 'powershell' for command environment: Not usable outside of PowerShell
[75.986s] DEBUG:colcon.colcon_core.shell:Skip shell extension 'dsv' for command environment
[76.004s] DEBUG:colcon.colcon_core.shell:Ignoring prefix path '/opt/ros/dashing'
[76.014s] INFO:colcon.colcon_ros.task.ament_python.build:Building ROS package in '/home/leh/test_ws/src/py_sign_srvcli' with build type 'ament_python'
[76.015s] Level 1:colcon.colcon_core.shell:create_environment_hook('py_sign_srvcli', 'ament_prefix_path')
[76.021s] INFO:colcon.colcon_core.shell:Creating environment hook '/home/leh/test_ws/install/py_sign_srvcli/share/py_sign_srvcli/hook/ament_prefix_path.ps1'
[76.024s] INFO:colcon.colcon_core.shell:Creating environment descriptor '/home/leh/test_ws/install/py_sign_srvcli/share/py_sign_srvcli/hook/ament_prefix_path.dsv'
[76.025s] INFO:colcon.colcon_core.shell:Creating environment hook '/home/leh/test_ws/install/py_sign_srvcli/share/py_sign_srvcli/hook/ament_prefix_path.sh'
[76.031s] INFO:colcon.colcon_core.shell:Skip shell extension 'powershell' for command environment: Not usable outside of PowerShell
[76.032s] DEBUG:colcon.colcon_core.shell:Skip shell extension 'dsv' for command environment
[76.047s] DEBUG:colcon.colcon_core.shell:Ignoring prefix path '/opt/ros/dashing'
[77.529s] INFO:colcon.colcon_core.task.python.build:Building Python package in '/home/leh/test_ws/src/my_robot'
[77.533s] INFO:colcon.colcon_core.shell:Skip shell extension 'powershell' for command environment: Not usable outside of PowerShell
[77.534s] DEBUG:colcon.colcon_core.shell:Skip shell extension 'dsv' for command environment
[77.549s] DEBUG:colcon.colcon_core.shell:Ignoring prefix path '/opt/ros/dashing'
[79.013s] INFO:colcon.colcon_core.task.python.build:Building Python package in '/home/leh/test_ws/src/py_action'
[79.018s] INFO:colcon.colcon_core.shell:Skip shell extension 'powershell' for command environment: Not usable outside of PowerShell
[79.019s] DEBUG:colcon.colcon_core.shell:Skip shell extension 'dsv' for command environment
[79.037s] DEBUG:colcon.colcon_core.shell:Ignoring prefix path '/opt/ros/dashing'
[80.505s] INFO:colcon.colcon_core.task.python.build:Building Python package in '/home/leh/test_ws/src/py_pubsub'
[80.510s] INFO:colcon.colcon_core.shell:Skip shell extension 'powershell' for command environment: Not usable outside of PowerShell
[80.511s] DEBUG:colcon.colcon_core.shell:Skip shell extension 'dsv' for command environment
[80.529s] DEBUG:colcon.colcon_core.shell:Ignoring prefix path '/opt/ros/dashing'
[82.003s] INFO:colcon.colcon_core.task.python.build:Building Python package in '/home/leh/test_ws/src/py_sign_srvcli'
[82.007s] INFO:colcon.colcon_core.shell:Skip shell extension 'powershell' for command environment: Not usable outside of PowerShell
[82.008s] DEBUG:colcon.colcon_core.shell:Skip shell extension 'dsv' for command environment
[82.024s] DEBUG:colcon.colcon_core.shell:Ignoring prefix path '/opt/ros/dashing'
[82.058s] DEBUG:colcon.colcon_core.event_handler.log_command:Invoking command in '/home/leh/test_ws/src/my_robot': PYTHONPATH=/home/leh/test_ws/install/my_robot/lib/python3.6/site-packages:/home/leh/test_ws/install/tutorial_interfaces/lib/python3.6/site-packages:/home/leh/test_ws/install/py_two_pub_one_sub/lib/python3.6/site-packages:/home/leh/test_ws/install/py_srvcli/lib/python3.6/site-packages:/home/leh/test_ws/install/py_sign_srvcli/lib/python3.6/site-packages:/home/leh/test_ws/install/py_pubsub/lib/python3.6/site-packages:/home/leh/test_ws/install/py_action/lib/python3.6/site-packages:/home/leh/test_ws/install/my_robot/lib/python3.6/site-packages:/opt/ros/dashing/lib/python3.6/site-packages /usr/bin/python3 setup.py egg_info --egg-base ../../build/my_robot build --build-base /home/leh/test_ws/build/my_robot/build install --prefix /home/leh/test_ws/install/my_robot --record /home/leh/test_ws/build/my_robot/install.log --single-version-externally-managed
[82.075s] DEBUG:colcon.colcon_core.event_handler.log_command:Invoking command in '/home/leh/test_ws/src/py_action': PYTHONPATH=/home/leh/test_ws/install/py_action/lib/python3.6/site-packages:/home/leh/test_ws/install/tutorial_interfaces/lib/python3.6/site-packages:/home/leh/test_ws/install/py_two_pub_one_sub/lib/python3.6/site-packages:/home/leh/test_ws/install/py_srvcli/lib/python3.6/site-packages:/home/leh/test_ws/install/py_sign_srvcli/lib/python3.6/site-packages:/home/leh/test_ws/install/py_pubsub/lib/python3.6/site-packages:/home/leh/test_ws/install/py_action/lib/python3.6/site-packages:/home/leh/test_ws/install/my_robot/lib/python3.6/site-packages:/opt/ros/dashing/lib/python3.6/site-packages /usr/bin/python3 setup.py egg_info --egg-base ../../build/py_action build --build-base /home/leh/test_ws/build/py_action/build install --prefix /home/leh/test_ws/install/py_action --record /home/leh/test_ws/build/py_action/install.log --single-version-externally-managed
[82.108s] DEBUG:colcon.colcon_core.event_handler.log_command:Invoking command in '/home/leh/test_ws/src/py_pubsub': PYTHONPATH=/home/leh/test_ws/install/py_pubsub/lib/python3.6/site-packages:/home/leh/test_ws/install/tutorial_interfaces/lib/python3.6/site-packages:/home/leh/test_ws/install/py_two_pub_one_sub/lib/python3.6/site-packages:/home/leh/test_ws/install/py_srvcli/lib/python3.6/site-packages:/home/leh/test_ws/install/py_sign_srvcli/lib/python3.6/site-packages:/home/leh/test_ws/install/py_pubsub/lib/python3.6/site-packages:/home/leh/test_ws/install/py_action/lib/python3.6/site-packages:/home/leh/test_ws/install/my_robot/lib/python3.6/site-packages:/opt/ros/dashing/lib/python3.6/site-packages /usr/bin/python3 setup.py egg_info --egg-base ../../build/py_pubsub build --build-base /home/leh/test_ws/build/py_pubsub/build install --prefix /home/leh/test_ws/install/py_pubsub --record /home/leh/test_ws/build/py_pubsub/install.log --single-version-externally-managed
[82.134s] DEBUG:colcon.colcon_core.event_handler.log_command:Invoking command in '/home/leh/test_ws/src/py_sign_srvcli': PYTHONPATH=/home/leh/test_ws/install/py_sign_srvcli/lib/python3.6/site-packages:/home/leh/test_ws/install/tutorial_interfaces/lib/python3.6/site-packages:/home/leh/test_ws/install/py_two_pub_one_sub/lib/python3.6/site-packages:/home/leh/test_ws/install/py_srvcli/lib/python3.6/site-packages:/home/leh/test_ws/install/py_sign_srvcli/lib/python3.6/site-packages:/home/leh/test_ws/install/py_pubsub/lib/python3.6/site-packages:/home/leh/test_ws/install/py_action/lib/python3.6/site-packages:/home/leh/test_ws/install/my_robot/lib/python3.6/site-packages:/opt/ros/dashing/lib/python3.6/site-packages /usr/bin/python3 setup.py egg_info --egg-base ../../build/py_sign_srvcli build --build-base /home/leh/test_ws/build/py_sign_srvcli/build install --prefix /home/leh/test_ws/install/py_sign_srvcli --record /home/leh/test_ws/build/py_sign_srvcli/install.log --single-version-externally-managed
[83.988s] DEBUG:colcon.colcon_core.event_handler.log_command:Invoked command in '/home/leh/test_ws/src/my_robot' returned '0': PYTHONPATH=/home/leh/test_ws/install/my_robot/lib/python3.6/site-packages:/home/leh/test_ws/install/tutorial_interfaces/lib/python3.6/site-packages:/home/leh/test_ws/install/py_two_pub_one_sub/lib/python3.6/site-packages:/home/leh/test_ws/install/py_srvcli/lib/python3.6/site-packages:/home/leh/test_ws/install/py_sign_srvcli/lib/python3.6/site-packages:/home/leh/test_ws/install/py_pubsub/lib/python3.6/site-packages:/home/leh/test_ws/install/py_action/lib/python3.6/site-packages:/home/leh/test_ws/install/my_robot/lib/python3.6/site-packages:/opt/ros/dashing/lib/python3.6/site-packages /usr/bin/python3 setup.py egg_info --egg-base ../../build/my_robot build --build-base /home/leh/test_ws/build/my_robot/build install --prefix /home/leh/test_ws/install/my_robot --record /home/leh/test_ws/build/my_robot/install.log --single-version-externally-managed
[84.000s] Level 1:colcon.colcon_core.environment:checking '/home/leh/test_ws/install/my_robot' for CMake module files
[84.005s] Level 1:colcon.colcon_core.environment:checking '/home/leh/test_ws/install/my_robot' for CMake config files
[84.025s] Level 1:colcon.colcon_core.environment:checking '/home/leh/test_ws/install/my_robot/lib'
[84.026s] Level 1:colcon.colcon_core.environment:checking '/home/leh/test_ws/install/my_robot/bin'
[84.026s] Level 1:colcon.colcon_core.environment:checking '/home/leh/test_ws/install/my_robot/lib/pkgconfig/my_robot.pc'
[84.027s] Level 1:colcon.colcon_core.environment:checking '/home/leh/test_ws/install/my_robot/lib/python3.6/site-packages'
[84.027s] Level 1:colcon.colcon_core.shell:create_environment_hook('my_robot', 'pythonpath')
[84.047s] INFO:colcon.colcon_core.shell:Creating environment hook '/home/leh/test_ws/install/my_robot/share/my_robot/hook/pythonpath.ps1'
[84.062s] INFO:colcon.colcon_core.shell:Creating environment descriptor '/home/leh/test_ws/install/my_robot/share/my_robot/hook/pythonpath.dsv'
[84.065s] INFO:colcon.colcon_core.shell:Creating environment hook '/home/leh/test_ws/install/my_robot/share/my_robot/hook/pythonpath.sh'
[84.079s] Level 1:colcon.colcon_core.environment:create_environment_scripts_only(my_robot)
[84.085s] INFO:colcon.colcon_core.shell:Creating package script '/home/leh/test_ws/install/my_robot/share/my_robot/package.ps1'
[84.092s] INFO:colcon.colcon_core.shell:Creating package descriptor '/home/leh/test_ws/install/my_robot/share/my_robot/package.dsv'
[84.096s] INFO:colcon.colcon_core.shell:Creating package script '/home/leh/test_ws/install/my_robot/share/my_robot/package.sh'
[84.100s] INFO:colcon.colcon_core.shell:Creating package script '/home/leh/test_ws/install/my_robot/share/my_robot/package.bash'
[84.108s] INFO:colcon.colcon_core.shell:Creating package script '/home/leh/test_ws/install/my_robot/share/my_robot/package.zsh'
[84.110s] Level 1:colcon.colcon_core.environment:create_file_with_runtime_dependencies(/home/leh/test_ws/install/my_robot/share/colcon-core/packages/my_robot)
[84.115s] INFO:colcon.colcon_ros.task.ament_python.build:Building ROS package in '/home/leh/test_ws/src/py_srvcli' with build type 'ament_python'
[84.117s] Level 1:colcon.colcon_core.shell:create_environment_hook('py_srvcli', 'ament_prefix_path')
[84.121s] INFO:colcon.colcon_core.shell:Creating environment hook '/home/leh/test_ws/install/py_srvcli/share/py_srvcli/hook/ament_prefix_path.ps1'
[84.125s] INFO:colcon.colcon_core.shell:Creating environment descriptor '/home/leh/test_ws/install/py_srvcli/share/py_srvcli/hook/ament_prefix_path.dsv'
[84.127s] INFO:colcon.colcon_core.shell:Creating environment hook '/home/leh/test_ws/install/py_srvcli/share/py_srvcli/hook/ament_prefix_path.sh'
[84.137s] INFO:colcon.colcon_core.shell:Skip shell extension 'powershell' for command environment: Not usable outside of PowerShell
[84.137s] DEBUG:colcon.colcon_core.shell:Skip shell extension 'dsv' for command environment
[84.161s] DEBUG:colcon.colcon_core.shell:Ignoring prefix path '/opt/ros/dashing'
[84.186s] Level 1:colcon.colcon_core.environment:checking '/home/leh/test_ws/install/py_pubsub' for CMake module files
[84.190s] DEBUG:colcon.colcon_core.event_handler.log_command:Invoked command in '/home/leh/test_ws/src/py_pubsub' returned '0': PYTHONPATH=/home/leh/test_ws/install/py_pubsub/lib/python3.6/site-packages:/home/leh/test_ws/install/tutorial_interfaces/lib/python3.6/site-packages:/home/leh/test_ws/install/py_two_pub_one_sub/lib/python3.6/site-packages:/home/leh/test_ws/install/py_srvcli/lib/python3.6/site-packages:/home/leh/test_ws/install/py_sign_srvcli/lib/python3.6/site-packages:/home/leh/test_ws/install/py_pubsub/lib/python3.6/site-packages:/home/leh/test_ws/install/py_action/lib/python3.6/site-packages:/home/leh/test_ws/install/my_robot/lib/python3.6/site-packages:/opt/ros/dashing/lib/python3.6/site-packages /usr/bin/python3 setup.py egg_info --egg-base ../../build/py_pubsub build --build-base /home/leh/test_ws/build/py_pubsub/build install --prefix /home/leh/test_ws/install/py_pubsub --record /home/leh/test_ws/build/py_pubsub/install.log --single-version-externally-managed
[84.192s] Level 1:colcon.colcon_core.environment:checking '/home/leh/test_ws/install/py_pubsub' for CMake config files
[84.196s] Level 1:colcon.colcon_core.environment:checking '/home/leh/test_ws/install/py_pubsub/lib'
[84.197s] Level 1:colcon.colcon_core.environment:checking '/home/leh/test_ws/install/py_pubsub/bin'
[84.197s] Level 1:colcon.colcon_core.environment:checking '/home/leh/test_ws/install/py_pubsub/lib/pkgconfig/py_pubsub.pc'
[84.198s] Level 1:colcon.colcon_core.environment:checking '/home/leh/test_ws/install/py_pubsub/lib/python3.6/site-packages'
[84.198s] Level 1:colcon.colcon_core.shell:create_environment_hook('py_pubsub', 'pythonpath')
[84.202s] INFO:colcon.colcon_core.shell:Creating environment hook '/home/leh/test_ws/install/py_pubsub/share/py_pubsub/hook/pythonpath.ps1'
[84.206s] INFO:colcon.colcon_core.shell:Creating environment descriptor '/home/leh/test_ws/install/py_pubsub/share/py_pubsub/hook/pythonpath.dsv'
[84.209s] INFO:colcon.colcon_core.shell:Creating environment hook '/home/leh/test_ws/install/py_pubsub/share/py_pubsub/hook/pythonpath.sh'
[84.212s] Level 1:colcon.colcon_core.environment:create_environment_scripts_only(py_pubsub)
[84.217s] INFO:colcon.colcon_core.shell:Creating package script '/home/leh/test_ws/install/py_pubsub/share/py_pubsub/package.ps1'
[84.220s] INFO:colcon.colcon_core.shell:Creating package descriptor '/home/leh/test_ws/install/py_pubsub/share/py_pubsub/package.dsv'
[84.223s] INFO:colcon.colcon_core.shell:Creating package script '/home/leh/test_ws/install/py_pubsub/share/py_pubsub/package.sh'
[84.226s] INFO:colcon.colcon_core.shell:Creating package script '/home/leh/test_ws/install/py_pubsub/share/py_pubsub/package.bash'
[84.228s] INFO:colcon.colcon_core.shell:Creating package script '/home/leh/test_ws/install/py_pubsub/share/py_pubsub/package.zsh'
[84.230s] Level 1:colcon.colcon_core.environment:create_file_with_runtime_dependencies(/home/leh/test_ws/install/py_pubsub/share/colcon-core/packages/py_pubsub)
[84.242s] Level 1:colcon.colcon_core.environment:checking '/home/leh/test_ws/install/py_action' for CMake module files
[84.249s] DEBUG:colcon.colcon_core.event_handler.log_command:Invoked command in '/home/leh/test_ws/src/py_action' returned '0': PYTHONPATH=/home/leh/test_ws/install/py_action/lib/python3.6/site-packages:/home/leh/test_ws/install/tutorial_interfaces/lib/python3.6/site-packages:/home/leh/test_ws/install/py_two_pub_one_sub/lib/python3.6/site-packages:/home/leh/test_ws/install/py_srvcli/lib/python3.6/site-packages:/home/leh/test_ws/install/py_sign_srvcli/lib/python3.6/site-packages:/home/leh/test_ws/install/py_pubsub/lib/python3.6/site-packages:/home/leh/test_ws/install/py_action/lib/python3.6/site-packages:/home/leh/test_ws/install/my_robot/lib/python3.6/site-packages:/opt/ros/dashing/lib/python3.6/site-packages /usr/bin/python3 setup.py egg_info --egg-base ../../build/py_action build --build-base /home/leh/test_ws/build/py_action/build install --prefix /home/leh/test_ws/install/py_action --record /home/leh/test_ws/build/py_action/install.log --single-version-externally-managed
[84.250s] Level 1:colcon.colcon_core.environment:checking '/home/leh/test_ws/install/py_action' for CMake config files
[84.256s] Level 1:colcon.colcon_core.environment:checking '/home/leh/test_ws/install/py_action/lib'
[84.257s] Level 1:colcon.colcon_core.environment:checking '/home/leh/test_ws/install/py_action/bin'
[84.257s] Level 1:colcon.colcon_core.environment:checking '/home/leh/test_ws/install/py_action/lib/pkgconfig/py_action.pc'
[84.258s] Level 1:colcon.colcon_core.environment:checking '/home/leh/test_ws/install/py_action/lib/python3.6/site-packages'
[84.258s] Level 1:colcon.colcon_core.shell:create_environment_hook('py_action', 'pythonpath')
[84.262s] INFO:colcon.colcon_core.shell:Creating environment hook '/home/leh/test_ws/install/py_action/share/py_action/hook/pythonpath.ps1'
[84.265s] INFO:colcon.colcon_core.shell:Creating environment descriptor '/home/leh/test_ws/install/py_action/share/py_action/hook/pythonpath.dsv'
[84.267s] INFO:colcon.colcon_core.shell:Creating environment hook '/home/leh/test_ws/install/py_action/share/py_action/hook/pythonpath.sh'
[84.269s] Level 1:colcon.colcon_core.environment:create_environment_scripts_only(py_action)
[84.274s] INFO:colcon.colcon_core.shell:Creating package script '/home/leh/test_ws/install/py_action/share/py_action/package.ps1'
[84.277s] INFO:colcon.colcon_core.shell:Creating package descriptor '/home/leh/test_ws/install/py_action/share/py_action/package.dsv'
[84.281s] INFO:colcon.colcon_core.shell:Creating package script '/home/leh/test_ws/install/py_action/share/py_action/package.sh'
[84.284s] INFO:colcon.colcon_core.shell:Creating package script '/home/leh/test_ws/install/py_action/share/py_action/package.bash'
[84.286s] INFO:colcon.colcon_core.shell:Creating package script '/home/leh/test_ws/install/py_action/share/py_action/package.zsh'
[84.288s] Level 1:colcon.colcon_core.environment:create_file_with_runtime_dependencies(/home/leh/test_ws/install/py_action/share/colcon-core/packages/py_action)
[84.289s] INFO:colcon.colcon_ros.task.ament_python.build:Building ROS package in '/home/leh/test_ws/src/py_two_pub_one_sub' with build type 'ament_python'
[84.290s] Level 1:colcon.colcon_core.shell:create_environment_hook('py_two_pub_one_sub', 'ament_prefix_path')
[84.295s] INFO:colcon.colcon_core.shell:Creating environment hook '/home/leh/test_ws/install/py_two_pub_one_sub/share/py_two_pub_one_sub/hook/ament_prefix_path.ps1'
[84.299s] INFO:colcon.colcon_core.shell:Creating environment descriptor '/home/leh/test_ws/install/py_two_pub_one_sub/share/py_two_pub_one_sub/hook/ament_prefix_path.dsv'
[84.302s] INFO:colcon.colcon_core.shell:Creating environment hook '/home/leh/test_ws/install/py_two_pub_one_sub/share/py_two_pub_one_sub/hook/ament_prefix_path.sh'
[84.308s] INFO:colcon.colcon_core.shell:Skip shell extension 'powershell' for command environment: Not usable outside of PowerShell
[84.309s] DEBUG:colcon.colcon_core.shell:Skip shell extension 'dsv' for command environment
[84.329s] DEBUG:colcon.colcon_core.shell:Ignoring prefix path '/opt/ros/dashing'
[85.805s] INFO:colcon.colcon_core.task.python.build:Building Python package in '/home/leh/test_ws/src/py_srvcli'
[85.809s] INFO:colcon.colcon_core.shell:Skip shell extension 'powershell' for command environment: Not usable outside of PowerShell
[85.810s] DEBUG:colcon.colcon_core.shell:Skip shell extension 'dsv' for command environment
[85.825s] DEBUG:colcon.colcon_core.shell:Ignoring prefix path '/opt/ros/dashing'
[85.849s] Level 1:colcon.colcon_core.environment:checking '/home/leh/test_ws/install/py_sign_srvcli' for CMake module files
[85.850s] DEBUG:colcon.colcon_core.event_handler.log_command:Invoked command in '/home/leh/test_ws/src/py_sign_srvcli' returned '0': PYTHONPATH=/home/leh/test_ws/install/py_sign_srvcli/lib/python3.6/site-packages:/home/leh/test_ws/install/tutorial_interfaces/lib/python3.6/site-packages:/home/leh/test_ws/install/py_two_pub_one_sub/lib/python3.6/site-packages:/home/leh/test_ws/install/py_srvcli/lib/python3.6/site-packages:/home/leh/test_ws/install/py_sign_srvcli/lib/python3.6/site-packages:/home/leh/test_ws/install/py_pubsub/lib/python3.6/site-packages:/home/leh/test_ws/install/py_action/lib/python3.6/site-packages:/home/leh/test_ws/install/my_robot/lib/python3.6/site-packages:/opt/ros/dashing/lib/python3.6/site-packages /usr/bin/python3 setup.py egg_info --egg-base ../../build/py_sign_srvcli build --build-base /home/leh/test_ws/build/py_sign_srvcli/build install --prefix /home/leh/test_ws/install/py_sign_srvcli --record /home/leh/test_ws/build/py_sign_srvcli/install.log --single-version-externally-managed
[85.854s] Level 1:colcon.colcon_core.environment:checking '/home/leh/test_ws/install/py_sign_srvcli' for CMake config files
[85.858s] Level 1:colcon.colcon_core.environment:checking '/home/leh/test_ws/install/py_sign_srvcli/lib'
[85.858s] Level 1:colcon.colcon_core.environment:checking '/home/leh/test_ws/install/py_sign_srvcli/bin'
[85.859s] Level 1:colcon.colcon_core.environment:checking '/home/leh/test_ws/install/py_sign_srvcli/lib/pkgconfig/py_sign_srvcli.pc'
[85.859s] Level 1:colcon.colcon_core.environment:checking '/home/leh/test_ws/install/py_sign_srvcli/lib/python3.6/site-packages'
[85.859s] Level 1:colcon.colcon_core.shell:create_environment_hook('py_sign_srvcli', 'pythonpath')
[85.863s] INFO:colcon.colcon_core.shell:Creating environment hook '/home/leh/test_ws/install/py_sign_srvcli/share/py_sign_srvcli/hook/pythonpath.ps1'
[85.866s] INFO:colcon.colcon_core.shell:Creating environment descriptor '/home/leh/test_ws/install/py_sign_srvcli/share/py_sign_srvcli/hook/pythonpath.dsv'
[85.867s] INFO:colcon.colcon_core.shell:Creating environment hook '/home/leh/test_ws/install/py_sign_srvcli/share/py_sign_srvcli/hook/pythonpath.sh'
[85.870s] Level 1:colcon.colcon_core.environment:create_environment_scripts_only(py_sign_srvcli)
[85.875s] INFO:colcon.colcon_core.shell:Creating package script '/home/leh/test_ws/install/py_sign_srvcli/share/py_sign_srvcli/package.ps1'
[85.878s] INFO:colcon.colcon_core.shell:Creating package descriptor '/home/leh/test_ws/install/py_sign_srvcli/share/py_sign_srvcli/package.dsv'
[85.881s] INFO:colcon.colcon_core.shell:Creating package script '/home/leh/test_ws/install/py_sign_srvcli/share/py_sign_srvcli/package.sh'
[85.883s] INFO:colcon.colcon_core.shell:Creating package script '/home/leh/test_ws/install/py_sign_srvcli/share/py_sign_srvcli/package.bash'
[85.885s] INFO:colcon.colcon_core.shell:Creating package script '/home/leh/test_ws/install/py_sign_srvcli/share/py_sign_srvcli/package.zsh'
[85.887s] Level 1:colcon.colcon_core.environment:create_file_with_runtime_dependencies(/home/leh/test_ws/install/py_sign_srvcli/share/colcon-core/packages/py_sign_srvcli)
[87.367s] INFO:colcon.colcon_core.task.python.build:Building Python package in '/home/leh/test_ws/src/py_two_pub_one_sub'
[87.371s] INFO:colcon.colcon_core.shell:Skip shell extension 'powershell' for command environment: Not usable outside of PowerShell
[87.372s] DEBUG:colcon.colcon_core.shell:Skip shell extension 'dsv' for command environment
[87.388s] DEBUG:colcon.colcon_core.shell:Ignoring prefix path '/opt/ros/dashing'
[87.417s] DEBUG:colcon.colcon_core.event_handler.log_command:Invoking command in '/home/leh/test_ws/src/py_srvcli': PYTHONPATH=/home/leh/test_ws/install/py_srvcli/lib/python3.6/site-packages:/home/leh/test_ws/install/tutorial_interfaces/lib/python3.6/site-packages:/home/leh/test_ws/install/py_two_pub_one_sub/lib/python3.6/site-packages:/home/leh/test_ws/install/py_srvcli/lib/python3.6/site-packages:/home/leh/test_ws/install/py_sign_srvcli/lib/python3.6/site-packages:/home/leh/test_ws/install/py_pubsub/lib/python3.6/site-packages:/home/leh/test_ws/install/py_action/lib/python3.6/site-packages:/home/leh/test_ws/install/my_robot/lib/python3.6/site-packages:/opt/ros/dashing/lib/python3.6/site-packages /usr/bin/python3 setup.py egg_info --egg-base ../../build/py_srvcli build --build-base /home/leh/test_ws/build/py_srvcli/build install --prefix /home/leh/test_ws/install/py_srvcli --record /home/leh/test_ws/build/py_srvcli/install.log --single-version-externally-managed
[87.438s] DEBUG:colcon.colcon_core.event_handler.log_command:Invoking command in '/home/leh/test_ws/src/py_two_pub_one_sub': PYTHONPATH=/home/leh/test_ws/install/py_two_pub_one_sub/lib/python3.6/site-packages:/home/leh/test_ws/install/tutorial_interfaces/lib/python3.6/site-packages:/home/leh/test_ws/install/py_two_pub_one_sub/lib/python3.6/site-packages:/home/leh/test_ws/install/py_srvcli/lib/python3.6/site-packages:/home/leh/test_ws/install/py_sign_srvcli/lib/python3.6/site-packages:/home/leh/test_ws/install/py_pubsub/lib/python3.6/site-packages:/home/leh/test_ws/install/py_action/lib/python3.6/site-packages:/home/leh/test_ws/install/my_robot/lib/python3.6/site-packages:/opt/ros/dashing/lib/python3.6/site-packages /usr/bin/python3 setup.py egg_info --egg-base ../../build/py_two_pub_one_sub build --build-base /home/leh/test_ws/build/py_two_pub_one_sub/build install --prefix /home/leh/test_ws/install/py_two_pub_one_sub --record /home/leh/test_ws/build/py_two_pub_one_sub/install.log --single-version-externally-managed
[89.137s] DEBUG:colcon.colcon_core.event_handler.log_command:Invoked command in '/home/leh/test_ws/src/py_srvcli' returned '0': PYTHONPATH=/home/leh/test_ws/install/py_srvcli/lib/python3.6/site-packages:/home/leh/test_ws/install/tutorial_interfaces/lib/python3.6/site-packages:/home/leh/test_ws/install/py_two_pub_one_sub/lib/python3.6/site-packages:/home/leh/test_ws/install/py_srvcli/lib/python3.6/site-packages:/home/leh/test_ws/install/py_sign_srvcli/lib/python3.6/site-packages:/home/leh/test_ws/install/py_pubsub/lib/python3.6/site-packages:/home/leh/test_ws/install/py_action/lib/python3.6/site-packages:/home/leh/test_ws/install/my_robot/lib/python3.6/site-packages:/opt/ros/dashing/lib/python3.6/site-packages /usr/bin/python3 setup.py egg_info --egg-base ../../build/py_srvcli build --build-base /home/leh/test_ws/build/py_srvcli/build install --prefix /home/leh/test_ws/install/py_srvcli --record /home/leh/test_ws/build/py_srvcli/install.log --single-version-externally-managed
[89.140s] Level 1:colcon.colcon_core.environment:checking '/home/leh/test_ws/install/py_srvcli' for CMake module files
[89.143s] Level 1:colcon.colcon_core.environment:checking '/home/leh/test_ws/install/py_srvcli' for CMake config files
[89.148s] Level 1:colcon.colcon_core.environment:checking '/home/leh/test_ws/install/py_srvcli/lib'
[89.148s] Level 1:colcon.colcon_core.environment:checking '/home/leh/test_ws/install/py_srvcli/bin'
[89.149s] Level 1:colcon.colcon_core.environment:checking '/home/leh/test_ws/install/py_srvcli/lib/pkgconfig/py_srvcli.pc'
[89.149s] Level 1:colcon.colcon_core.environment:checking '/home/leh/test_ws/install/py_srvcli/lib/python3.6/site-packages'
[89.150s] Level 1:colcon.colcon_core.shell:create_environment_hook('py_srvcli', 'pythonpath')
[89.154s] INFO:colcon.colcon_core.shell:Creating environment hook '/home/leh/test_ws/install/py_srvcli/share/py_srvcli/hook/pythonpath.ps1'
[89.156s] INFO:colcon.colcon_core.shell:Creating environment descriptor '/home/leh/test_ws/install/py_srvcli/share/py_srvcli/hook/pythonpath.dsv'
[89.157s] INFO:colcon.colcon_core.shell:Creating environment hook '/home/leh/test_ws/install/py_srvcli/share/py_srvcli/hook/pythonpath.sh'
[89.159s] Level 1:colcon.colcon_core.environment:create_environment_scripts_only(py_srvcli)
[89.164s] INFO:colcon.colcon_core.shell:Creating package script '/home/leh/test_ws/install/py_srvcli/share/py_srvcli/package.ps1'
[89.166s] INFO:colcon.colcon_core.shell:Creating package descriptor '/home/leh/test_ws/install/py_srvcli/share/py_srvcli/package.dsv'
[89.169s] INFO:colcon.colcon_core.shell:Creating package script '/home/leh/test_ws/install/py_srvcli/share/py_srvcli/package.sh'
[89.171s] INFO:colcon.colcon_core.shell:Creating package script '/home/leh/test_ws/install/py_srvcli/share/py_srvcli/package.bash'
[89.173s] INFO:colcon.colcon_core.shell:Creating package script '/home/leh/test_ws/install/py_srvcli/share/py_srvcli/package.zsh'
[89.174s] Level 1:colcon.colcon_core.environment:create_file_with_runtime_dependencies(/home/leh/test_ws/install/py_srvcli/share/colcon-core/packages/py_srvcli)
[89.185s] Level 1:colcon.colcon_core.environment:checking '/home/leh/test_ws/install/py_two_pub_one_sub' for CMake module files
[89.190s] DEBUG:colcon.colcon_core.event_handler.log_command:Invoked command in '/home/leh/test_ws/src/py_two_pub_one_sub' returned '0': PYTHONPATH=/home/leh/test_ws/install/py_two_pub_one_sub/lib/python3.6/site-packages:/home/leh/test_ws/install/tutorial_interfaces/lib/python3.6/site-packages:/home/leh/test_ws/install/py_two_pub_one_sub/lib/python3.6/site-packages:/home/leh/test_ws/install/py_srvcli/lib/python3.6/site-packages:/home/leh/test_ws/install/py_sign_srvcli/lib/python3.6/site-packages:/home/leh/test_ws/install/py_pubsub/lib/python3.6/site-packages:/home/leh/test_ws/install/py_action/lib/python3.6/site-packages:/home/leh/test_ws/install/my_robot/lib/python3.6/site-packages:/opt/ros/dashing/lib/python3.6/site-packages /usr/bin/python3 setup.py egg_info --egg-base ../../build/py_two_pub_one_sub build --build-base /home/leh/test_ws/build/py_two_pub_one_sub/build install --prefix /home/leh/test_ws/install/py_two_pub_one_sub --record /home/leh/test_ws/build/py_two_pub_one_sub/install.log --single-version-externally-managed
[89.191s] Level 1:colcon.colcon_core.environment:checking '/home/leh/test_ws/install/py_two_pub_one_sub' for CMake config files
[89.195s] Level 1:colcon.colcon_core.environment:checking '/home/leh/test_ws/install/py_two_pub_one_sub/lib'
[89.196s] Level 1:colcon.colcon_core.environment:checking '/home/leh/test_ws/install/py_two_pub_one_sub/bin'
[89.196s] Level 1:colcon.colcon_core.environment:checking '/home/leh/test_ws/install/py_two_pub_one_sub/lib/pkgconfig/py_two_pub_one_sub.pc'
[89.197s] Level 1:colcon.colcon_core.environment:checking '/home/leh/test_ws/install/py_two_pub_one_sub/lib/python3.6/site-packages'
[89.197s] Level 1:colcon.colcon_core.shell:create_environment_hook('py_two_pub_one_sub', 'pythonpath')
[89.201s] INFO:colcon.colcon_core.shell:Creating environment hook '/home/leh/test_ws/install/py_two_pub_one_sub/share/py_two_pub_one_sub/hook/pythonpath.ps1'
[89.204s] INFO:colcon.colcon_core.shell:Creating environment descriptor '/home/leh/test_ws/install/py_two_pub_one_sub/share/py_two_pub_one_sub/hook/pythonpath.dsv'
[89.206s] INFO:colcon.colcon_core.shell:Creating environment hook '/home/leh/test_ws/install/py_two_pub_one_sub/share/py_two_pub_one_sub/hook/pythonpath.sh'
[89.207s] Level 1:colcon.colcon_core.environment:create_environment_scripts_only(py_two_pub_one_sub)
[89.213s] INFO:colcon.colcon_core.shell:Creating package script '/home/leh/test_ws/install/py_two_pub_one_sub/share/py_two_pub_one_sub/package.ps1'
[89.216s] INFO:colcon.colcon_core.shell:Creating package descriptor '/home/leh/test_ws/install/py_two_pub_one_sub/share/py_two_pub_one_sub/package.dsv'
[89.218s] INFO:colcon.colcon_core.shell:Creating package script '/home/leh/test_ws/install/py_two_pub_one_sub/share/py_two_pub_one_sub/package.sh'
[89.220s] INFO:colcon.colcon_core.shell:Creating package script '/home/leh/test_ws/install/py_two_pub_one_sub/share/py_two_pub_one_sub/package.bash'
[89.222s] INFO:colcon.colcon_core.shell:Creating package script '/home/leh/test_ws/install/py_two_pub_one_sub/share/py_two_pub_one_sub/package.zsh'
[89.224s] Level 1:colcon.colcon_core.environment:create_file_with_runtime_dependencies(/home/leh/test_ws/install/py_two_pub_one_sub/share/colcon-core/packages/py_two_pub_one_sub)
[89.225s] DEBUG:colcon.colcon_parallel_executor.executor.parallel:closing loop
[89.229s] DEBUG:colcon.colcon_parallel_executor.executor.parallel:loop closed
[89.230s] DEBUG:colcon.colcon_parallel_executor.executor.parallel:run_until_complete finished with '0'
[89.230s] DEBUG:colcon.colcon_core.event_reactor:joining thread
[89.260s] INFO:colcon.colcon_core.plugin_system:Skipping extension 'colcon_notification.desktop_notification.terminal_notifier': Not used on non-Darwin systems
[89.260s] INFO:colcon.colcon_core.plugin_system:Skipping extension 'colcon_notification.desktop_notification.win32': Not used on non-Windows systems
[89.261s] INFO:colcon.colcon_notification.desktop_notification:Sending desktop notification using 'notify2'
[89.285s] DEBUG:colcon.colcon_core.event_reactor:joined thread
[89.289s] INFO:colcon.colcon_core.shell:Creating prefix script '/home/leh/test_ws/install/local_setup.ps1'
[89.295s] INFO:colcon.colcon_core.shell:Creating prefix util module '/home/leh/test_ws/install/_local_setup_util_ps1.py'
[89.303s] INFO:colcon.colcon_core.shell:Creating prefix chain script '/home/leh/test_ws/install/setup.ps1'
[89.320s] INFO:colcon.colcon_core.shell:Creating prefix script '/home/leh/test_ws/install/local_setup.sh'
[89.324s] INFO:colcon.colcon_core.shell:Creating prefix util module '/home/leh/test_ws/install/_local_setup_util_sh.py'
[89.326s] INFO:colcon.colcon_core.shell:Creating prefix chain script '/home/leh/test_ws/install/setup.sh'
[89.345s] INFO:colcon.colcon_core.shell:Creating prefix script '/home/leh/test_ws/install/local_setup.bash'
[89.348s] INFO:colcon.colcon_core.shell:Creating prefix chain script '/home/leh/test_ws/install/setup.bash'
[89.368s] INFO:colcon.colcon_core.shell:Creating prefix script '/home/leh/test_ws/install/local_setup.zsh'
[89.371s] INFO:colcon.colcon_core.shell:Creating prefix chain script '/home/leh/test_ws/install/setup.zsh'
