/home/leh/test_ws/install/my_robot/lib/python3.6/site-packages/my_robot/__init__.py
/home/leh/test_ws/install/my_robot/lib/python3.6/site-packages/my_robot/robot_coordinate_action_client.py
/home/leh/test_ws/install/my_robot/lib/python3.6/site-packages/my_robot/encoder_publisher_function.py
/home/leh/test_ws/install/my_robot/lib/python3.6/site-packages/my_robot/motor_control_function.py
/home/leh/test_ws/install/my_robot/lib/python3.6/site-packages/my_robot/IMU_publisher_function.py
/home/leh/test_ws/install/my_robot/lib/python3.6/site-packages/my_robot/__pycache__/__init__.cpython-36.pyc
/home/leh/test_ws/install/my_robot/lib/python3.6/site-packages/my_robot/__pycache__/robot_coordinate_action_client.cpython-36.pyc
/home/leh/test_ws/install/my_robot/lib/python3.6/site-packages/my_robot/__pycache__/encoder_publisher_function.cpython-36.pyc
/home/leh/test_ws/install/my_robot/lib/python3.6/site-packages/my_robot/__pycache__/motor_control_function.cpython-36.pyc
/home/leh/test_ws/install/my_robot/lib/python3.6/site-packages/my_robot/__pycache__/IMU_publisher_function.cpython-36.pyc
/home/leh/test_ws/install/my_robot/share/ament_index/resource_index/packages/my_robot
/home/leh/test_ws/install/my_robot/share/my_robot/package.xml
/home/leh/test_ws/install/my_robot/share/my_robot/sensors.launch.py
/home/leh/test_ws/install/my_robot/lib/python3.6/site-packages/my_robot-0.0.0-py3.6.egg-info/top_level.txt
/home/leh/test_ws/install/my_robot/lib/python3.6/site-packages/my_robot-0.0.0-py3.6.egg-info/requires.txt
/home/leh/test_ws/install/my_robot/lib/python3.6/site-packages/my_robot-0.0.0-py3.6.egg-info/dependency_links.txt
/home/leh/test_ws/install/my_robot/lib/python3.6/site-packages/my_robot-0.0.0-py3.6.egg-info/entry_points.txt
/home/leh/test_ws/install/my_robot/lib/python3.6/site-packages/my_robot-0.0.0-py3.6.egg-info/zip-safe
/home/leh/test_ws/install/my_robot/lib/python3.6/site-packages/my_robot-0.0.0-py3.6.egg-info/SOURCES.txt
/home/leh/test_ws/install/my_robot/lib/python3.6/site-packages/my_robot-0.0.0-py3.6.egg-info/PKG-INFO
/home/leh/test_ws/install/my_robot/lib/my_robot/control
/home/leh/test_ws/install/my_robot/lib/my_robot/coordinate
/home/leh/test_ws/install/my_robot/lib/my_robot/encoder
/home/leh/test_ws/install/my_robot/lib/my_robot/imu
