[5.131s] Invoking command in '/home/leh/test_ws/src/py_srvcli': PYTHONPATH=/home/leh/test_ws/install/py_srvcli/lib/python3.6/site-packages:/home/leh/test_ws/install/tutorial_interfaces/lib/python3.6/site-packages:/home/leh/test_ws/install/py_srvcli/lib/python3.6/site-packages:/home/leh/test_ws/install/py_two_pub_one_sub/lib/python3.6/site-packages:/home/leh/test_ws/install/py_pubsub/lib/python3.6/site-packages:/opt/ros/dashing/lib/python3.6/site-packages /usr/bin/python3 setup.py egg_info --egg-base ../../build/py_srvcli build --build-base /home/leh/test_ws/build/py_srvcli/build install --prefix /home/leh/test_ws/install/py_srvcli --record /home/leh/test_ws/build/py_srvcli/install.log --single-version-externally-managed
[6.506s] /home/leh/.local/lib/python3.6/site-packages/setuptools/dist.py:720: UserWarning: Usage of dash-separated 'script-dir' will not be supported in future versions. Please use the underscore name 'script_dir' instead
[6.507s]   % (opt, underscore_opt)
[6.510s] /home/leh/.local/lib/python3.6/site-packages/setuptools/dist.py:720: UserWarning: Usage of dash-separated 'install-scripts' will not be supported in future versions. Please use the underscore name 'install_scripts' instead
[6.511s]   % (opt, underscore_opt)
[6.712s] running egg_info
[6.717s] writing ../../build/py_srvcli/py_srvcli.egg-info/PKG-INFO
[6.718s] writing dependency_links to ../../build/py_srvcli/py_srvcli.egg-info/dependency_links.txt
[6.718s] writing entry points to ../../build/py_srvcli/py_srvcli.egg-info/entry_points.txt
[6.719s] writing requirements to ../../build/py_srvcli/py_srvcli.egg-info/requires.txt
[6.720s] writing top-level names to ../../build/py_srvcli/py_srvcli.egg-info/top_level.txt
[6.729s] reading manifest file '../../build/py_srvcli/py_srvcli.egg-info/SOURCES.txt'
[6.735s] writing manifest file '../../build/py_srvcli/py_srvcli.egg-info/SOURCES.txt'
[6.736s] running build
[6.737s] running build_py
[6.738s] copying py_srvcli/client_member_function.py -> /home/leh/test_ws/build/py_srvcli/build/lib/py_srvcli
[6.739s] copying py_srvcli/service_member_function.py -> /home/leh/test_ws/build/py_srvcli/build/lib/py_srvcli
[6.740s] running install
[6.741s] /home/leh/.local/lib/python3.6/site-packages/setuptools/command/install.py:37: SetuptoolsDeprecationWarning: setup.py install is deprecated. Use build and pip and other standards-based tools.
[6.742s]   setuptools.SetuptoolsDeprecationWarning,
[6.743s] running install_lib
[6.746s] copying /home/leh/test_ws/build/py_srvcli/build/lib/py_srvcli/client_member_function.py -> /home/leh/test_ws/install/py_srvcli/lib/python3.6/site-packages/py_srvcli
[6.747s] copying /home/leh/test_ws/build/py_srvcli/build/lib/py_srvcli/service_member_function.py -> /home/leh/test_ws/install/py_srvcli/lib/python3.6/site-packages/py_srvcli
[6.750s] byte-compiling /home/leh/test_ws/install/py_srvcli/lib/python3.6/site-packages/py_srvcli/client_member_function.py to client_member_function.cpython-36.pyc
[6.753s] byte-compiling /home/leh/test_ws/install/py_srvcli/lib/python3.6/site-packages/py_srvcli/service_member_function.py to service_member_function.cpython-36.pyc
[6.755s] running install_data
[6.757s] running install_egg_info
[6.767s] removing '/home/leh/test_ws/install/py_srvcli/lib/python3.6/site-packages/py_srvcli-0.0.0-py3.6.egg-info' (and everything under it)
[6.769s] Copying ../../build/py_srvcli/py_srvcli.egg-info to /home/leh/test_ws/install/py_srvcli/lib/python3.6/site-packages/py_srvcli-0.0.0-py3.6.egg-info
[6.774s] running install_scripts
[6.937s] Installing client script to /home/leh/test_ws/install/py_srvcli/lib/py_srvcli
[6.939s] Installing service script to /home/leh/test_ws/install/py_srvcli/lib/py_srvcli
[6.939s] writing list of installed files to '/home/leh/test_ws/build/py_srvcli/install.log'
[7.141s] Invoked command in '/home/leh/test_ws/src/py_srvcli' returned '0': PYTHONPATH=/home/leh/test_ws/install/py_srvcli/lib/python3.6/site-packages:/home/leh/test_ws/install/tutorial_interfaces/lib/python3.6/site-packages:/home/leh/test_ws/install/py_srvcli/lib/python3.6/site-packages:/home/leh/test_ws/install/py_two_pub_one_sub/lib/python3.6/site-packages:/home/leh/test_ws/install/py_pubsub/lib/python3.6/site-packages:/opt/ros/dashing/lib/python3.6/site-packages /usr/bin/python3 setup.py egg_info --egg-base ../../build/py_srvcli build --build-base /home/leh/test_ws/build/py_srvcli/build install --prefix /home/leh/test_ws/install/py_srvcli --record /home/leh/test_ws/build/py_srvcli/install.log --single-version-externally-managed
