[1.721s] DEBUG:colcon:Command line arguments: ['/usr/bin/colcon', 'build', '--packages-select', 'py_two_pub_one_sub']
[1.722s] DEBUG:colcon:Parsed command line arguments: Namespace(ament_cmake_args=None, base_paths=['.'], build_base='build', catkin_cmake_args=None, catkin_skip_building_tests=False, cmake_args=None, cmake_clean_cache=False, cmake_clean_first=False, cmake_force_configure=False, cmake_target=None, cmake_target_skip_unavailable=False, continue_on_error=False, event_handlers=None, executor='parallel', ignore_user_meta=False, install_base='install', log_base=None, log_level=None, main=<bound method BuildVerb.main of <colcon_core.verb.build.BuildVerb object at 0x7f8a1466d8>>, merge_install=False, metas=['./colcon.meta'], packages_above=None, packages_above_and_dependencies=None, packages_above_depth=None, packages_end=None, packages_ignore=None, packages_ignore_regex=None, packages_select=['py_two_pub_one_sub'], packages_select_build_failed=False, packages_select_by_dep=None, packages_select_regex=None, packages_select_test_failures=False, packages_skip=None, packages_skip_build_finished=False, packages_skip_by_dep=None, packages_skip_regex=None, packages_skip_test_passed=False, packages_skip_up_to=None, packages_start=None, packages_up_to=None, packages_up_to_regex=None, parallel_workers=4, paths=None, symlink_install=False, test_result_base=None, verb_extension=<colcon_core.verb.build.BuildVerb object at 0x7f8a1466d8>, verb_name='build', verb_parser=<colcon_defaults.argument_parser.defaults.DefaultArgumentsDecorator object at 0x7f8a146a20>)
[1.753s] Level 1:colcon.colcon_core.package_discovery:discover_packages(colcon_meta) check parameters
[1.754s] Level 1:colcon.colcon_core.package_discovery:discover_packages(recursive) check parameters
[1.754s] Level 1:colcon.colcon_core.package_discovery:discover_packages(ignore) check parameters
[1.754s] Level 1:colcon.colcon_core.package_discovery:discover_packages(path) check parameters
[1.755s] Level 1:colcon.colcon_core.package_discovery:discover_packages(colcon_meta) discover
[1.756s] Level 1:colcon.colcon_core.package_discovery:discover_packages(recursive) discover
[1.757s] INFO:colcon.colcon_core.package_discovery:Crawling recursively for packages in '/home/leh/test_ws'
[1.757s] Level 1:colcon.colcon_core.package_identification:_identify(.) by extensions ['ignore', 'ignore_ament_install']
[1.758s] Level 1:colcon.colcon_core.package_identification:_identify(.) by extension 'ignore'
[1.758s] Level 1:colcon.colcon_core.package_identification:_identify(.) by extension 'ignore_ament_install'
[1.758s] Level 1:colcon.colcon_core.package_identification:_identify(.) by extensions ['colcon_pkg']
[1.759s] Level 1:colcon.colcon_core.package_identification:_identify(.) by extension 'colcon_pkg'
[1.759s] Level 1:colcon.colcon_core.package_identification:_identify(.) by extensions ['colcon_meta']
[1.759s] Level 1:colcon.colcon_core.package_identification:_identify(.) by extension 'colcon_meta'
[1.759s] Level 1:colcon.colcon_core.package_identification:_identify(.) by extensions ['ros']
[1.760s] Level 1:colcon.colcon_core.package_identification:_identify(.) by extension 'ros'
[1.817s] Level 1:colcon.colcon_core.package_identification:_identify(.) by extensions ['cmake', 'python']
[1.817s] Level 1:colcon.colcon_core.package_identification:_identify(.) by extension 'cmake'
[1.817s] Level 1:colcon.colcon_core.package_identification:_identify(.) by extension 'python'
[1.818s] Level 1:colcon.colcon_core.package_identification:_identify(.) by extensions ['python_setup_py']
[1.818s] Level 1:colcon.colcon_core.package_identification:_identify(.) by extension 'python_setup_py'
[1.819s] Level 1:colcon.colcon_core.package_identification:_identify(build) by extensions ['ignore', 'ignore_ament_install']
[1.819s] Level 1:colcon.colcon_core.package_identification:_identify(build) by extension 'ignore'
[1.820s] Level 1:colcon.colcon_core.package_identification:_identify(build) ignored
[1.822s] Level 1:colcon.colcon_core.package_identification:_identify(install) by extensions ['ignore', 'ignore_ament_install']
[1.822s] Level 1:colcon.colcon_core.package_identification:_identify(install) by extension 'ignore'
[1.823s] Level 1:colcon.colcon_core.package_identification:_identify(install) ignored
[1.824s] Level 1:colcon.colcon_core.package_identification:_identify(log) by extensions ['ignore', 'ignore_ament_install']
[1.824s] Level 1:colcon.colcon_core.package_identification:_identify(log) by extension 'ignore'
[1.824s] Level 1:colcon.colcon_core.package_identification:_identify(log) ignored
[1.825s] Level 1:colcon.colcon_core.package_identification:_identify(src) by extensions ['ignore', 'ignore_ament_install']
[1.825s] Level 1:colcon.colcon_core.package_identification:_identify(src) by extension 'ignore'
[1.826s] Level 1:colcon.colcon_core.package_identification:_identify(src) by extension 'ignore_ament_install'
[1.826s] Level 1:colcon.colcon_core.package_identification:_identify(src) by extensions ['colcon_pkg']
[1.826s] Level 1:colcon.colcon_core.package_identification:_identify(src) by extension 'colcon_pkg'
[1.827s] Level 1:colcon.colcon_core.package_identification:_identify(src) by extensions ['colcon_meta']
[1.827s] Level 1:colcon.colcon_core.package_identification:_identify(src) by extension 'colcon_meta'
[1.827s] Level 1:colcon.colcon_core.package_identification:_identify(src) by extensions ['ros']
[1.827s] Level 1:colcon.colcon_core.package_identification:_identify(src) by extension 'ros'
[1.828s] Level 1:colcon.colcon_core.package_identification:_identify(src) by extensions ['cmake', 'python']
[1.828s] Level 1:colcon.colcon_core.package_identification:_identify(src) by extension 'cmake'
[1.828s] Level 1:colcon.colcon_core.package_identification:_identify(src) by extension 'python'
[1.829s] Level 1:colcon.colcon_core.package_identification:_identify(src) by extensions ['python_setup_py']
[1.829s] Level 1:colcon.colcon_core.package_identification:_identify(src) by extension 'python_setup_py'
[1.829s] Level 1:colcon.colcon_core.package_identification:_identify(src/py_pubsub) by extensions ['ignore', 'ignore_ament_install']
[1.830s] Level 1:colcon.colcon_core.package_identification:_identify(src/py_pubsub) by extension 'ignore'
[1.830s] Level 1:colcon.colcon_core.package_identification:_identify(src/py_pubsub) by extension 'ignore_ament_install'
[1.831s] Level 1:colcon.colcon_core.package_identification:_identify(src/py_pubsub) by extensions ['colcon_pkg']
[1.831s] Level 1:colcon.colcon_core.package_identification:_identify(src/py_pubsub) by extension 'colcon_pkg'
[1.831s] Level 1:colcon.colcon_core.package_identification:_identify(src/py_pubsub) by extensions ['colcon_meta']
[1.831s] Level 1:colcon.colcon_core.package_identification:_identify(src/py_pubsub) by extension 'colcon_meta'
[1.832s] Level 1:colcon.colcon_core.package_identification:_identify(src/py_pubsub) by extensions ['ros']
[1.832s] Level 1:colcon.colcon_core.package_identification:_identify(src/py_pubsub) by extension 'ros'
[1.844s] DEBUG:colcon.colcon_core.package_identification:Package 'src/py_pubsub' with type 'ros.ament_python' and name 'py_pubsub'
[1.844s] Level 1:colcon.colcon_core.package_identification:_identify(src/py_two_pub_one_sub) by extensions ['ignore', 'ignore_ament_install']
[1.845s] Level 1:colcon.colcon_core.package_identification:_identify(src/py_two_pub_one_sub) by extension 'ignore'
[1.845s] Level 1:colcon.colcon_core.package_identification:_identify(src/py_two_pub_one_sub) by extension 'ignore_ament_install'
[1.846s] Level 1:colcon.colcon_core.package_identification:_identify(src/py_two_pub_one_sub) by extensions ['colcon_pkg']
[1.846s] Level 1:colcon.colcon_core.package_identification:_identify(src/py_two_pub_one_sub) by extension 'colcon_pkg'
[1.846s] Level 1:colcon.colcon_core.package_identification:_identify(src/py_two_pub_one_sub) by extensions ['colcon_meta']
[1.846s] Level 1:colcon.colcon_core.package_identification:_identify(src/py_two_pub_one_sub) by extension 'colcon_meta'
[1.847s] Level 1:colcon.colcon_core.package_identification:_identify(src/py_two_pub_one_sub) by extensions ['ros']
[1.847s] Level 1:colcon.colcon_core.package_identification:_identify(src/py_two_pub_one_sub) by extension 'ros'
[1.850s] DEBUG:colcon.colcon_core.package_identification:Package 'src/py_two_pub_one_sub' with type 'ros.ament_python' and name 'py_two_pub_one_sub'
[1.851s] Level 1:colcon.colcon_core.package_identification:_identify(src/tutorial_interfaces) by extensions ['ignore', 'ignore_ament_install']
[1.852s] Level 1:colcon.colcon_core.package_identification:_identify(src/tutorial_interfaces) by extension 'ignore'
[1.852s] Level 1:colcon.colcon_core.package_identification:_identify(src/tutorial_interfaces) by extension 'ignore_ament_install'
[1.852s] Level 1:colcon.colcon_core.package_identification:_identify(src/tutorial_interfaces) by extensions ['colcon_pkg']
[1.853s] Level 1:colcon.colcon_core.package_identification:_identify(src/tutorial_interfaces) by extension 'colcon_pkg'
[1.853s] Level 1:colcon.colcon_core.package_identification:_identify(src/tutorial_interfaces) by extensions ['colcon_meta']
[1.853s] Level 1:colcon.colcon_core.package_identification:_identify(src/tutorial_interfaces) by extension 'colcon_meta'
[1.853s] Level 1:colcon.colcon_core.package_identification:_identify(src/tutorial_interfaces) by extensions ['ros']
[1.854s] Level 1:colcon.colcon_core.package_identification:_identify(src/tutorial_interfaces) by extension 'ros'
[1.856s] DEBUG:colcon.colcon_core.package_identification:Package 'src/tutorial_interfaces' with type 'ros.ament_cmake' and name 'tutorial_interfaces'
[1.857s] Level 1:colcon.colcon_core.package_discovery:discover_packages(recursive) using defaults
[1.858s] Level 1:colcon.colcon_core.package_discovery:discover_packages(ignore) discover
[1.858s] Level 1:colcon.colcon_core.package_discovery:discover_packages(ignore) using defaults
[1.858s] Level 1:colcon.colcon_core.package_discovery:discover_packages(path) discover
[1.858s] Level 1:colcon.colcon_core.package_discovery:discover_packages(path) using defaults
[2.012s] INFO:colcon.colcon_core.package_selection:Skipping not selected package 'tutorial_interfaces' in 'src/tutorial_interfaces'
[2.012s] INFO:colcon.colcon_core.package_selection:Skipping not selected package 'py_pubsub' in 'src/py_pubsub'
[2.034s] Level 5:colcon.colcon_core.verb:set package 'py_two_pub_one_sub' build argument 'cmake_args' from command line to 'None'
[2.035s] Level 5:colcon.colcon_core.verb:set package 'py_two_pub_one_sub' build argument 'cmake_target' from command line to 'None'
[2.035s] Level 5:colcon.colcon_core.verb:set package 'py_two_pub_one_sub' build argument 'cmake_target_skip_unavailable' from command line to 'False'
[2.035s] Level 5:colcon.colcon_core.verb:set package 'py_two_pub_one_sub' build argument 'cmake_clean_cache' from command line to 'False'
[2.035s] Level 5:colcon.colcon_core.verb:set package 'py_two_pub_one_sub' build argument 'cmake_clean_first' from command line to 'False'
[2.036s] Level 5:colcon.colcon_core.verb:set package 'py_two_pub_one_sub' build argument 'cmake_force_configure' from command line to 'False'
[2.036s] Level 5:colcon.colcon_core.verb:set package 'py_two_pub_one_sub' build argument 'ament_cmake_args' from command line to 'None'
[2.036s] Level 5:colcon.colcon_core.verb:set package 'py_two_pub_one_sub' build argument 'catkin_cmake_args' from command line to 'None'
[2.036s] Level 5:colcon.colcon_core.verb:set package 'py_two_pub_one_sub' build argument 'catkin_skip_building_tests' from command line to 'False'
[2.037s] DEBUG:colcon.colcon_core.verb:Building package 'py_two_pub_one_sub' with the following arguments: {'ament_cmake_args': None, 'build_base': '/home/leh/test_ws/build/py_two_pub_one_sub', 'catkin_cmake_args': None, 'catkin_skip_building_tests': False, 'cmake_args': None, 'cmake_clean_cache': False, 'cmake_clean_first': False, 'cmake_force_configure': False, 'cmake_target': None, 'cmake_target_skip_unavailable': False, 'install_base': '/home/leh/test_ws/install/py_two_pub_one_sub', 'merge_install': False, 'path': '/home/leh/test_ws/src/py_two_pub_one_sub', 'symlink_install': False, 'test_result_base': None}
[2.039s] INFO:colcon.colcon_core.executor:Executing jobs using 'parallel' executor
[2.052s] DEBUG:colcon.colcon_parallel_executor.executor.parallel:run_until_complete
[2.053s] INFO:colcon.colcon_ros.task.ament_python.build:Building ROS package in '/home/leh/test_ws/src/py_two_pub_one_sub' with build type 'ament_python'
[2.055s] Level 1:colcon.colcon_core.shell:create_environment_hook('py_two_pub_one_sub', 'ament_prefix_path')
[2.075s] INFO:colcon.colcon_core.plugin_system:Skipping extension 'colcon_core.shell.bat': Not used on non-Windows systems
[2.076s] INFO:colcon.colcon_core.shell:Creating environment hook '/home/leh/test_ws/install/py_two_pub_one_sub/share/py_two_pub_one_sub/hook/ament_prefix_path.ps1'
[2.079s] INFO:colcon.colcon_core.shell:Creating environment descriptor '/home/leh/test_ws/install/py_two_pub_one_sub/share/py_two_pub_one_sub/hook/ament_prefix_path.dsv'
[2.082s] INFO:colcon.colcon_core.shell:Creating environment hook '/home/leh/test_ws/install/py_two_pub_one_sub/share/py_two_pub_one_sub/hook/ament_prefix_path.sh'
[2.089s] INFO:colcon.colcon_core.shell:Skip shell extension 'powershell' for command environment: Not usable outside of PowerShell
[2.089s] DEBUG:colcon.colcon_core.shell:Skip shell extension 'dsv' for command environment
[2.106s] DEBUG:colcon.colcon_core.shell:Ignoring prefix path '/opt/ros/dashing'
[3.557s] INFO:colcon.colcon_core.task.python.build:Building Python package in '/home/leh/test_ws/src/py_two_pub_one_sub'
[3.562s] INFO:colcon.colcon_core.shell:Skip shell extension 'powershell' for command environment: Not usable outside of PowerShell
[3.562s] DEBUG:colcon.colcon_core.shell:Skip shell extension 'dsv' for command environment
[3.581s] DEBUG:colcon.colcon_core.shell:Ignoring prefix path '/opt/ros/dashing'
[3.611s] DEBUG:colcon.colcon_core.event_handler.log_command:Invoking command in '/home/leh/test_ws/src/py_two_pub_one_sub': PYTHONPATH=/home/leh/test_ws/install/py_two_pub_one_sub/lib/python3.6/site-packages:/home/leh/test_ws/install/tutorial_interfaces/lib/python3.6/site-packages:/home/leh/test_ws/install/py_two_pub_one_sub/lib/python3.6/site-packages:/home/leh/test_ws/install/py_pubsub/lib/python3.6/site-packages:/opt/ros/dashing/lib/python3.6/site-packages /usr/bin/python3 setup.py egg_info --egg-base ../../build/py_two_pub_one_sub build --build-base /home/leh/test_ws/build/py_two_pub_one_sub/build install --prefix /home/leh/test_ws/install/py_two_pub_one_sub --record /home/leh/test_ws/build/py_two_pub_one_sub/install.log --single-version-externally-managed
[5.238s] DEBUG:colcon.colcon_core.event_handler.log_command:Invoked command in '/home/leh/test_ws/src/py_two_pub_one_sub' returned '0': PYTHONPATH=/home/leh/test_ws/install/py_two_pub_one_sub/lib/python3.6/site-packages:/home/leh/test_ws/install/tutorial_interfaces/lib/python3.6/site-packages:/home/leh/test_ws/install/py_two_pub_one_sub/lib/python3.6/site-packages:/home/leh/test_ws/install/py_pubsub/lib/python3.6/site-packages:/opt/ros/dashing/lib/python3.6/site-packages /usr/bin/python3 setup.py egg_info --egg-base ../../build/py_two_pub_one_sub build --build-base /home/leh/test_ws/build/py_two_pub_one_sub/build install --prefix /home/leh/test_ws/install/py_two_pub_one_sub --record /home/leh/test_ws/build/py_two_pub_one_sub/install.log --single-version-externally-managed
[5.253s] Level 1:colcon.colcon_core.environment:checking '/home/leh/test_ws/install/py_two_pub_one_sub' for CMake module files
[5.256s] Level 1:colcon.colcon_core.environment:checking '/home/leh/test_ws/install/py_two_pub_one_sub' for CMake config files
[5.261s] Level 1:colcon.colcon_core.environment:checking '/home/leh/test_ws/install/py_two_pub_one_sub/lib'
[5.262s] Level 1:colcon.colcon_core.environment:checking '/home/leh/test_ws/install/py_two_pub_one_sub/bin'
[5.263s] Level 1:colcon.colcon_core.environment:checking '/home/leh/test_ws/install/py_two_pub_one_sub/lib/pkgconfig/py_two_pub_one_sub.pc'
[5.263s] Level 1:colcon.colcon_core.environment:checking '/home/leh/test_ws/install/py_two_pub_one_sub/lib/python3.6/site-packages'
[5.263s] Level 1:colcon.colcon_core.shell:create_environment_hook('py_two_pub_one_sub', 'pythonpath')
[5.268s] INFO:colcon.colcon_core.shell:Creating environment hook '/home/leh/test_ws/install/py_two_pub_one_sub/share/py_two_pub_one_sub/hook/pythonpath.ps1'
[5.270s] INFO:colcon.colcon_core.shell:Creating environment descriptor '/home/leh/test_ws/install/py_two_pub_one_sub/share/py_two_pub_one_sub/hook/pythonpath.dsv'
[5.271s] INFO:colcon.colcon_core.shell:Creating environment hook '/home/leh/test_ws/install/py_two_pub_one_sub/share/py_two_pub_one_sub/hook/pythonpath.sh'
[5.273s] Level 1:colcon.colcon_core.environment:create_environment_scripts_only(py_two_pub_one_sub)
[5.278s] INFO:colcon.colcon_core.shell:Creating package script '/home/leh/test_ws/install/py_two_pub_one_sub/share/py_two_pub_one_sub/package.ps1'
[5.284s] INFO:colcon.colcon_core.shell:Creating package descriptor '/home/leh/test_ws/install/py_two_pub_one_sub/share/py_two_pub_one_sub/package.dsv'
[5.287s] INFO:colcon.colcon_core.shell:Creating package script '/home/leh/test_ws/install/py_two_pub_one_sub/share/py_two_pub_one_sub/package.sh'
[5.293s] INFO:colcon.colcon_core.shell:Creating package script '/home/leh/test_ws/install/py_two_pub_one_sub/share/py_two_pub_one_sub/package.bash'
[5.298s] INFO:colcon.colcon_core.shell:Creating package script '/home/leh/test_ws/install/py_two_pub_one_sub/share/py_two_pub_one_sub/package.zsh'
[5.303s] Level 1:colcon.colcon_core.environment:create_file_with_runtime_dependencies(/home/leh/test_ws/install/py_two_pub_one_sub/share/colcon-core/packages/py_two_pub_one_sub)
[5.304s] DEBUG:colcon.colcon_parallel_executor.executor.parallel:closing loop
[5.307s] DEBUG:colcon.colcon_parallel_executor.executor.parallel:loop closed
[5.308s] DEBUG:colcon.colcon_parallel_executor.executor.parallel:run_until_complete finished with '0'
[5.310s] DEBUG:colcon.colcon_core.event_reactor:joining thread
[5.343s] INFO:colcon.colcon_core.plugin_system:Skipping extension 'colcon_notification.desktop_notification.terminal_notifier': Not used on non-Darwin systems
[5.343s] INFO:colcon.colcon_core.plugin_system:Skipping extension 'colcon_notification.desktop_notification.win32': Not used on non-Windows systems
[5.344s] INFO:colcon.colcon_notification.desktop_notification:Sending desktop notification using 'notify2'
[5.368s] DEBUG:colcon.colcon_core.event_reactor:joined thread
[5.371s] INFO:colcon.colcon_core.shell:Creating prefix script '/home/leh/test_ws/install/local_setup.ps1'
[5.377s] INFO:colcon.colcon_core.shell:Creating prefix util module '/home/leh/test_ws/install/_local_setup_util_ps1.py'
[5.386s] INFO:colcon.colcon_core.shell:Creating prefix chain script '/home/leh/test_ws/install/setup.ps1'
[5.402s] INFO:colcon.colcon_core.shell:Creating prefix script '/home/leh/test_ws/install/local_setup.sh'
[5.406s] INFO:colcon.colcon_core.shell:Creating prefix util module '/home/leh/test_ws/install/_local_setup_util_sh.py'
[5.408s] INFO:colcon.colcon_core.shell:Creating prefix chain script '/home/leh/test_ws/install/setup.sh'
[5.425s] INFO:colcon.colcon_core.shell:Creating prefix script '/home/leh/test_ws/install/local_setup.bash'
[5.429s] INFO:colcon.colcon_core.shell:Creating prefix chain script '/home/leh/test_ws/install/setup.bash'
[5.445s] INFO:colcon.colcon_core.shell:Creating prefix script '/home/leh/test_ws/install/local_setup.zsh'
[5.447s] INFO:colcon.colcon_core.shell:Creating prefix chain script '/home/leh/test_ws/install/setup.zsh'
