[3.607s] Invoking command in '/home/leh/test_ws/src/py_srvcli': AMENT_PREFIX_PATH=/home/leh/test_ws/install/tutorial_interfaces:${AMENT_PREFIX_PATH} CMAKE_PREFIX_PATH=/home/leh/test_ws/install/tutorial_interfaces LD_LIBRARY_PATH=/home/leh/test_ws/install/tutorial_interfaces/lib:${LD_LIBRARY_PATH} PYTHONPATH=/home/leh/test_ws/install/py_srvcli/lib/python3.6/site-packages:/home/leh/test_ws/install/tutorial_interfaces/lib/python3.6/site-packages:${PYTHONPATH} /usr/bin/python3 setup.py egg_info --egg-base ../../build/py_srvcli build --build-base /home/leh/test_ws/build/py_srvcli/build install --prefix /home/leh/test_ws/install/py_srvcli --record /home/leh/test_ws/build/py_srvcli/install.log --single-version-externally-managed
[4.830s] /home/leh/.local/lib/python3.6/site-packages/setuptools/dist.py:720: UserWarning: Usage of dash-separated 'script-dir' will not be supported in future versions. Please use the underscore name 'script_dir' instead
[4.831s]   % (opt, underscore_opt)
[4.832s] /home/leh/.local/lib/python3.6/site-packages/setuptools/dist.py:720: UserWarning: Usage of dash-separated 'install-scripts' will not be supported in future versions. Please use the underscore name 'install_scripts' instead
[4.832s]   % (opt, underscore_opt)
[5.006s] running egg_info
[5.009s] writing ../../build/py_srvcli/py_srvcli.egg-info/PKG-INFO
[5.012s] writing dependency_links to ../../build/py_srvcli/py_srvcli.egg-info/dependency_links.txt
[5.013s] writing entry points to ../../build/py_srvcli/py_srvcli.egg-info/entry_points.txt
[5.013s] writing requirements to ../../build/py_srvcli/py_srvcli.egg-info/requires.txt
[5.014s] writing top-level names to ../../build/py_srvcli/py_srvcli.egg-info/top_level.txt
[5.023s] reading manifest file '../../build/py_srvcli/py_srvcli.egg-info/SOURCES.txt'
[5.031s] writing manifest file '../../build/py_srvcli/py_srvcli.egg-info/SOURCES.txt'
[5.031s] running build
[5.034s] running build_py
[5.035s] running install
[5.036s] /home/leh/.local/lib/python3.6/site-packages/setuptools/command/install.py:37: SetuptoolsDeprecationWarning: setup.py install is deprecated. Use build and pip and other standards-based tools.
[5.037s]   setuptools.SetuptoolsDeprecationWarning,
[5.041s] running install_lib
[5.048s] running install_data
[5.049s] running install_egg_info
[5.052s] removing '/home/leh/test_ws/install/py_srvcli/lib/python3.6/site-packages/py_srvcli-0.0.0-py3.6.egg-info' (and everything under it)
[5.054s] Copying ../../build/py_srvcli/py_srvcli.egg-info to /home/leh/test_ws/install/py_srvcli/lib/python3.6/site-packages/py_srvcli-0.0.0-py3.6.egg-info
[5.062s] running install_scripts
[5.154s] Installing client script to /home/leh/test_ws/install/py_srvcli/lib/py_srvcli
[5.155s] Installing service script to /home/leh/test_ws/install/py_srvcli/lib/py_srvcli
[5.158s] writing list of installed files to '/home/leh/test_ws/build/py_srvcli/install.log'
[5.283s] Invoked command in '/home/leh/test_ws/src/py_srvcli' returned '0': AMENT_PREFIX_PATH=/home/leh/test_ws/install/tutorial_interfaces:${AMENT_PREFIX_PATH} CMAKE_PREFIX_PATH=/home/leh/test_ws/install/tutorial_interfaces LD_LIBRARY_PATH=/home/leh/test_ws/install/tutorial_interfaces/lib:${LD_LIBRARY_PATH} PYTHONPATH=/home/leh/test_ws/install/py_srvcli/lib/python3.6/site-packages:/home/leh/test_ws/install/tutorial_interfaces/lib/python3.6/site-packages:${PYTHONPATH} /usr/bin/python3 setup.py egg_info --egg-base ../../build/py_srvcli build --build-base /home/leh/test_ws/build/py_srvcli/build install --prefix /home/leh/test_ws/install/py_srvcli --record /home/leh/test_ws/build/py_srvcli/install.log --single-version-externally-managed
