[1.693s] Invoking command in '/home/leh/test_ws/src/py_action': PYTHONPATH=/home/leh/test_ws/install/py_action/lib/python3.6/site-packages:/home/leh/test_ws/install/tutorial_interfaces/lib/python3.6/site-packages:/home/leh/test_ws/install/py_two_pub_one_sub/lib/python3.6/site-packages:/home/leh/test_ws/install/py_srvcli/lib/python3.6/site-packages:/home/leh/test_ws/install/py_sign_srvcli/lib/python3.6/site-packages:/home/leh/test_ws/install/py_pubsub/lib/python3.6/site-packages:/home/leh/test_ws/install/py_action/lib/python3.6/site-packages:/home/leh/test_ws/install/my_robot/lib/python3.6/site-packages:/opt/ros/dashing/lib/python3.6/site-packages /usr/bin/python3 setup.py egg_info --egg-base ../../build/py_action build --build-base /home/leh/test_ws/build/py_action/build install --prefix /home/leh/test_ws/install/py_action --record /home/leh/test_ws/build/py_action/install.log --single-version-externally-managed
[3.019s] /home/leh/.local/lib/python3.6/site-packages/setuptools/dist.py:720: UserWarning: Usage of dash-separated 'script-dir' will not be supported in future versions. Please use the underscore name 'script_dir' instead
[3.020s]   % (opt, underscore_opt)
[3.021s] /home/leh/.local/lib/python3.6/site-packages/setuptools/dist.py:720: UserWarning: Usage of dash-separated 'install-scripts' will not be supported in future versions. Please use the underscore name 'install_scripts' instead
[3.022s]   % (opt, underscore_opt)
[3.218s] running egg_info
[3.227s] writing ../../build/py_action/py_action.egg-info/PKG-INFO
[3.229s] writing dependency_links to ../../build/py_action/py_action.egg-info/dependency_links.txt
[3.229s] writing entry points to ../../build/py_action/py_action.egg-info/entry_points.txt
[3.230s] writing requirements to ../../build/py_action/py_action.egg-info/requires.txt
[3.230s] writing top-level names to ../../build/py_action/py_action.egg-info/top_level.txt
[3.236s] reading manifest file '../../build/py_action/py_action.egg-info/SOURCES.txt'
[3.245s] writing manifest file '../../build/py_action/py_action.egg-info/SOURCES.txt'
[3.246s] running build
[3.247s] running build_py
[3.249s] copying py_action/fibonacci_action_server.py -> /home/leh/test_ws/build/py_action/build/lib/py_action
[3.250s] running install
[3.251s] /home/leh/.local/lib/python3.6/site-packages/setuptools/command/install.py:37: SetuptoolsDeprecationWarning: setup.py install is deprecated. Use build and pip and other standards-based tools.
[3.251s]   setuptools.SetuptoolsDeprecationWarning,
[3.252s] running install_lib
[3.254s] copying /home/leh/test_ws/build/py_action/build/lib/py_action/fibonacci_action_server.py -> /home/leh/test_ws/install/py_action/lib/python3.6/site-packages/py_action
[3.257s] byte-compiling /home/leh/test_ws/install/py_action/lib/python3.6/site-packages/py_action/fibonacci_action_server.py to fibonacci_action_server.cpython-36.pyc
[3.268s] running install_data
[3.269s] running install_egg_info
[3.272s] removing '/home/leh/test_ws/install/py_action/lib/python3.6/site-packages/py_action-0.0.0-py3.6.egg-info' (and everything under it)
[3.274s] Copying ../../build/py_action/py_action.egg-info to /home/leh/test_ws/install/py_action/lib/python3.6/site-packages/py_action-0.0.0-py3.6.egg-info
[3.279s] running install_scripts
[3.375s] Installing fibonacci_client script to /home/leh/test_ws/install/py_action/lib/py_action
[3.377s] Installing fibonacci_server script to /home/leh/test_ws/install/py_action/lib/py_action
[3.378s] writing list of installed files to '/home/leh/test_ws/build/py_action/install.log'
[3.497s] Invoked command in '/home/leh/test_ws/src/py_action' returned '0': PYTHONPATH=/home/leh/test_ws/install/py_action/lib/python3.6/site-packages:/home/leh/test_ws/install/tutorial_interfaces/lib/python3.6/site-packages:/home/leh/test_ws/install/py_two_pub_one_sub/lib/python3.6/site-packages:/home/leh/test_ws/install/py_srvcli/lib/python3.6/site-packages:/home/leh/test_ws/install/py_sign_srvcli/lib/python3.6/site-packages:/home/leh/test_ws/install/py_pubsub/lib/python3.6/site-packages:/home/leh/test_ws/install/py_action/lib/python3.6/site-packages:/home/leh/test_ws/install/my_robot/lib/python3.6/site-packages:/opt/ros/dashing/lib/python3.6/site-packages /usr/bin/python3 setup.py egg_info --egg-base ../../build/py_action build --build-base /home/leh/test_ws/build/py_action/build install --prefix /home/leh/test_ws/install/py_action --record /home/leh/test_ws/build/py_action/install.log --single-version-externally-managed
