[7.495s] Invoking command in '/home/leh/test_ws/src/py_sign_srvcli': PYTHONPATH=/home/leh/test_ws/install/py_sign_srvcli/lib/python3.6/site-packages:/home/leh/test_ws/install/tutorial_interfaces/lib/python3.6/site-packages:/home/leh/test_ws/install/py_two_pub_one_sub/lib/python3.6/site-packages:/home/leh/test_ws/install/py_srvcli/lib/python3.6/site-packages:/home/leh/test_ws/install/py_sign_srvcli/lib/python3.6/site-packages:/home/leh/test_ws/install/py_pubsub/lib/python3.6/site-packages:/home/leh/test_ws/install/py_action/lib/python3.6/site-packages:/home/leh/test_ws/install/my_robot/lib/python3.6/site-packages:/opt/ros/dashing/lib/python3.6/site-packages /usr/bin/python3 setup.py egg_info --egg-base ../../build/py_sign_srvcli build --build-base /home/leh/test_ws/build/py_sign_srvcli/build install --prefix /home/leh/test_ws/install/py_sign_srvcli --record /home/leh/test_ws/build/py_sign_srvcli/install.log --single-version-externally-managed
[9.027s] /home/leh/.local/lib/python3.6/site-packages/setuptools/dist.py:720: UserWarning: Usage of dash-separated 'script-dir' will not be supported in future versions. Please use the underscore name 'script_dir' instead
[9.028s]   % (opt, underscore_opt)
[9.035s] /home/leh/.local/lib/python3.6/site-packages/setuptools/dist.py:720: UserWarning: Usage of dash-separated 'install-scripts' will not be supported in future versions. Please use the underscore name 'install_scripts' instead
[9.035s]   % (opt, underscore_opt)
[9.407s] running egg_info
[9.414s] writing ../../build/py_sign_srvcli/py_sign_srvcli.egg-info/PKG-INFO
[9.417s] writing dependency_links to ../../build/py_sign_srvcli/py_sign_srvcli.egg-info/dependency_links.txt
[9.420s] writing entry points to ../../build/py_sign_srvcli/py_sign_srvcli.egg-info/entry_points.txt
[9.422s] writing requirements to ../../build/py_sign_srvcli/py_sign_srvcli.egg-info/requires.txt
[9.423s] writing top-level names to ../../build/py_sign_srvcli/py_sign_srvcli.egg-info/top_level.txt
[9.435s] reading manifest file '../../build/py_sign_srvcli/py_sign_srvcli.egg-info/SOURCES.txt'
[9.448s] writing manifest file '../../build/py_sign_srvcli/py_sign_srvcli.egg-info/SOURCES.txt'
[9.450s] running build
[9.453s] running build_py
[9.459s] running install
[9.461s] /home/leh/.local/lib/python3.6/site-packages/setuptools/command/install.py:37: SetuptoolsDeprecationWarning: setup.py install is deprecated. Use build and pip and other standards-based tools.
[9.462s]   setuptools.SetuptoolsDeprecationWarning,
[9.469s] running install_lib
[9.478s] running install_data
[9.482s] running install_egg_info
[9.496s] removing '/home/leh/test_ws/install/py_sign_srvcli/lib/python3.6/site-packages/py_sign_srvcli-0.0.0-py3.6.egg-info' (and everything under it)
[9.499s] Copying ../../build/py_sign_srvcli/py_sign_srvcli.egg-info to /home/leh/test_ws/install/py_sign_srvcli/lib/python3.6/site-packages/py_sign_srvcli-0.0.0-py3.6.egg-info
[9.549s] running install_scripts
[9.705s] Installing sign_client script to /home/leh/test_ws/install/py_sign_srvcli/lib/py_sign_srvcli
[9.706s] Installing sign_service script to /home/leh/test_ws/install/py_sign_srvcli/lib/py_sign_srvcli
[9.707s] writing list of installed files to '/home/leh/test_ws/build/py_sign_srvcli/install.log'
[11.492s] Invoked command in '/home/leh/test_ws/src/py_sign_srvcli' returned '0': PYTHONPATH=/home/leh/test_ws/install/py_sign_srvcli/lib/python3.6/site-packages:/home/leh/test_ws/install/tutorial_interfaces/lib/python3.6/site-packages:/home/leh/test_ws/install/py_two_pub_one_sub/lib/python3.6/site-packages:/home/leh/test_ws/install/py_srvcli/lib/python3.6/site-packages:/home/leh/test_ws/install/py_sign_srvcli/lib/python3.6/site-packages:/home/leh/test_ws/install/py_pubsub/lib/python3.6/site-packages:/home/leh/test_ws/install/py_action/lib/python3.6/site-packages:/home/leh/test_ws/install/my_robot/lib/python3.6/site-packages:/opt/ros/dashing/lib/python3.6/site-packages /usr/bin/python3 setup.py egg_info --egg-base ../../build/py_sign_srvcli build --build-base /home/leh/test_ws/build/py_sign_srvcli/build install --prefix /home/leh/test_ws/install/py_sign_srvcli --record /home/leh/test_ws/build/py_sign_srvcli/install.log --single-version-externally-managed
