[0.074s] Invoking command in '/home/leh/test_ws/build/tutorial_interfaces': CMAKE_PREFIX_PATH=/opt/ros/dashing /usr/bin/cmake --build /home/leh/test_ws/build/tutorial_interfaces -- -j4 -l4
[0.326s] [  2%] Built target tutorial_interfaces__cpp
[0.329s] [ 13%] Built target tutorial_interfaces__rosidl_generator_c
[0.444s] [ 24%] Built target tutorial_interfaces__rosidl_typesupport_introspection_c
[0.447s] [ 35%] Built target tutorial_interfaces__rosidl_typesupport_introspection_cpp
[0.471s] [ 46%] Built target tutorial_interfaces__rosidl_typesupport_fastrtps_cpp
[0.592s] [ 68%] Built target tutorial_interfaces__rosidl_typesupport_fastrtps_c
[0.592s] [ 68%] Built target tutorial_interfaces__rosidl_typesupport_cpp
[0.706s] [ 80%] Built target tutorial_interfaces__rosidl_typesupport_c
[0.787s] [ 80%] Built target tutorial_interfaces
[0.865s] [ 82%] Built target tutorial_interfaces__py
[0.984s] [ 91%] Built target tutorial_interfaces__python
[1.101s] [ 95%] Built target tutorial_interfaces__rosidl_typesupport_c__pyext
[1.112s] [100%] Built target tutorial_interfaces__rosidl_typesupport_fastrtps_c__pyext
[1.157s] Invoked command in '/home/leh/test_ws/build/tutorial_interfaces' returned '0': CMAKE_PREFIX_PATH=/opt/ros/dashing /usr/bin/cmake --build /home/leh/test_ws/build/tutorial_interfaces -- -j4 -l4
[1.519s] Invoking command in '/home/leh/test_ws/build/tutorial_interfaces': CMAKE_PREFIX_PATH=/opt/ros/dashing /usr/bin/cmake --build /home/leh/test_ws/build/tutorial_interfaces --target install -- -j4 -l4
[1.718s] [  2%] Built target tutorial_interfaces__cpp
[1.724s] [ 13%] Built target tutorial_interfaces__rosidl_generator_c
[1.819s] [ 24%] Built target tutorial_interfaces__rosidl_typesupport_introspection_cpp
[1.854s] [ 35%] Built target tutorial_interfaces__rosidl_typesupport_introspection_c
[1.901s] [ 46%] Built target tutorial_interfaces__rosidl_typesupport_fastrtps_cpp
[2.018s] [ 57%] Built target tutorial_interfaces__rosidl_typesupport_cpp
[2.024s] [ 68%] Built target tutorial_interfaces__rosidl_typesupport_fastrtps_c
[2.130s] [ 80%] Built target tutorial_interfaces__rosidl_typesupport_c
[2.210s] [ 80%] Built target tutorial_interfaces
[2.291s] [ 82%] Built target tutorial_interfaces__py
[2.405s] [ 91%] Built target tutorial_interfaces__python
[2.526s] [100%] Built target tutorial_interfaces__rosidl_typesupport_c__pyext
[2.528s] [100%] Built target tutorial_interfaces__rosidl_typesupport_fastrtps_c__pyext
[2.612s] [36mInstall the project...[0m
[2.647s] -- Install configuration: ""
[2.648s] -- Up-to-date: /home/leh/test_ws/install/tutorial_interfaces/share/ament_index/resource_index/rosidl_interfaces/tutorial_interfaces
[2.648s] -- Up-to-date: /home/leh/test_ws/install/tutorial_interfaces/lib/libtutorial_interfaces__rosidl_typesupport_c.so
[2.649s] -- Up-to-date: /home/leh/test_ws/install/tutorial_interfaces/share/tutorial_interfaces/environment/library_path.sh
[2.650s] -- Up-to-date: /home/leh/test_ws/install/tutorial_interfaces/lib/libtutorial_interfaces__rosidl_typesupport_cpp.so
[2.651s] -- Up-to-date: /home/leh/test_ws/install/tutorial_interfaces/include/tutorial_interfaces
[2.652s] -- Up-to-date: /home/leh/test_ws/install/tutorial_interfaces/include/tutorial_interfaces/msg
[2.653s] -- Up-to-date: /home/leh/test_ws/install/tutorial_interfaces/include/tutorial_interfaces/msg/num__rosidl_typesupport_fastrtps_c.h
[2.654s] -- Up-to-date: /home/leh/test_ws/install/tutorial_interfaces/include/tutorial_interfaces/msg/rosidl_typesupport_fastrtps_c__visibility_control.h
[2.656s] -- Up-to-date: /home/leh/test_ws/install/tutorial_interfaces/include/tutorial_interfaces/msg/two_integers_array__rosidl_typesupport_fastrtps_c.h
[2.657s] -- Up-to-date: /home/leh/test_ws/install/tutorial_interfaces/include/tutorial_interfaces/srv
[2.658s] -- Up-to-date: /home/leh/test_ws/install/tutorial_interfaces/include/tutorial_interfaces/srv/add_three_ints__rosidl_typesupport_fastrtps_c.h
[2.660s] -- Up-to-date: /home/leh/test_ws/install/tutorial_interfaces/lib/libtutorial_interfaces__rosidl_typesupport_fastrtps_c.so
[2.661s] -- Up-to-date: /home/leh/test_ws/install/tutorial_interfaces/include/tutorial_interfaces
[2.662s] -- Up-to-date: /home/leh/test_ws/install/tutorial_interfaces/include/tutorial_interfaces/msg
[2.664s] -- Up-to-date: /home/leh/test_ws/install/tutorial_interfaces/include/tutorial_interfaces/msg/num__functions.h
[2.665s] -- Up-to-date: /home/leh/test_ws/install/tutorial_interfaces/include/tutorial_interfaces/msg/two_integers_array.h
[2.667s] -- Up-to-date: /home/leh/test_ws/install/tutorial_interfaces/include/tutorial_interfaces/msg/two_integers_array__functions.h
[2.669s] -- Up-to-date: /home/leh/test_ws/install/tutorial_interfaces/include/tutorial_interfaces/msg/two_integers_array__functions.c
[2.670s] -- Up-to-date: /home/leh/test_ws/install/tutorial_interfaces/include/tutorial_interfaces/msg/num__functions.c
[2.671s] -- Up-to-date: /home/leh/test_ws/install/tutorial_interfaces/include/tutorial_interfaces/msg/num.h
[2.671s] -- Up-to-date: /home/leh/test_ws/install/tutorial_interfaces/include/tutorial_interfaces/msg/num__struct.h
[2.672s] -- Up-to-date: /home/leh/test_ws/install/tutorial_interfaces/include/tutorial_interfaces/msg/two_integers_array__struct.h
[2.673s] -- Up-to-date: /home/leh/test_ws/install/tutorial_interfaces/include/tutorial_interfaces/msg/two_integers_array__type_support.h
[2.674s] -- Up-to-date: /home/leh/test_ws/install/tutorial_interfaces/include/tutorial_interfaces/msg/rosidl_generator_c__visibility_control.h
[2.674s] -- Up-to-date: /home/leh/test_ws/install/tutorial_interfaces/include/tutorial_interfaces/msg/num__type_support.h
[2.675s] -- Up-to-date: /home/leh/test_ws/install/tutorial_interfaces/include/tutorial_interfaces/srv
[2.676s] -- Up-to-date: /home/leh/test_ws/install/tutorial_interfaces/include/tutorial_interfaces/srv/add_three_ints__struct.h
[2.676s] -- Up-to-date: /home/leh/test_ws/install/tutorial_interfaces/include/tutorial_interfaces/srv/add_three_ints__functions.h
[2.677s] -- Up-to-date: /home/leh/test_ws/install/tutorial_interfaces/include/tutorial_interfaces/srv/add_three_ints__type_support.h
[2.677s] -- Up-to-date: /home/leh/test_ws/install/tutorial_interfaces/include/tutorial_interfaces/srv/add_three_ints.h
[2.678s] -- Up-to-date: /home/leh/test_ws/install/tutorial_interfaces/include/tutorial_interfaces/srv/add_three_ints__functions.c
[2.679s] -- Up-to-date: /home/leh/test_ws/install/tutorial_interfaces/lib/libtutorial_interfaces__rosidl_generator_c.so
[2.680s] -- Up-to-date: /home/leh/test_ws/install/tutorial_interfaces/include/tutorial_interfaces
[2.681s] -- Up-to-date: /home/leh/test_ws/install/tutorial_interfaces/include/tutorial_interfaces/msg
[2.682s] -- Up-to-date: /home/leh/test_ws/install/tutorial_interfaces/include/tutorial_interfaces/msg/dds_fastrtps
[2.683s] -- Up-to-date: /home/leh/test_ws/install/tutorial_interfaces/include/tutorial_interfaces/msg/two_integers_array__rosidl_typesupport_fastrtps_cpp.hpp
[2.684s] -- Up-to-date: /home/leh/test_ws/install/tutorial_interfaces/include/tutorial_interfaces/msg/rosidl_typesupport_fastrtps_cpp__visibility_control.h
[2.684s] -- Up-to-date: /home/leh/test_ws/install/tutorial_interfaces/include/tutorial_interfaces/msg/num__rosidl_typesupport_fastrtps_cpp.hpp
[2.685s] -- Up-to-date: /home/leh/test_ws/install/tutorial_interfaces/include/tutorial_interfaces/srv
[2.698s] -- Up-to-date: /home/leh/test_ws/install/tutorial_interfaces/include/tutorial_interfaces/srv/dds_fastrtps
[2.698s] -- Up-to-date: /home/leh/test_ws/install/tutorial_interfaces/include/tutorial_interfaces/srv/add_three_ints__rosidl_typesupport_fastrtps_cpp.hpp
[2.699s] -- Up-to-date: /home/leh/test_ws/install/tutorial_interfaces/lib/libtutorial_interfaces__rosidl_typesupport_fastrtps_cpp.so
[2.700s] -- Up-to-date: /home/leh/test_ws/install/tutorial_interfaces/include/tutorial_interfaces
[2.700s] -- Up-to-date: /home/leh/test_ws/install/tutorial_interfaces/include/tutorial_interfaces/msg
[2.701s] -- Up-to-date: /home/leh/test_ws/install/tutorial_interfaces/include/tutorial_interfaces/msg/num__struct.hpp
[2.702s] -- Up-to-date: /home/leh/test_ws/install/tutorial_interfaces/include/tutorial_interfaces/msg/two_integers_array__traits.hpp
[2.703s] -- Up-to-date: /home/leh/test_ws/install/tutorial_interfaces/include/tutorial_interfaces/msg/num__traits.hpp
[2.703s] -- Up-to-date: /home/leh/test_ws/install/tutorial_interfaces/include/tutorial_interfaces/msg/two_integers_array__struct.hpp
[2.704s] -- Up-to-date: /home/leh/test_ws/install/tutorial_interfaces/include/tutorial_interfaces/msg/two_integers_array.hpp
[2.705s] -- Up-to-date: /home/leh/test_ws/install/tutorial_interfaces/include/tutorial_interfaces/msg/num.hpp
[2.705s] -- Up-to-date: /home/leh/test_ws/install/tutorial_interfaces/include/tutorial_interfaces/srv
[2.706s] -- Up-to-date: /home/leh/test_ws/install/tutorial_interfaces/include/tutorial_interfaces/srv/add_three_ints__traits.hpp
[2.707s] -- Up-to-date: /home/leh/test_ws/install/tutorial_interfaces/include/tutorial_interfaces/srv/add_three_ints.hpp
[2.707s] -- Up-to-date: /home/leh/test_ws/install/tutorial_interfaces/include/tutorial_interfaces/srv/add_three_ints__struct.hpp
[2.708s] -- Up-to-date: /home/leh/test_ws/install/tutorial_interfaces/include/tutorial_interfaces
[2.708s] -- Up-to-date: /home/leh/test_ws/install/tutorial_interfaces/include/tutorial_interfaces/msg
[2.709s] -- Up-to-date: /home/leh/test_ws/install/tutorial_interfaces/include/tutorial_interfaces/msg/rosidl_typesupport_introspection_c__visibility_control.h
[2.710s] -- Up-to-date: /home/leh/test_ws/install/tutorial_interfaces/include/tutorial_interfaces/msg/two_integers_array__rosidl_typesupport_introspection_c.h
[2.710s] -- Up-to-date: /home/leh/test_ws/install/tutorial_interfaces/include/tutorial_interfaces/msg/num__rosidl_typesupport_introspection_c.h
[2.711s] -- Up-to-date: /home/leh/test_ws/install/tutorial_interfaces/include/tutorial_interfaces/msg/num__type_support.c
[2.711s] -- Up-to-date: /home/leh/test_ws/install/tutorial_interfaces/include/tutorial_interfaces/msg/two_integers_array__type_support.c
[2.712s] -- Up-to-date: /home/leh/test_ws/install/tutorial_interfaces/include/tutorial_interfaces/srv
[2.713s] -- Up-to-date: /home/leh/test_ws/install/tutorial_interfaces/include/tutorial_interfaces/srv/add_three_ints__type_support.c
[2.713s] -- Up-to-date: /home/leh/test_ws/install/tutorial_interfaces/include/tutorial_interfaces/srv/add_three_ints__rosidl_typesupport_introspection_c.h
[2.714s] -- Up-to-date: /home/leh/test_ws/install/tutorial_interfaces/lib/libtutorial_interfaces__rosidl_typesupport_introspection_c.so
[2.715s] -- Up-to-date: /home/leh/test_ws/install/tutorial_interfaces/include/tutorial_interfaces
[2.715s] -- Up-to-date: /home/leh/test_ws/install/tutorial_interfaces/include/tutorial_interfaces/msg
[2.716s] -- Up-to-date: /home/leh/test_ws/install/tutorial_interfaces/include/tutorial_interfaces/msg/num__rosidl_typesupport_introspection_cpp.hpp
[2.718s] -- Up-to-date: /home/leh/test_ws/install/tutorial_interfaces/include/tutorial_interfaces/msg/two_integers_array__type_support.cpp
[2.719s] -- Up-to-date: /home/leh/test_ws/install/tutorial_interfaces/include/tutorial_interfaces/msg/two_integers_array__rosidl_typesupport_introspection_cpp.hpp
[2.719s] -- Up-to-date: /home/leh/test_ws/install/tutorial_interfaces/include/tutorial_interfaces/msg/num__type_support.cpp
[2.720s] -- Up-to-date: /home/leh/test_ws/install/tutorial_interfaces/include/tutorial_interfaces/srv
[2.721s] -- Up-to-date: /home/leh/test_ws/install/tutorial_interfaces/include/tutorial_interfaces/srv/add_three_ints__rosidl_typesupport_introspection_cpp.hpp
[2.721s] -- Up-to-date: /home/leh/test_ws/install/tutorial_interfaces/include/tutorial_interfaces/srv/add_three_ints__type_support.cpp
[2.722s] -- Up-to-date: /home/leh/test_ws/install/tutorial_interfaces/lib/libtutorial_interfaces__rosidl_typesupport_introspection_cpp.so
[2.723s] -- Up-to-date: /home/leh/test_ws/install/tutorial_interfaces/share/tutorial_interfaces/environment/pythonpath.sh
[2.724s] -- Up-to-date: /home/leh/test_ws/install/tutorial_interfaces/lib/python3.6/site-packages/tutorial_interfaces/__init__.py
[2.883s] -- Up-to-date: /home/leh/test_ws/install/tutorial_interfaces/lib/python3.6/site-packages/tutorial_interfaces/msg
[2.883s] -- Up-to-date: /home/leh/test_ws/install/tutorial_interfaces/lib/python3.6/site-packages/tutorial_interfaces/msg/_num.py
[2.884s] -- Up-to-date: /home/leh/test_ws/install/tutorial_interfaces/lib/python3.6/site-packages/tutorial_interfaces/msg/__init__.py
[2.885s] -- Up-to-date: /home/leh/test_ws/install/tutorial_interfaces/lib/python3.6/site-packages/tutorial_interfaces/msg/_num_s.c
[2.885s] -- Up-to-date: /home/leh/test_ws/install/tutorial_interfaces/lib/python3.6/site-packages/tutorial_interfaces/msg/_two_integers_array.py
[2.886s] -- Up-to-date: /home/leh/test_ws/install/tutorial_interfaces/lib/python3.6/site-packages/tutorial_interfaces/msg/_two_integers_array_s.c
[2.886s] -- Up-to-date: /home/leh/test_ws/install/tutorial_interfaces/lib/python3.6/site-packages/tutorial_interfaces/srv
[2.887s] -- Up-to-date: /home/leh/test_ws/install/tutorial_interfaces/lib/python3.6/site-packages/tutorial_interfaces/srv/__init__.py
[2.887s] -- Up-to-date: /home/leh/test_ws/install/tutorial_interfaces/lib/python3.6/site-packages/tutorial_interfaces/srv/_add_three_ints_s.c
[2.888s] -- Up-to-date: /home/leh/test_ws/install/tutorial_interfaces/lib/python3.6/site-packages/tutorial_interfaces/srv/_add_three_ints.py
[2.888s] -- Up-to-date: /home/leh/test_ws/install/tutorial_interfaces/lib/python3.6/site-packages/tutorial_interfaces/tutorial_interfaces_s__rosidl_typesupport_c.cpython-36m-aarch64-linux-gnu.so
[2.889s] -- Up-to-date: /home/leh/test_ws/install/tutorial_interfaces/lib/python3.6/site-packages/tutorial_interfaces/tutorial_interfaces_s__rosidl_typesupport_fastrtps_c.cpython-36m-aarch64-linux-gnu.so
[2.889s] -- Up-to-date: /home/leh/test_ws/install/tutorial_interfaces/lib/libtutorial_interfaces__python.so
[2.890s] -- Up-to-date: /home/leh/test_ws/install/tutorial_interfaces/share/tutorial_interfaces/msg/Num.idl
[2.891s] -- Up-to-date: /home/leh/test_ws/install/tutorial_interfaces/share/tutorial_interfaces/msg/TwoIntegersArray.idl
[2.891s] -- Up-to-date: /home/leh/test_ws/install/tutorial_interfaces/share/tutorial_interfaces/srv/AddThreeInts.idl
[2.892s] -- Up-to-date: /home/leh/test_ws/install/tutorial_interfaces/share/tutorial_interfaces/msg/Num.msg
[2.893s] -- Up-to-date: /home/leh/test_ws/install/tutorial_interfaces/share/tutorial_interfaces/msg/TwoIntegersArray.msg
[2.893s] -- Up-to-date: /home/leh/test_ws/install/tutorial_interfaces/share/tutorial_interfaces/srv/AddThreeInts.srv
[2.894s] -- Up-to-date: /home/leh/test_ws/install/tutorial_interfaces/share/tutorial_interfaces/srv/AddThreeInts_Request.msg
[2.894s] -- Up-to-date: /home/leh/test_ws/install/tutorial_interfaces/share/tutorial_interfaces/srv/AddThreeInts_Response.msg
[2.895s] -- Up-to-date: /home/leh/test_ws/install/tutorial_interfaces/share/ament_index/resource_index/package_run_dependencies/tutorial_interfaces
[2.896s] -- Up-to-date: /home/leh/test_ws/install/tutorial_interfaces/share/ament_index/resource_index/parent_prefix_path/tutorial_interfaces
[2.896s] -- Up-to-date: /home/leh/test_ws/install/tutorial_interfaces/share/tutorial_interfaces/environment/ament_prefix_path.sh
[2.897s] -- Up-to-date: /home/leh/test_ws/install/tutorial_interfaces/share/tutorial_interfaces/environment/path.sh
[2.897s] -- Up-to-date: /home/leh/test_ws/install/tutorial_interfaces/share/tutorial_interfaces/local_setup.bash
[2.898s] -- Up-to-date: /home/leh/test_ws/install/tutorial_interfaces/share/tutorial_interfaces/local_setup.sh
[2.898s] -- Up-to-date: /home/leh/test_ws/install/tutorial_interfaces/share/tutorial_interfaces/local_setup.zsh
[2.899s] -- Up-to-date: /home/leh/test_ws/install/tutorial_interfaces/share/ament_index/resource_index/packages/tutorial_interfaces
[2.899s] -- Up-to-date: /home/leh/test_ws/install/tutorial_interfaces/share/tutorial_interfaces/cmake/rosidl_cmake-extras.cmake
[2.907s] -- Up-to-date: /home/leh/test_ws/install/tutorial_interfaces/share/tutorial_interfaces/cmake/ament_cmake_export_libraries-extras.cmake
[2.907s] -- Up-to-date: /home/leh/test_ws/install/tutorial_interfaces/share/tutorial_interfaces/cmake/ament_cmake_export_include_directories-extras.cmake
[2.908s] -- Up-to-date: /home/leh/test_ws/install/tutorial_interfaces/share/tutorial_interfaces/cmake/tutorial_interfacesConfig.cmake
[2.909s] -- Up-to-date: /home/leh/test_ws/install/tutorial_interfaces/share/tutorial_interfaces/cmake/tutorial_interfacesConfig-version.cmake
[2.909s] -- Up-to-date: /home/leh/test_ws/install/tutorial_interfaces/share/tutorial_interfaces/package.xml
[2.931s] Invoked command in '/home/leh/test_ws/build/tutorial_interfaces' returned '0': CMAKE_PREFIX_PATH=/opt/ros/dashing /usr/bin/cmake --build /home/leh/test_ws/build/tutorial_interfaces --target install -- -j4 -l4
