[5.279s] Invoking command in '/home/leh/test_ws/src/py_srvcli': PYTHONPATH=/home/leh/test_ws/install/py_srvcli/lib/python3.6/site-packages:/home/leh/test_ws/install/tutorial_interfaces/lib/python3.6/site-packages:/home/leh/test_ws/install/py_srvcli/lib/python3.6/site-packages:/home/leh/test_ws/install/py_two_pub_one_sub/lib/python3.6/site-packages:/home/leh/test_ws/install/py_pubsub/lib/python3.6/site-packages:/opt/ros/dashing/lib/python3.6/site-packages /usr/bin/python3 setup.py egg_info --egg-base ../../build/py_srvcli build --build-base /home/leh/test_ws/build/py_srvcli/build install --prefix /home/leh/test_ws/install/py_srvcli --record /home/leh/test_ws/build/py_srvcli/install.log --single-version-externally-managed
[6.709s] /home/leh/.local/lib/python3.6/site-packages/setuptools/dist.py:720: UserWarning: Usage of dash-separated 'script-dir' will not be supported in future versions. Please use the underscore name 'script_dir' instead
[6.710s]   % (opt, underscore_opt)
[6.711s] /home/leh/.local/lib/python3.6/site-packages/setuptools/dist.py:720: UserWarning: Usage of dash-separated 'install-scripts' will not be supported in future versions. Please use the underscore name 'install_scripts' instead
[6.712s]   % (opt, underscore_opt)
[7.056s] running egg_info
[7.063s] writing ../../build/py_srvcli/py_srvcli.egg-info/PKG-INFO
[7.064s] writing dependency_links to ../../build/py_srvcli/py_srvcli.egg-info/dependency_links.txt
[7.065s] writing entry points to ../../build/py_srvcli/py_srvcli.egg-info/entry_points.txt
[7.066s] writing requirements to ../../build/py_srvcli/py_srvcli.egg-info/requires.txt
[7.066s] writing top-level names to ../../build/py_srvcli/py_srvcli.egg-info/top_level.txt
[7.107s] reading manifest file '../../build/py_srvcli/py_srvcli.egg-info/SOURCES.txt'
[7.120s] writing manifest file '../../build/py_srvcli/py_srvcli.egg-info/SOURCES.txt'
[7.122s] running build
[7.124s] running build_py
[7.130s] copying py_srvcli/service_member_function.py -> /home/leh/test_ws/build/py_srvcli/build/lib/py_srvcli
[7.134s] running install
[7.137s] /home/leh/.local/lib/python3.6/site-packages/setuptools/command/install.py:37: SetuptoolsDeprecationWarning: setup.py install is deprecated. Use build and pip and other standards-based tools.
[7.138s]   setuptools.SetuptoolsDeprecationWarning,
[7.140s] running install_lib
[7.145s] copying /home/leh/test_ws/build/py_srvcli/build/lib/py_srvcli/service_member_function.py -> /home/leh/test_ws/install/py_srvcli/lib/python3.6/site-packages/py_srvcli
[7.148s] byte-compiling /home/leh/test_ws/install/py_srvcli/lib/python3.6/site-packages/py_srvcli/service_member_function.py to service_member_function.cpython-36.pyc
[7.151s] running install_data
[7.154s] running install_egg_info
[7.164s] removing '/home/leh/test_ws/install/py_srvcli/lib/python3.6/site-packages/py_srvcli-0.0.0-py3.6.egg-info' (and everything under it)
[7.166s] Copying ../../build/py_srvcli/py_srvcli.egg-info to /home/leh/test_ws/install/py_srvcli/lib/python3.6/site-packages/py_srvcli-0.0.0-py3.6.egg-info
[7.173s] running install_scripts
[7.279s] Installing client script to /home/leh/test_ws/install/py_srvcli/lib/py_srvcli
[7.279s] Installing service script to /home/leh/test_ws/install/py_srvcli/lib/py_srvcli
[7.281s] writing list of installed files to '/home/leh/test_ws/build/py_srvcli/install.log'
[7.408s] Invoked command in '/home/leh/test_ws/src/py_srvcli' returned '0': PYTHONPATH=/home/leh/test_ws/install/py_srvcli/lib/python3.6/site-packages:/home/leh/test_ws/install/tutorial_interfaces/lib/python3.6/site-packages:/home/leh/test_ws/install/py_srvcli/lib/python3.6/site-packages:/home/leh/test_ws/install/py_two_pub_one_sub/lib/python3.6/site-packages:/home/leh/test_ws/install/py_pubsub/lib/python3.6/site-packages:/opt/ros/dashing/lib/python3.6/site-packages /usr/bin/python3 setup.py egg_info --egg-base ../../build/py_srvcli build --build-base /home/leh/test_ws/build/py_srvcli/build install --prefix /home/leh/test_ws/install/py_srvcli --record /home/leh/test_ws/build/py_srvcli/install.log --single-version-externally-managed
