[2.294s] DEBUG:colcon:Command line arguments: ['/usr/bin/colcon', 'build', '--packages-select', 'py_action']
[2.295s] DEBUG:colcon:Parsed command line arguments: Namespace(ament_cmake_args=None, base_paths=['.'], build_base='build', catkin_cmake_args=None, catkin_skip_building_tests=False, cmake_args=None, cmake_clean_cache=False, cmake_clean_first=False, cmake_force_configure=False, cmake_target=None, cmake_target_skip_unavailable=False, continue_on_error=False, event_handlers=None, executor='parallel', ignore_user_meta=False, install_base='install', log_base=None, log_level=None, main=<bound method BuildVerb.main of <colcon_core.verb.build.BuildVerb object at 0x7f77ac92b0>>, merge_install=False, metas=['./colcon.meta'], packages_above=None, packages_above_and_dependencies=None, packages_above_depth=None, packages_end=None, packages_ignore=None, packages_ignore_regex=None, packages_select=['py_action'], packages_select_build_failed=False, packages_select_by_dep=None, packages_select_regex=None, packages_select_test_failures=False, packages_skip=None, packages_skip_build_finished=False, packages_skip_by_dep=None, packages_skip_regex=None, packages_skip_test_passed=False, packages_skip_up_to=None, packages_start=None, packages_up_to=None, packages_up_to_regex=None, parallel_workers=4, paths=None, symlink_install=False, test_result_base=None, verb_extension=<colcon_core.verb.build.BuildVerb object at 0x7f77ac92b0>, verb_name='build', verb_parser=<colcon_defaults.argument_parser.defaults.DefaultArgumentsDecorator object at 0x7f77ac95f8>)
[2.366s] Level 1:colcon.colcon_core.package_discovery:discover_packages(colcon_meta) check parameters
[2.366s] Level 1:colcon.colcon_core.package_discovery:discover_packages(recursive) check parameters
[2.367s] Level 1:colcon.colcon_core.package_discovery:discover_packages(ignore) check parameters
[2.367s] Level 1:colcon.colcon_core.package_discovery:discover_packages(path) check parameters
[2.367s] Level 1:colcon.colcon_core.package_discovery:discover_packages(colcon_meta) discover
[2.369s] Level 1:colcon.colcon_core.package_discovery:discover_packages(recursive) discover
[2.369s] INFO:colcon.colcon_core.package_discovery:Crawling recursively for packages in '/home/leh/test_ws'
[2.370s] Level 1:colcon.colcon_core.package_identification:_identify(.) by extensions ['ignore', 'ignore_ament_install']
[2.370s] Level 1:colcon.colcon_core.package_identification:_identify(.) by extension 'ignore'
[2.370s] Level 1:colcon.colcon_core.package_identification:_identify(.) by extension 'ignore_ament_install'
[2.371s] Level 1:colcon.colcon_core.package_identification:_identify(.) by extensions ['colcon_pkg']
[2.371s] Level 1:colcon.colcon_core.package_identification:_identify(.) by extension 'colcon_pkg'
[2.371s] Level 1:colcon.colcon_core.package_identification:_identify(.) by extensions ['colcon_meta']
[2.372s] Level 1:colcon.colcon_core.package_identification:_identify(.) by extension 'colcon_meta'
[2.372s] Level 1:colcon.colcon_core.package_identification:_identify(.) by extensions ['ros']
[2.372s] Level 1:colcon.colcon_core.package_identification:_identify(.) by extension 'ros'
[2.432s] Level 1:colcon.colcon_core.package_identification:_identify(.) by extensions ['cmake', 'python']
[2.432s] Level 1:colcon.colcon_core.package_identification:_identify(.) by extension 'cmake'
[2.432s] Level 1:colcon.colcon_core.package_identification:_identify(.) by extension 'python'
[2.433s] Level 1:colcon.colcon_core.package_identification:_identify(.) by extensions ['python_setup_py']
[2.433s] Level 1:colcon.colcon_core.package_identification:_identify(.) by extension 'python_setup_py'
[2.434s] Level 1:colcon.colcon_core.package_identification:_identify(build) by extensions ['ignore', 'ignore_ament_install']
[2.434s] Level 1:colcon.colcon_core.package_identification:_identify(build) by extension 'ignore'
[2.435s] Level 1:colcon.colcon_core.package_identification:_identify(build) ignored
[2.437s] Level 1:colcon.colcon_core.package_identification:_identify(install) by extensions ['ignore', 'ignore_ament_install']
[2.437s] Level 1:colcon.colcon_core.package_identification:_identify(install) by extension 'ignore'
[2.438s] Level 1:colcon.colcon_core.package_identification:_identify(install) ignored
[2.439s] Level 1:colcon.colcon_core.package_identification:_identify(log) by extensions ['ignore', 'ignore_ament_install']
[2.440s] Level 1:colcon.colcon_core.package_identification:_identify(log) by extension 'ignore'
[2.440s] Level 1:colcon.colcon_core.package_identification:_identify(log) ignored
[2.440s] Level 1:colcon.colcon_core.package_identification:_identify(src) by extensions ['ignore', 'ignore_ament_install']
[2.441s] Level 1:colcon.colcon_core.package_identification:_identify(src) by extension 'ignore'
[2.441s] Level 1:colcon.colcon_core.package_identification:_identify(src) by extension 'ignore_ament_install'
[2.442s] Level 1:colcon.colcon_core.package_identification:_identify(src) by extensions ['colcon_pkg']
[2.442s] Level 1:colcon.colcon_core.package_identification:_identify(src) by extension 'colcon_pkg'
[2.442s] Level 1:colcon.colcon_core.package_identification:_identify(src) by extensions ['colcon_meta']
[2.442s] Level 1:colcon.colcon_core.package_identification:_identify(src) by extension 'colcon_meta'
[2.443s] Level 1:colcon.colcon_core.package_identification:_identify(src) by extensions ['ros']
[2.443s] Level 1:colcon.colcon_core.package_identification:_identify(src) by extension 'ros'
[2.443s] Level 1:colcon.colcon_core.package_identification:_identify(src) by extensions ['cmake', 'python']
[2.444s] Level 1:colcon.colcon_core.package_identification:_identify(src) by extension 'cmake'
[2.444s] Level 1:colcon.colcon_core.package_identification:_identify(src) by extension 'python'
[2.444s] Level 1:colcon.colcon_core.package_identification:_identify(src) by extensions ['python_setup_py']
[2.445s] Level 1:colcon.colcon_core.package_identification:_identify(src) by extension 'python_setup_py'
[2.445s] Level 1:colcon.colcon_core.package_identification:_identify(src/py_action) by extensions ['ignore', 'ignore_ament_install']
[2.446s] Level 1:colcon.colcon_core.package_identification:_identify(src/py_action) by extension 'ignore'
[2.446s] Level 1:colcon.colcon_core.package_identification:_identify(src/py_action) by extension 'ignore_ament_install'
[2.446s] Level 1:colcon.colcon_core.package_identification:_identify(src/py_action) by extensions ['colcon_pkg']
[2.447s] Level 1:colcon.colcon_core.package_identification:_identify(src/py_action) by extension 'colcon_pkg'
[2.447s] Level 1:colcon.colcon_core.package_identification:_identify(src/py_action) by extensions ['colcon_meta']
[2.447s] Level 1:colcon.colcon_core.package_identification:_identify(src/py_action) by extension 'colcon_meta'
[2.448s] Level 1:colcon.colcon_core.package_identification:_identify(src/py_action) by extensions ['ros']
[2.448s] Level 1:colcon.colcon_core.package_identification:_identify(src/py_action) by extension 'ros'
[2.464s] DEBUG:colcon.colcon_core.package_identification:Package 'src/py_action' with type 'ros.ament_python' and name 'py_action'
[2.464s] Level 1:colcon.colcon_core.package_identification:_identify(src/py_pubsub) by extensions ['ignore', 'ignore_ament_install']
[2.465s] Level 1:colcon.colcon_core.package_identification:_identify(src/py_pubsub) by extension 'ignore'
[2.465s] Level 1:colcon.colcon_core.package_identification:_identify(src/py_pubsub) by extension 'ignore_ament_install'
[2.466s] Level 1:colcon.colcon_core.package_identification:_identify(src/py_pubsub) by extensions ['colcon_pkg']
[2.466s] Level 1:colcon.colcon_core.package_identification:_identify(src/py_pubsub) by extension 'colcon_pkg'
[2.466s] Level 1:colcon.colcon_core.package_identification:_identify(src/py_pubsub) by extensions ['colcon_meta']
[2.466s] Level 1:colcon.colcon_core.package_identification:_identify(src/py_pubsub) by extension 'colcon_meta'
[2.467s] Level 1:colcon.colcon_core.package_identification:_identify(src/py_pubsub) by extensions ['ros']
[2.467s] Level 1:colcon.colcon_core.package_identification:_identify(src/py_pubsub) by extension 'ros'
[2.471s] DEBUG:colcon.colcon_core.package_identification:Package 'src/py_pubsub' with type 'ros.ament_python' and name 'py_pubsub'
[2.471s] Level 1:colcon.colcon_core.package_identification:_identify(src/py_sign_srvcli) by extensions ['ignore', 'ignore_ament_install']
[2.472s] Level 1:colcon.colcon_core.package_identification:_identify(src/py_sign_srvcli) by extension 'ignore'
[2.472s] Level 1:colcon.colcon_core.package_identification:_identify(src/py_sign_srvcli) by extension 'ignore_ament_install'
[2.473s] Level 1:colcon.colcon_core.package_identification:_identify(src/py_sign_srvcli) by extensions ['colcon_pkg']
[2.473s] Level 1:colcon.colcon_core.package_identification:_identify(src/py_sign_srvcli) by extension 'colcon_pkg'
[2.473s] Level 1:colcon.colcon_core.package_identification:_identify(src/py_sign_srvcli) by extensions ['colcon_meta']
[2.473s] Level 1:colcon.colcon_core.package_identification:_identify(src/py_sign_srvcli) by extension 'colcon_meta'
[2.474s] Level 1:colcon.colcon_core.package_identification:_identify(src/py_sign_srvcli) by extensions ['ros']
[2.474s] Level 1:colcon.colcon_core.package_identification:_identify(src/py_sign_srvcli) by extension 'ros'
[2.477s] DEBUG:colcon.colcon_core.package_identification:Package 'src/py_sign_srvcli' with type 'ros.ament_python' and name 'py_sign_srvcli'
[2.478s] Level 1:colcon.colcon_core.package_identification:_identify(src/py_srvcli) by extensions ['ignore', 'ignore_ament_install']
[2.478s] Level 1:colcon.colcon_core.package_identification:_identify(src/py_srvcli) by extension 'ignore'
[2.479s] Level 1:colcon.colcon_core.package_identification:_identify(src/py_srvcli) by extension 'ignore_ament_install'
[2.479s] Level 1:colcon.colcon_core.package_identification:_identify(src/py_srvcli) by extensions ['colcon_pkg']
[2.479s] Level 1:colcon.colcon_core.package_identification:_identify(src/py_srvcli) by extension 'colcon_pkg'
[2.480s] Level 1:colcon.colcon_core.package_identification:_identify(src/py_srvcli) by extensions ['colcon_meta']
[2.480s] Level 1:colcon.colcon_core.package_identification:_identify(src/py_srvcli) by extension 'colcon_meta'
[2.480s] Level 1:colcon.colcon_core.package_identification:_identify(src/py_srvcli) by extensions ['ros']
[2.481s] Level 1:colcon.colcon_core.package_identification:_identify(src/py_srvcli) by extension 'ros'
[2.484s] DEBUG:colcon.colcon_core.package_identification:Package 'src/py_srvcli' with type 'ros.ament_python' and name 'py_srvcli'
[2.485s] Level 1:colcon.colcon_core.package_identification:_identify(src/py_two_pub_one_sub) by extensions ['ignore', 'ignore_ament_install']
[2.485s] Level 1:colcon.colcon_core.package_identification:_identify(src/py_two_pub_one_sub) by extension 'ignore'
[2.486s] Level 1:colcon.colcon_core.package_identification:_identify(src/py_two_pub_one_sub) by extension 'ignore_ament_install'
[2.486s] Level 1:colcon.colcon_core.package_identification:_identify(src/py_two_pub_one_sub) by extensions ['colcon_pkg']
[2.486s] Level 1:colcon.colcon_core.package_identification:_identify(src/py_two_pub_one_sub) by extension 'colcon_pkg'
[2.487s] Level 1:colcon.colcon_core.package_identification:_identify(src/py_two_pub_one_sub) by extensions ['colcon_meta']
[2.487s] Level 1:colcon.colcon_core.package_identification:_identify(src/py_two_pub_one_sub) by extension 'colcon_meta'
[2.487s] Level 1:colcon.colcon_core.package_identification:_identify(src/py_two_pub_one_sub) by extensions ['ros']
[2.487s] Level 1:colcon.colcon_core.package_identification:_identify(src/py_two_pub_one_sub) by extension 'ros'
[2.490s] DEBUG:colcon.colcon_core.package_identification:Package 'src/py_two_pub_one_sub' with type 'ros.ament_python' and name 'py_two_pub_one_sub'
[2.491s] Level 1:colcon.colcon_core.package_identification:_identify(src/tutorial_interfaces) by extensions ['ignore', 'ignore_ament_install']
[2.492s] Level 1:colcon.colcon_core.package_identification:_identify(src/tutorial_interfaces) by extension 'ignore'
[2.492s] Level 1:colcon.colcon_core.package_identification:_identify(src/tutorial_interfaces) by extension 'ignore_ament_install'
[2.493s] Level 1:colcon.colcon_core.package_identification:_identify(src/tutorial_interfaces) by extensions ['colcon_pkg']
[2.493s] Level 1:colcon.colcon_core.package_identification:_identify(src/tutorial_interfaces) by extension 'colcon_pkg'
[2.493s] Level 1:colcon.colcon_core.package_identification:_identify(src/tutorial_interfaces) by extensions ['colcon_meta']
[2.493s] Level 1:colcon.colcon_core.package_identification:_identify(src/tutorial_interfaces) by extension 'colcon_meta'
[2.494s] Level 1:colcon.colcon_core.package_identification:_identify(src/tutorial_interfaces) by extensions ['ros']
[2.494s] Level 1:colcon.colcon_core.package_identification:_identify(src/tutorial_interfaces) by extension 'ros'
[2.498s] DEBUG:colcon.colcon_core.package_identification:Package 'src/tutorial_interfaces' with type 'ros.ament_cmake' and name 'tutorial_interfaces'
[2.498s] Level 1:colcon.colcon_core.package_discovery:discover_packages(recursive) using defaults
[2.500s] Level 1:colcon.colcon_core.package_discovery:discover_packages(ignore) discover
[2.500s] Level 1:colcon.colcon_core.package_discovery:discover_packages(ignore) using defaults
[2.500s] Level 1:colcon.colcon_core.package_discovery:discover_packages(path) discover
[2.500s] Level 1:colcon.colcon_core.package_discovery:discover_packages(path) using defaults
[2.687s] INFO:colcon.colcon_core.package_selection:Skipping not selected package 'tutorial_interfaces' in 'src/tutorial_interfaces'
[2.687s] INFO:colcon.colcon_core.package_selection:Skipping not selected package 'py_pubsub' in 'src/py_pubsub'
[2.687s] INFO:colcon.colcon_core.package_selection:Skipping not selected package 'py_sign_srvcli' in 'src/py_sign_srvcli'
[2.688s] INFO:colcon.colcon_core.package_selection:Skipping not selected package 'py_srvcli' in 'src/py_srvcli'
[2.688s] INFO:colcon.colcon_core.package_selection:Skipping not selected package 'py_two_pub_one_sub' in 'src/py_two_pub_one_sub'
[2.710s] Level 5:colcon.colcon_core.verb:set package 'py_action' build argument 'cmake_args' from command line to 'None'
[2.711s] Level 5:colcon.colcon_core.verb:set package 'py_action' build argument 'cmake_target' from command line to 'None'
[2.711s] Level 5:colcon.colcon_core.verb:set package 'py_action' build argument 'cmake_target_skip_unavailable' from command line to 'False'
[2.711s] Level 5:colcon.colcon_core.verb:set package 'py_action' build argument 'cmake_clean_cache' from command line to 'False'
[2.712s] Level 5:colcon.colcon_core.verb:set package 'py_action' build argument 'cmake_clean_first' from command line to 'False'
[2.712s] Level 5:colcon.colcon_core.verb:set package 'py_action' build argument 'cmake_force_configure' from command line to 'False'
[2.712s] Level 5:colcon.colcon_core.verb:set package 'py_action' build argument 'ament_cmake_args' from command line to 'None'
[2.712s] Level 5:colcon.colcon_core.verb:set package 'py_action' build argument 'catkin_cmake_args' from command line to 'None'
[2.713s] Level 5:colcon.colcon_core.verb:set package 'py_action' build argument 'catkin_skip_building_tests' from command line to 'False'
[2.713s] DEBUG:colcon.colcon_core.verb:Building package 'py_action' with the following arguments: {'ament_cmake_args': None, 'build_base': '/home/leh/test_ws/build/py_action', 'catkin_cmake_args': None, 'catkin_skip_building_tests': False, 'cmake_args': None, 'cmake_clean_cache': False, 'cmake_clean_first': False, 'cmake_force_configure': False, 'cmake_target': None, 'cmake_target_skip_unavailable': False, 'install_base': '/home/leh/test_ws/install/py_action', 'merge_install': False, 'path': '/home/leh/test_ws/src/py_action', 'symlink_install': False, 'test_result_base': None}
[2.715s] INFO:colcon.colcon_core.executor:Executing jobs using 'parallel' executor
[2.729s] DEBUG:colcon.colcon_parallel_executor.executor.parallel:run_until_complete
[2.731s] INFO:colcon.colcon_ros.task.ament_python.build:Building ROS package in '/home/leh/test_ws/src/py_action' with build type 'ament_python'
[2.731s] Level 1:colcon.colcon_core.shell:create_environment_hook('py_action', 'ament_prefix_path')
[2.759s] INFO:colcon.colcon_core.plugin_system:Skipping extension 'colcon_core.shell.bat': Not used on non-Windows systems
[2.761s] INFO:colcon.colcon_core.shell:Creating environment hook '/home/leh/test_ws/install/py_action/share/py_action/hook/ament_prefix_path.ps1'
[2.765s] INFO:colcon.colcon_core.shell:Creating environment descriptor '/home/leh/test_ws/install/py_action/share/py_action/hook/ament_prefix_path.dsv'
[2.793s] INFO:colcon.colcon_core.shell:Creating environment hook '/home/leh/test_ws/install/py_action/share/py_action/hook/ament_prefix_path.sh'
[2.804s] INFO:colcon.colcon_core.shell:Skip shell extension 'powershell' for command environment: Not usable outside of PowerShell
[2.804s] DEBUG:colcon.colcon_core.shell:Skip shell extension 'dsv' for command environment
[2.834s] DEBUG:colcon.colcon_core.shell:Ignoring prefix path '/opt/ros/dashing'
[4.384s] INFO:colcon.colcon_core.task.python.build:Building Python package in '/home/leh/test_ws/src/py_action'
[4.388s] INFO:colcon.colcon_core.shell:Skip shell extension 'powershell' for command environment: Not usable outside of PowerShell
[4.389s] DEBUG:colcon.colcon_core.shell:Skip shell extension 'dsv' for command environment
[4.406s] DEBUG:colcon.colcon_core.shell:Ignoring prefix path '/opt/ros/dashing'
[4.437s] DEBUG:colcon.colcon_core.event_handler.log_command:Invoking command in '/home/leh/test_ws/src/py_action': PYTHONPATH=/home/leh/test_ws/install/py_action/lib/python3.6/site-packages:/home/leh/test_ws/install/tutorial_interfaces/lib/python3.6/site-packages:/home/leh/test_ws/install/py_two_pub_one_sub/lib/python3.6/site-packages:/home/leh/test_ws/install/py_srvcli/lib/python3.6/site-packages:/home/leh/test_ws/install/py_sign_srvcli/lib/python3.6/site-packages:/home/leh/test_ws/install/py_pubsub/lib/python3.6/site-packages:/home/leh/test_ws/install/py_action/lib/python3.6/site-packages:/opt/ros/dashing/lib/python3.6/site-packages /usr/bin/python3 setup.py egg_info --egg-base ../../build/py_action build --build-base /home/leh/test_ws/build/py_action/build install --prefix /home/leh/test_ws/install/py_action --record /home/leh/test_ws/build/py_action/install.log --single-version-externally-managed
[6.198s] DEBUG:colcon.colcon_core.event_handler.log_command:Invoked command in '/home/leh/test_ws/src/py_action' returned '0': PYTHONPATH=/home/leh/test_ws/install/py_action/lib/python3.6/site-packages:/home/leh/test_ws/install/tutorial_interfaces/lib/python3.6/site-packages:/home/leh/test_ws/install/py_two_pub_one_sub/lib/python3.6/site-packages:/home/leh/test_ws/install/py_srvcli/lib/python3.6/site-packages:/home/leh/test_ws/install/py_sign_srvcli/lib/python3.6/site-packages:/home/leh/test_ws/install/py_pubsub/lib/python3.6/site-packages:/home/leh/test_ws/install/py_action/lib/python3.6/site-packages:/opt/ros/dashing/lib/python3.6/site-packages /usr/bin/python3 setup.py egg_info --egg-base ../../build/py_action build --build-base /home/leh/test_ws/build/py_action/build install --prefix /home/leh/test_ws/install/py_action --record /home/leh/test_ws/build/py_action/install.log --single-version-externally-managed
[6.226s] Level 1:colcon.colcon_core.environment:checking '/home/leh/test_ws/install/py_action' for CMake module files
[6.230s] Level 1:colcon.colcon_core.environment:checking '/home/leh/test_ws/install/py_action' for CMake config files
[6.235s] Level 1:colcon.colcon_core.environment:checking '/home/leh/test_ws/install/py_action/lib'
[6.236s] Level 1:colcon.colcon_core.environment:checking '/home/leh/test_ws/install/py_action/bin'
[6.236s] Level 1:colcon.colcon_core.environment:checking '/home/leh/test_ws/install/py_action/lib/pkgconfig/py_action.pc'
[6.237s] Level 1:colcon.colcon_core.environment:checking '/home/leh/test_ws/install/py_action/lib/python3.6/site-packages'
[6.237s] Level 1:colcon.colcon_core.shell:create_environment_hook('py_action', 'pythonpath')
[6.241s] INFO:colcon.colcon_core.shell:Creating environment hook '/home/leh/test_ws/install/py_action/share/py_action/hook/pythonpath.ps1'
[6.243s] INFO:colcon.colcon_core.shell:Creating environment descriptor '/home/leh/test_ws/install/py_action/share/py_action/hook/pythonpath.dsv'
[6.245s] INFO:colcon.colcon_core.shell:Creating environment hook '/home/leh/test_ws/install/py_action/share/py_action/hook/pythonpath.sh'
[6.247s] Level 1:colcon.colcon_core.environment:create_environment_scripts_only(py_action)
[6.252s] INFO:colcon.colcon_core.shell:Creating package script '/home/leh/test_ws/install/py_action/share/py_action/package.ps1'
[6.259s] INFO:colcon.colcon_core.shell:Creating package descriptor '/home/leh/test_ws/install/py_action/share/py_action/package.dsv'
[6.264s] INFO:colcon.colcon_core.shell:Creating package script '/home/leh/test_ws/install/py_action/share/py_action/package.sh'
[6.269s] INFO:colcon.colcon_core.shell:Creating package script '/home/leh/test_ws/install/py_action/share/py_action/package.bash'
[6.276s] INFO:colcon.colcon_core.shell:Creating package script '/home/leh/test_ws/install/py_action/share/py_action/package.zsh'
[6.283s] Level 1:colcon.colcon_core.environment:create_file_with_runtime_dependencies(/home/leh/test_ws/install/py_action/share/colcon-core/packages/py_action)
[6.289s] DEBUG:colcon.colcon_parallel_executor.executor.parallel:closing loop
[6.290s] DEBUG:colcon.colcon_parallel_executor.executor.parallel:loop closed
[6.291s] DEBUG:colcon.colcon_parallel_executor.executor.parallel:run_until_complete finished with '0'
[6.291s] DEBUG:colcon.colcon_core.event_reactor:joining thread
[6.346s] INFO:colcon.colcon_core.plugin_system:Skipping extension 'colcon_notification.desktop_notification.terminal_notifier': Not used on non-Darwin systems
[6.346s] INFO:colcon.colcon_core.plugin_system:Skipping extension 'colcon_notification.desktop_notification.win32': Not used on non-Windows systems
[6.347s] INFO:colcon.colcon_notification.desktop_notification:Sending desktop notification using 'notify2'
[6.415s] DEBUG:colcon.colcon_core.event_reactor:joined thread
[6.420s] INFO:colcon.colcon_core.shell:Creating prefix script '/home/leh/test_ws/install/local_setup.ps1'
[6.443s] INFO:colcon.colcon_core.shell:Creating prefix util module '/home/leh/test_ws/install/_local_setup_util_ps1.py'
[6.455s] INFO:colcon.colcon_core.shell:Creating prefix chain script '/home/leh/test_ws/install/setup.ps1'
[6.477s] INFO:colcon.colcon_core.shell:Creating prefix script '/home/leh/test_ws/install/local_setup.sh'
[6.482s] INFO:colcon.colcon_core.shell:Creating prefix util module '/home/leh/test_ws/install/_local_setup_util_sh.py'
[6.484s] INFO:colcon.colcon_core.shell:Creating prefix chain script '/home/leh/test_ws/install/setup.sh'
[6.507s] INFO:colcon.colcon_core.shell:Creating prefix script '/home/leh/test_ws/install/local_setup.bash'
[6.511s] INFO:colcon.colcon_core.shell:Creating prefix chain script '/home/leh/test_ws/install/setup.bash'
[6.538s] INFO:colcon.colcon_core.shell:Creating prefix script '/home/leh/test_ws/install/local_setup.zsh'
[6.541s] INFO:colcon.colcon_core.shell:Creating prefix chain script '/home/leh/test_ws/install/setup.zsh'
