[7.064s] Invoking command in '/home/leh/test_ws/src/my_robot': PYTHONPATH=/home/leh/test_ws/install/my_robot/lib/python3.6/site-packages:/home/leh/test_ws/install/tutorial_interfaces/lib/python3.6/site-packages:/home/leh/test_ws/install/py_two_pub_one_sub/lib/python3.6/site-packages:/home/leh/test_ws/install/py_srvcli/lib/python3.6/site-packages:/home/leh/test_ws/install/py_sign_srvcli/lib/python3.6/site-packages:/home/leh/test_ws/install/py_pubsub/lib/python3.6/site-packages:/home/leh/test_ws/install/py_action/lib/python3.6/site-packages:/home/leh/test_ws/install/my_robot/lib/python3.6/site-packages:/opt/ros/dashing/lib/python3.6/site-packages /usr/bin/python3 setup.py egg_info --egg-base ../../build/my_robot build --build-base /home/leh/test_ws/build/my_robot/build install --prefix /home/leh/test_ws/install/my_robot --record /home/leh/test_ws/build/my_robot/install.log --single-version-externally-managed
[8.587s] /home/leh/.local/lib/python3.6/site-packages/setuptools/dist.py:720: UserWarning: Usage of dash-separated 'script-dir' will not be supported in future versions. Please use the underscore name 'script_dir' instead
[8.588s]   % (opt, underscore_opt)
[8.591s] /home/leh/.local/lib/python3.6/site-packages/setuptools/dist.py:720: UserWarning: Usage of dash-separated 'install-scripts' will not be supported in future versions. Please use the underscore name 'install_scripts' instead
[8.591s]   % (opt, underscore_opt)
[8.794s] running egg_info
[8.798s] writing ../../build/my_robot/my_robot.egg-info/PKG-INFO
[8.802s] writing dependency_links to ../../build/my_robot/my_robot.egg-info/dependency_links.txt
[8.804s] writing entry points to ../../build/my_robot/my_robot.egg-info/entry_points.txt
[8.806s] writing requirements to ../../build/my_robot/my_robot.egg-info/requires.txt
[8.807s] writing top-level names to ../../build/my_robot/my_robot.egg-info/top_level.txt
[8.819s] reading manifest file '../../build/my_robot/my_robot.egg-info/SOURCES.txt'
[8.827s] writing manifest file '../../build/my_robot/my_robot.egg-info/SOURCES.txt'
[8.829s] running build
[8.830s] running build_py
[8.834s] running install
[8.836s] /home/leh/.local/lib/python3.6/site-packages/setuptools/command/install.py:37: SetuptoolsDeprecationWarning: setup.py install is deprecated. Use build and pip and other standards-based tools.
[8.837s]   setuptools.SetuptoolsDeprecationWarning,
[8.840s] running install_lib
[8.847s] running install_data
[8.851s] running install_egg_info
[8.860s] removing '/home/leh/test_ws/install/my_robot/lib/python3.6/site-packages/my_robot-0.0.0-py3.6.egg-info' (and everything under it)
[8.863s] Copying ../../build/my_robot/my_robot.egg-info to /home/leh/test_ws/install/my_robot/lib/python3.6/site-packages/my_robot-0.0.0-py3.6.egg-info
[8.869s] running install_scripts
[9.051s] Installing control script to /home/leh/test_ws/install/my_robot/lib/my_robot
[9.059s] Installing coordinate script to /home/leh/test_ws/install/my_robot/lib/my_robot
[9.060s] Installing encoder script to /home/leh/test_ws/install/my_robot/lib/my_robot
[9.061s] Installing imu script to /home/leh/test_ws/install/my_robot/lib/my_robot
[9.062s] writing list of installed files to '/home/leh/test_ws/build/my_robot/install.log'
[9.261s] Invoked command in '/home/leh/test_ws/src/my_robot' returned '0': PYTHONPATH=/home/leh/test_ws/install/my_robot/lib/python3.6/site-packages:/home/leh/test_ws/install/tutorial_interfaces/lib/python3.6/site-packages:/home/leh/test_ws/install/py_two_pub_one_sub/lib/python3.6/site-packages:/home/leh/test_ws/install/py_srvcli/lib/python3.6/site-packages:/home/leh/test_ws/install/py_sign_srvcli/lib/python3.6/site-packages:/home/leh/test_ws/install/py_pubsub/lib/python3.6/site-packages:/home/leh/test_ws/install/py_action/lib/python3.6/site-packages:/home/leh/test_ws/install/my_robot/lib/python3.6/site-packages:/opt/ros/dashing/lib/python3.6/site-packages /usr/bin/python3 setup.py egg_info --egg-base ../../build/my_robot build --build-base /home/leh/test_ws/build/my_robot/build install --prefix /home/leh/test_ws/install/my_robot --record /home/leh/test_ws/build/my_robot/install.log --single-version-externally-managed
