/home/leh/.local/lib/python3.6/site-packages/setuptools/dist.py:720: UserWarning: Usage of dash-separated 'script-dir' will not be supported in future versions. Please use the underscore name 'script_dir' instead
  % (opt, underscore_opt)
/home/leh/.local/lib/python3.6/site-packages/setuptools/dist.py:720: UserWarning: Usage of dash-separated 'install-scripts' will not be supported in future versions. Please use the underscore name 'install_scripts' instead
  % (opt, underscore_opt)
running egg_info
creating ../../build/py_action/py_action.egg-info
writing ../../build/py_action/py_action.egg-info/PKG-INFO
writing dependency_links to ../../build/py_action/py_action.egg-info/dependency_links.txt
writing entry points to ../../build/py_action/py_action.egg-info/entry_points.txt
writing requirements to ../../build/py_action/py_action.egg-info/requires.txt
writing top-level names to ../../build/py_action/py_action.egg-info/top_level.txt
writing manifest file '../../build/py_action/py_action.egg-info/SOURCES.txt'
reading manifest file '../../build/py_action/py_action.egg-info/SOURCES.txt'
writing manifest file '../../build/py_action/py_action.egg-info/SOURCES.txt'
running build
running build_py
creating /home/leh/test_ws/build/py_action/build
creating /home/leh/test_ws/build/py_action/build/lib
creating /home/leh/test_ws/build/py_action/build/lib/py_action
copying py_action/__init__.py -> /home/leh/test_ws/build/py_action/build/lib/py_action
copying py_action/fibonacci_action_server.py -> /home/leh/test_ws/build/py_action/build/lib/py_action
running install
/home/leh/.local/lib/python3.6/site-packages/setuptools/command/install.py:37: SetuptoolsDeprecationWarning: setup.py install is deprecated. Use build and pip and other standards-based tools.
  setuptools.SetuptoolsDeprecationWarning,
running install_lib
creating /home/leh/test_ws/install/py_action/lib/python3.6/site-packages/py_action
copying /home/leh/test_ws/build/py_action/build/lib/py_action/__init__.py -> /home/leh/test_ws/install/py_action/lib/python3.6/site-packages/py_action
copying /home/leh/test_ws/build/py_action/build/lib/py_action/fibonacci_action_server.py -> /home/leh/test_ws/install/py_action/lib/python3.6/site-packages/py_action
byte-compiling /home/leh/test_ws/install/py_action/lib/python3.6/site-packages/py_action/__init__.py to __init__.cpython-36.pyc
byte-compiling /home/leh/test_ws/install/py_action/lib/python3.6/site-packages/py_action/fibonacci_action_server.py to fibonacci_action_server.cpython-36.pyc
running install_data
creating /home/leh/test_ws/install/py_action/share/ament_index
creating /home/leh/test_ws/install/py_action/share/ament_index/resource_index
creating /home/leh/test_ws/install/py_action/share/ament_index/resource_index/packages
copying resource/py_action -> /home/leh/test_ws/install/py_action/share/ament_index/resource_index/packages
copying package.xml -> /home/leh/test_ws/install/py_action/share/py_action
running install_egg_info
Copying ../../build/py_action/py_action.egg-info to /home/leh/test_ws/install/py_action/lib/python3.6/site-packages/py_action-0.0.0-py3.6.egg-info
running install_scripts
Installing fibonacci_server script to /home/leh/test_ws/install/py_action/lib/py_action
writing list of installed files to '/home/leh/test_ws/build/py_action/install.log'
