[6.515s] Invoking command in '/home/leh/test_ws/src/py_action': AMENT_PREFIX_PATH=/home/leh/test_ws/install/tutorial_interfaces:${AMENT_PREFIX_PATH} CMAKE_PREFIX_PATH=/home/leh/test_ws/install/tutorial_interfaces LD_LIBRARY_PATH=/home/leh/test_ws/install/tutorial_interfaces/lib:${LD_LIBRARY_PATH} PYTHONPATH=/home/leh/test_ws/install/py_action/lib/python3.6/site-packages:/home/leh/test_ws/install/tutorial_interfaces/lib/python3.6/site-packages:${PYTHONPATH} /usr/bin/python3 setup.py egg_info --egg-base ../../build/py_action build --build-base /home/leh/test_ws/build/py_action/build install --prefix /home/leh/test_ws/install/py_action --record /home/leh/test_ws/build/py_action/install.log --single-version-externally-managed
[8.111s] /home/leh/.local/lib/python3.6/site-packages/setuptools/dist.py:720: UserWarning: Usage of dash-separated 'script-dir' will not be supported in future versions. Please use the underscore name 'script_dir' instead
[8.112s]   % (opt, underscore_opt)
[8.119s] /home/leh/.local/lib/python3.6/site-packages/setuptools/dist.py:720: UserWarning: Usage of dash-separated 'install-scripts' will not be supported in future versions. Please use the underscore name 'install_scripts' instead
[8.120s]   % (opt, underscore_opt)
[8.330s] running egg_info
[8.367s] creating ../../build/py_action/py_action.egg-info
[8.369s] writing ../../build/py_action/py_action.egg-info/PKG-INFO
[8.374s] writing dependency_links to ../../build/py_action/py_action.egg-info/dependency_links.txt
[8.376s] writing entry points to ../../build/py_action/py_action.egg-info/entry_points.txt
[8.378s] writing requirements to ../../build/py_action/py_action.egg-info/requires.txt
[8.379s] writing top-level names to ../../build/py_action/py_action.egg-info/top_level.txt
[8.382s] writing manifest file '../../build/py_action/py_action.egg-info/SOURCES.txt'
[8.402s] reading manifest file '../../build/py_action/py_action.egg-info/SOURCES.txt'
[8.416s] writing manifest file '../../build/py_action/py_action.egg-info/SOURCES.txt'
[8.418s] running build
[8.419s] running build_py
[8.420s] creating /home/leh/test_ws/build/py_action/build
[8.420s] creating /home/leh/test_ws/build/py_action/build/lib
[8.421s] creating /home/leh/test_ws/build/py_action/build/lib/py_action
[8.421s] copying py_action/__init__.py -> /home/leh/test_ws/build/py_action/build/lib/py_action
[8.422s] copying py_action/fibonacci_action_server.py -> /home/leh/test_ws/build/py_action/build/lib/py_action
[8.425s] running install
[8.426s] /home/leh/.local/lib/python3.6/site-packages/setuptools/command/install.py:37: SetuptoolsDeprecationWarning: setup.py install is deprecated. Use build and pip and other standards-based tools.
[8.427s]   setuptools.SetuptoolsDeprecationWarning,
[8.428s] running install_lib
[8.430s] creating /home/leh/test_ws/install/py_action/lib/python3.6/site-packages/py_action
[8.431s] copying /home/leh/test_ws/build/py_action/build/lib/py_action/__init__.py -> /home/leh/test_ws/install/py_action/lib/python3.6/site-packages/py_action
[8.440s] copying /home/leh/test_ws/build/py_action/build/lib/py_action/fibonacci_action_server.py -> /home/leh/test_ws/install/py_action/lib/python3.6/site-packages/py_action
[8.448s] byte-compiling /home/leh/test_ws/install/py_action/lib/python3.6/site-packages/py_action/__init__.py to __init__.cpython-36.pyc
[8.448s] byte-compiling /home/leh/test_ws/install/py_action/lib/python3.6/site-packages/py_action/fibonacci_action_server.py to fibonacci_action_server.cpython-36.pyc
[8.450s] running install_data
[8.453s] creating /home/leh/test_ws/install/py_action/share/ament_index
[8.453s] creating /home/leh/test_ws/install/py_action/share/ament_index/resource_index
[8.454s] creating /home/leh/test_ws/install/py_action/share/ament_index/resource_index/packages
[8.455s] copying resource/py_action -> /home/leh/test_ws/install/py_action/share/ament_index/resource_index/packages
[8.455s] copying package.xml -> /home/leh/test_ws/install/py_action/share/py_action
[8.456s] running install_egg_info
[8.474s] Copying ../../build/py_action/py_action.egg-info to /home/leh/test_ws/install/py_action/lib/python3.6/site-packages/py_action-0.0.0-py3.6.egg-info
[8.478s] running install_scripts
[8.613s] Installing fibonacci_server script to /home/leh/test_ws/install/py_action/lib/py_action
[8.629s] writing list of installed files to '/home/leh/test_ws/build/py_action/install.log'
[8.936s] Invoked command in '/home/leh/test_ws/src/py_action' returned '0': AMENT_PREFIX_PATH=/home/leh/test_ws/install/tutorial_interfaces:${AMENT_PREFIX_PATH} CMAKE_PREFIX_PATH=/home/leh/test_ws/install/tutorial_interfaces LD_LIBRARY_PATH=/home/leh/test_ws/install/tutorial_interfaces/lib:${LD_LIBRARY_PATH} PYTHONPATH=/home/leh/test_ws/install/py_action/lib/python3.6/site-packages:/home/leh/test_ws/install/tutorial_interfaces/lib/python3.6/site-packages:${PYTHONPATH} /usr/bin/python3 setup.py egg_info --egg-base ../../build/py_action build --build-base /home/leh/test_ws/build/py_action/build install --prefix /home/leh/test_ws/install/py_action --record /home/leh/test_ws/build/py_action/install.log --single-version-externally-managed
