[1.720s] DEBUG:colcon:Command line arguments: ['/usr/bin/colcon', 'build']
[1.721s] DEBUG:colcon:Parsed command line arguments: Namespace(ament_cmake_args=None, base_paths=['.'], build_base='build', catkin_cmake_args=None, catkin_skip_building_tests=False, cmake_args=None, cmake_clean_cache=False, cmake_clean_first=False, cmake_force_configure=False, cmake_target=None, cmake_target_skip_unavailable=False, continue_on_error=False, event_handlers=None, executor='parallel', ignore_user_meta=False, install_base='install', log_base=None, log_level=None, main=<bound method BuildVerb.main of <colcon_core.verb.build.BuildVerb object at 0x7fa49f1fd0>>, merge_install=False, metas=['./colcon.meta'], packages_above=None, packages_above_and_dependencies=None, packages_above_depth=None, packages_end=None, packages_ignore=None, packages_ignore_regex=None, packages_select=None, packages_select_build_failed=False, packages_select_by_dep=None, packages_select_regex=None, packages_select_test_failures=False, packages_skip=None, packages_skip_build_finished=False, packages_skip_by_dep=None, packages_skip_regex=None, packages_skip_test_passed=False, packages_skip_up_to=None, packages_start=None, packages_up_to=None, packages_up_to_regex=None, parallel_workers=4, paths=None, symlink_install=False, test_result_base=None, verb_extension=<colcon_core.verb.build.BuildVerb object at 0x7fa49f1fd0>, verb_name='build', verb_parser=<colcon_defaults.argument_parser.defaults.DefaultArgumentsDecorator object at 0x7fa493b358>)
[1.756s] Level 1:colcon.colcon_core.package_discovery:discover_packages(colcon_meta) check parameters
[1.757s] Level 1:colcon.colcon_core.package_discovery:discover_packages(recursive) check parameters
[1.757s] Level 1:colcon.colcon_core.package_discovery:discover_packages(ignore) check parameters
[1.757s] Level 1:colcon.colcon_core.package_discovery:discover_packages(path) check parameters
[1.758s] Level 1:colcon.colcon_core.package_discovery:discover_packages(colcon_meta) discover
[1.759s] Level 1:colcon.colcon_core.package_discovery:discover_packages(recursive) discover
[1.760s] INFO:colcon.colcon_core.package_discovery:Crawling recursively for packages in '/home/leh/test_ws'
[1.760s] Level 1:colcon.colcon_core.package_identification:_identify(.) by extensions ['ignore', 'ignore_ament_install']
[1.761s] Level 1:colcon.colcon_core.package_identification:_identify(.) by extension 'ignore'
[1.762s] Level 1:colcon.colcon_core.package_identification:_identify(.) by extension 'ignore_ament_install'
[1.762s] Level 1:colcon.colcon_core.package_identification:_identify(.) by extensions ['colcon_pkg']
[1.762s] Level 1:colcon.colcon_core.package_identification:_identify(.) by extension 'colcon_pkg'
[1.763s] Level 1:colcon.colcon_core.package_identification:_identify(.) by extensions ['colcon_meta']
[1.763s] Level 1:colcon.colcon_core.package_identification:_identify(.) by extension 'colcon_meta'
[1.763s] Level 1:colcon.colcon_core.package_identification:_identify(.) by extensions ['ros']
[1.764s] Level 1:colcon.colcon_core.package_identification:_identify(.) by extension 'ros'
[1.826s] Level 1:colcon.colcon_core.package_identification:_identify(.) by extensions ['cmake', 'python']
[1.827s] Level 1:colcon.colcon_core.package_identification:_identify(.) by extension 'cmake'
[1.827s] Level 1:colcon.colcon_core.package_identification:_identify(.) by extension 'python'
[1.828s] Level 1:colcon.colcon_core.package_identification:_identify(.) by extensions ['python_setup_py']
[1.828s] Level 1:colcon.colcon_core.package_identification:_identify(.) by extension 'python_setup_py'
[1.829s] Level 1:colcon.colcon_core.package_identification:_identify(build) by extensions ['ignore', 'ignore_ament_install']
[1.829s] Level 1:colcon.colcon_core.package_identification:_identify(build) by extension 'ignore'
[1.830s] Level 1:colcon.colcon_core.package_identification:_identify(build) ignored
[1.832s] Level 1:colcon.colcon_core.package_identification:_identify(install) by extensions ['ignore', 'ignore_ament_install']
[1.832s] Level 1:colcon.colcon_core.package_identification:_identify(install) by extension 'ignore'
[1.833s] Level 1:colcon.colcon_core.package_identification:_identify(install) ignored
[1.834s] Level 1:colcon.colcon_core.package_identification:_identify(log) by extensions ['ignore', 'ignore_ament_install']
[1.834s] Level 1:colcon.colcon_core.package_identification:_identify(log) by extension 'ignore'
[1.835s] Level 1:colcon.colcon_core.package_identification:_identify(log) ignored
[1.835s] Level 1:colcon.colcon_core.package_identification:_identify(src) by extensions ['ignore', 'ignore_ament_install']
[1.836s] Level 1:colcon.colcon_core.package_identification:_identify(src) by extension 'ignore'
[1.836s] Level 1:colcon.colcon_core.package_identification:_identify(src) by extension 'ignore_ament_install'
[1.836s] Level 1:colcon.colcon_core.package_identification:_identify(src) by extensions ['colcon_pkg']
[1.837s] Level 1:colcon.colcon_core.package_identification:_identify(src) by extension 'colcon_pkg'
[1.837s] Level 1:colcon.colcon_core.package_identification:_identify(src) by extensions ['colcon_meta']
[1.837s] Level 1:colcon.colcon_core.package_identification:_identify(src) by extension 'colcon_meta'
[1.838s] Level 1:colcon.colcon_core.package_identification:_identify(src) by extensions ['ros']
[1.838s] Level 1:colcon.colcon_core.package_identification:_identify(src) by extension 'ros'
[1.838s] Level 1:colcon.colcon_core.package_identification:_identify(src) by extensions ['cmake', 'python']
[1.839s] Level 1:colcon.colcon_core.package_identification:_identify(src) by extension 'cmake'
[1.839s] Level 1:colcon.colcon_core.package_identification:_identify(src) by extension 'python'
[1.839s] Level 1:colcon.colcon_core.package_identification:_identify(src) by extensions ['python_setup_py']
[1.839s] Level 1:colcon.colcon_core.package_identification:_identify(src) by extension 'python_setup_py'
[1.840s] Level 1:colcon.colcon_core.package_identification:_identify(src/py_pubsub) by extensions ['ignore', 'ignore_ament_install']
[1.840s] Level 1:colcon.colcon_core.package_identification:_identify(src/py_pubsub) by extension 'ignore'
[1.841s] Level 1:colcon.colcon_core.package_identification:_identify(src/py_pubsub) by extension 'ignore_ament_install'
[1.841s] Level 1:colcon.colcon_core.package_identification:_identify(src/py_pubsub) by extensions ['colcon_pkg']
[1.841s] Level 1:colcon.colcon_core.package_identification:_identify(src/py_pubsub) by extension 'colcon_pkg'
[1.842s] Level 1:colcon.colcon_core.package_identification:_identify(src/py_pubsub) by extensions ['colcon_meta']
[1.842s] Level 1:colcon.colcon_core.package_identification:_identify(src/py_pubsub) by extension 'colcon_meta'
[1.842s] Level 1:colcon.colcon_core.package_identification:_identify(src/py_pubsub) by extensions ['ros']
[1.842s] Level 1:colcon.colcon_core.package_identification:_identify(src/py_pubsub) by extension 'ros'
[1.854s] DEBUG:colcon.colcon_core.package_identification:Package 'src/py_pubsub' with type 'ros.ament_python' and name 'py_pubsub'
[1.855s] Level 1:colcon.colcon_core.package_identification:_identify(src/py_sign_srvcli) by extensions ['ignore', 'ignore_ament_install']
[1.856s] Level 1:colcon.colcon_core.package_identification:_identify(src/py_sign_srvcli) by extension 'ignore'
[1.856s] Level 1:colcon.colcon_core.package_identification:_identify(src/py_sign_srvcli) by extension 'ignore_ament_install'
[1.856s] Level 1:colcon.colcon_core.package_identification:_identify(src/py_sign_srvcli) by extensions ['colcon_pkg']
[1.857s] Level 1:colcon.colcon_core.package_identification:_identify(src/py_sign_srvcli) by extension 'colcon_pkg'
[1.857s] Level 1:colcon.colcon_core.package_identification:_identify(src/py_sign_srvcli) by extensions ['colcon_meta']
[1.857s] Level 1:colcon.colcon_core.package_identification:_identify(src/py_sign_srvcli) by extension 'colcon_meta'
[1.858s] Level 1:colcon.colcon_core.package_identification:_identify(src/py_sign_srvcli) by extensions ['ros']
[1.858s] Level 1:colcon.colcon_core.package_identification:_identify(src/py_sign_srvcli) by extension 'ros'
[1.861s] DEBUG:colcon.colcon_core.package_identification:Package 'src/py_sign_srvcli' with type 'ros.ament_python' and name 'py_sign_srvcli'
[1.862s] Level 1:colcon.colcon_core.package_identification:_identify(src/py_srvcli) by extensions ['ignore', 'ignore_ament_install']
[1.863s] Level 1:colcon.colcon_core.package_identification:_identify(src/py_srvcli) by extension 'ignore'
[1.863s] Level 1:colcon.colcon_core.package_identification:_identify(src/py_srvcli) by extension 'ignore_ament_install'
[1.863s] Level 1:colcon.colcon_core.package_identification:_identify(src/py_srvcli) by extensions ['colcon_pkg']
[1.863s] Level 1:colcon.colcon_core.package_identification:_identify(src/py_srvcli) by extension 'colcon_pkg'
[1.864s] Level 1:colcon.colcon_core.package_identification:_identify(src/py_srvcli) by extensions ['colcon_meta']
[1.864s] Level 1:colcon.colcon_core.package_identification:_identify(src/py_srvcli) by extension 'colcon_meta'
[1.864s] Level 1:colcon.colcon_core.package_identification:_identify(src/py_srvcli) by extensions ['ros']
[1.865s] Level 1:colcon.colcon_core.package_identification:_identify(src/py_srvcli) by extension 'ros'
[1.868s] DEBUG:colcon.colcon_core.package_identification:Package 'src/py_srvcli' with type 'ros.ament_python' and name 'py_srvcli'
[1.868s] Level 1:colcon.colcon_core.package_identification:_identify(src/py_two_pub_one_sub) by extensions ['ignore', 'ignore_ament_install']
[1.869s] Level 1:colcon.colcon_core.package_identification:_identify(src/py_two_pub_one_sub) by extension 'ignore'
[1.869s] Level 1:colcon.colcon_core.package_identification:_identify(src/py_two_pub_one_sub) by extension 'ignore_ament_install'
[1.870s] Level 1:colcon.colcon_core.package_identification:_identify(src/py_two_pub_one_sub) by extensions ['colcon_pkg']
[1.870s] Level 1:colcon.colcon_core.package_identification:_identify(src/py_two_pub_one_sub) by extension 'colcon_pkg'
[1.870s] Level 1:colcon.colcon_core.package_identification:_identify(src/py_two_pub_one_sub) by extensions ['colcon_meta']
[1.870s] Level 1:colcon.colcon_core.package_identification:_identify(src/py_two_pub_one_sub) by extension 'colcon_meta'
[1.871s] Level 1:colcon.colcon_core.package_identification:_identify(src/py_two_pub_one_sub) by extensions ['ros']
[1.871s] Level 1:colcon.colcon_core.package_identification:_identify(src/py_two_pub_one_sub) by extension 'ros'
[1.874s] DEBUG:colcon.colcon_core.package_identification:Package 'src/py_two_pub_one_sub' with type 'ros.ament_python' and name 'py_two_pub_one_sub'
[1.875s] Level 1:colcon.colcon_core.package_identification:_identify(src/tutorial_interfaces) by extensions ['ignore', 'ignore_ament_install']
[1.875s] Level 1:colcon.colcon_core.package_identification:_identify(src/tutorial_interfaces) by extension 'ignore'
[1.876s] Level 1:colcon.colcon_core.package_identification:_identify(src/tutorial_interfaces) by extension 'ignore_ament_install'
[1.876s] Level 1:colcon.colcon_core.package_identification:_identify(src/tutorial_interfaces) by extensions ['colcon_pkg']
[1.876s] Level 1:colcon.colcon_core.package_identification:_identify(src/tutorial_interfaces) by extension 'colcon_pkg'
[1.876s] Level 1:colcon.colcon_core.package_identification:_identify(src/tutorial_interfaces) by extensions ['colcon_meta']
[1.877s] Level 1:colcon.colcon_core.package_identification:_identify(src/tutorial_interfaces) by extension 'colcon_meta'
[1.877s] Level 1:colcon.colcon_core.package_identification:_identify(src/tutorial_interfaces) by extensions ['ros']
[1.877s] Level 1:colcon.colcon_core.package_identification:_identify(src/tutorial_interfaces) by extension 'ros'
[1.880s] DEBUG:colcon.colcon_core.package_identification:Package 'src/tutorial_interfaces' with type 'ros.ament_cmake' and name 'tutorial_interfaces'
[1.881s] Level 1:colcon.colcon_core.package_discovery:discover_packages(recursive) using defaults
[1.882s] Level 1:colcon.colcon_core.package_discovery:discover_packages(ignore) discover
[1.882s] Level 1:colcon.colcon_core.package_discovery:discover_packages(ignore) using defaults
[1.882s] Level 1:colcon.colcon_core.package_discovery:discover_packages(path) discover
[1.883s] Level 1:colcon.colcon_core.package_discovery:discover_packages(path) using defaults
[2.055s] Level 5:colcon.colcon_core.verb:set package 'tutorial_interfaces' build argument 'cmake_args' from command line to 'None'
[2.055s] Level 5:colcon.colcon_core.verb:set package 'tutorial_interfaces' build argument 'cmake_target' from command line to 'None'
[2.055s] Level 5:colcon.colcon_core.verb:set package 'tutorial_interfaces' build argument 'cmake_target_skip_unavailable' from command line to 'False'
[2.056s] Level 5:colcon.colcon_core.verb:set package 'tutorial_interfaces' build argument 'cmake_clean_cache' from command line to 'False'
[2.056s] Level 5:colcon.colcon_core.verb:set package 'tutorial_interfaces' build argument 'cmake_clean_first' from command line to 'False'
[2.056s] Level 5:colcon.colcon_core.verb:set package 'tutorial_interfaces' build argument 'cmake_force_configure' from command line to 'False'
[2.057s] Level 5:colcon.colcon_core.verb:set package 'tutorial_interfaces' build argument 'ament_cmake_args' from command line to 'None'
[2.057s] Level 5:colcon.colcon_core.verb:set package 'tutorial_interfaces' build argument 'catkin_cmake_args' from command line to 'None'
[2.057s] Level 5:colcon.colcon_core.verb:set package 'tutorial_interfaces' build argument 'catkin_skip_building_tests' from command line to 'False'
[2.057s] DEBUG:colcon.colcon_core.verb:Building package 'tutorial_interfaces' with the following arguments: {'ament_cmake_args': None, 'build_base': '/home/leh/test_ws/build/tutorial_interfaces', 'catkin_cmake_args': None, 'catkin_skip_building_tests': False, 'cmake_args': None, 'cmake_clean_cache': False, 'cmake_clean_first': False, 'cmake_force_configure': False, 'cmake_target': None, 'cmake_target_skip_unavailable': False, 'install_base': '/home/leh/test_ws/install/tutorial_interfaces', 'merge_install': False, 'path': '/home/leh/test_ws/src/tutorial_interfaces', 'symlink_install': False, 'test_result_base': None}
[2.084s] Level 5:colcon.colcon_core.verb:set package 'py_pubsub' build argument 'cmake_args' from command line to 'None'
[2.084s] Level 5:colcon.colcon_core.verb:set package 'py_pubsub' build argument 'cmake_target' from command line to 'None'
[2.084s] Level 5:colcon.colcon_core.verb:set package 'py_pubsub' build argument 'cmake_target_skip_unavailable' from command line to 'False'
[2.085s] Level 5:colcon.colcon_core.verb:set package 'py_pubsub' build argument 'cmake_clean_cache' from command line to 'False'
[2.085s] Level 5:colcon.colcon_core.verb:set package 'py_pubsub' build argument 'cmake_clean_first' from command line to 'False'
[2.085s] Level 5:colcon.colcon_core.verb:set package 'py_pubsub' build argument 'cmake_force_configure' from command line to 'False'
[2.085s] Level 5:colcon.colcon_core.verb:set package 'py_pubsub' build argument 'ament_cmake_args' from command line to 'None'
[2.086s] Level 5:colcon.colcon_core.verb:set package 'py_pubsub' build argument 'catkin_cmake_args' from command line to 'None'
[2.086s] Level 5:colcon.colcon_core.verb:set package 'py_pubsub' build argument 'catkin_skip_building_tests' from command line to 'False'
[2.086s] DEBUG:colcon.colcon_core.verb:Building package 'py_pubsub' with the following arguments: {'ament_cmake_args': None, 'build_base': '/home/leh/test_ws/build/py_pubsub', 'catkin_cmake_args': None, 'catkin_skip_building_tests': False, 'cmake_args': None, 'cmake_clean_cache': False, 'cmake_clean_first': False, 'cmake_force_configure': False, 'cmake_target': None, 'cmake_target_skip_unavailable': False, 'install_base': '/home/leh/test_ws/install/py_pubsub', 'merge_install': False, 'path': '/home/leh/test_ws/src/py_pubsub', 'symlink_install': False, 'test_result_base': None}
[2.110s] Level 5:colcon.colcon_core.verb:set package 'py_sign_srvcli' build argument 'cmake_args' from command line to 'None'
[2.111s] Level 5:colcon.colcon_core.verb:set package 'py_sign_srvcli' build argument 'cmake_target' from command line to 'None'
[2.111s] Level 5:colcon.colcon_core.verb:set package 'py_sign_srvcli' build argument 'cmake_target_skip_unavailable' from command line to 'False'
[2.111s] Level 5:colcon.colcon_core.verb:set package 'py_sign_srvcli' build argument 'cmake_clean_cache' from command line to 'False'
[2.111s] Level 5:colcon.colcon_core.verb:set package 'py_sign_srvcli' build argument 'cmake_clean_first' from command line to 'False'
[2.112s] Level 5:colcon.colcon_core.verb:set package 'py_sign_srvcli' build argument 'cmake_force_configure' from command line to 'False'
[2.112s] Level 5:colcon.colcon_core.verb:set package 'py_sign_srvcli' build argument 'ament_cmake_args' from command line to 'None'
[2.112s] Level 5:colcon.colcon_core.verb:set package 'py_sign_srvcli' build argument 'catkin_cmake_args' from command line to 'None'
[2.112s] Level 5:colcon.colcon_core.verb:set package 'py_sign_srvcli' build argument 'catkin_skip_building_tests' from command line to 'False'
[2.113s] DEBUG:colcon.colcon_core.verb:Building package 'py_sign_srvcli' with the following arguments: {'ament_cmake_args': None, 'build_base': '/home/leh/test_ws/build/py_sign_srvcli', 'catkin_cmake_args': None, 'catkin_skip_building_tests': False, 'cmake_args': None, 'cmake_clean_cache': False, 'cmake_clean_first': False, 'cmake_force_configure': False, 'cmake_target': None, 'cmake_target_skip_unavailable': False, 'install_base': '/home/leh/test_ws/install/py_sign_srvcli', 'merge_install': False, 'path': '/home/leh/test_ws/src/py_sign_srvcli', 'symlink_install': False, 'test_result_base': None}
[2.135s] Level 5:colcon.colcon_core.verb:set package 'py_srvcli' build argument 'cmake_args' from command line to 'None'
[2.135s] Level 5:colcon.colcon_core.verb:set package 'py_srvcli' build argument 'cmake_target' from command line to 'None'
[2.136s] Level 5:colcon.colcon_core.verb:set package 'py_srvcli' build argument 'cmake_target_skip_unavailable' from command line to 'False'
[2.136s] Level 5:colcon.colcon_core.verb:set package 'py_srvcli' build argument 'cmake_clean_cache' from command line to 'False'
[2.136s] Level 5:colcon.colcon_core.verb:set package 'py_srvcli' build argument 'cmake_clean_first' from command line to 'False'
[2.136s] Level 5:colcon.colcon_core.verb:set package 'py_srvcli' build argument 'cmake_force_configure' from command line to 'False'
[2.137s] Level 5:colcon.colcon_core.verb:set package 'py_srvcli' build argument 'ament_cmake_args' from command line to 'None'
[2.137s] Level 5:colcon.colcon_core.verb:set package 'py_srvcli' build argument 'catkin_cmake_args' from command line to 'None'
[2.137s] Level 5:colcon.colcon_core.verb:set package 'py_srvcli' build argument 'catkin_skip_building_tests' from command line to 'False'
[2.137s] DEBUG:colcon.colcon_core.verb:Building package 'py_srvcli' with the following arguments: {'ament_cmake_args': None, 'build_base': '/home/leh/test_ws/build/py_srvcli', 'catkin_cmake_args': None, 'catkin_skip_building_tests': False, 'cmake_args': None, 'cmake_clean_cache': False, 'cmake_clean_first': False, 'cmake_force_configure': False, 'cmake_target': None, 'cmake_target_skip_unavailable': False, 'install_base': '/home/leh/test_ws/install/py_srvcli', 'merge_install': False, 'path': '/home/leh/test_ws/src/py_srvcli', 'symlink_install': False, 'test_result_base': None}
[2.159s] Level 5:colcon.colcon_core.verb:set package 'py_two_pub_one_sub' build argument 'cmake_args' from command line to 'None'
[2.159s] Level 5:colcon.colcon_core.verb:set package 'py_two_pub_one_sub' build argument 'cmake_target' from command line to 'None'
[2.160s] Level 5:colcon.colcon_core.verb:set package 'py_two_pub_one_sub' build argument 'cmake_target_skip_unavailable' from command line to 'False'
[2.160s] Level 5:colcon.colcon_core.verb:set package 'py_two_pub_one_sub' build argument 'cmake_clean_cache' from command line to 'False'
[2.160s] Level 5:colcon.colcon_core.verb:set package 'py_two_pub_one_sub' build argument 'cmake_clean_first' from command line to 'False'
[2.160s] Level 5:colcon.colcon_core.verb:set package 'py_two_pub_one_sub' build argument 'cmake_force_configure' from command line to 'False'
[2.160s] Level 5:colcon.colcon_core.verb:set package 'py_two_pub_one_sub' build argument 'ament_cmake_args' from command line to 'None'
[2.161s] Level 5:colcon.colcon_core.verb:set package 'py_two_pub_one_sub' build argument 'catkin_cmake_args' from command line to 'None'
[2.161s] Level 5:colcon.colcon_core.verb:set package 'py_two_pub_one_sub' build argument 'catkin_skip_building_tests' from command line to 'False'
[2.161s] DEBUG:colcon.colcon_core.verb:Building package 'py_two_pub_one_sub' with the following arguments: {'ament_cmake_args': None, 'build_base': '/home/leh/test_ws/build/py_two_pub_one_sub', 'catkin_cmake_args': None, 'catkin_skip_building_tests': False, 'cmake_args': None, 'cmake_clean_cache': False, 'cmake_clean_first': False, 'cmake_force_configure': False, 'cmake_target': None, 'cmake_target_skip_unavailable': False, 'install_base': '/home/leh/test_ws/install/py_two_pub_one_sub', 'merge_install': False, 'path': '/home/leh/test_ws/src/py_two_pub_one_sub', 'symlink_install': False, 'test_result_base': None}
[2.163s] INFO:colcon.colcon_core.executor:Executing jobs using 'parallel' executor
[2.176s] DEBUG:colcon.colcon_parallel_executor.executor.parallel:run_until_complete
[2.178s] INFO:colcon.colcon_ros.task.ament_cmake.build:Building ROS package in '/home/leh/test_ws/src/tutorial_interfaces' with build type 'ament_cmake'
[2.178s] INFO:colcon.colcon_cmake.task.cmake.build:Building CMake package in '/home/leh/test_ws/src/tutorial_interfaces'
[2.198s] INFO:colcon.colcon_core.plugin_system:Skipping extension 'colcon_core.shell.bat': Not used on non-Windows systems
[2.199s] INFO:colcon.colcon_core.shell:Skip shell extension 'powershell' for command environment: Not usable outside of PowerShell
[2.200s] DEBUG:colcon.colcon_core.shell:Skip shell extension 'dsv' for command environment
[2.218s] DEBUG:colcon.colcon_core.shell:Ignoring prefix path '/opt/ros/dashing'
[2.250s] DEBUG:colcon.colcon_core.event_handler.log_command:Invoking command in '/home/leh/test_ws/build/tutorial_interfaces': CMAKE_PREFIX_PATH=${CMAKE_PREFIX_PATH}:/home/leh/test_ws/install/py_two_pub_one_sub:/home/leh/test_ws/install/py_srvcli:/home/leh/test_ws/install/py_sign_srvcli:/home/leh/test_ws/install/py_pubsub:/opt/ros/dashing /usr/bin/cmake --build /home/leh/test_ws/build/tutorial_interfaces -- -j4 -l4
[3.472s] DEBUG:colcon.colcon_core.event_handler.log_command:Invoked command in '/home/leh/test_ws/build/tutorial_interfaces' returned '0': CMAKE_PREFIX_PATH=${CMAKE_PREFIX_PATH}:/home/leh/test_ws/install/py_two_pub_one_sub:/home/leh/test_ws/install/py_srvcli:/home/leh/test_ws/install/py_sign_srvcli:/home/leh/test_ws/install/py_pubsub:/opt/ros/dashing /usr/bin/cmake --build /home/leh/test_ws/build/tutorial_interfaces -- -j4 -l4
[3.894s] DEBUG:colcon.colcon_core.event_handler.log_command:Invoking command in '/home/leh/test_ws/build/tutorial_interfaces': CMAKE_PREFIX_PATH=${CMAKE_PREFIX_PATH}:/home/leh/test_ws/install/py_two_pub_one_sub:/home/leh/test_ws/install/py_srvcli:/home/leh/test_ws/install/py_sign_srvcli:/home/leh/test_ws/install/py_pubsub:/opt/ros/dashing /usr/bin/cmake --build /home/leh/test_ws/build/tutorial_interfaces --target install -- -j4 -l4
[5.279s] Level 1:colcon.colcon_core.environment:create_environment_scripts_only(tutorial_interfaces)
[5.284s] DEBUG:colcon.colcon_core.event_handler.log_command:Invoked command in '/home/leh/test_ws/build/tutorial_interfaces' returned '0': CMAKE_PREFIX_PATH=${CMAKE_PREFIX_PATH}:/home/leh/test_ws/install/py_two_pub_one_sub:/home/leh/test_ws/install/py_srvcli:/home/leh/test_ws/install/py_sign_srvcli:/home/leh/test_ws/install/py_pubsub:/opt/ros/dashing /usr/bin/cmake --build /home/leh/test_ws/build/tutorial_interfaces --target install -- -j4 -l4
[5.306s] Level 1:colcon.colcon_core.environment:checking '/home/leh/test_ws/install/tutorial_interfaces' for CMake module files
[5.313s] Level 1:colcon.colcon_core.environment:checking '/home/leh/test_ws/install/tutorial_interfaces' for CMake config files
[5.316s] Level 1:colcon.colcon_core.shell:create_environment_hook('tutorial_interfaces', 'cmake_prefix_path')
[5.321s] INFO:colcon.colcon_core.shell:Creating environment hook '/home/leh/test_ws/install/tutorial_interfaces/share/tutorial_interfaces/hook/cmake_prefix_path.ps1'
[5.325s] INFO:colcon.colcon_core.shell:Creating environment descriptor '/home/leh/test_ws/install/tutorial_interfaces/share/tutorial_interfaces/hook/cmake_prefix_path.dsv'
[5.327s] INFO:colcon.colcon_core.shell:Creating environment hook '/home/leh/test_ws/install/tutorial_interfaces/share/tutorial_interfaces/hook/cmake_prefix_path.sh'
[5.334s] Level 1:colcon.colcon_core.environment:checking '/home/leh/test_ws/install/tutorial_interfaces/lib'
[5.335s] Level 1:colcon.colcon_core.shell:create_environment_hook('tutorial_interfaces', 'ld_library_path_lib')
[5.339s] INFO:colcon.colcon_core.shell:Creating environment hook '/home/leh/test_ws/install/tutorial_interfaces/share/tutorial_interfaces/hook/ld_library_path_lib.ps1'
[5.341s] INFO:colcon.colcon_core.shell:Creating environment descriptor '/home/leh/test_ws/install/tutorial_interfaces/share/tutorial_interfaces/hook/ld_library_path_lib.dsv'
[5.343s] INFO:colcon.colcon_core.shell:Creating environment hook '/home/leh/test_ws/install/tutorial_interfaces/share/tutorial_interfaces/hook/ld_library_path_lib.sh'
[5.345s] Level 1:colcon.colcon_core.environment:checking '/home/leh/test_ws/install/tutorial_interfaces/bin'
[5.346s] Level 1:colcon.colcon_core.environment:checking '/home/leh/test_ws/install/tutorial_interfaces/lib/pkgconfig/tutorial_interfaces.pc'
[5.346s] Level 1:colcon.colcon_core.environment:checking '/home/leh/test_ws/install/tutorial_interfaces/lib/python3.6/site-packages'
[5.347s] Level 1:colcon.colcon_core.shell:create_environment_hook('tutorial_interfaces', 'pythonpath')
[5.351s] INFO:colcon.colcon_core.shell:Creating environment hook '/home/leh/test_ws/install/tutorial_interfaces/share/tutorial_interfaces/hook/pythonpath.ps1'
[5.353s] INFO:colcon.colcon_core.shell:Creating environment descriptor '/home/leh/test_ws/install/tutorial_interfaces/share/tutorial_interfaces/hook/pythonpath.dsv'
[5.355s] INFO:colcon.colcon_core.shell:Creating environment hook '/home/leh/test_ws/install/tutorial_interfaces/share/tutorial_interfaces/hook/pythonpath.sh'
[5.361s] INFO:colcon.colcon_core.shell:Creating package script '/home/leh/test_ws/install/tutorial_interfaces/share/tutorial_interfaces/package.ps1'
[5.366s] INFO:colcon.colcon_core.shell:Creating package descriptor '/home/leh/test_ws/install/tutorial_interfaces/share/tutorial_interfaces/package.dsv'
[5.370s] INFO:colcon.colcon_core.shell:Creating package script '/home/leh/test_ws/install/tutorial_interfaces/share/tutorial_interfaces/package.sh'
[5.375s] INFO:colcon.colcon_core.shell:Creating package script '/home/leh/test_ws/install/tutorial_interfaces/share/tutorial_interfaces/package.bash'
[5.381s] INFO:colcon.colcon_core.shell:Creating package script '/home/leh/test_ws/install/tutorial_interfaces/share/tutorial_interfaces/package.zsh'
[5.385s] Level 1:colcon.colcon_core.environment:create_file_with_runtime_dependencies(/home/leh/test_ws/install/tutorial_interfaces/share/colcon-core/packages/tutorial_interfaces)
[5.741s] Level 1:colcon.colcon_core.environment:create_environment_scripts_only(tutorial_interfaces)
[5.747s] Level 1:colcon.colcon_core.environment:checking '/home/leh/test_ws/install/tutorial_interfaces' for CMake module files
[5.751s] Level 1:colcon.colcon_core.environment:checking '/home/leh/test_ws/install/tutorial_interfaces' for CMake config files
[5.754s] Level 1:colcon.colcon_core.shell:create_environment_hook('tutorial_interfaces', 'cmake_prefix_path')
[5.758s] INFO:colcon.colcon_core.shell:Creating environment hook '/home/leh/test_ws/install/tutorial_interfaces/share/tutorial_interfaces/hook/cmake_prefix_path.ps1'
[5.761s] INFO:colcon.colcon_core.shell:Creating environment descriptor '/home/leh/test_ws/install/tutorial_interfaces/share/tutorial_interfaces/hook/cmake_prefix_path.dsv'
[5.763s] INFO:colcon.colcon_core.shell:Creating environment hook '/home/leh/test_ws/install/tutorial_interfaces/share/tutorial_interfaces/hook/cmake_prefix_path.sh'
[5.768s] Level 1:colcon.colcon_core.environment:checking '/home/leh/test_ws/install/tutorial_interfaces/lib'
[5.768s] Level 1:colcon.colcon_core.shell:create_environment_hook('tutorial_interfaces', 'ld_library_path_lib')
[5.773s] INFO:colcon.colcon_core.shell:Creating environment hook '/home/leh/test_ws/install/tutorial_interfaces/share/tutorial_interfaces/hook/ld_library_path_lib.ps1'
[5.775s] INFO:colcon.colcon_core.shell:Creating environment descriptor '/home/leh/test_ws/install/tutorial_interfaces/share/tutorial_interfaces/hook/ld_library_path_lib.dsv'
[5.777s] INFO:colcon.colcon_core.shell:Creating environment hook '/home/leh/test_ws/install/tutorial_interfaces/share/tutorial_interfaces/hook/ld_library_path_lib.sh'
[5.779s] Level 1:colcon.colcon_core.environment:checking '/home/leh/test_ws/install/tutorial_interfaces/bin'
[5.779s] Level 1:colcon.colcon_core.environment:checking '/home/leh/test_ws/install/tutorial_interfaces/lib/pkgconfig/tutorial_interfaces.pc'
[5.780s] Level 1:colcon.colcon_core.environment:checking '/home/leh/test_ws/install/tutorial_interfaces/lib/python3.6/site-packages'
[5.780s] Level 1:colcon.colcon_core.shell:create_environment_hook('tutorial_interfaces', 'pythonpath')
[5.785s] INFO:colcon.colcon_core.shell:Creating environment hook '/home/leh/test_ws/install/tutorial_interfaces/share/tutorial_interfaces/hook/pythonpath.ps1'
[5.787s] INFO:colcon.colcon_core.shell:Creating environment descriptor '/home/leh/test_ws/install/tutorial_interfaces/share/tutorial_interfaces/hook/pythonpath.dsv'
[5.789s] INFO:colcon.colcon_core.shell:Creating environment hook '/home/leh/test_ws/install/tutorial_interfaces/share/tutorial_interfaces/hook/pythonpath.sh'
[5.796s] INFO:colcon.colcon_core.shell:Creating package script '/home/leh/test_ws/install/tutorial_interfaces/share/tutorial_interfaces/package.ps1'
[5.801s] INFO:colcon.colcon_core.shell:Creating package descriptor '/home/leh/test_ws/install/tutorial_interfaces/share/tutorial_interfaces/package.dsv'
[5.805s] INFO:colcon.colcon_core.shell:Creating package script '/home/leh/test_ws/install/tutorial_interfaces/share/tutorial_interfaces/package.sh'
[5.808s] INFO:colcon.colcon_core.shell:Creating package script '/home/leh/test_ws/install/tutorial_interfaces/share/tutorial_interfaces/package.bash'
[5.812s] INFO:colcon.colcon_core.shell:Creating package script '/home/leh/test_ws/install/tutorial_interfaces/share/tutorial_interfaces/package.zsh'
[5.822s] Level 1:colcon.colcon_core.environment:create_file_with_runtime_dependencies(/home/leh/test_ws/install/tutorial_interfaces/share/colcon-core/packages/tutorial_interfaces)
[5.836s] INFO:colcon.colcon_ros.task.ament_python.build:Building ROS package in '/home/leh/test_ws/src/py_pubsub' with build type 'ament_python'
[5.838s] Level 1:colcon.colcon_core.shell:create_environment_hook('py_pubsub', 'ament_prefix_path')
[5.843s] INFO:colcon.colcon_core.shell:Creating environment hook '/home/leh/test_ws/install/py_pubsub/share/py_pubsub/hook/ament_prefix_path.ps1'
[5.846s] INFO:colcon.colcon_core.shell:Creating environment descriptor '/home/leh/test_ws/install/py_pubsub/share/py_pubsub/hook/ament_prefix_path.dsv'
[5.847s] INFO:colcon.colcon_core.shell:Creating environment hook '/home/leh/test_ws/install/py_pubsub/share/py_pubsub/hook/ament_prefix_path.sh'
[5.853s] INFO:colcon.colcon_core.shell:Skip shell extension 'powershell' for command environment: Not usable outside of PowerShell
[5.854s] DEBUG:colcon.colcon_core.shell:Skip shell extension 'dsv' for command environment
[5.871s] DEBUG:colcon.colcon_core.shell:Ignoring prefix path '/opt/ros/dashing'
[5.881s] INFO:colcon.colcon_ros.task.ament_python.build:Building ROS package in '/home/leh/test_ws/src/py_sign_srvcli' with build type 'ament_python'
[5.882s] Level 1:colcon.colcon_core.shell:create_environment_hook('py_sign_srvcli', 'ament_prefix_path')
[5.887s] INFO:colcon.colcon_core.shell:Creating environment hook '/home/leh/test_ws/install/py_sign_srvcli/share/py_sign_srvcli/hook/ament_prefix_path.ps1'
[5.891s] INFO:colcon.colcon_core.shell:Creating environment descriptor '/home/leh/test_ws/install/py_sign_srvcli/share/py_sign_srvcli/hook/ament_prefix_path.dsv'
[5.895s] INFO:colcon.colcon_core.shell:Creating environment hook '/home/leh/test_ws/install/py_sign_srvcli/share/py_sign_srvcli/hook/ament_prefix_path.sh'
[5.903s] INFO:colcon.colcon_core.shell:Skip shell extension 'powershell' for command environment: Not usable outside of PowerShell
[5.904s] DEBUG:colcon.colcon_core.shell:Skip shell extension 'dsv' for command environment
[5.922s] DEBUG:colcon.colcon_core.shell:Ignoring prefix path '/opt/ros/dashing'
[5.957s] INFO:colcon.colcon_ros.task.ament_python.build:Building ROS package in '/home/leh/test_ws/src/py_srvcli' with build type 'ament_python'
[5.958s] Level 1:colcon.colcon_core.shell:create_environment_hook('py_srvcli', 'ament_prefix_path')
[5.963s] INFO:colcon.colcon_core.shell:Creating environment hook '/home/leh/test_ws/install/py_srvcli/share/py_srvcli/hook/ament_prefix_path.ps1'
[5.967s] INFO:colcon.colcon_core.shell:Creating environment descriptor '/home/leh/test_ws/install/py_srvcli/share/py_srvcli/hook/ament_prefix_path.dsv'
[5.969s] INFO:colcon.colcon_core.shell:Creating environment hook '/home/leh/test_ws/install/py_srvcli/share/py_srvcli/hook/ament_prefix_path.sh'
[5.988s] INFO:colcon.colcon_core.shell:Skip shell extension 'powershell' for command environment: Not usable outside of PowerShell
[5.989s] DEBUG:colcon.colcon_core.shell:Skip shell extension 'dsv' for command environment
[6.016s] DEBUG:colcon.colcon_core.shell:Ignoring prefix path '/opt/ros/dashing'
[6.050s] INFO:colcon.colcon_ros.task.ament_python.build:Building ROS package in '/home/leh/test_ws/src/py_two_pub_one_sub' with build type 'ament_python'
[6.053s] Level 1:colcon.colcon_core.shell:create_environment_hook('py_two_pub_one_sub', 'ament_prefix_path')
[6.058s] INFO:colcon.colcon_core.shell:Creating environment hook '/home/leh/test_ws/install/py_two_pub_one_sub/share/py_two_pub_one_sub/hook/ament_prefix_path.ps1'
[6.060s] INFO:colcon.colcon_core.shell:Creating environment descriptor '/home/leh/test_ws/install/py_two_pub_one_sub/share/py_two_pub_one_sub/hook/ament_prefix_path.dsv'
[6.074s] INFO:colcon.colcon_core.shell:Creating environment hook '/home/leh/test_ws/install/py_two_pub_one_sub/share/py_two_pub_one_sub/hook/ament_prefix_path.sh'
[6.080s] INFO:colcon.colcon_core.shell:Skip shell extension 'powershell' for command environment: Not usable outside of PowerShell
[6.095s] DEBUG:colcon.colcon_core.shell:Skip shell extension 'dsv' for command environment
[6.139s] DEBUG:colcon.colcon_core.shell:Ignoring prefix path '/opt/ros/dashing'
[7.920s] INFO:colcon.colcon_core.task.python.build:Building Python package in '/home/leh/test_ws/src/py_pubsub'
[7.925s] INFO:colcon.colcon_core.shell:Skip shell extension 'powershell' for command environment: Not usable outside of PowerShell
[7.925s] DEBUG:colcon.colcon_core.shell:Skip shell extension 'dsv' for command environment
[7.940s] DEBUG:colcon.colcon_core.shell:Ignoring prefix path '/opt/ros/dashing'
[9.472s] INFO:colcon.colcon_core.task.python.build:Building Python package in '/home/leh/test_ws/src/py_sign_srvcli'
[9.476s] INFO:colcon.colcon_core.shell:Skip shell extension 'powershell' for command environment: Not usable outside of PowerShell
[9.477s] DEBUG:colcon.colcon_core.shell:Skip shell extension 'dsv' for command environment
[9.493s] DEBUG:colcon.colcon_core.shell:Ignoring prefix path '/opt/ros/dashing'
[11.176s] INFO:colcon.colcon_core.task.python.build:Building Python package in '/home/leh/test_ws/src/py_srvcli'
[11.181s] INFO:colcon.colcon_core.shell:Skip shell extension 'powershell' for command environment: Not usable outside of PowerShell
[11.181s] DEBUG:colcon.colcon_core.shell:Skip shell extension 'dsv' for command environment
[11.198s] DEBUG:colcon.colcon_core.shell:Ignoring prefix path '/opt/ros/dashing'
[12.690s] INFO:colcon.colcon_core.task.python.build:Building Python package in '/home/leh/test_ws/src/py_two_pub_one_sub'
[12.695s] INFO:colcon.colcon_core.shell:Skip shell extension 'powershell' for command environment: Not usable outside of PowerShell
[12.696s] DEBUG:colcon.colcon_core.shell:Skip shell extension 'dsv' for command environment
[12.713s] DEBUG:colcon.colcon_core.shell:Ignoring prefix path '/opt/ros/dashing'
[12.746s] DEBUG:colcon.colcon_core.event_handler.log_command:Invoking command in '/home/leh/test_ws/src/py_pubsub': PYTHONPATH=/home/leh/test_ws/install/py_pubsub/lib/python3.6/site-packages:/home/leh/test_ws/install/tutorial_interfaces/lib/python3.6/site-packages:/home/leh/test_ws/install/py_two_pub_one_sub/lib/python3.6/site-packages:/home/leh/test_ws/install/py_srvcli/lib/python3.6/site-packages:/home/leh/test_ws/install/py_sign_srvcli/lib/python3.6/site-packages:/home/leh/test_ws/install/py_pubsub/lib/python3.6/site-packages:/opt/ros/dashing/lib/python3.6/site-packages /usr/bin/python3 setup.py egg_info --egg-base ../../build/py_pubsub build --build-base /home/leh/test_ws/build/py_pubsub/build install --prefix /home/leh/test_ws/install/py_pubsub --record /home/leh/test_ws/build/py_pubsub/install.log --single-version-externally-managed
[12.757s] DEBUG:colcon.colcon_core.event_handler.log_command:Invoking command in '/home/leh/test_ws/src/py_sign_srvcli': PYTHONPATH=/home/leh/test_ws/install/py_sign_srvcli/lib/python3.6/site-packages:/home/leh/test_ws/install/tutorial_interfaces/lib/python3.6/site-packages:/home/leh/test_ws/install/py_two_pub_one_sub/lib/python3.6/site-packages:/home/leh/test_ws/install/py_srvcli/lib/python3.6/site-packages:/home/leh/test_ws/install/py_sign_srvcli/lib/python3.6/site-packages:/home/leh/test_ws/install/py_pubsub/lib/python3.6/site-packages:/opt/ros/dashing/lib/python3.6/site-packages /usr/bin/python3 setup.py egg_info --egg-base ../../build/py_sign_srvcli build --build-base /home/leh/test_ws/build/py_sign_srvcli/build install --prefix /home/leh/test_ws/install/py_sign_srvcli --record /home/leh/test_ws/build/py_sign_srvcli/install.log --single-version-externally-managed
[12.780s] DEBUG:colcon.colcon_core.event_handler.log_command:Invoking command in '/home/leh/test_ws/src/py_srvcli': PYTHONPATH=/home/leh/test_ws/install/py_srvcli/lib/python3.6/site-packages:/home/leh/test_ws/install/tutorial_interfaces/lib/python3.6/site-packages:/home/leh/test_ws/install/py_two_pub_one_sub/lib/python3.6/site-packages:/home/leh/test_ws/install/py_srvcli/lib/python3.6/site-packages:/home/leh/test_ws/install/py_sign_srvcli/lib/python3.6/site-packages:/home/leh/test_ws/install/py_pubsub/lib/python3.6/site-packages:/opt/ros/dashing/lib/python3.6/site-packages /usr/bin/python3 setup.py egg_info --egg-base ../../build/py_srvcli build --build-base /home/leh/test_ws/build/py_srvcli/build install --prefix /home/leh/test_ws/install/py_srvcli --record /home/leh/test_ws/build/py_srvcli/install.log --single-version-externally-managed
[12.807s] DEBUG:colcon.colcon_core.event_handler.log_command:Invoking command in '/home/leh/test_ws/src/py_two_pub_one_sub': PYTHONPATH=/home/leh/test_ws/install/py_two_pub_one_sub/lib/python3.6/site-packages:/home/leh/test_ws/install/tutorial_interfaces/lib/python3.6/site-packages:/home/leh/test_ws/install/py_two_pub_one_sub/lib/python3.6/site-packages:/home/leh/test_ws/install/py_srvcli/lib/python3.6/site-packages:/home/leh/test_ws/install/py_sign_srvcli/lib/python3.6/site-packages:/home/leh/test_ws/install/py_pubsub/lib/python3.6/site-packages:/opt/ros/dashing/lib/python3.6/site-packages /usr/bin/python3 setup.py egg_info --egg-base ../../build/py_two_pub_one_sub build --build-base /home/leh/test_ws/build/py_two_pub_one_sub/build install --prefix /home/leh/test_ws/install/py_two_pub_one_sub --record /home/leh/test_ws/build/py_two_pub_one_sub/install.log --single-version-externally-managed
[15.100s] DEBUG:colcon.colcon_core.event_handler.log_command:Invoked command in '/home/leh/test_ws/src/py_pubsub' returned '0': PYTHONPATH=/home/leh/test_ws/install/py_pubsub/lib/python3.6/site-packages:/home/leh/test_ws/install/tutorial_interfaces/lib/python3.6/site-packages:/home/leh/test_ws/install/py_two_pub_one_sub/lib/python3.6/site-packages:/home/leh/test_ws/install/py_srvcli/lib/python3.6/site-packages:/home/leh/test_ws/install/py_sign_srvcli/lib/python3.6/site-packages:/home/leh/test_ws/install/py_pubsub/lib/python3.6/site-packages:/opt/ros/dashing/lib/python3.6/site-packages /usr/bin/python3 setup.py egg_info --egg-base ../../build/py_pubsub build --build-base /home/leh/test_ws/build/py_pubsub/build install --prefix /home/leh/test_ws/install/py_pubsub --record /home/leh/test_ws/build/py_pubsub/install.log --single-version-externally-managed
[15.098s] Level 1:colcon.colcon_core.environment:checking '/home/leh/test_ws/install/py_pubsub' for CMake module files
[15.118s] Level 1:colcon.colcon_core.environment:checking '/home/leh/test_ws/install/py_pubsub' for CMake config files
[15.144s] Level 1:colcon.colcon_core.environment:checking '/home/leh/test_ws/install/py_pubsub/lib'
[15.145s] Level 1:colcon.colcon_core.environment:checking '/home/leh/test_ws/install/py_pubsub/bin'
[15.146s] Level 1:colcon.colcon_core.environment:checking '/home/leh/test_ws/install/py_pubsub/lib/pkgconfig/py_pubsub.pc'
[15.146s] Level 1:colcon.colcon_core.environment:checking '/home/leh/test_ws/install/py_pubsub/lib/python3.6/site-packages'
[15.147s] Level 1:colcon.colcon_core.shell:create_environment_hook('py_pubsub', 'pythonpath')
[15.152s] INFO:colcon.colcon_core.shell:Creating environment hook '/home/leh/test_ws/install/py_pubsub/share/py_pubsub/hook/pythonpath.ps1'
[15.157s] INFO:colcon.colcon_core.shell:Creating environment descriptor '/home/leh/test_ws/install/py_pubsub/share/py_pubsub/hook/pythonpath.dsv'
[15.163s] INFO:colcon.colcon_core.shell:Creating environment hook '/home/leh/test_ws/install/py_pubsub/share/py_pubsub/hook/pythonpath.sh'
[15.177s] Level 1:colcon.colcon_core.environment:create_environment_scripts_only(py_pubsub)
[15.182s] INFO:colcon.colcon_core.shell:Creating package script '/home/leh/test_ws/install/py_pubsub/share/py_pubsub/package.ps1'
[15.186s] INFO:colcon.colcon_core.shell:Creating package descriptor '/home/leh/test_ws/install/py_pubsub/share/py_pubsub/package.dsv'
[15.196s] INFO:colcon.colcon_core.shell:Creating package script '/home/leh/test_ws/install/py_pubsub/share/py_pubsub/package.sh'
[15.203s] INFO:colcon.colcon_core.shell:Creating package script '/home/leh/test_ws/install/py_pubsub/share/py_pubsub/package.bash'
[15.208s] INFO:colcon.colcon_core.shell:Creating package script '/home/leh/test_ws/install/py_pubsub/share/py_pubsub/package.zsh'
[15.213s] Level 1:colcon.colcon_core.environment:create_file_with_runtime_dependencies(/home/leh/test_ws/install/py_pubsub/share/colcon-core/packages/py_pubsub)
[15.237s] DEBUG:colcon.colcon_core.event_handler.log_command:Invoked command in '/home/leh/test_ws/src/py_two_pub_one_sub' returned '0': PYTHONPATH=/home/leh/test_ws/install/py_two_pub_one_sub/lib/python3.6/site-packages:/home/leh/test_ws/install/tutorial_interfaces/lib/python3.6/site-packages:/home/leh/test_ws/install/py_two_pub_one_sub/lib/python3.6/site-packages:/home/leh/test_ws/install/py_srvcli/lib/python3.6/site-packages:/home/leh/test_ws/install/py_sign_srvcli/lib/python3.6/site-packages:/home/leh/test_ws/install/py_pubsub/lib/python3.6/site-packages:/opt/ros/dashing/lib/python3.6/site-packages /usr/bin/python3 setup.py egg_info --egg-base ../../build/py_two_pub_one_sub build --build-base /home/leh/test_ws/build/py_two_pub_one_sub/build install --prefix /home/leh/test_ws/install/py_two_pub_one_sub --record /home/leh/test_ws/build/py_two_pub_one_sub/install.log --single-version-externally-managed
[15.247s] Level 1:colcon.colcon_core.environment:checking '/home/leh/test_ws/install/py_two_pub_one_sub' for CMake module files
[15.251s] Level 1:colcon.colcon_core.environment:checking '/home/leh/test_ws/install/py_two_pub_one_sub' for CMake config files
[15.257s] Level 1:colcon.colcon_core.environment:checking '/home/leh/test_ws/install/py_two_pub_one_sub/lib'
[15.258s] Level 1:colcon.colcon_core.environment:checking '/home/leh/test_ws/install/py_two_pub_one_sub/bin'
[15.258s] Level 1:colcon.colcon_core.environment:checking '/home/leh/test_ws/install/py_two_pub_one_sub/lib/pkgconfig/py_two_pub_one_sub.pc'
[15.259s] Level 1:colcon.colcon_core.environment:checking '/home/leh/test_ws/install/py_two_pub_one_sub/lib/python3.6/site-packages'
[15.259s] Level 1:colcon.colcon_core.shell:create_environment_hook('py_two_pub_one_sub', 'pythonpath')
[15.264s] INFO:colcon.colcon_core.shell:Creating environment hook '/home/leh/test_ws/install/py_two_pub_one_sub/share/py_two_pub_one_sub/hook/pythonpath.ps1'
[15.266s] INFO:colcon.colcon_core.shell:Creating environment descriptor '/home/leh/test_ws/install/py_two_pub_one_sub/share/py_two_pub_one_sub/hook/pythonpath.dsv'
[15.269s] INFO:colcon.colcon_core.shell:Creating environment hook '/home/leh/test_ws/install/py_two_pub_one_sub/share/py_two_pub_one_sub/hook/pythonpath.sh'
[15.283s] Level 1:colcon.colcon_core.environment:create_environment_scripts_only(py_two_pub_one_sub)
[15.288s] INFO:colcon.colcon_core.shell:Creating package script '/home/leh/test_ws/install/py_two_pub_one_sub/share/py_two_pub_one_sub/package.ps1'
[15.295s] INFO:colcon.colcon_core.shell:Creating package descriptor '/home/leh/test_ws/install/py_two_pub_one_sub/share/py_two_pub_one_sub/package.dsv'
[15.299s] INFO:colcon.colcon_core.shell:Creating package script '/home/leh/test_ws/install/py_two_pub_one_sub/share/py_two_pub_one_sub/package.sh'
[15.302s] INFO:colcon.colcon_core.shell:Creating package script '/home/leh/test_ws/install/py_two_pub_one_sub/share/py_two_pub_one_sub/package.bash'
[15.304s] INFO:colcon.colcon_core.shell:Creating package script '/home/leh/test_ws/install/py_two_pub_one_sub/share/py_two_pub_one_sub/package.zsh'
[15.306s] Level 1:colcon.colcon_core.environment:create_file_with_runtime_dependencies(/home/leh/test_ws/install/py_two_pub_one_sub/share/colcon-core/packages/py_two_pub_one_sub)
[15.328s] Level 1:colcon.colcon_core.environment:checking '/home/leh/test_ws/install/py_srvcli' for CMake module files
[15.331s] DEBUG:colcon.colcon_core.event_handler.log_command:Invoked command in '/home/leh/test_ws/src/py_srvcli' returned '0': PYTHONPATH=/home/leh/test_ws/install/py_srvcli/lib/python3.6/site-packages:/home/leh/test_ws/install/tutorial_interfaces/lib/python3.6/site-packages:/home/leh/test_ws/install/py_two_pub_one_sub/lib/python3.6/site-packages:/home/leh/test_ws/install/py_srvcli/lib/python3.6/site-packages:/home/leh/test_ws/install/py_sign_srvcli/lib/python3.6/site-packages:/home/leh/test_ws/install/py_pubsub/lib/python3.6/site-packages:/opt/ros/dashing/lib/python3.6/site-packages /usr/bin/python3 setup.py egg_info --egg-base ../../build/py_srvcli build --build-base /home/leh/test_ws/build/py_srvcli/build install --prefix /home/leh/test_ws/install/py_srvcli --record /home/leh/test_ws/build/py_srvcli/install.log --single-version-externally-managed
[15.333s] Level 1:colcon.colcon_core.environment:checking '/home/leh/test_ws/install/py_srvcli' for CMake config files
[15.338s] Level 1:colcon.colcon_core.environment:checking '/home/leh/test_ws/install/py_srvcli/lib'
[15.338s] Level 1:colcon.colcon_core.environment:checking '/home/leh/test_ws/install/py_srvcli/bin'
[15.339s] Level 1:colcon.colcon_core.environment:checking '/home/leh/test_ws/install/py_srvcli/lib/pkgconfig/py_srvcli.pc'
[15.339s] Level 1:colcon.colcon_core.environment:checking '/home/leh/test_ws/install/py_srvcli/lib/python3.6/site-packages'
[15.339s] Level 1:colcon.colcon_core.shell:create_environment_hook('py_srvcli', 'pythonpath')
[15.343s] INFO:colcon.colcon_core.shell:Creating environment hook '/home/leh/test_ws/install/py_srvcli/share/py_srvcli/hook/pythonpath.ps1'
[15.346s] INFO:colcon.colcon_core.shell:Creating environment descriptor '/home/leh/test_ws/install/py_srvcli/share/py_srvcli/hook/pythonpath.dsv'
[15.347s] INFO:colcon.colcon_core.shell:Creating environment hook '/home/leh/test_ws/install/py_srvcli/share/py_srvcli/hook/pythonpath.sh'
[15.350s] Level 1:colcon.colcon_core.environment:create_environment_scripts_only(py_srvcli)
[15.355s] INFO:colcon.colcon_core.shell:Creating package script '/home/leh/test_ws/install/py_srvcli/share/py_srvcli/package.ps1'
[15.358s] INFO:colcon.colcon_core.shell:Creating package descriptor '/home/leh/test_ws/install/py_srvcli/share/py_srvcli/package.dsv'
[15.364s] INFO:colcon.colcon_core.shell:Creating package script '/home/leh/test_ws/install/py_srvcli/share/py_srvcli/package.sh'
[15.367s] INFO:colcon.colcon_core.shell:Creating package script '/home/leh/test_ws/install/py_srvcli/share/py_srvcli/package.bash'
[15.372s] INFO:colcon.colcon_core.shell:Creating package script '/home/leh/test_ws/install/py_srvcli/share/py_srvcli/package.zsh'
[15.377s] Level 1:colcon.colcon_core.environment:create_file_with_runtime_dependencies(/home/leh/test_ws/install/py_srvcli/share/colcon-core/packages/py_srvcli)
[15.491s] Level 1:colcon.colcon_core.environment:checking '/home/leh/test_ws/install/py_sign_srvcli' for CMake module files
[15.495s] DEBUG:colcon.colcon_core.event_handler.log_command:Invoked command in '/home/leh/test_ws/src/py_sign_srvcli' returned '0': PYTHONPATH=/home/leh/test_ws/install/py_sign_srvcli/lib/python3.6/site-packages:/home/leh/test_ws/install/tutorial_interfaces/lib/python3.6/site-packages:/home/leh/test_ws/install/py_two_pub_one_sub/lib/python3.6/site-packages:/home/leh/test_ws/install/py_srvcli/lib/python3.6/site-packages:/home/leh/test_ws/install/py_sign_srvcli/lib/python3.6/site-packages:/home/leh/test_ws/install/py_pubsub/lib/python3.6/site-packages:/opt/ros/dashing/lib/python3.6/site-packages /usr/bin/python3 setup.py egg_info --egg-base ../../build/py_sign_srvcli build --build-base /home/leh/test_ws/build/py_sign_srvcli/build install --prefix /home/leh/test_ws/install/py_sign_srvcli --record /home/leh/test_ws/build/py_sign_srvcli/install.log --single-version-externally-managed
[15.497s] Level 1:colcon.colcon_core.environment:checking '/home/leh/test_ws/install/py_sign_srvcli' for CMake config files
[15.501s] Level 1:colcon.colcon_core.environment:checking '/home/leh/test_ws/install/py_sign_srvcli/lib'
[15.501s] Level 1:colcon.colcon_core.environment:checking '/home/leh/test_ws/install/py_sign_srvcli/bin'
[15.502s] Level 1:colcon.colcon_core.environment:checking '/home/leh/test_ws/install/py_sign_srvcli/lib/pkgconfig/py_sign_srvcli.pc'
[15.502s] Level 1:colcon.colcon_core.environment:checking '/home/leh/test_ws/install/py_sign_srvcli/lib/python3.6/site-packages'
[15.503s] Level 1:colcon.colcon_core.shell:create_environment_hook('py_sign_srvcli', 'pythonpath')
[15.507s] INFO:colcon.colcon_core.shell:Creating environment hook '/home/leh/test_ws/install/py_sign_srvcli/share/py_sign_srvcli/hook/pythonpath.ps1'
[15.509s] INFO:colcon.colcon_core.shell:Creating environment descriptor '/home/leh/test_ws/install/py_sign_srvcli/share/py_sign_srvcli/hook/pythonpath.dsv'
[15.511s] INFO:colcon.colcon_core.shell:Creating environment hook '/home/leh/test_ws/install/py_sign_srvcli/share/py_sign_srvcli/hook/pythonpath.sh'
[15.513s] Level 1:colcon.colcon_core.environment:create_environment_scripts_only(py_sign_srvcli)
[15.517s] INFO:colcon.colcon_core.shell:Creating package script '/home/leh/test_ws/install/py_sign_srvcli/share/py_sign_srvcli/package.ps1'
[15.520s] INFO:colcon.colcon_core.shell:Creating package descriptor '/home/leh/test_ws/install/py_sign_srvcli/share/py_sign_srvcli/package.dsv'
[15.523s] INFO:colcon.colcon_core.shell:Creating package script '/home/leh/test_ws/install/py_sign_srvcli/share/py_sign_srvcli/package.sh'
[15.525s] INFO:colcon.colcon_core.shell:Creating package script '/home/leh/test_ws/install/py_sign_srvcli/share/py_sign_srvcli/package.bash'
[15.527s] INFO:colcon.colcon_core.shell:Creating package script '/home/leh/test_ws/install/py_sign_srvcli/share/py_sign_srvcli/package.zsh'
[15.529s] Level 1:colcon.colcon_core.environment:create_file_with_runtime_dependencies(/home/leh/test_ws/install/py_sign_srvcli/share/colcon-core/packages/py_sign_srvcli)
[15.531s] DEBUG:colcon.colcon_parallel_executor.executor.parallel:closing loop
[15.535s] DEBUG:colcon.colcon_parallel_executor.executor.parallel:loop closed
[15.535s] DEBUG:colcon.colcon_parallel_executor.executor.parallel:run_until_complete finished with '0'
[15.536s] DEBUG:colcon.colcon_core.event_reactor:joining thread
[15.583s] INFO:colcon.colcon_core.plugin_system:Skipping extension 'colcon_notification.desktop_notification.terminal_notifier': Not used on non-Darwin systems
[15.584s] INFO:colcon.colcon_core.plugin_system:Skipping extension 'colcon_notification.desktop_notification.win32': Not used on non-Windows systems
[15.584s] INFO:colcon.colcon_notification.desktop_notification:Sending desktop notification using 'notify2'
[15.610s] DEBUG:colcon.colcon_core.event_reactor:joined thread
[15.614s] INFO:colcon.colcon_core.shell:Creating prefix script '/home/leh/test_ws/install/local_setup.ps1'
[15.620s] INFO:colcon.colcon_core.shell:Creating prefix util module '/home/leh/test_ws/install/_local_setup_util_ps1.py'
[15.629s] INFO:colcon.colcon_core.shell:Creating prefix chain script '/home/leh/test_ws/install/setup.ps1'
[15.646s] INFO:colcon.colcon_core.shell:Creating prefix script '/home/leh/test_ws/install/local_setup.sh'
[15.649s] INFO:colcon.colcon_core.shell:Creating prefix util module '/home/leh/test_ws/install/_local_setup_util_sh.py'
[15.652s] INFO:colcon.colcon_core.shell:Creating prefix chain script '/home/leh/test_ws/install/setup.sh'
[15.669s] INFO:colcon.colcon_core.shell:Creating prefix script '/home/leh/test_ws/install/local_setup.bash'
[15.672s] INFO:colcon.colcon_core.shell:Creating prefix chain script '/home/leh/test_ws/install/setup.bash'
[15.692s] INFO:colcon.colcon_core.shell:Creating prefix script '/home/leh/test_ws/install/local_setup.zsh'
[15.696s] INFO:colcon.colcon_core.shell:Creating prefix chain script '/home/leh/test_ws/install/setup.zsh'
