/home/leh/.local/lib/python3.6/site-packages/setuptools/dist.py:720: UserWarning: Usage of dash-separated 'script-dir' will not be supported in future versions. Please use the underscore name 'script_dir' instead
  % (opt, underscore_opt)
/home/leh/.local/lib/python3.6/site-packages/setuptools/dist.py:720: UserWarning: Usage of dash-separated 'install-scripts' will not be supported in future versions. Please use the underscore name 'install_scripts' instead
  % (opt, underscore_opt)
running egg_info
creating ../../build/my_robot/my_robot.egg-info
writing ../../build/my_robot/my_robot.egg-info/PKG-INFO
writing dependency_links to ../../build/my_robot/my_robot.egg-info/dependency_links.txt
writing entry points to ../../build/my_robot/my_robot.egg-info/entry_points.txt
writing requirements to ../../build/my_robot/my_robot.egg-info/requires.txt
writing top-level names to ../../build/my_robot/my_robot.egg-info/top_level.txt
writing manifest file '../../build/my_robot/my_robot.egg-info/SOURCES.txt'
reading manifest file '../../build/my_robot/my_robot.egg-info/SOURCES.txt'
writing manifest file '../../build/my_robot/my_robot.egg-info/SOURCES.txt'
running build
running build_py
creating /home/leh/test_ws/build/my_robot/build
creating /home/leh/test_ws/build/my_robot/build/lib
creating /home/leh/test_ws/build/my_robot/build/lib/my_robot
copying my_robot/__init__.py -> /home/leh/test_ws/build/my_robot/build/lib/my_robot
copying my_robot/encoder_publisher_function.py -> /home/leh/test_ws/build/my_robot/build/lib/my_robot
copying my_robot/motor_control_function.py -> /home/leh/test_ws/build/my_robot/build/lib/my_robot
copying my_robot/IMU_publisher_function.py -> /home/leh/test_ws/build/my_robot/build/lib/my_robot
running install
/home/leh/.local/lib/python3.6/site-packages/setuptools/command/install.py:37: SetuptoolsDeprecationWarning: setup.py install is deprecated. Use build and pip and other standards-based tools.
  setuptools.SetuptoolsDeprecationWarning,
running install_lib
creating /home/leh/test_ws/install/my_robot/lib/python3.6/site-packages/my_robot
copying /home/leh/test_ws/build/my_robot/build/lib/my_robot/__init__.py -> /home/leh/test_ws/install/my_robot/lib/python3.6/site-packages/my_robot
copying /home/leh/test_ws/build/my_robot/build/lib/my_robot/encoder_publisher_function.py -> /home/leh/test_ws/install/my_robot/lib/python3.6/site-packages/my_robot
copying /home/leh/test_ws/build/my_robot/build/lib/my_robot/motor_control_function.py -> /home/leh/test_ws/install/my_robot/lib/python3.6/site-packages/my_robot
copying /home/leh/test_ws/build/my_robot/build/lib/my_robot/IMU_publisher_function.py -> /home/leh/test_ws/install/my_robot/lib/python3.6/site-packages/my_robot
byte-compiling /home/leh/test_ws/install/my_robot/lib/python3.6/site-packages/my_robot/__init__.py to __init__.cpython-36.pyc
byte-compiling /home/leh/test_ws/install/my_robot/lib/python3.6/site-packages/my_robot/encoder_publisher_function.py to encoder_publisher_function.cpython-36.pyc
byte-compiling /home/leh/test_ws/install/my_robot/lib/python3.6/site-packages/my_robot/motor_control_function.py to motor_control_function.cpython-36.pyc
byte-compiling /home/leh/test_ws/install/my_robot/lib/python3.6/site-packages/my_robot/IMU_publisher_function.py to IMU_publisher_function.cpython-36.pyc
running install_data
creating /home/leh/test_ws/install/my_robot/share/ament_index
creating /home/leh/test_ws/install/my_robot/share/ament_index/resource_index
creating /home/leh/test_ws/install/my_robot/share/ament_index/resource_index/packages
copying resource/my_robot -> /home/leh/test_ws/install/my_robot/share/ament_index/resource_index/packages
copying package.xml -> /home/leh/test_ws/install/my_robot/share/my_robot
copying launch/sensors.launch.py -> /home/leh/test_ws/install/my_robot/share/my_robot
running install_egg_info
Copying ../../build/my_robot/my_robot.egg-info to /home/leh/test_ws/install/my_robot/lib/python3.6/site-packages/my_robot-0.0.0-py3.6.egg-info
running install_scripts
Installing control script to /home/leh/test_ws/install/my_robot/lib/my_robot
Installing encoder script to /home/leh/test_ws/install/my_robot/lib/my_robot
Installing imu script to /home/leh/test_ws/install/my_robot/lib/my_robot
writing list of installed files to '/home/leh/test_ws/build/my_robot/install.log'
